#
# A fatal error has been detected by the Java Runtime Environment:
#
#  Internal Error (safepoint.cpp:712), pid=2280, tid=0x000000000000610f
#  fatal error: Illegal threadstate encountered: 4
#
# JRE version: Java(TM) SE Runtime Environment (8.0_261-b12) (build 1.8.0_261-b12)
# Java VM: Java HotSpot(TM) 64-Bit Server VM (25.261-b12 mixed mode bsd-amd64 compressed oops)
# Failed to write core dump. Core dumps have been disabled. To enable core dumping, try "ulimit -c unlimited" before starting Java again
#
# If you would like to submit a bug report, please visit:
#   http://bugreport.java.com/bugreport/crash.jsp
# The crash happened outside the Java Virtual Machine in native code.
# See problematic frame for where to report the bug.
#

---------------  T H R E A D  ---------------

Current thread (0x00007fe6ec1af800):  JavaThread "Thread-1" daemon [_thread_in_native, id=24847, stack(0x000070000782f000,0x000070000792f000)]

Stack: [0x000070000782f000,0x000070000792f000],  sp=0x000070000792df30,  free space=1019k
Native frames: (J=compiled Java code, j=interpreted, Vv=VM code, C=native code)
V  [libjvm.dylib+0x59f597]
V  [libjvm.dylib+0x1d728b]
V  [libjvm.dylib+0x4e9823]
V  [libjvm.dylib+0x564ce9]
V  [libjvm.dylib+0x2fbd10]
C  [libglass.dylib+0x5455]  -[GlassRunnable dealloc]+0x35
C  [Foundation+0x8210b]  -[_NSThreadPerformInfo dealloc]+0x2a
C  [Foundation+0x4edc7]  -[NSObject(NSThreadPerformAdditions) performSelectorOnMainThread:withObject:waitUntilDone:]+0x7c
J 5026  com.sun.glass.ui.mac.MacApplication._submitForLaterInvocation(Ljava/lang/Runnable;)V (0 bytes) @ 0x0000000105a705fc [0x0000000105a70540+0xbc]
J 7185 C2 com.sun.glass.ui.mac.MacApplication.submitForLaterInvocation(Ljava/lang/Runnable;)V (6 bytes) @ 0x0000000106707b94 [0x0000000106707b60+0x34]
j  com.sun.glass.ui.InvokeLaterDispatcher.run()V+82
v  ~StubRoutines::call_stub
V  [libjvm.dylib+0x2d42cd]
V  [libjvm.dylib+0x2d2f98]
V  [libjvm.dylib+0x2d31b3]
V  [libjvm.dylib+0x3416cd]
V  [libjvm.dylib+0x5636ee]
V  [libjvm.dylib+0x5635b3]
V  [libjvm.dylib+0x48e895]
C  [libsystem_pthread.dylib+0x6514]  _pthread_start+0x7d
C  [libsystem_pthread.dylib+0x202f]  thread_start+0xf
C  0x0000000000000000

Java frames: (J=compiled Java code, j=interpreted, Vv=VM code)
J 5026  com.sun.glass.ui.mac.MacApplication._submitForLaterInvocation(Ljava/lang/Runnable;)V (0 bytes) @ 0x0000000105a7058c [0x0000000105a70540+0x4c]
J 7185 C2 com.sun.glass.ui.mac.MacApplication.submitForLaterInvocation(Ljava/lang/Runnable;)V (6 bytes) @ 0x0000000106707b94 [0x0000000106707b60+0x34]
j  com.sun.glass.ui.InvokeLaterDispatcher.run()V+82
v  ~StubRoutines::call_stub

---------------  P R O C E S S  ---------------

Java Threads: ( => current thread )
  0x00007fe6f62a1000 JavaThread "Thread-15" daemon [_thread_in_vm, id=130931, stack(0x0000700007dc4000,0x0000700007ec4000)]
  0x00007fe6ec3c1000 JavaThread "PulseTimer-CVDisplayLink thread" daemon [_thread_in_native, id=88375, stack(0x0000700006e0e000,0x0000700006e8e000)]
  0x00007fe6ebc24800 JavaThread "AsyncHttpClient-1-4" daemon [_thread_in_native, id=126999, stack(0x0000700008b19000,0x0000700008c19000)]
  0x00007fe6ead61000 JavaThread "AsyncHttpClient-1-3" daemon [_thread_in_native, id=127695, stack(0x0000700008a16000,0x0000700008b16000)]
  0x00007fe6ecf44800 JavaThread "AsyncHttpClient-1-2" daemon [_thread_in_native, id=128047, stack(0x0000700008913000,0x0000700008a13000)]
  0x00007fe6eafd6800 JavaThread "AsyncHttpClient-1-1" daemon [_thread_blocked, id=65591, stack(0x00007000080d0000,0x00007000081d0000)]
  0x00007fe6ec3c5800 JavaThread "Prism Font Disposer" daemon [_thread_blocked, id=54279, stack(0x0000700007cc1000,0x0000700007dc1000)]
  0x00007fe6ed11d000 JavaThread "Attach Listener" daemon [_thread_blocked, id=87067, stack(0x0000700007bbe000,0x0000700007cbe000)]
  0x00007fe6eb963800 JavaThread "JavaFX-Launcher" [_thread_blocked, id=51971, stack(0x0000700007abb000,0x0000700007bbb000)]
  0x00007fe6eb91b000 JavaThread "JavaFX Application Thread" [_thread_in_native, id=259, stack(0x00007ff7bf355000,0x00007ff7bfb55000)]
=>0x00007fe6ec1af800 JavaThread "Thread-1" daemon [_thread_in_native, id=24847, stack(0x000070000782f000,0x000070000792f000)]
  0x00007fe6e98ca800 JavaThread "QuantumRenderer-0" daemon [_thread_blocked, id=21763, stack(0x000070000772c000,0x000070000782c000)]
  0x00007fe6ef8f3800 JavaThread "Service Thread" daemon [_thread_blocked, id=16131, stack(0x0000700007526000,0x0000700007626000)]
  0x00007fe6e9813800 JavaThread "C1 CompilerThread3" daemon [_thread_in_vm, id=16643, stack(0x0000700007423000,0x0000700007523000)]
  0x00007fe6ea953800 JavaThread "C2 CompilerThread2" daemon [_thread_in_native, id=16899, stack(0x0000700007320000,0x0000700007420000)]
  0x00007fe6ea953000 JavaThread "C2 CompilerThread1" daemon [_thread_in_native, id=14595, stack(0x000070000721d000,0x000070000731d000)]
  0x00007fe6ea952000 JavaThread "C2 CompilerThread0" daemon [_thread_in_native, id=14339, stack(0x000070000711a000,0x000070000721a000)]
  0x00007fe6ea94f800 JavaThread "Monitor Ctrl-Break" daemon [_thread_in_native, id=13827, stack(0x0000700007017000,0x0000700007117000)]
  0x00007fe6ec81e800 JavaThread "Signal Dispatcher" daemon [_thread_blocked, id=17411, stack(0x0000700006f14000,0x0000700007014000)]
  0x00007fe6eb813000 JavaThread "Finalizer" daemon [_thread_blocked, id=19459, stack(0x0000700006d0b000,0x0000700006e0b000)]
  0x00007fe6eb810800 JavaThread "Reference Handler" daemon [_thread_blocked, id=12035, stack(0x0000700006c08000,0x0000700006d08000)]
  0x00007fe6ea809000 JavaThread "main" [_thread_blocked, id=3843, stack(0x00007000061ea000,0x00007000062ea000)]

Other Threads:
  0x00007fe6eb80a000 VMThread [stack: 0x0000700006b05000,0x0000700006c05000] [id=20227]
  0x00007fe6ef8f6800 WatcherThread [stack: 0x0000700007629000,0x0000700007729000] [id=15875]

VM state:not at safepoint (normal execution)

VM Mutex/Monitor currently owned by a thread: None

heap address: 0x00000006c0000000, size: 4096 MB, Compressed Oops mode: Zero based, Oop shift amount: 3
Narrow klass base: 0x0000000000000000, Narrow klass shift: 3
Compressed class space size: 1073741824 Address: 0x00000007c0000000

Heap:
 PSYoungGen      total 155136K, used 134428K [0x000000076ab00000, 0x000000077a680000, 0x00000007c0000000)
  eden space 139776K, 92% used [0x000000076ab00000,0x00000007729c9c20,0x0000000773380000)
  from space 15360K, 29% used [0x0000000773380000,0x00000007737fd6c8,0x0000000774280000)
  to   space 15360K, 0% used [0x0000000779780000,0x0000000779780000,0x000000077a680000)
 ParOldGen       total 157184K, used 34881K [0x00000006c0000000, 0x00000006c9980000, 0x000000076ab00000)
  object space 157184K, 22% used [0x00000006c0000000,0x00000006c22104e0,0x00000006c9980000)
 Metaspace       used 47061K, capacity 49560K, committed 49664K, reserved 1091584K
  class space    used 6390K, capacity 6893K, committed 6912K, reserved 1048576K

Card table byte_map: [0x0000000100996000,0x0000000101197000] byte_map_base: 0x00000000fd396000

Marking Bits: (ParMarkBitMap*) 0x00000001019da748
 Begin Bits: [0x0000000114879000, 0x0000000118879000)
 End Bits:   [0x0000000118879000, 0x000000011c879000)

Polling page: 0x00000001004e8000

CodeCache: size=245760Kb used=21739Kb max_used=21955Kb free=224020Kb
 bounds [0x0000000105879000, 0x0000000106e09000, 0x0000000114879000]
 total_blobs=7706 nmethods=6815 adapters=803
 compilation: enabled

Compilation events (10 events):
Event: 2450.965 Thread 0x00007fe6ea953000 8085       4       java.lang.AbstractStringBuilder::append (62 bytes)
Event: 2450.965 Thread 0x00007fe6e9813800 8086   !   3       sun.security.x509.AVA::toRFC2253CanonicalString (484 bytes)
Event: 2450.967 Thread 0x00007fe6ea952000 8091       4       sun.security.util.DerValue::isPrintableStringChar (184 bytes)
Event: 2450.968 Thread 0x00007fe6ea952000 nmethod 8091 0x0000000105a37990 code [0x0000000105a37c20, 0x0000000105a37cd8]
Event: 2450.968 Thread 0x00007fe6e9813800 nmethod 8086 0x0000000105ea2150 code [0x0000000105ea2900, 0x0000000105ea7f48]
Event: 2450.968 Thread 0x00007fe6e9813800 8089       1       java.util.Collections::emptyMap (4 bytes)
Event: 2450.968 Thread 0x00007fe6e9813800 nmethod 8089 0x0000000105d96250 code [0x0000000105d963a0, 0x0000000105d96490]
Event: 2450.969 Thread 0x00007fe6e9813800 8087       3       sun.text.normalizer.NormalizerBase::normalize (223 bytes)
Event: 2450.970 Thread 0x00007fe6e9813800 nmethod 8087 0x0000000105e9fd10 code [0x0000000105ea0000, 0x0000000105ea16b8]
Event: 2450.970 Thread 0x00007fe6e9813800 8090       3       sun.security.util.ObjectIdentifier::toString (284 bytes)

GC Heap History (10 events):
Event: 10.219 GC heap before
{Heap before GC invocations=5 (full 1):
 PSYoungGen      total 76288K, used 73851K [0x000000076ab00000, 0x0000000771300000, 0x00000007c0000000)
  eden space 65536K, 100% used [0x000000076ab00000,0x000000076eb00000,0x000000076eb00000)
  from space 10752K, 77% used [0x000000076eb00000,0x000000076f31efd0,0x000000076f580000)
  to   space 10752K, 0% used [0x0000000770880000,0x0000000770880000,0x0000000771300000)
 ParOldGen       total 116224K, used 8824K [0x00000006c0000000, 0x00000006c7180000, 0x000000076ab00000)
  object space 116224K, 7% used [0x00000006c0000000,0x00000006c089e330,0x00000006c7180000)
 Metaspace       used 32535K, capacity 34222K, committed 34432K, reserved 1079296K
  class space    used 4544K, capacity 4898K, committed 4992K, reserved 1048576K
Event: 10.228 GC heap after
Heap after GC invocations=5 (full 1):
 PSYoungGen      total 95744K, used 10727K [0x000000076ab00000, 0x0000000771580000, 0x00000007c0000000)
  eden space 84992K, 0% used [0x000000076ab00000,0x000000076ab00000,0x000000076fe00000)
  from space 10752K, 99% used [0x0000000770880000,0x00000007712f9cc0,0x0000000771300000)
  to   space 10752K, 0% used [0x000000076fe00000,0x000000076fe00000,0x0000000770880000)
 ParOldGen       total 116224K, used 13406K [0x00000006c0000000, 0x00000006c7180000, 0x000000076ab00000)
  object space 116224K, 11% used [0x00000006c0000000,0x00000006c0d178d8,0x00000006c7180000)
 Metaspace       used 32535K, capacity 34222K, committed 34432K, reserved 1079296K
  class space    used 4544K, capacity 4898K, committed 4992K, reserved 1048576K
}
Event: 10.358 GC heap before
{Heap before GC invocations=6 (full 1):
 PSYoungGen      total 95744K, used 18192K [0x000000076ab00000, 0x0000000771580000, 0x00000007c0000000)
  eden space 84992K, 8% used [0x000000076ab00000,0x000000076b24a558,0x000000076fe00000)
  from space 10752K, 99% used [0x0000000770880000,0x00000007712f9cc0,0x0000000771300000)
  to   space 10752K, 0% used [0x000000076fe00000,0x000000076fe00000,0x0000000770880000)
 ParOldGen       total 116224K, used 13406K [0x00000006c0000000, 0x00000006c7180000, 0x000000076ab00000)
  object space 116224K, 11% used [0x00000006c0000000,0x00000006c0d178d8,0x00000006c7180000)
 Metaspace       used 33757K, capacity 35418K, committed 35496K, reserved 1079296K
  class space    used 4711K, capacity 5060K, committed 5120K, reserved 1048576K
Event: 10.372 GC heap after
Heap after GC invocations=6 (full 1):
 PSYoungGen      total 95744K, used 10733K [0x000000076ab00000, 0x0000000775180000, 0x00000007c0000000)
  eden space 84992K, 0% used [0x000000076ab00000,0x000000076ab00000,0x000000076fe00000)
  from space 10752K, 99% used [0x000000076fe00000,0x000000077087b648,0x0000000770880000)
  to   space 15360K, 0% used [0x0000000774280000,0x0000000774280000,0x0000000775180000)
 ParOldGen       total 116224K, used 13937K [0x00000006c0000000, 0x00000006c7180000, 0x000000076ab00000)
  object space 116224K, 11% used [0x00000006c0000000,0x00000006c0d9c7f0,0x00000006c7180000)
 Metaspace       used 33757K, capacity 35418K, committed 35496K, reserved 1079296K
  class space    used 4711K, capacity 5060K, committed 5120K, reserved 1048576K
}
Event: 10.372 GC heap before
{Heap before GC invocations=7 (full 2):
 PSYoungGen      total 95744K, used 10733K [0x000000076ab00000, 0x0000000775180000, 0x00000007c0000000)
  eden space 84992K, 0% used [0x000000076ab00000,0x000000076ab00000,0x000000076fe00000)
  from space 10752K, 99% used [0x000000076fe00000,0x000000077087b648,0x0000000770880000)
  to   space 15360K, 0% used [0x0000000774280000,0x0000000774280000,0x0000000775180000)
 ParOldGen       total 116224K, used 13937K [0x00000006c0000000, 0x00000006c7180000, 0x000000076ab00000)
  object space 116224K, 11% used [0x00000006c0000000,0x00000006c0d9c7f0,0x00000006c7180000)
 Metaspace       used 33757K, capacity 35418K, committed 35496K, reserved 1079296K
  class space    used 4711K, capacity 5060K, committed 5120K, reserved 1048576K
Event: 10.408 GC heap after
Heap after GC invocations=7 (full 2):
 PSYoungGen      total 95744K, used 0K [0x000000076ab00000, 0x0000000775180000, 0x00000007c0000000)
  eden space 84992K, 0% used [0x000000076ab00000,0x000000076ab00000,0x000000076fe00000)
  from space 10752K, 0% used [0x000000076fe00000,0x000000076fe00000,0x0000000770880000)
  to   space 15360K, 0% used [0x0000000774280000,0x0000000774280000,0x0000000775180000)
 ParOldGen       total 157184K, used 18473K [0x00000006c0000000, 0x00000006c9980000, 0x000000076ab00000)
  object space 157184K, 11% used [0x00000006c0000000,0x00000006c120a4d0,0x00000006c9980000)
 Metaspace       used 33757K, capacity 35418K, committed 35496K, reserved 1079296K
  class space    used 4711K, capacity 5060K, committed 5120K, reserved 1048576K
}
Event: 15.404 GC heap before
{Heap before GC invocations=8 (full 2):
 PSYoungGen      total 95744K, used 84992K [0x000000076ab00000, 0x0000000775180000, 0x00000007c0000000)
  eden space 84992K, 100% used [0x000000076ab00000,0x000000076fe00000,0x000000076fe00000)
  from space 10752K, 0% used [0x000000076fe00000,0x000000076fe00000,0x0000000770880000)
  to   space 15360K, 0% used [0x0000000774280000,0x0000000774280000,0x0000000775180000)
 ParOldGen       total 157184K, used 18473K [0x00000006c0000000, 0x00000006c9980000, 0x000000076ab00000)
  object space 157184K, 11% used [0x00000006c0000000,0x00000006c120a4d0,0x00000006c9980000)
 Metaspace       used 41052K, capacity 43420K, committed 43648K, reserved 1087488K
  class space    used 5772K, capacity 6233K, committed 6272K, reserved 1048576K
Event: 15.421 GC heap after
Heap after GC invocations=8 (full 2):
 PSYoungGen      total 155136K, used 7709K [0x000000076ab00000, 0x0000000775500000, 0x00000007c0000000)
  eden space 139776K, 0% used [0x000000076ab00000,0x000000076ab00000,0x0000000773380000)
  from space 15360K, 50% used [0x0000000774280000,0x0000000774a074b8,0x0000000775180000)
  to   space 15360K, 0% used [0x0000000773380000,0x0000000773380000,0x0000000774280000)
 ParOldGen       total 157184K, used 34865K [0x00000006c0000000, 0x00000006c9980000, 0x000000076ab00000)
  object space 157184K, 22% used [0x00000006c0000000,0x00000006c220c4e0,0x00000006c9980000)
 Metaspace       used 41052K, capacity 43420K, committed 43648K, reserved 1087488K
  class space    used 5772K, capacity 6233K, committed 6272K, reserved 1048576K
}
Event: 102.437 GC heap before
{Heap before GC invocations=9 (full 2):
 PSYoungGen      total 155136K, used 147485K [0x000000076ab00000, 0x0000000775500000, 0x00000007c0000000)
  eden space 139776K, 100% used [0x000000076ab00000,0x0000000773380000,0x0000000773380000)
  from space 15360K, 50% used [0x0000000774280000,0x0000000774a074b8,0x0000000775180000)
  to   space 15360K, 0% used [0x0000000773380000,0x0000000773380000,0x0000000774280000)
 ParOldGen       total 157184K, used 34865K [0x00000006c0000000, 0x00000006c9980000, 0x000000076ab00000)
  object space 157184K, 22% used [0x00000006c0000000,0x00000006c220c4e0,0x00000006c9980000)
 Metaspace       used 42197K, capacity 44712K, committed 44800K, reserved 1087488K
  class space    used 5818K, capacity 6333K, committed 6400K, reserved 1048576K
Event: 102.443 GC heap after
Heap after GC invocations=9 (full 2):
 PSYoungGen      total 155136K, used 4597K [0x000000076ab00000, 0x000000077a680000, 0x00000007c0000000)
  eden space 139776K, 0% used [0x000000076ab00000,0x000000076ab00000,0x0000000773380000)
  from space 15360K, 29% used [0x0000000773380000,0x00000007737fd6c8,0x0000000774280000)
  to   space 15360K, 0% used [0x0000000779780000,0x0000000779780000,0x000000077a680000)
 ParOldGen       total 157184K, used 34881K [0x00000006c0000000, 0x00000006c9980000, 0x000000076ab00000)
  object space 157184K, 22% used [0x00000006c0000000,0x00000006c22104e0,0x00000006c9980000)
 Metaspace       used 42197K, capacity 44712K, committed 44800K, reserved 1087488K
  class space    used 5818K, capacity 6333K, committed 6400K, reserved 1048576K
}

Deoptimization events (10 events):
Event: 2450.767 Thread 0x00007fe6f62a1000 Uncommon trap: reason=unstable_if action=reinterpret pc=0x0000000106718e60 method=java.util.Arrays.fill([BB)V @ 7
Event: 2450.785 Thread 0x00007fe6f62a1000 Uncommon trap: reason=bimorphic action=maybe_recompile pc=0x00000001061306cc method=java.util.regex.Pattern$Branch.match(Ljava/util/regex/Matcher;ILjava/lang/CharSequence;)Z @ 32
Event: 2450.884 Thread 0x00007fe6f62a1000 Uncommon trap: reason=unstable_if action=reinterpret pc=0x0000000106b5b6e0 method=java.util.Arrays.sort([Ljava/lang/Object;IILjava/util/Comparator;)V @ 1
Event: 2450.887 Thread 0x00007fe6f62a1000 Uncommon trap: reason=bimorphic action=maybe_recompile pc=0x0000000106b57a58 method=java.util.Collections$UnmodifiableCollection.contains(Ljava/lang/Object;)Z @ 5
Event: 2450.888 Thread 0x00007fe6f62a1000 Uncommon trap: reason=bimorphic action=maybe_recompile pc=0x0000000106b57a58 method=java.util.Collections$UnmodifiableCollection.contains(Ljava/lang/Object;)Z @ 5
Event: 2450.912 Thread 0x00007fe6f62a1000 Uncommon trap: reason=bimorphic action=maybe_recompile pc=0x0000000106b57a58 method=java.util.Collections$UnmodifiableCollection.contains(Ljava/lang/Object;)Z @ 5
Event: 2450.912 Thread 0x00007fe6f62a1000 Uncommon trap: reason=bimorphic action=maybe_recompile pc=0x0000000106b57a58 method=java.util.Collections$UnmodifiableCollection.contains(Ljava/lang/Object;)Z @ 5
Event: 2450.919 Thread 0x00007fe6f62a1000 Uncommon trap: reason=unstable_if action=reinterpret pc=0x0000000105fb9200 method=java.util.regex.Pattern$SliceI.match(Ljava/util/regex/Matcher;ILjava/lang/CharSequence;)Z @ 18
Event: 2450.968 Thread 0x00007fe6f62a1000 Uncommon trap: reason=unstable_if action=reinterpret pc=0x00000001066baa3c method=java.util.ArrayList.<init>(I)V @ 5
Event: 2450.970 Thread 0x00007fe6f62a1000 Uncommon trap: reason=unstable_if action=reinterpret pc=0x00000001059a9c70 method=java.util.Arrays.equals([B[B)Z @ 23

Classes redefined (0 events):
No events

Internal exceptions (10 events):
Event: 146.964 Thread 0x00007fe6eb91b000 Implicit null exception at 0x000000010660be6f to 0x000000010660ce75
Event: 146.965 Thread 0x00007fe6eb91b000 Implicit null exception at 0x0000000105ab2503 to 0x0000000105ab2f29
Event: 146.965 Thread 0x00007fe6eb91b000 Implicit null exception at 0x000000010693ea0d to 0x0000000106940f25
Event: 2329.863 Thread 0x00007fe6eb91b000 Implicit null exception at 0x000000010661c5c2 to 0x000000010661dae5
Event: 2330.197 Thread 0x00007fe6eb91b000 Implicit null exception at 0x00000001065fefce to 0x00000001065ff035
Event: 2330.840 Thread 0x00007fe6e98ca800 Implicit null exception at 0x0000000106be6ad6 to 0x0000000106be6fe9
Event: 2331.795 Thread 0x00007fe6ea99f000 Implicit null exception at 0x0000000105af1a75 to 0x0000000105af1e31
Event: 2331.795 Thread 0x00007fe6ea99f000 Implicit null exception at 0x0000000105a9bdf6 to 0x0000000105a9c1b5
Event: 2331.796 Thread 0x00007fe6ea99f000 Implicit null exception at 0x0000000106af3823 to 0x0000000106af38eb
Event: 2331.800 Thread 0x00007fe6ea99f000 Exception <a 'java/lang/ClassNotFoundException': sun/net/www/content/content/unknown> (0x000000076f89c8a0) thrown at [/jenkins/workspace/8-2-build-macosx-x86_64/jdk8u261/295/hotspot/src/share/vm/classfile/systemDictionary.cpp, line 210]

Events (10 events):
Event: 2450.970 Thread 0x00007fe6e9813800 flushing nmethod 0x00000001060eba10
Event: 2450.970 Executing VM operation: RevokeBias
Event: 2450.970 Executing VM operation: RevokeBias done
Event: 2450.970 Executing VM operation: RevokeBias
Event: 2450.970 Executing VM operation: RevokeBias done
Event: 2450.970 Executing VM operation: RevokeBias
Event: 2450.970 Executing VM operation: RevokeBias done
Event: 2450.970 Executing VM operation: RevokeBias
Event: 2450.971 Executing VM operation: RevokeBias done
Event: 2450.971 Executing VM operation: RevokeBias


Dynamic libraries:
0x00007ff825810000 	/System/Library/Frameworks/Cocoa.framework/Versions/A/Cocoa
0x00007ff81164e000 	/System/Library/Frameworks/AppKit.framework/Versions/C/AppKit
0x00007ff814b3b000 	/System/Library/Frameworks/CoreData.framework/Versions/A/CoreData
0x00007ff80fa69000 	/System/Library/Frameworks/Foundation.framework/Versions/C/Foundation
0x00007ff8199b0000 	/usr/lib/libSystem.B.dylib
0x00007ff8124db000 	/System/Library/PrivateFrameworks/UIFoundation.framework/Versions/A/UIFoundation
0x00007ff81f7e8000 	/System/Library/PrivateFrameworks/RemoteViewServices.framework/Versions/A/RemoteViewServices
0x00007ff817b5c000 	/System/Library/PrivateFrameworks/XCTTargetBootstrap.framework/Versions/A/XCTTargetBootstrap
0x00007ff81b7bf000 	/System/Library/PrivateFrameworks/InternationalSupport.framework/Versions/A/InternationalSupport
0x00007ff81b849000 	/System/Library/PrivateFrameworks/UserActivity.framework/Versions/A/UserActivity
0x00007ff81ab9f000 	/usr/lib/libspindump.dylib
0x00007ff812769000 	/System/Library/Frameworks/UniformTypeIdentifiers.framework/Versions/A/UniformTypeIdentifiers
0x00007ff81629b000 	/usr/lib/libapp_launch_measurement.dylib
0x00007ff815505000 	/System/Library/PrivateFrameworks/CoreAnalytics.framework/Versions/A/CoreAnalytics
0x00007ff81629e000 	/System/Library/PrivateFrameworks/CoreAutoLayout.framework/Versions/A/CoreAutoLayout
0x00007ff8174bd000 	/System/Library/Frameworks/Metal.framework/Versions/A/Metal
0x00007ff8181d2000 	/usr/lib/liblangid.dylib
0x00007ff817b60000 	/System/Library/PrivateFrameworks/CoreSVG.framework/Versions/A/CoreSVG
0x00007ff813b2b000 	/System/Library/PrivateFrameworks/SkyLight.framework/Versions/A/SkyLight
0x00007ff813ebc000 	/System/Library/Frameworks/CoreGraphics.framework/Versions/A/CoreGraphics
0x00007ff81fe53000 	/System/Library/Frameworks/Accelerate.framework/Versions/A/Accelerate
0x00007ff81a61a000 	/System/Library/PrivateFrameworks/IconServices.framework/Versions/A/IconServices
0x00007ff8174a2000 	/System/Library/Frameworks/IOSurface.framework/Versions/A/IOSurface
0x00007ff815533000 	/usr/lib/libDiagnosticMessagesClient.dylib
0x00007ff8198d0000 	/usr/lib/libz.1.dylib
0x00007ff8234b2000 	/System/Library/Frameworks/ApplicationServices.framework/Versions/A/ApplicationServices
0x00007ff817b48000 	/System/Library/PrivateFrameworks/DFRFoundation.framework/Versions/A/DFRFoundation
0x00007ff810f3f000 	/usr/lib/libicucore.A.dylib
0x00007ff81c4e1000 	/System/Library/Frameworks/AudioToolbox.framework/Versions/A/AudioToolbox
0x00007ff81b7cb000 	/System/Library/PrivateFrameworks/DataDetectorsCore.framework/Versions/A/DataDetectorsCore
0x00007ff917011000 	/System/Library/PrivateFrameworks/TextInput.framework/Versions/A/TextInput
0x00007ff813aae000 	/usr/lib/libMobileGestalt.dylib
0x00007ff817850000 	/System/Library/Frameworks/Carbon.framework/Versions/A/Frameworks/HIToolbox.framework/Versions/A/HIToolbox
0x00007ff815cc9000 	/System/Library/Frameworks/QuartzCore.framework/Versions/A/QuartzCore
0x00007ff810be0000 	/System/Library/Frameworks/Security.framework/Versions/A/Security
0x00007ff81f820000 	/System/Library/Frameworks/Carbon.framework/Versions/A/Frameworks/SpeechRecognition.framework/Versions/A/SpeechRecognition
0x00007ff815ffb000 	/System/Library/PrivateFrameworks/CoreUI.framework/Versions/A/CoreUI
0x00007ff8104ba000 	/System/Library/Frameworks/CoreAudio.framework/Versions/A/CoreAudio
0x00007ff815621000 	/System/Library/Frameworks/DiskArbitration.framework/Versions/A/DiskArbitration
0x00007ff81af86000 	/System/Library/PrivateFrameworks/MultitouchSupport.framework/Versions/A/MultitouchSupport
0x00007ff813aad000 	/usr/lib/libenergytrace.dylib
0x00007ff81153a000 	/System/Library/Frameworks/IOKit.framework/Versions/A/IOKit
0x00007ff81fc0a000 	/System/Library/Frameworks/CoreServices.framework/Versions/A/CoreServices
0x00007ff816235000 	/System/Library/PrivateFrameworks/PerformanceAnalysis.framework/Versions/A/PerformanceAnalysis
0x00007ffa265d2000 	/System/Library/Frameworks/OpenGL.framework/Versions/A/OpenGL
0x00007ff818f08000 	/System/Library/PrivateFrameworks/MobileKeyBag.framework/Versions/A/MobileKeyBag
0x00007ff80ea2a000 	/usr/lib/libobjc.A.dylib
0x00007ff814588000 	/System/Library/Frameworks/ColorSync.framework/Versions/A/ColorSync
0x00007ff80ebe3000 	/System/Library/Frameworks/CoreFoundation.framework/Versions/A/CoreFoundation
0x00007ff817dd9000 	/System/Library/Frameworks/CoreImage.framework/Versions/A/CoreImage
0x00007ff8102d0000 	/System/Library/Frameworks/CoreText.framework/Versions/A/CoreText
0x00007ff817b8f000 	/System/Library/Frameworks/ImageIO.framework/Versions/A/ImageIO
0x00007ff8199b6000 	/System/Library/PrivateFrameworks/SoftLinking.framework/Versions/A/SoftLinking
0x00007ff8162e6000 	/usr/lib/libxml2.2.dylib
0x00007ff80eaf0000 	/usr/lib/libc++.1.dylib
0x00007ff819c39000 	/usr/lib/libcompression.dylib
0x00007ff81b6f5000 	/System/Library/PrivateFrameworks/TextureIO.framework/Versions/A/TextureIO
0x00007ff81a32c000 	/usr/lib/libate.dylib
0x00007ff8199ab000 	/usr/lib/system/libcache.dylib
0x00007ff819967000 	/usr/lib/system/libcommonCrypto.dylib
0x00007ff819990000 	/usr/lib/system/libcompiler_rt.dylib
0x00007ff819986000 	/usr/lib/system/libcopyfile.dylib
0x00007ff80e924000 	/usr/lib/system/libcorecrypto.dylib
0x00007ff80e9e3000 	/usr/lib/system/libdispatch.dylib
0x00007ff80eba2000 	/usr/lib/system/libdyld.dylib
0x00007ff8199a2000 	/usr/lib/system/libkeymgr.dylib
0x00007ff819945000 	/usr/lib/system/libmacho.dylib
0x00007ff818fdc000 	/usr/lib/system/libquarantine.dylib
0x00007ff8199a0000 	/usr/lib/system/libremovefile.dylib
0x00007ff813afa000 	/usr/lib/system/libsystem_asl.dylib
0x00007ff80e8d2000 	/usr/lib/system/libsystem_blocks.dylib
0x00007ff80ea67000 	/usr/lib/system/libsystem_c.dylib
0x00007ff819998000 	/usr/lib/system/libsystem_collections.dylib
0x00007ff8181c3000 	/usr/lib/system/libsystem_configuration.dylib
0x00007ff817485000 	/usr/lib/system/libsystem_containermanager.dylib
0x00007ff819684000 	/usr/lib/system/libsystem_coreservices.dylib
0x00007ff8111c8000 	/usr/lib/system/libsystem_darwin.dylib
0x00007ff8199a3000 	/usr/lib/system/libsystem_dnssd.dylib
0x00007ff80ea64000 	/usr/lib/system/libsystem_featureflags.dylib
0x00007ff80ebb8000 	/usr/lib/system/libsystem_info.dylib
0x00007ff8198e3000 	/usr/lib/system/libsystem_m.dylib
0x00007ff80e9b7000 	/usr/lib/system/libsystem_malloc.dylib
0x00007ff813a97000 	/usr/lib/system/libsystem_networkextension.dylib
0x00007ff8115f0000 	/usr/lib/system/libsystem_notify.dylib
0x00007ff81fae1000 	/usr/lib/system/libsystem_product_info_filter.dylib
0x00007ff8181c7000 	/usr/lib/system/libsystem_sandbox.dylib
0x00007ff81999d000 	/usr/lib/system/libsystem_secinit.dylib
0x00007ff80eb5f000 	/usr/lib/system/libsystem_kernel.dylib
0x00007ff80ebae000 	/usr/lib/system/libsystem_platform.dylib
0x00007ff80eb96000 	/usr/lib/system/libsystem_pthread.dylib
0x00007ff81534b000 	/usr/lib/system/libsystem_symptoms.dylib
0x00007ff80e90b000 	/usr/lib/system/libsystem_trace.dylib
0x00007ff819973000 	/usr/lib/system/libunwind.dylib
0x00007ff80e8d4000 	/usr/lib/system/libxpc.dylib
0x00007ff80eb49000 	/usr/lib/libc++abi.dylib
0x00007ff81997e000 	/usr/lib/liboah.dylib
0x00007ff81a10a000 	/usr/lib/liblzma.5.dylib
0x00007ff80f77a000 	/System/Library/Frameworks/SystemConfiguration.framework/Versions/A/SystemConfiguration
0x00007ff8199b2000 	/usr/lib/libfakelink.dylib
0x00007ff813601000 	/System/Library/Frameworks/CFNetwork.framework/Versions/A/CFNetwork
0x00007ff819af1000 	/usr/lib/libarchive.2.dylib
0x00007ff8181ce000 	/System/Library/PrivateFrameworks/AppleSystemInfo.framework/Versions/A/AppleSystemInfo
0x00007ff819002000 	/usr/lib/libbsm.0.dylib
0x00007ff812c38000 	/usr/lib/libnetwork.dylib
0x00007ff81994b000 	/usr/lib/system/libkxld.dylib
0x00007ff818c31000 	/System/Library/PrivateFrameworks/IOMobileFramebuffer.framework/Versions/A/IOMobileFramebuffer
0x00007ffb240bb000 	/usr/lib/libCoreEntitlements.dylib
0x00007ff819666000 	/System/Library/PrivateFrameworks/AppleFSCompression.framework/Versions/A/AppleFSCompression
0x00007ff818feb000 	/usr/lib/libcoretls.dylib
0x00007ff81a124000 	/usr/lib/libcoretls_cfhelpers.dylib
0x00007ff819c34000 	/usr/lib/libpam.2.dylib
0x00007ff814f6d000 	/usr/lib/libsqlite3.dylib
0x00007ff81a193000 	/usr/lib/libxar.1.dylib
0x00007ff819676000 	/usr/lib/libbz2.1.0.dylib
0x00007ff8199b7000 	/usr/lib/libpcap.A.dylib
0x00007ff815342000 	/usr/lib/libdns_services.dylib
0x00007ff819c03000 	/usr/lib/libapple_nghttp2.dylib
0x00007ff8199ee000 	/usr/lib/libiconv.2.dylib
0x00007ff819944000 	/usr/lib/libcharset.1.dylib
0x00007ff816269000 	/System/Library/Frameworks/CoreServices.framework/Versions/A/Frameworks/FSEvents.framework/Versions/A/FSEvents
0x00007ff8111d2000 	/System/Library/Frameworks/CoreServices.framework/Versions/A/Frameworks/CarbonCore.framework/Versions/A/CarbonCore
0x00007ff815586000 	/System/Library/Frameworks/CoreServices.framework/Versions/A/Frameworks/Metadata.framework/Versions/A/Metadata
0x00007ff819689000 	/System/Library/Frameworks/CoreServices.framework/Versions/A/Frameworks/OSServices.framework/Versions/A/OSServices
0x00007ff819b77000 	/System/Library/Frameworks/CoreServices.framework/Versions/A/Frameworks/SearchKit.framework/Versions/A/SearchKit
0x00007ff8152d4000 	/System/Library/Frameworks/CoreServices.framework/Versions/A/Frameworks/AE.framework/Versions/A/AE
0x00007ff80f0e6000 	/System/Library/Frameworks/CoreServices.framework/Versions/A/Frameworks/LaunchServices.framework/Versions/A/LaunchServices
0x00007ff81a0bb000 	/System/Library/Frameworks/CoreServices.framework/Versions/A/Frameworks/DictionaryServices.framework/Versions/A/DictionaryServices
0x00007ff816276000 	/System/Library/Frameworks/CoreServices.framework/Versions/A/Frameworks/SharedFileList.framework/Versions/A/SharedFileList
0x00007ff818fdf000 	/usr/lib/libCheckFix.dylib
0x00007ff813b11000 	/System/Library/PrivateFrameworks/TCC.framework/Versions/A/TCC
0x00007ff8181d4000 	/System/Library/PrivateFrameworks/CoreNLP.framework/Versions/A/CoreNLP
0x00007ff815536000 	/System/Library/PrivateFrameworks/MetadataUtilities.framework/Versions/A/MetadataUtilities
0x00007ff80f82a000 	/usr/lib/libmecabra.dylib
0x00007ff819012000 	/usr/lib/libmecab.dylib
0x00007ff80f7f5000 	/usr/lib/libCRFSuite.dylib
0x00007ff81906f000 	/usr/lib/libgermantok.dylib
0x00007ff819bde000 	/usr/lib/libThaiTokenizer.dylib
0x00007ff815628000 	/System/Library/Frameworks/Accelerate.framework/Versions/A/Frameworks/vImage.framework/Versions/A/vImage
0x00007ff81fbe1000 	/System/Library/Frameworks/Accelerate.framework/Versions/A/Frameworks/vecLib.framework/Versions/A/vecLib
0x00007ff81a1d4000 	/System/Library/Frameworks/Accelerate.framework/Versions/A/Frameworks/vecLib.framework/Versions/A/libvMisc.dylib
0x00007ff818a4f000 	/System/Library/Frameworks/Accelerate.framework/Versions/A/Frameworks/vecLib.framework/Versions/A/libvDSP.dylib
0x00007ff80f45e000 	/System/Library/Frameworks/Accelerate.framework/Versions/A/Frameworks/vecLib.framework/Versions/A/libBLAS.dylib
0x00007ff819d15000 	/System/Library/Frameworks/Accelerate.framework/Versions/A/Frameworks/vecLib.framework/Versions/A/libLAPACK.dylib
0x00007ff819072000 	/System/Library/Frameworks/Accelerate.framework/Versions/A/Frameworks/vecLib.framework/Versions/A/libLinearAlgebra.dylib
0x00007ff819c1c000 	/System/Library/Frameworks/Accelerate.framework/Versions/A/Frameworks/vecLib.framework/Versions/A/libSparseBLAS.dylib
0x00007ff819d0f000 	/System/Library/Frameworks/Accelerate.framework/Versions/A/Frameworks/vecLib.framework/Versions/A/libQuadrature.dylib
0x00007ff8182be000 	/System/Library/Frameworks/Accelerate.framework/Versions/A/Frameworks/vecLib.framework/Versions/A/libBNNS.dylib
0x00007ff80f70b000 	/System/Library/Frameworks/Accelerate.framework/Versions/A/Frameworks/vecLib.framework/Versions/A/libSparse.dylib
0x00007ff8182b7000 	/System/Library/PrivateFrameworks/LinguisticData.framework/Versions/A/LinguisticData
0x00007ff80f6c0000 	/System/Library/PrivateFrameworks/Lexicon.framework/Versions/A/Lexicon
0x00007ff81a1cd000 	/usr/lib/libChineseTokenizer.dylib
0x00007ff80fe24000 	/System/Library/PrivateFrameworks/LanguageModeling.framework/Versions/A/LanguageModeling
0x00007ff819be0000 	/System/Library/PrivateFrameworks/AppleSauce.framework/Versions/A/AppleSauce
0x00007ff818c1f000 	/System/Library/PrivateFrameworks/CoreEmoji.framework/Versions/A/CoreEmoji
0x00007ff819ae0000 	/usr/lib/libcmph.dylib
0x00007ff81624d000 	/System/Library/Frameworks/OpenDirectory.framework/Versions/A/Frameworks/CFOpenDirectory.framework/Versions/A/CFOpenDirectory
0x00007ff816241000 	/System/Library/Frameworks/OpenDirectory.framework/Versions/A/OpenDirectory
0x00007ff81a126000 	/System/Library/PrivateFrameworks/APFS.framework/Versions/A/APFS
0x00007ff818f40000 	/System/Library/Frameworks/SecurityFoundation.framework/Versions/A/SecurityFoundation
0x00007ff81a1a1000 	/usr/lib/libutil.dylib
0x00007ff8114fd000 	/System/Library/PrivateFrameworks/CoreServicesStore.framework/Versions/A/CoreServicesStore
0x00007ff81a1a5000 	/usr/lib/libxslt.1.dylib
0x00007ff818fcd000 	/System/Library/PrivateFrameworks/BackgroundTaskManagement.framework/Versions/A/BackgroundTaskManagement
0x00007ff81b615000 	/System/Library/Frameworks/ImageIO.framework/Versions/A/Resources/libRadiance.dylib
0x00007ff81b61e000 	/System/Library/Frameworks/ImageIO.framework/Versions/A/Resources/libJPEG.dylib
0x00007ff81b56e000 	/System/Library/Frameworks/ImageIO.framework/Versions/A/Resources/libPng.dylib
0x00007ff81b58f000 	/System/Library/Frameworks/ImageIO.framework/Versions/A/Resources/libTIFF.dylib
0x00007ff81b67e000 	/System/Library/Frameworks/ImageIO.framework/Versions/A/Resources/libGIF.dylib
0x00007ff81ae9f000 	/System/Library/Frameworks/ImageIO.framework/Versions/A/Resources/libJP2.dylib
0x00007ff81a5e1000 	/usr/lib/libexpat.1.dylib
0x00007ff81ae54000 	/System/Library/PrivateFrameworks/AppleJPEG.framework/Versions/A/AppleJPEG
0x00007ff817717000 	/System/Library/PrivateFrameworks/FontServices.framework/libFontParser.dylib
0x00007ff81527e000 	/System/Library/PrivateFrameworks/RunningBoardServices.framework/Versions/A/RunningBoardServices
0x00007ff825d81000 	/System/Library/PrivateFrameworks/IOSurfaceAccelerator.framework/Versions/A/IOSurfaceAccelerator
0x00007ff81af82000 	/System/Library/PrivateFrameworks/WatchdogClient.framework/Versions/A/WatchdogClient
0x00007ff80ff13000 	/System/Library/Frameworks/CoreDisplay.framework/Versions/A/CoreDisplay
0x00007ff817617000 	/System/Library/Frameworks/CoreMedia.framework/Versions/A/CoreMedia
0x00007ff8174b4000 	/System/Library/PrivateFrameworks/IOAccelerator.framework/Versions/A/IOAccelerator
0x00007ff8163c9000 	/System/Library/Frameworks/CoreVideo.framework/Versions/A/CoreVideo
0x00007ff819c32000 	/System/Library/Frameworks/MetalPerformanceShaders.framework/Versions/A/MetalPerformanceShaders
0x00007ff81afbd000 	/System/Library/Frameworks/VideoToolbox.framework/Versions/A/VideoToolbox
0x00007ff8151c6000 	/System/Library/PrivateFrameworks/BaseBoard.framework/Versions/A/BaseBoard
0x00007ff814f53000 	/System/Library/PrivateFrameworks/ProtocolBuffer.framework/Versions/A/ProtocolBuffer
0x00007ff81b60e000 	/System/Library/PrivateFrameworks/GPUWrangler.framework/Versions/A/GPUWrangler
0x00007ff81b5f1000 	/System/Library/PrivateFrameworks/IOPresentment.framework/Versions/A/IOPresentment
0x00007ff81b618000 	/System/Library/PrivateFrameworks/DSExternalDisplay.framework/Versions/A/DSExternalDisplay
0x00007ffa265c6000 	/System/Library/Frameworks/OpenGL.framework/Versions/A/Libraries/libCoreFSCache.dylib
0x00007ffb126ba000 	/System/Library/PrivateFrameworks/GPUCompiler.framework/Versions/31001/Libraries/libGPUCompilerUtils.dylib
0x00007ff81b683000 	/System/Library/PrivateFrameworks/CMCaptureCore.framework/Versions/A/CMCaptureCore
0x00007ff81ab8d000 	/System/Library/PrivateFrameworks/AppServerSupport.framework/Versions/A/AppServerSupport
0x00007ff81cd5e000 	/System/Library/PrivateFrameworks/perfdata.framework/Versions/A/perfdata
0x00007ff81003f000 	/System/Library/PrivateFrameworks/AudioToolboxCore.framework/Versions/A/AudioToolboxCore
0x00007ff8175f4000 	/System/Library/PrivateFrameworks/caulk.framework/Versions/A/caulk
0x00007ff81c68b000 	/usr/lib/libAudioStatistics.dylib
0x00007ff9138d0000 	/System/Library/PrivateFrameworks/SystemPolicy.framework/Versions/A/SystemPolicy
0x00007ff81c8d7000 	/usr/lib/libSMC.dylib
0x00007ff8256c3000 	/System/Library/Frameworks/CoreMIDI.framework/Versions/A/CoreMIDI
0x00007ff81b53e000 	/usr/lib/libAudioToolboxUtility.dylib
0x00007ff90fd58000 	/System/Library/PrivateFrameworks/OSAServicesClient.framework/Versions/A/OSAServicesClient
0x00007ff81cd6b000 	/usr/lib/libperfcheck.dylib
0x00007ff91435c000 	/usr/lib/libmis.dylib
0x00007ffa26622000 	/System/Library/Frameworks/OpenGL.framework/Versions/A/Libraries/libGLU.dylib
0x00007ffa265e5000 	/System/Library/Frameworks/OpenGL.framework/Versions/A/Libraries/libGFXShared.dylib
0x00007ffa267f3000 	/System/Library/Frameworks/OpenGL.framework/Versions/A/Libraries/libGL.dylib
0x00007ffa265ee000 	/System/Library/Frameworks/OpenGL.framework/Versions/A/Libraries/libGLImage.dylib
0x00007ffa265e2000 	/System/Library/Frameworks/OpenGL.framework/Versions/A/Libraries/libCVMSPluginSupport.dylib
0x00007ffa265cd000 	/System/Library/Frameworks/OpenGL.framework/Versions/A/Libraries/libCoreVMClient.dylib
0x00007ff818152000 	/System/Library/Frameworks/MetalPerformanceShaders.framework/Versions/A/Frameworks/MPSCore.framework/Versions/A/MPSCore
0x00007ff8195d1000 	/System/Library/Frameworks/MetalPerformanceShaders.framework/Versions/A/Frameworks/MPSImage.framework/Versions/A/MPSImage
0x00007ff819088000 	/System/Library/Frameworks/MetalPerformanceShaders.framework/Versions/A/Frameworks/MPSNeuralNetwork.framework/Versions/A/MPSNeuralNetwork
0x00007ff8194fd000 	/System/Library/Frameworks/MetalPerformanceShaders.framework/Versions/A/Frameworks/MPSMatrix.framework/Versions/A/MPSMatrix
0x00007ff8192b9000 	/System/Library/Frameworks/MetalPerformanceShaders.framework/Versions/A/Frameworks/MPSRayIntersector.framework/Versions/A/MPSRayIntersector
0x00007ff819536000 	/System/Library/Frameworks/MetalPerformanceShaders.framework/Versions/A/Frameworks/MPSNDArray.framework/Versions/A/MPSNDArray
0x00007ffa2b1cb000 	/System/Library/Frameworks/MetalPerformanceShaders.framework/Versions/A/Frameworks/MPSFunctions.framework/Versions/A/MPSFunctions
0x00007ff80f341000 	/System/Library/PrivateFrameworks/MetalTools.framework/Versions/A/MetalTools
0x00007ff8181cc000 	/System/Library/PrivateFrameworks/AggregateDictionary.framework/Versions/A/AggregateDictionary
0x00007ff81a3c3000 	/usr/lib/libIOReport.dylib
0x00007ffa27c02000 	/System/Library/Frameworks/OpenCL.framework/Versions/A/OpenCL
0x00007ff81a727000 	/System/Library/PrivateFrameworks/FaceCore.framework/Versions/A/FaceCore
0x00007ff81a718000 	/System/Library/PrivateFrameworks/GraphVisualizer.framework/Versions/A/GraphVisualizer
0x00007ffb125c5000 	/System/Library/PrivateFrameworks/FontServices.framework/Versions/A/FontServices
0x00007ff81ab44000 	/System/Library/PrivateFrameworks/OTSVG.framework/Versions/A/OTSVG
0x00007ff815fb1000 	/System/Library/Frameworks/ApplicationServices.framework/Versions/A/Frameworks/ATS.framework/Versions/A/Resources/libFontRegistry.dylib
0x00007ff81ab95000 	/System/Library/PrivateFrameworks/FontServices.framework/libhvf.dylib
0x00007ffb125c6000 	/System/Library/PrivateFrameworks/FontServices.framework/libXTFontStaticRegistryData.dylib
0x00007ff81a591000 	/System/Library/PrivateFrameworks/AppleVA.framework/Versions/A/AppleVA
0x00007ff81c6ab000 	/System/Library/Frameworks/ApplicationServices.framework/Versions/A/Frameworks/ATS.framework/Versions/A/ATS
0x00007ff814684000 	/System/Library/Frameworks/ApplicationServices.framework/Versions/A/Frameworks/HIServices.framework/Versions/A/HIServices
0x00007ff81b68d000 	/System/Library/Frameworks/ApplicationServices.framework/Versions/A/Frameworks/PrintCore.framework/Versions/A/PrintCore
0x00007ff81ca2a000 	/System/Library/Frameworks/ApplicationServices.framework/Versions/A/Frameworks/QD.framework/Versions/A/QD
0x00007ff81ca22000 	/System/Library/Frameworks/ApplicationServices.framework/Versions/A/Frameworks/ColorSyncLegacy.framework/Versions/A/ColorSyncLegacy
0x00007ff81c69b000 	/System/Library/Frameworks/ApplicationServices.framework/Versions/A/Frameworks/SpeechSynthesis.framework/Versions/A/SpeechSynthesis
0x00007ff81b64e000 	/System/Library/Frameworks/ApplicationServices.framework/Versions/A/Frameworks/ATSUI.framework/Versions/A/ATSUI
0x00007ff81c9b7000 	/usr/lib/libcups.2.dylib
0x00007ff81cd7a000 	/System/Library/Frameworks/Kerberos.framework/Versions/A/Kerberos
0x00007ff81cd89000 	/System/Library/Frameworks/GSS.framework/Versions/A/GSS
0x00007ff81c717000 	/usr/lib/libresolv.9.dylib
0x00007ff81aba4000 	/System/Library/PrivateFrameworks/Heimdal.framework/Versions/A/Heimdal
0x00007ff82382d000 	/System/Library/Frameworks/Kerberos.framework/Versions/A/Libraries/libHeimdalProxy.dylib
0x00007ff815353000 	/System/Library/Frameworks/Network.framework/Versions/A/Network
0x00007ff81a5fb000 	/usr/lib/libheimdal-asn1.dylib
0x00007ff81cdd4000 	/System/Library/PrivateFrameworks/CommonAuth.framework/Versions/A/CommonAuth
0x00007ff81c61c000 	/System/Library/PrivateFrameworks/AudioSession.framework/Versions/A/AudioSession
0x00007ff81a68b000 	/System/Library/PrivateFrameworks/MediaExperience.framework/Versions/A/MediaExperience
0x00007ff81c4b0000 	/System/Library/PrivateFrameworks/AudioSession.framework/libSessionUtility.dylib
0x00007ff81ca36000 	/System/Library/PrivateFrameworks/AudioResourceArbitration.framework/Versions/A/AudioResourceArbitration
0x00007ff81a604000 	/System/Library/PrivateFrameworks/IconFoundation.framework/Versions/A/IconFoundation
0x00007ff81f810000 	/System/Library/PrivateFrameworks/SpeechRecognitionCore.framework/Versions/A/SpeechRecognitionCore
0x00000001012b2000 	/Library/Java/JavaVirtualMachines/jdk1.8.0_261.jdk/Contents/Home/jre/lib/server/libjvm.dylib
0x00000001004f9000 	/Library/Java/JavaVirtualMachines/jdk1.8.0_261.jdk/Contents/Home/jre/lib/libverify.dylib
0x000000010053d000 	/Library/Java/JavaVirtualMachines/jdk1.8.0_261.jdk/Contents/Home/jre/lib/libjava.dylib
0x0000000100570000 	/Library/Java/JavaVirtualMachines/jdk1.8.0_261.jdk/Contents/Home/jre/lib/libinstrument.dylib
0x0000000100517000 	/Library/Java/JavaVirtualMachines/jdk1.8.0_261.jdk/Contents/Home/jre/lib/libzip.dylib
0x0000000105722000 	/Library/Java/JavaVirtualMachines/jdk1.8.0_261.jdk/Contents/Home/jre/lib/libnet.dylib
0x000000010573c000 	/Library/Java/JavaVirtualMachines/jdk1.8.0_261.jdk/Contents/Home/jre/lib/libprism_es2.dylib
0x00007ff8114be000 	/System/Library/PrivateFrameworks/CoreServicesInternal.framework/Versions/A/CoreServicesInternal
0x00007ffa267fe000 	/System/Library/Frameworks/OpenGL.framework/Versions/A/Resources/GLEngine.bundle/GLEngine
0x00007ffa26660000 	/System/Library/Frameworks/OpenGL.framework/Versions/A/Libraries/libGLProgrammability.dylib
0x00007ffa1aa29000 	/System/Library/Extensions/AppleIntelKBLGraphicsGLDriver.bundle/Contents/MacOS/AppleIntelKBLGraphicsGLDriver
0x00007ff91e145000 	/System/Library/PrivateFrameworks/GPUSupport.framework/Versions/A/Libraries/libGPUSupportMercury.dylib
0x00007ffa2698d000 	/System/Library/Frameworks/OpenGL.framework/Versions/A/Resources/GLRendererFloat.bundle/GLRendererFloat
0x000000011cd6b000 	/Library/Java/JavaVirtualMachines/jdk1.8.0_261.jdk/Contents/Home/jre/lib/libglass.dylib
0x00007ff820fe1000 	/System/Library/Frameworks/FileProvider.framework/Versions/A/FileProvider
0x00007ff815132000 	/System/Library/Frameworks/Accounts.framework/Versions/A/Accounts
0x00007ff821159000 	/System/Library/PrivateFrameworks/GenerationalStorage.framework/Versions/A/GenerationalStorage
0x00007ff821c66000 	/System/Library/PrivateFrameworks/CoreSymbolication.framework/Versions/A/CoreSymbolication
0x00007ff8209e5000 	/System/Library/PrivateFrameworks/SymptomDiagnosticReporter.framework/Versions/A/SymptomDiagnosticReporter
0x00007ff81277d000 	/System/Library/PrivateFrameworks/DesktopServicesPriv.framework/Versions/A/DesktopServicesPriv
0x00007ff8115ff000 	/usr/lib/libsandbox.1.dylib
0x00007ff816447000 	/System/Library/PrivateFrameworks/UserManagement.framework/Versions/A/UserManagement
0x00007ff821c2b000 	/System/Library/PrivateFrameworks/DebugSymbols.framework/Versions/A/DebugSymbols
0x00007ff81ca17000 	/System/Library/PrivateFrameworks/NetAuth.framework/Versions/A/NetAuth
0x00007ff81d903000 	/System/Library/PrivateFrameworks/Sharing.framework/Versions/A/Sharing
0x00007ff81641a000 	/System/Library/PrivateFrameworks/login.framework/Versions/A/Frameworks/loginsupport.framework/Versions/A/loginsupport
0x00007ff822d63000 	/System/Library/PrivateFrameworks/Apple80211.framework/Versions/A/Apple80211
0x00007ff8196b6000 	/System/Library/PrivateFrameworks/AuthKit.framework/Versions/A/AuthKit
0x00007ff818d15000 	/System/Library/PrivateFrameworks/CoreUtils.framework/Versions/A/CoreUtils
0x00007ff818c3c000 	/System/Library/Frameworks/CoreWLAN.framework/Versions/A/CoreWLAN
0x00007ff81da5e000 	/System/Library/Frameworks/IOBluetooth.framework/Versions/A/IOBluetooth
0x00007ff822dcb000 	/System/Library/PrivateFrameworks/CoreWiFi.framework/Versions/A/CoreWiFi
0x00007ff821800000 	/System/Library/PrivateFrameworks/FrontBoardServices.framework/Versions/A/FrontBoardServices
0x00007ff821892000 	/System/Library/PrivateFrameworks/BoardServices.framework/Versions/A/BoardServices
0x00007ff818f2f000 	/System/Library/PrivateFrameworks/AssertionServices.framework/Versions/A/AssertionServices
0x00007ff822f4f000 	/System/Library/PrivateFrameworks/BackBoardServices.framework/Versions/A/BackBoardServices
0x00007ff81ce63000 	/System/Library/PrivateFrameworks/CorePhoneNumbers.framework/Versions/A/CorePhoneNumbers
0x00007ff820b02000 	/System/Library/PrivateFrameworks/DiskManagement.framework/Versions/A/DiskManagement
0x00007ff820a16000 	/System/Library/PrivateFrameworks/AppleIDAuthSupport.framework/Versions/A/AppleIDAuthSupport
0x00007ffa2d131000 	/System/Library/PrivateFrameworks/AAAFoundation.framework/Versions/A/AAAFoundation
0x00007ff81ce44000 	/System/Library/PrivateFrameworks/KeychainCircle.framework/Versions/A/KeychainCircle
0x00007ff820ace000 	/System/Library/PrivateFrameworks/MediaKit.framework/Versions/A/MediaKit
0x00007ff820a22000 	/System/Library/Frameworks/DiscRecording.framework/Versions/A/DiscRecording
0x00007ff81a509000 	/usr/lib/libCoreStorage.dylib
0x00007ff82323c000 	/usr/lib/libcsfde.dylib
0x00007ff81db2b000 	/System/Library/PrivateFrameworks/ProtectedCloudStorage.framework/Versions/A/ProtectedCloudStorage
0x00007ff823238000 	/System/Library/PrivateFrameworks/EFILogin.framework/Versions/A/EFILogin
0x00007ff82117f000 	/System/Library/PrivateFrameworks/OctagonTrust.framework/Versions/A/OctagonTrust
0x00007ffb118ff000 	/System/Library/PrivateFrameworks/CoreUtilsExtras.framework/Versions/A/CoreUtilsExtras
0x00007ff820955000 	/System/Library/Frameworks/CoreBluetooth.framework/Versions/A/CoreBluetooth
0x00007ff8238b2000 	/System/Library/Frameworks/AudioUnit.framework/Versions/A/AudioUnit
0x00007ff81a501000 	/usr/lib/libMatch.1.dylib
0x00007ff91872f000 	/System/Library/Frameworks/Accelerate.framework/Versions/A/Frameworks/vImage.framework/Versions/A/Libraries/libCGInterfaces.dylib
0x000000011e8f0000 	/usr/lib/libobjc-trampolines.dylib
0x00007ff816141000 	/System/Library/PrivateFrameworks/ViewBridge.framework/Versions/A/ViewBridge
0x00007ff81ac5e000 	/System/Library/PrivateFrameworks/login.framework/Versions/A/login
0x0000000121080000 	/Library/Java/JavaVirtualMachines/jdk1.8.0_261.jdk/Contents/Home/jre/lib/libjavafx_font.dylib
0x00007ffb241c9000 	/usr/lib/libRosetta.dylib
0x00000001216d9000 	/Library/Java/JavaVirtualMachines/jdk1.8.0_261.jdk/Contents/Home/jre/lib/libjavafx_iio.dylib
0x0000000121b75000 	/System/Library/Frameworks/FileProvider.framework/OverrideBundles/CloudDocsFileProvider.bundle/Contents/MacOS/CloudDocsFileProvider
0x00007ff816642000 	/System/Library/PrivateFrameworks/CloudDocs.framework/Versions/A/CloudDocs
0x00007ff82355a000 	/System/Library/PrivateFrameworks/AppleAccount.framework/Versions/A/AppleAccount
0x00007ff81db12000 	/System/Library/PrivateFrameworks/AppContainer.framework/Versions/A/AppContainer
0x00007ff81d5d6000 	/System/Library/PrivateFrameworks/IDS.framework/Versions/A/IDS
0x00007ff8236af000 	/System/Library/PrivateFrameworks/AppleIDSSOAuthentication.framework/Versions/A/AppleIDSSOAuthentication
0x00007ff81641d000 	/System/Library/PrivateFrameworks/ApplePushService.framework/Versions/A/ApplePushService
0x00007ff8232bc000 	/System/Library/PrivateFrameworks/AppSupport.framework/Versions/A/AppSupport
0x00007ff81c414000 	/System/Library/PrivateFrameworks/IMFoundation.framework/Versions/A/IMFoundation
0x00007ff90f59b000 	/System/Library/PrivateFrameworks/Marco.framework/Versions/A/Marco
0x00007ff81d749000 	/System/Library/PrivateFrameworks/IDSFoundation.framework/Versions/A/IDSFoundation
0x00007ff8151ae000 	/System/Library/PrivateFrameworks/CommonUtilities.framework/Versions/A/CommonUtilities
0x00007ff913f7c000 	/System/Library/PrivateFrameworks/FTServices.framework/Versions/A/FTServices
0x00007ff827085000 	/System/Library/PrivateFrameworks/Engram.framework/Versions/A/Engram
0x00007ff82702c000 	/usr/lib/libtidy.A.dylib
0x00007ff81ae10000 	/System/Library/PrivateFrameworks/Bom.framework/Versions/A/Bom
0x00007ff81a3cb000 	/System/Library/PrivateFrameworks/CrashReporterSupport.framework/Versions/A/CrashReporterSupport
0x00007ff91df0e000 	/System/Library/PrivateFrameworks/FTAWD.framework/Versions/A/FTAWD
0x00007ff91fff4000 	/System/Library/PrivateFrameworks/OSAnalytics.framework/Versions/A/OSAnalytics
0x00007ff92b0aa000 	/System/Library/PrivateFrameworks/Symbolication.framework/Versions/A/Symbolication
0x00007ff914339000 	/System/Library/PrivateFrameworks/MallocStackLogging.framework/Versions/A/MallocStackLogging
0x00007ff81fecb000 	/System/Library/PrivateFrameworks/CoreDaemon.framework/Versions/B/CoreDaemon
0x00007ff81fec6000 	/System/Library/PrivateFrameworks/AppleSRP.framework/Versions/A/AppleSRP
0x00007ff818fd7000 	/System/Library/Frameworks/ServiceManagement.framework/Versions/A/ServiceManagement
0x00007ff81db27000 	/System/Library/PrivateFrameworks/SecCodeWrapper.framework/Versions/A/SecCodeWrapper
0x0000000121b53000 	/System/Library/Frameworks/FileProvider.framework/OverrideBundles/FileProviderOverride.bundle/Contents/MacOS/FileProviderOverride
0x0000000121c08000 	/System/Library/Frameworks/FileProvider.framework/OverrideBundles/FinderSyncCollaborationFileProviderOverride.bundle/Contents/MacOS/FinderSyncCollaborationFileProviderOverride
0x00007ff9247e3000 	/System/Library/PrivateFrameworks/FinderSyncPriv.framework/Versions/A/FinderSyncPriv
0x00007ff912356000 	/usr/lib/libFosl_dynamic.dylib
0x00007ff918005000 	/usr/lib/libncurses.5.4.dylib
0x00007ff81646d000 	/System/Library/Frameworks/CloudKit.framework/Versions/A/CloudKit
0x00007ff82395f000 	/System/Library/PrivateFrameworks/C2.framework/Versions/A/C2
0x00007ff8173e3000 	/System/Library/Frameworks/CoreLocation.framework/Versions/A/CoreLocation
0x00007ff823957000 	/System/Library/Frameworks/PushKit.framework/Versions/A/PushKit
0x00007ff821d1c000 	/System/Library/PrivateFrameworks/CoreTime.framework/Versions/A/CoreTime
0x00007ff825440000 	/System/Library/PrivateFrameworks/RTCReporting.framework/Versions/A/RTCReporting
0x00007ff81ddf0000 	/System/Library/PrivateFrameworks/GeoServices.framework/Versions/A/GeoServices
0x00007ff81c487000 	/System/Library/PrivateFrameworks/LocationSupport.framework/Versions/A/LocationSupport
0x00007ffb12daf000 	/System/Library/PrivateFrameworks/GeoServicesCore.framework/Versions/A/GeoServicesCore
0x00007ff90fd94000 	/System/Library/PrivateFrameworks/PhoneNumbers.framework/Versions/A/PhoneNumbers
0x00007ff8231c1000 	/System/Library/PrivateFrameworks/RemoteServiceDiscovery.framework/Versions/A/RemoteServiceDiscovery
0x00007ffa18c25000 	/System/Library/Extensions/AppleIntelKBLGraphicsMTLDriver.bundle/Contents/MacOS/AppleIntelKBLGraphicsMTLDriver
0x00007ff914377000 	/System/Library/PrivateFrameworks/GPURawCounter.framework/Versions/A/GPURawCounter
0x00007ffa2d7e7000 	/System/Library/PrivateFrameworks/AccessibilityBundles.framework/Versions/A/AccessibilityBundles
0x000000012502f000 	/Library/Java/JavaVirtualMachines/jdk1.8.0_261.jdk/Contents/Home/jre/lib/libprism_common.dylib
0x0000000127d0f000 	/Library/Java/JavaVirtualMachines/jdk1.8.0_261.jdk/Contents/Home/jre/lib/libnio.dylib
0x0000000127d3a000 	/Library/Java/JavaVirtualMachines/jdk1.8.0_261.jdk/Contents/Home/jre/lib/libmanagement.dylib
0x0000000127d8f000 	/Library/Java/JavaVirtualMachines/jdk1.8.0_261.jdk/Contents/Home/jre/lib/libsunec.dylib

VM Arguments:
jvm_args: -javaagent:/Users/yairrobledo/Library/Application Support/JetBrains/Toolbox/apps/IDEA-U/ch-0/212.5457.46/IntelliJ IDEA.app/Contents/lib/idea_rt.jar=52140:/Users/yairrobledo/Library/Application Support/JetBrains/Toolbox/apps/IDEA-U/ch-0/212.5457.46/IntelliJ IDEA.app/Contents/bin -Dfile.encoding=UTF-8 
java_command: javafx.stages.MainStage
java_class_path (initial): /Library/Java/JavaVirtualMachines/jdk1.8.0_261.jdk/Contents/Home/jre/lib/charsets.jar:/Library/Java/JavaVirtualMachines/jdk1.8.0_261.jdk/Contents/Home/jre/lib/deploy.jar:/Library/Java/JavaVirtualMachines/jdk1.8.0_261.jdk/Contents/Home/jre/lib/ext/cldrdata.jar:/Library/Java/JavaVirtualMachines/jdk1.8.0_261.jdk/Contents/Home/jre/lib/ext/dnsns.jar:/Library/Java/JavaVirtualMachines/jdk1.8.0_261.jdk/Contents/Home/jre/lib/ext/jaccess.jar:/Library/Java/JavaVirtualMachines/jdk1.8.0_261.jdk/Contents/Home/jre/lib/ext/jfxrt.jar:/Library/Java/JavaVirtualMachines/jdk1.8.0_261.jdk/Contents/Home/jre/lib/ext/localedata.jar:/Library/Java/JavaVirtualMachines/jdk1.8.0_261.jdk/Contents/Home/jre/lib/ext/nashorn.jar:/Library/Java/JavaVirtualMachines/jdk1.8.0_261.jdk/Contents/Home/jre/lib/ext/sunec.jar:/Library/Java/JavaVirtualMachines/jdk1.8.0_261.jdk/Contents/Home/jre/lib/ext/sunjce_provider.jar:/Library/Java/JavaVirtualMachines/jdk1.8.0_261.jdk/Contents/Home/jre/lib/ext/sunpkcs11.jar:/Library/Java/JavaVirtualMachines/jdk1.8.0_261.jdk/Contents/Home/jre/lib/ext/zipfs.jar:/Library/Java/JavaVirtualMachines/jdk1.8.0_261.jdk/Contents/Home/jre/lib/javaws.jar:/Library/Java/JavaVirtualMachines/jdk1.8.0_261.jdk/Contents/Home/jre/lib/jce.jar:/Library/Java/JavaVirtualMachines/jdk1.8.0_261.jdk/Contents/Home/jre/lib/jfr.jar:/Library/Java/JavaVirtualMachines/jdk1.8.0_261.jdk/Contents/Home/jre/lib/jfxswt.jar:/Library/Java/JavaVirtualMachines/jdk1.8.0_261.jdk/Contents/Home/jre/lib/jsse.jar:/Library/Java/JavaVirtualMachines/jdk1.8.0_261.jdk/Contents/Home/jre/lib/management-agent.jar:/Library/Java/JavaVirtualMachines/jdk1.8.0_261.jdk/Contents/Home/jre/lib/plugin.jar:/Library/Java/JavaVirtualMachines/jdk1.8.0_261.jdk/Contents/Home/jre/lib/resources.jar:/Library/Java/JavaVirtualMachines/jdk1.8.0_261.jdk/Contents/Home/jre/lib/rt.jar:/Library/Java/JavaVirtualMachines/jdk1.8.0_261.jdk/Contents/Home/lib/ant-javafx.jar:/Library/Java/JavaVirtualMachines/jdk1.8.0_261.jdk/Contents/Home
Launcher Type: SUN_STANDARD

Environment Variables:
PATH=/Library/Frameworks/Python.framework/Versions/3.8/bin:/usr/local/bin:/usr/bin:/bin:/usr/sbin:/sbin:/opt/X11/bin:/Library/Apple/usr/bin:/Library/Frameworks/Mono.framework/Versions/Current/Commands
SHELL=/bin/zsh

Signal Handlers:
SIGSEGV: [libjvm.dylib+0x5a009b], sa_mask[0]=11111111011111110111111111111111, sa_flags=SA_ONSTACK|SA_RESTART|SA_SIGINFO
SIGBUS: [libjvm.dylib+0x5a009b], sa_mask[0]=11111111011111110111111111111111, sa_flags=SA_RESTART|SA_SIGINFO
SIGFPE: [libjvm.dylib+0x490c6d], sa_mask[0]=11111111011111110111111111111111, sa_flags=SA_RESTART|SA_SIGINFO
SIGPIPE: [libjvm.dylib+0x490c6d], sa_mask[0]=11111111011111110111111111111111, sa_flags=SA_RESTART|SA_SIGINFO
SIGXFSZ: [libjvm.dylib+0x490c6d], sa_mask[0]=11111111011111110111111111111111, sa_flags=SA_RESTART|SA_SIGINFO
SIGILL: [libjvm.dylib+0x490c6d], sa_mask[0]=11111111011111110111111111111111, sa_flags=SA_RESTART|SA_SIGINFO
SIGUSR1: SIG_DFL, sa_mask[0]=00000000000000000000000000000000, sa_flags=none
SIGUSR2: [libjvm.dylib+0x491566], sa_mask[0]=00100000000000000000000000000000, sa_flags=SA_RESTART|SA_SIGINFO
SIGHUP: [libjvm.dylib+0x48f775], sa_mask[0]=11111111011111110111111111111111, sa_flags=SA_RESTART|SA_SIGINFO
SIGINT: [libjvm.dylib+0x48f775], sa_mask[0]=11111111011111110111111111111111, sa_flags=SA_RESTART|SA_SIGINFO
SIGTERM: [libjvm.dylib+0x48f775], sa_mask[0]=11111111011111110111111111111111, sa_flags=SA_RESTART|SA_SIGINFO
SIGQUIT: [libjvm.dylib+0x48f775], sa_mask[0]=11111111011111110111111111111111, sa_flags=SA_RESTART|SA_SIGINFO


---------------  S Y S T E M  ---------------

OS:Bsduname:Darwin 21.1.0 Darwin Kernel Version 21.1.0: Wed Oct 13 17:33:23 PDT 2021; root:xnu-8019.41.5~1/RELEASE_X86_64 x86_64
rlimit: STACK 8192k, CORE 0k, NPROC 2784, NOFILE 12544, AS infinity
load average:2.55 2.26 2.13

CPU:total 8 (initial active 8) (4 cores per cpu, 2 threads per core) family 6 model 142 stepping 10, cmov, cx8, fxsr, mmx, sse, sse2, sse3, ssse3, sse4.1, sse4.2, popcnt, avx, avx2, aes, clmul, erms, 3dnowpref, lzcnt, ht, tsc, tscinvbit, bmi1, bmi2, adx

Memory: 4k page, physical 16777216k(1242148k free)

/proc/meminfo:


vm_info: Java HotSpot(TM) 64-Bit Server VM (25.261-b12) for bsd-amd64 JRE (1.8.0_261-b12), built on Jun 18 2020 06:38:55 by "java_re" with gcc 4.2.1 Compatible Apple LLVM 10.0.0 (clang-1000.11.45.5)

time: Tue Dec 14 11:09:50 2021
timezone: CST
elapsed time: 2450 seconds (0d 0h 40m 50s)

