#
# A fatal error has been detected by the Java Runtime Environment:
#
#  Internal Error (safepoint.cpp:712), pid=2092, tid=0x000000000000640f
#  fatal error: Illegal threadstate encountered: 4
#
# JRE version: Java(TM) SE Runtime Environment (8.0_261-b12) (build 1.8.0_261-b12)
# Java VM: Java HotSpot(TM) 64-Bit Server VM (25.261-b12 mixed mode bsd-amd64 compressed oops)
# Failed to write core dump. Core dumps have been disabled. To enable core dumping, try "ulimit -c unlimited" before starting Java again
#
# If you would like to submit a bug report, please visit:
#   http://bugreport.java.com/bugreport/crash.jsp
# The crash happened outside the Java Virtual Machine in native code.
# See problematic frame for where to report the bug.
#

---------------  T H R E A D  ---------------

Current thread (0x00007fe31f0ff800):  JavaThread "Thread-1" daemon [_thread_in_native, id=25615, stack(0x000070000a136000,0x000070000a236000)]

Stack: [0x000070000a136000,0x000070000a236000],  sp=0x000070000a234f10,  free space=1019k
Native frames: (J=compiled Java code, j=interpreted, Vv=VM code, C=native code)
V  [libjvm.dylib+0x59f597]
V  [libjvm.dylib+0x1d728b]
V  [libjvm.dylib+0x4e9823]
V  [libjvm.dylib+0x564ce9]
V  [libjvm.dylib+0x2fbd10]
C  [libglass.dylib+0x5455]  -[GlassRunnable dealloc]+0x35
C  [Foundation+0x8210b]  -[_NSThreadPerformInfo dealloc]+0x2a
C  [Foundation+0x4edc7]  -[NSObject(NSThreadPerformAdditions) performSelectorOnMainThread:withObject:waitUntilDone:]+0x7c
J 4492  com.sun.glass.ui.mac.MacApplication._submitForLaterInvocation(Ljava/lang/Runnable;)V (0 bytes) @ 0x0000000112b6cb3c [0x0000000112b6ca80+0xbc]
J 4491 C1 com.sun.glass.ui.mac.MacApplication.submitForLaterInvocation(Ljava/lang/Runnable;)V (6 bytes) @ 0x0000000112b6c0fc [0x0000000112b6c080+0x7c]
j  com.sun.glass.ui.InvokeLaterDispatcher.run()V+82
v  ~StubRoutines::call_stub
V  [libjvm.dylib+0x2d42cd]
V  [libjvm.dylib+0x2d2f98]
V  [libjvm.dylib+0x2d31b3]
V  [libjvm.dylib+0x3416cd]
V  [libjvm.dylib+0x5636ee]
V  [libjvm.dylib+0x5635b3]
V  [libjvm.dylib+0x48e895]
C  [libsystem_pthread.dylib+0x6514]  _pthread_start+0x7d
C  [libsystem_pthread.dylib+0x202f]  thread_start+0xf
C  0x0000000000000000

Java frames: (J=compiled Java code, j=interpreted, Vv=VM code)
J 4492  com.sun.glass.ui.mac.MacApplication._submitForLaterInvocation(Ljava/lang/Runnable;)V (0 bytes) @ 0x0000000112b6cacc [0x0000000112b6ca80+0x4c]
J 4491 C1 com.sun.glass.ui.mac.MacApplication.submitForLaterInvocation(Ljava/lang/Runnable;)V (6 bytes) @ 0x0000000112b6c0fc [0x0000000112b6c080+0x7c]
j  com.sun.glass.ui.InvokeLaterDispatcher.run()V+82
v  ~StubRoutines::call_stub

---------------  P R O C E S S  ---------------

Java Threads: ( => current thread )
  0x00007fe32a822000 JavaThread "AsyncHttpClient-1-4" daemon [_thread_in_native, id=64783, stack(0x000070000b420000,0x000070000b520000)]
  0x00007fe32a810800 JavaThread "AsyncHttpClient-1-3" daemon [_thread_in_native, id=59223, stack(0x000070000b31d000,0x000070000b41d000)]
  0x00007fe31ddba800 JavaThread "AsyncHttpClient-1-2" daemon [_thread_in_native, id=64307, stack(0x000070000b21a000,0x000070000b31a000)]
  0x00007fe31f69d000 JavaThread "Exec Stream Pumper" daemon [_thread_in_native, id=67587, stack(0x000070000b014000,0x000070000b114000)]
  0x00007fe31fab3000 JavaThread "Exec Stream Pumper" daemon [_thread_in_native, id=63491, stack(0x000070000af11000,0x000070000b011000)]
  0x00007fe31e53b800 JavaThread "process reaper" daemon [_thread_in_native, id=62987, stack(0x000070000aee6000,0x000070000af0e000)]
  0x00007fe31db2b800 JavaThread "UrlChecker-2" daemon [_thread_blocked, id=62467, stack(0x000070000ade3000,0x000070000aee3000)]
  0x00007fe31f45a800 JavaThread "Driver Service Executor" daemon [_thread_blocked, id=68099, stack(0x000070000ace0000,0x000070000ade0000)]
  0x00007fe3230c0000 JavaThread "Driver Service Executor" daemon [_thread_blocked, id=62211, stack(0x000070000abdd000,0x000070000acdd000)]
  0x00007fe31f9ff000 JavaThread "Exec Default Executor" daemon [_thread_blocked, id=1807, stack(0x000070000aada000,0x000070000abda000)]
  0x00007fe31fcd7000 JavaThread "AsyncHttpClient-1-1" daemon [_thread_blocked, id=60983, stack(0x000070000a9d7000,0x000070000aad7000)]
  0x00007fe31e72c000 JavaThread "ForkJoinPool.commonPool-worker-1" daemon [_thread_blocked, id=69055, stack(0x000070000a8d4000,0x000070000a9d4000)]
  0x00007fe31e4dd800 JavaThread "Forwarding isElementDisplayed on session 2d623dadcfb3b16f30cb04708642c599 to remote" daemon [_thread_in_vm, id=59695, stack(0x000070000a7d1000,0x000070000a8d1000)]
  0x00007fe31e714000 JavaThread "PulseTimer-CVDisplayLink thread" daemon [_thread_in_native, id=78343, stack(0x000070000a239000,0x000070000a2b9000)]
  0x00007fe31f256000 JavaThread "Prism Font Disposer" daemon [_thread_blocked, id=76039, stack(0x000070000a64b000,0x000070000a74b000)]
  0x00007fe320127800 JavaThread "Attach Listener" daemon [_thread_blocked, id=87051, stack(0x000070000a548000,0x000070000a648000)]
  0x00007fe3238f5000 JavaThread "JavaFX-Launcher" [_thread_blocked, id=83719, stack(0x000070000a3c2000,0x000070000a4c2000)]
  0x00007fe31f100000 JavaThread "JavaFX Application Thread" [_thread_in_native_trans, id=259, stack(0x00007ff7ba470000,0x00007ff7bac70000)]
=>0x00007fe31f0ff800 JavaThread "Thread-1" daemon [_thread_in_native, id=25615, stack(0x000070000a136000,0x000070000a236000)]
  0x00007fe31f0ed000 JavaThread "QuantumRenderer-0" daemon [_thread_blocked, id=21763, stack(0x000070000a033000,0x000070000a133000)]
  0x00007fe32007e000 JavaThread "Service Thread" daemon [_thread_blocked, id=16643, stack(0x0000700009e2d000,0x0000700009f2d000)]
  0x00007fe31e17a000 JavaThread "C1 CompilerThread3" daemon [_thread_blocked, id=17155, stack(0x0000700009d2a000,0x0000700009e2a000)]
  0x00007fe31e179000 JavaThread "C2 CompilerThread2" daemon [_thread_blocked, id=15619, stack(0x0000700009c27000,0x0000700009d27000)]
  0x00007fe31e178800 JavaThread "C2 CompilerThread1" daemon [_thread_in_vm, id=17923, stack(0x0000700009b24000,0x0000700009c24000)]
  0x00007fe31e177800 JavaThread "C2 CompilerThread0" daemon [_thread_blocked, id=15363, stack(0x0000700009a21000,0x0000700009b21000)]
  0x00007fe31e175000 JavaThread "Monitor Ctrl-Break" daemon [_thread_in_native, id=14851, stack(0x000070000991e000,0x0000700009a1e000)]
  0x00007fe31f80d000 JavaThread "Signal Dispatcher" daemon [_thread_blocked, id=18435, stack(0x000070000981b000,0x000070000991b000)]
  0x00007fe31d815800 JavaThread "Finalizer" daemon [_thread_blocked, id=20227, stack(0x0000700009612000,0x0000700009712000)]
  0x00007fe32000b000 JavaThread "Reference Handler" daemon [_thread_in_vm, id=12803, stack(0x000070000950f000,0x000070000960f000)]
  0x00007fe31e015000 JavaThread "main" [_thread_blocked, id=3075, stack(0x0000700008af1000,0x0000700008bf1000)]

Other Threads:
  0x00007fe31e024000 VMThread [stack: 0x000070000940c000,0x000070000950c000] [id=12547]
  0x00007fe3208a0800 WatcherThread [stack: 0x0000700009f30000,0x000070000a030000] [id=16131]

VM state:synchronizing (normal execution)

VM Mutex/Monitor currently owned by a thread:  ([mutex/lock_event])
[0x00006000017da500] Safepoint_lock - owner thread: 0x00007fe31e024000
[0x00006000017da580] Threads_lock - owner thread: 0x00007fe31e024000

heap address: 0x00000006c0000000, size: 4096 MB, Compressed Oops mode: Zero based, Oop shift amount: 3
Narrow klass base: 0x0000000000000000, Narrow klass shift: 3
Compressed class space size: 1073741824 Address: 0x00000007c0000000

Heap:
 PSYoungGen      total 162304K, used 11097K [0x000000076ab00000, 0x0000000775b80000, 0x00000007c0000000)
  eden space 147456K, 2% used [0x000000076ab00000,0x000000076ae272f8,0x0000000773b00000)
  from space 14848K, 52% used [0x0000000774980000,0x000000077512f380,0x0000000775800000)
  to   space 14848K, 0% used [0x0000000773b00000,0x0000000773b00000,0x0000000774980000)
 ParOldGen       total 147968K, used 34283K [0x00000006c0000000, 0x00000006c9080000, 0x000000076ab00000)
  object space 147968K, 23% used [0x00000006c0000000,0x00000006c217ac38,0x00000006c9080000)
 Metaspace       used 41223K, capacity 43552K, committed 43648K, reserved 1087488K
  class space    used 5775K, capacity 6233K, committed 6272K, reserved 1048576K

Card table byte_map: [0x000000010587b000,0x000000010607c000] byte_map_base: 0x000000010227b000

Marking Bits: (ParMarkBitMap*) 0x00000001068bf748
 Begin Bits: [0x00000001074f9000, 0x000000010b4f9000)
 End Bits:   [0x000000010b4f9000, 0x000000010f4f9000)

Polling page: 0x00000001053cd000

CodeCache: size=245760Kb used=16613Kb max_used=16652Kb free=229146Kb
 bounds [0x0000000111c69000, 0x0000000112cc9000, 0x0000000120c69000]
 total_blobs=5926 nmethods=5076 adapters=762
 compilation: enabled

Compilation events (10 events):
Event: 20.665 Thread 0x00007fe31e17a000 nmethod 5851 0x0000000112cbcf10 code [0x0000000112cbd0a0, 0x0000000112cbd448]
Event: 20.665 Thread 0x00007fe31e17a000 5852       3       java.util.stream.ReduceOps$Box::<init> (5 bytes)
Event: 20.665 Thread 0x00007fe31e17a000 nmethod 5852 0x00000001124114d0 code [0x0000000112411640, 0x00000001124117f0]
Event: 20.665 Thread 0x00007fe31e17a000 5854       1       io.netty.channel.AbstractChannel::unsafe (5 bytes)
Event: 20.665 Thread 0x00007fe31e17a000 nmethod 5854 0x00000001124e5f90 code [0x00000001124e60e0, 0x00000001124e61f0]
Event: 20.672 Thread 0x00007fe31e17a000 5855       3       io.netty.util.Recycler$DefaultHandle::recycle (54 bytes)
Event: 20.672 Thread 0x00007fe31e17a000 nmethod 5855 0x00000001125eaf10 code [0x00000001125eb0e0, 0x00000001125eb6b8]
Event: 20.672 Thread 0x00007fe31e17a000 5857       3       org.openqa.selenium.json.JsonTypeCoercer::coerce (43 bytes)
Event: 20.691 Thread 0x00007fe31e178800 5858   !   4       java.lang.ref.Reference::tryHandlePending (115 bytes)
Event: 20.692 Thread 0x00007fe31e179000 5859       4       java.lang.ref.ReferenceQueue::remove (6 bytes)

GC Heap History (10 events):
Event: 11.795 GC heap before
{Heap before GC invocations=4 (full 1):
 PSYoungGen      total 76288K, used 65536K [0x000000076ab00000, 0x0000000770000000, 0x00000007c0000000)
  eden space 65536K, 100% used [0x000000076ab00000,0x000000076eb00000,0x000000076eb00000)
  from space 10752K, 0% used [0x000000076f580000,0x000000076f580000,0x0000000770000000)
  to   space 10752K, 0% used [0x000000076eb00000,0x000000076eb00000,0x000000076f580000)
 ParOldGen       total 115712K, used 8816K [0x00000006c0000000, 0x00000006c7100000, 0x000000076ab00000)
  object space 115712K, 7% used [0x00000006c0000000,0x00000006c089c0e8,0x00000006c7100000)
 Metaspace       used 25727K, capacity 27374K, committed 27520K, reserved 1073152K
  class space    used 3616K, capacity 3956K, committed 3968K, reserved 1048576K
Event: 11.799 GC heap after
Heap after GC invocations=4 (full 1):
 PSYoungGen      total 76288K, used 8041K [0x000000076ab00000, 0x0000000771300000, 0x00000007c0000000)
  eden space 65536K, 0% used [0x000000076ab00000,0x000000076ab00000,0x000000076eb00000)
  from space 10752K, 74% used [0x000000076eb00000,0x000000076f2da678,0x000000076f580000)
  to   space 10752K, 0% used [0x0000000770880000,0x0000000770880000,0x0000000771300000)
 ParOldGen       total 115712K, used 8824K [0x00000006c0000000, 0x00000006c7100000, 0x000000076ab00000)
  object space 115712K, 7% used [0x00000006c0000000,0x00000006c089e0e8,0x00000006c7100000)
 Metaspace       used 25727K, capacity 27374K, committed 27520K, reserved 1073152K
  class space    used 3616K, capacity 3956K, committed 3968K, reserved 1048576K
}
Event: 12.690 GC heap before
{Heap before GC invocations=5 (full 1):
 PSYoungGen      total 76288K, used 73577K [0x000000076ab00000, 0x0000000771300000, 0x00000007c0000000)
  eden space 65536K, 100% used [0x000000076ab00000,0x000000076eb00000,0x000000076eb00000)
  from space 10752K, 74% used [0x000000076eb00000,0x000000076f2da678,0x000000076f580000)
  to   space 10752K, 0% used [0x0000000770880000,0x0000000770880000,0x0000000771300000)
 ParOldGen       total 115712K, used 8824K [0x00000006c0000000, 0x00000006c7100000, 0x000000076ab00000)
  object space 115712K, 7% used [0x00000006c0000000,0x00000006c089e0e8,0x00000006c7100000)
 Metaspace       used 32758K, capacity 34500K, committed 34688K, reserved 1079296K
  class space    used 4556K, capacity 4899K, committed 4992K, reserved 1048576K
Event: 12.702 GC heap after
Heap after GC invocations=5 (full 1):
 PSYoungGen      total 95744K, used 10732K [0x000000076ab00000, 0x0000000771600000, 0x00000007c0000000)
  eden space 84992K, 0% used [0x000000076ab00000,0x000000076ab00000,0x000000076fe00000)
  from space 10752K, 99% used [0x0000000770880000,0x00000007712fb2a8,0x0000000771300000)
  to   space 10752K, 0% used [0x000000076fe00000,0x000000076fe00000,0x0000000770880000)
 ParOldGen       total 115712K, used 13343K [0x00000006c0000000, 0x00000006c7100000, 0x000000076ab00000)
  object space 115712K, 11% used [0x00000006c0000000,0x00000006c0d07dc0,0x00000006c7100000)
 Metaspace       used 32758K, capacity 34500K, committed 34688K, reserved 1079296K
  class space    used 4556K, capacity 4899K, committed 4992K, reserved 1048576K
}
Event: 12.740 GC heap before
{Heap before GC invocations=6 (full 1):
 PSYoungGen      total 95744K, used 15275K [0x000000076ab00000, 0x0000000771600000, 0x00000007c0000000)
  eden space 84992K, 5% used [0x000000076ab00000,0x000000076af6fcb0,0x000000076fe00000)
  from space 10752K, 99% used [0x0000000770880000,0x00000007712fb2a8,0x0000000771300000)
  to   space 10752K, 0% used [0x000000076fe00000,0x000000076fe00000,0x0000000770880000)
 ParOldGen       total 115712K, used 13343K [0x00000006c0000000, 0x00000006c7100000, 0x000000076ab00000)
  object space 115712K, 11% used [0x00000006c0000000,0x00000006c0d07dc0,0x00000006c7100000)
 Metaspace       used 33629K, capacity 35332K, committed 35496K, reserved 1079296K
  class space    used 4657K, capacity 5027K, committed 5120K, reserved 1048576K
Event: 12.747 GC heap after
Heap after GC invocations=6 (full 1):
 PSYoungGen      total 95744K, used 10729K [0x000000076ab00000, 0x0000000775800000, 0x00000007c0000000)
  eden space 84992K, 0% used [0x000000076ab00000,0x000000076ab00000,0x000000076fe00000)
  from space 10752K, 99% used [0x000000076fe00000,0x000000077087a7c8,0x0000000770880000)
  to   space 14848K, 0% used [0x0000000774980000,0x0000000774980000,0x0000000775800000)
 ParOldGen       total 115712K, used 13536K [0x00000006c0000000, 0x00000006c7100000, 0x000000076ab00000)
  object space 115712K, 11% used [0x00000006c0000000,0x00000006c0d383d8,0x00000006c7100000)
 Metaspace       used 33629K, capacity 35332K, committed 35496K, reserved 1079296K
  class space    used 4657K, capacity 5027K, committed 5120K, reserved 1048576K
}
Event: 12.747 GC heap before
{Heap before GC invocations=7 (full 2):
 PSYoungGen      total 95744K, used 10729K [0x000000076ab00000, 0x0000000775800000, 0x00000007c0000000)
  eden space 84992K, 0% used [0x000000076ab00000,0x000000076ab00000,0x000000076fe00000)
  from space 10752K, 99% used [0x000000076fe00000,0x000000077087a7c8,0x0000000770880000)
  to   space 14848K, 0% used [0x0000000774980000,0x0000000774980000,0x0000000775800000)
 ParOldGen       total 115712K, used 13536K [0x00000006c0000000, 0x00000006c7100000, 0x000000076ab00000)
  object space 115712K, 11% used [0x00000006c0000000,0x00000006c0d383d8,0x00000006c7100000)
 Metaspace       used 33629K, capacity 35332K, committed 35496K, reserved 1079296K
  class space    used 4657K, capacity 5027K, committed 5120K, reserved 1048576K
Event: 12.783 GC heap after
Heap after GC invocations=7 (full 2):
 PSYoungGen      total 95744K, used 0K [0x000000076ab00000, 0x0000000775800000, 0x00000007c0000000)
  eden space 84992K, 0% used [0x000000076ab00000,0x000000076ab00000,0x000000076fe00000)
  from space 10752K, 0% used [0x000000076fe00000,0x000000076fe00000,0x0000000770880000)
  to   space 14848K, 0% used [0x0000000774980000,0x0000000774980000,0x0000000775800000)
 ParOldGen       total 147968K, used 17891K [0x00000006c0000000, 0x00000006c9080000, 0x000000076ab00000)
  object space 147968K, 12% used [0x00000006c0000000,0x00000006c1178c28,0x00000006c9080000)
 Metaspace       used 33629K, capacity 35332K, committed 35496K, reserved 1079296K
  class space    used 4657K, capacity 5027K, committed 5120K, reserved 1048576K
}
Event: 20.673 GC heap before
{Heap before GC invocations=8 (full 2):
 PSYoungGen      total 95744K, used 84990K [0x000000076ab00000, 0x0000000775800000, 0x00000007c0000000)
  eden space 84992K, 99% used [0x000000076ab00000,0x000000076fdffa90,0x000000076fe00000)
  from space 10752K, 0% used [0x000000076fe00000,0x000000076fe00000,0x0000000770880000)
  to   space 14848K, 0% used [0x0000000774980000,0x0000000774980000,0x0000000775800000)
 ParOldGen       total 147968K, used 17891K [0x00000006c0000000, 0x00000006c9080000, 0x000000076ab00000)
  object space 147968K, 12% used [0x00000006c0000000,0x00000006c1178c28,0x00000006c9080000)
 Metaspace       used 41223K, capacity 43552K, committed 43648K, reserved 1087488K
  class space    used 5775K, capacity 6233K, committed 6272K, reserved 1048576K
Event: 20.691 GC heap after
Heap after GC invocations=8 (full 2):
 PSYoungGen      total 162304K, used 7868K [0x000000076ab00000, 0x0000000775b80000, 0x00000007c0000000)
  eden space 147456K, 0% used [0x000000076ab00000,0x000000076ab00000,0x0000000773b00000)
  from space 14848K, 52% used [0x0000000774980000,0x000000077512f380,0x0000000775800000)
  to   space 14848K, 0% used [0x0000000773b00000,0x0000000773b00000,0x0000000774980000)
 ParOldGen       total 147968K, used 34283K [0x00000006c0000000, 0x00000006c9080000, 0x000000076ab00000)
  object space 147968K, 23% used [0x00000006c0000000,0x00000006c217ac38,0x00000006c9080000)
 Metaspace       used 41223K, capacity 43552K, committed 43648K, reserved 1087488K
  class space    used 5775K, capacity 6233K, committed 6272K, reserved 1048576K
}

Deoptimization events (10 events):
Event: 12.912 Thread 0x00007fe31e4dd800 Uncommon trap: reason=class_check action=maybe_recompile pc=0x0000000111e71b54 method=java.util.regex.Matcher.search(I)Z @ 86
Event: 12.912 Thread 0x00007fe31e4dd800 Uncommon trap: reason=class_check action=maybe_recompile pc=0x0000000111e71b54 method=java.util.regex.Matcher.search(I)Z @ 86
Event: 12.940 Thread 0x00007fe3230c0000 Uncommon trap: reason=bimorphic action=maybe_recompile pc=0x0000000112b520f4 method=java.net.URL.<init>(Ljava/net/URL;Ljava/lang/String;Ljava/net/URLStreamHandler;)V @ 504
Event: 13.148 Thread 0x00007fe31e4dd800 Uncommon trap: reason=unstable_if action=reinterpret pc=0x00000001122b3be4 method=jdk.internal.org.objectweb.asm.Type.getArgumentsAndReturnSizes(Ljava/lang/String;)I @ 41
Event: 13.190 Thread 0x00007fe31e4dd800 Uncommon trap: reason=unstable_if action=reinterpret pc=0x0000000112044258 method=java.lang.ref.SoftReference.get()Ljava/lang/Object; @ 17
Event: 13.222 Thread 0x00007fe31e4dd800 Uncommon trap: reason=unstable_if action=reinterpret pc=0x0000000112c2997c method=java.util.regex.Pattern$BmpCharProperty.match(Ljava/util/regex/Matcher;ILjava/lang/CharSequence;)Z @ 34
Event: 13.583 Thread 0x00007fe31f100000 Uncommon trap: reason=bimorphic action=maybe_recompile pc=0x0000000112af6900 method=javafx.scene.Node.getLocalBounds(Lcom/sun/javafx/geom/BaseBounds;Lcom/sun/javafx/geom/transform/BaseTransform;)Lcom/sun/javafx/geom/BaseBounds; @ 42
Event: 13.600 Thread 0x00007fe31f100000 Uncommon trap: reason=bimorphic action=maybe_recompile pc=0x0000000112af6900 method=javafx.scene.Node.getLocalBounds(Lcom/sun/javafx/geom/BaseBounds;Lcom/sun/javafx/geom/transform/BaseTransform;)Lcom/sun/javafx/geom/BaseBounds; @ 42
Event: 13.617 Thread 0x00007fe31f100000 Uncommon trap: reason=bimorphic action=maybe_recompile pc=0x0000000112af6900 method=javafx.scene.Node.getLocalBounds(Lcom/sun/javafx/geom/BaseBounds;Lcom/sun/javafx/geom/transform/BaseTransform;)Lcom/sun/javafx/geom/BaseBounds; @ 42
Event: 13.634 Thread 0x00007fe31f100000 Uncommon trap: reason=bimorphic action=maybe_recompile pc=0x0000000112af6900 method=javafx.scene.Node.getLocalBounds(Lcom/sun/javafx/geom/BaseBounds;Lcom/sun/javafx/geom/transform/BaseTransform;)Lcom/sun/javafx/geom/BaseBounds; @ 42

Classes redefined (0 events):
No events

Internal exceptions (10 events):
Event: 12.984 Thread 0x00007fe31db2b800 Exception <a 'java/net/ConnectException'> (0x000000076bddb4d0) thrown at [/jenkins/workspace/8-2-build-macosx-x86_64/jdk8u261/295/hotspot/src/share/vm/prims/jni.cpp, line 710]
Event: 13.024 Thread 0x00007fe31db2b800 Exception <a 'java/net/ConnectException'> (0x000000076bddc9f0) thrown at [/jenkins/workspace/8-2-build-macosx-x86_64/jdk8u261/295/hotspot/src/share/vm/prims/jni.cpp, line 710]
Event: 13.146 Thread 0x00007fe31e4dd800 Exception <a 'java/lang/NoSuchMethodError': java.lang.Object.lambda$andThen$1(Ljava/util/function/Function;Ljava/lang/Object;)Ljava/lang/Object;> (0x000000076bf60f28) thrown at [/jenkins/workspace/8-2-build-macosx-x86_64/jdk8u261/295/hotspot/src/share/vm/
Event: 13.174 Thread 0x00007fe31e4dd800 Exception <a 'java/lang/NoSuchMethodError': java.lang.Object.lambda$chars$0()Ljava/util/Spliterator$OfInt;> (0x000000076c1e74f0) thrown at [/jenkins/workspace/8-2-build-macosx-x86_64/jdk8u261/295/hotspot/src/share/vm/interpreter/linkResolver.cpp, line 620
Event: 13.206 Thread 0x00007fe31e4dd800 Exception <a 'java/lang/NoSuchMethodError': java.lang.Object.lambda$negate$1(Ljava/lang/Object;)Z> (0x000000076c55c888) thrown at [/jenkins/workspace/8-2-build-macosx-x86_64/jdk8u261/295/hotspot/src/share/vm/interpreter/linkResolver.cpp, line 620]
Event: 16.204 Thread 0x00007fe31e4dd800 Exception <a 'java/lang/NoSuchMethodError': java.lang.Object.lambda$getResponseFunction$0(Lorg/openqa/selenium/remote/InitialHandshakeResponse;)Lorg/openqa/selenium/remote/ProtocolHandshake$Result;> (0x000000076ecb1178) thrown at [/jenkins/workspace/8-2-b
Event: 16.424 Thread 0x00007fe31e4dd800 Exception <a 'java/lang/NoSuchMethodError': java.lang.Object.lambda$static$0(Ljava/time/Duration;)V> (0x000000076f4cfc48) thrown at [/jenkins/workspace/8-2-build-macosx-x86_64/jdk8u261/295/hotspot/src/share/vm/interpreter/linkResolver.cpp, line 620]
Event: 19.728 Thread 0x00007fe31e4dd800 Exception <a 'java/io/FileNotFoundException'> (0x000000076f587fc8) thrown at [/jenkins/workspace/8-2-build-macosx-x86_64/jdk8u261/295/hotspot/src/share/vm/prims/jni.cpp, line 710]
Event: 19.729 Thread 0x00007fe31e4dd800 Exception <a 'java/io/FileNotFoundException'> (0x000000076f591258) thrown at [/jenkins/workspace/8-2-build-macosx-x86_64/jdk8u261/295/hotspot/src/share/vm/prims/jni.cpp, line 710]
Event: 19.732 Thread 0x00007fe31e4dd800 Exception <a 'java/lang/NoSuchMethodError': java.lang.Object.FIND_ELEMENT(Ljava/lang/String;Ljava/lang/Object;)Lorg/openqa/selenium/remote/CommandPayload;> (0x000000076f70f7f0) thrown at [/jenkins/workspace/8-2-build-macosx-x86_64/jdk8u261/295/hotspot/src

Events (10 events):
Event: 20.665 Thread 0x00007fe31e17a000 flushing nmethod 0x00000001124322d0
Event: 20.665 Thread 0x00007fe31e17a000 flushing nmethod 0x000000011248ef10
Event: 20.665 Thread 0x00007fe31e17a000 flushing nmethod 0x00000001124dd750
Event: 20.665 Thread 0x00007fe31e17a000 flushing nmethod 0x00000001124e5f90
Event: 20.666 Thread 0x00007fe31e17a000 flushing nmethod 0x00000001125eaf10
Event: 20.666 Thread 0x00007fe31e17a000 flushing nmethod 0x00000001125ebd90
Event: 20.672 Thread 0x00007fe31e17a000 flushing nmethod 0x0000000112731050
Event: 20.673 Executing VM operation: ParallelGCFailedAllocation
Event: 20.691 Executing VM operation: ParallelGCFailedAllocation done
Event: 20.692 Executing VM operation: RevokeBias


Dynamic libraries:
0x00007ff833d13000 	/System/Library/Frameworks/Cocoa.framework/Versions/A/Cocoa
0x00007ff81fb51000 	/System/Library/Frameworks/AppKit.framework/Versions/C/AppKit
0x00007ff82303e000 	/System/Library/Frameworks/CoreData.framework/Versions/A/CoreData
0x00007ff81df6c000 	/System/Library/Frameworks/Foundation.framework/Versions/C/Foundation
0x00007ff827eb3000 	/usr/lib/libSystem.B.dylib
0x00007ff8209de000 	/System/Library/PrivateFrameworks/UIFoundation.framework/Versions/A/UIFoundation
0x00007ff82dceb000 	/System/Library/PrivateFrameworks/RemoteViewServices.framework/Versions/A/RemoteViewServices
0x00007ff82605f000 	/System/Library/PrivateFrameworks/XCTTargetBootstrap.framework/Versions/A/XCTTargetBootstrap
0x00007ff829cc2000 	/System/Library/PrivateFrameworks/InternationalSupport.framework/Versions/A/InternationalSupport
0x00007ff829d4c000 	/System/Library/PrivateFrameworks/UserActivity.framework/Versions/A/UserActivity
0x00007ff8290a2000 	/usr/lib/libspindump.dylib
0x00007ff820c6c000 	/System/Library/Frameworks/UniformTypeIdentifiers.framework/Versions/A/UniformTypeIdentifiers
0x00007ff82479e000 	/usr/lib/libapp_launch_measurement.dylib
0x00007ff823a08000 	/System/Library/PrivateFrameworks/CoreAnalytics.framework/Versions/A/CoreAnalytics
0x00007ff8247a1000 	/System/Library/PrivateFrameworks/CoreAutoLayout.framework/Versions/A/CoreAutoLayout
0x00007ff8259c0000 	/System/Library/Frameworks/Metal.framework/Versions/A/Metal
0x00007ff8266d5000 	/usr/lib/liblangid.dylib
0x00007ff826063000 	/System/Library/PrivateFrameworks/CoreSVG.framework/Versions/A/CoreSVG
0x00007ff82202e000 	/System/Library/PrivateFrameworks/SkyLight.framework/Versions/A/SkyLight
0x00007ff8223bf000 	/System/Library/Frameworks/CoreGraphics.framework/Versions/A/CoreGraphics
0x00007ff82e356000 	/System/Library/Frameworks/Accelerate.framework/Versions/A/Accelerate
0x00007ff828b1d000 	/System/Library/PrivateFrameworks/IconServices.framework/Versions/A/IconServices
0x00007ff8259a5000 	/System/Library/Frameworks/IOSurface.framework/Versions/A/IOSurface
0x00007ff823a36000 	/usr/lib/libDiagnosticMessagesClient.dylib
0x00007ff827dd3000 	/usr/lib/libz.1.dylib
0x00007ff8319b5000 	/System/Library/Frameworks/ApplicationServices.framework/Versions/A/ApplicationServices
0x00007ff82604b000 	/System/Library/PrivateFrameworks/DFRFoundation.framework/Versions/A/DFRFoundation
0x00007ff81f442000 	/usr/lib/libicucore.A.dylib
0x00007ff82a9e4000 	/System/Library/Frameworks/AudioToolbox.framework/Versions/A/AudioToolbox
0x00007ff829cce000 	/System/Library/PrivateFrameworks/DataDetectorsCore.framework/Versions/A/DataDetectorsCore
0x00007ff925514000 	/System/Library/PrivateFrameworks/TextInput.framework/Versions/A/TextInput
0x00007ff821fb1000 	/usr/lib/libMobileGestalt.dylib
0x00007ff825d53000 	/System/Library/Frameworks/Carbon.framework/Versions/A/Frameworks/HIToolbox.framework/Versions/A/HIToolbox
0x00007ff8241cc000 	/System/Library/Frameworks/QuartzCore.framework/Versions/A/QuartzCore
0x00007ff81f0e3000 	/System/Library/Frameworks/Security.framework/Versions/A/Security
0x00007ff82dd23000 	/System/Library/Frameworks/Carbon.framework/Versions/A/Frameworks/SpeechRecognition.framework/Versions/A/SpeechRecognition
0x00007ff8244fe000 	/System/Library/PrivateFrameworks/CoreUI.framework/Versions/A/CoreUI
0x00007ff81e9bd000 	/System/Library/Frameworks/CoreAudio.framework/Versions/A/CoreAudio
0x00007ff823b24000 	/System/Library/Frameworks/DiskArbitration.framework/Versions/A/DiskArbitration
0x00007ff829489000 	/System/Library/PrivateFrameworks/MultitouchSupport.framework/Versions/A/MultitouchSupport
0x00007ff821fb0000 	/usr/lib/libenergytrace.dylib
0x00007ff81fa3d000 	/System/Library/Frameworks/IOKit.framework/Versions/A/IOKit
0x00007ff82e10d000 	/System/Library/Frameworks/CoreServices.framework/Versions/A/CoreServices
0x00007ff824738000 	/System/Library/PrivateFrameworks/PerformanceAnalysis.framework/Versions/A/PerformanceAnalysis
0x00007ffa34ad5000 	/System/Library/Frameworks/OpenGL.framework/Versions/A/OpenGL
0x00007ff82740b000 	/System/Library/PrivateFrameworks/MobileKeyBag.framework/Versions/A/MobileKeyBag
0x00007ff81cf2d000 	/usr/lib/libobjc.A.dylib
0x00007ff822a8b000 	/System/Library/Frameworks/ColorSync.framework/Versions/A/ColorSync
0x00007ff81d0e6000 	/System/Library/Frameworks/CoreFoundation.framework/Versions/A/CoreFoundation
0x00007ff8262dc000 	/System/Library/Frameworks/CoreImage.framework/Versions/A/CoreImage
0x00007ff81e7d3000 	/System/Library/Frameworks/CoreText.framework/Versions/A/CoreText
0x00007ff826092000 	/System/Library/Frameworks/ImageIO.framework/Versions/A/ImageIO
0x00007ff827eb9000 	/System/Library/PrivateFrameworks/SoftLinking.framework/Versions/A/SoftLinking
0x00007ff8247e9000 	/usr/lib/libxml2.2.dylib
0x00007ff81cff3000 	/usr/lib/libc++.1.dylib
0x00007ff82813c000 	/usr/lib/libcompression.dylib
0x00007ff829bf8000 	/System/Library/PrivateFrameworks/TextureIO.framework/Versions/A/TextureIO
0x00007ff82882f000 	/usr/lib/libate.dylib
0x00007ff827eae000 	/usr/lib/system/libcache.dylib
0x00007ff827e6a000 	/usr/lib/system/libcommonCrypto.dylib
0x00007ff827e93000 	/usr/lib/system/libcompiler_rt.dylib
0x00007ff827e89000 	/usr/lib/system/libcopyfile.dylib
0x00007ff81ce27000 	/usr/lib/system/libcorecrypto.dylib
0x00007ff81cee6000 	/usr/lib/system/libdispatch.dylib
0x00007ff81d0a5000 	/usr/lib/system/libdyld.dylib
0x00007ff827ea5000 	/usr/lib/system/libkeymgr.dylib
0x00007ff827e48000 	/usr/lib/system/libmacho.dylib
0x00007ff8274df000 	/usr/lib/system/libquarantine.dylib
0x00007ff827ea3000 	/usr/lib/system/libremovefile.dylib
0x00007ff821ffd000 	/usr/lib/system/libsystem_asl.dylib
0x00007ff81cdd5000 	/usr/lib/system/libsystem_blocks.dylib
0x00007ff81cf6a000 	/usr/lib/system/libsystem_c.dylib
0x00007ff827e9b000 	/usr/lib/system/libsystem_collections.dylib
0x00007ff8266c6000 	/usr/lib/system/libsystem_configuration.dylib
0x00007ff825988000 	/usr/lib/system/libsystem_containermanager.dylib
0x00007ff827b87000 	/usr/lib/system/libsystem_coreservices.dylib
0x00007ff81f6cb000 	/usr/lib/system/libsystem_darwin.dylib
0x00007ff827ea6000 	/usr/lib/system/libsystem_dnssd.dylib
0x00007ff81cf67000 	/usr/lib/system/libsystem_featureflags.dylib
0x00007ff81d0bb000 	/usr/lib/system/libsystem_info.dylib
0x00007ff827de6000 	/usr/lib/system/libsystem_m.dylib
0x00007ff81ceba000 	/usr/lib/system/libsystem_malloc.dylib
0x00007ff821f9a000 	/usr/lib/system/libsystem_networkextension.dylib
0x00007ff81faf3000 	/usr/lib/system/libsystem_notify.dylib
0x00007ff82dfe4000 	/usr/lib/system/libsystem_product_info_filter.dylib
0x00007ff8266ca000 	/usr/lib/system/libsystem_sandbox.dylib
0x00007ff827ea0000 	/usr/lib/system/libsystem_secinit.dylib
0x00007ff81d062000 	/usr/lib/system/libsystem_kernel.dylib
0x00007ff81d0b1000 	/usr/lib/system/libsystem_platform.dylib
0x00007ff81d099000 	/usr/lib/system/libsystem_pthread.dylib
0x00007ff82384e000 	/usr/lib/system/libsystem_symptoms.dylib
0x00007ff81ce0e000 	/usr/lib/system/libsystem_trace.dylib
0x00007ff827e76000 	/usr/lib/system/libunwind.dylib
0x00007ff81cdd7000 	/usr/lib/system/libxpc.dylib
0x00007ff81d04c000 	/usr/lib/libc++abi.dylib
0x00007ff827e81000 	/usr/lib/liboah.dylib
0x00007ff82860d000 	/usr/lib/liblzma.5.dylib
0x00007ff81dc7d000 	/System/Library/Frameworks/SystemConfiguration.framework/Versions/A/SystemConfiguration
0x00007ff827eb5000 	/usr/lib/libfakelink.dylib
0x00007ff821b04000 	/System/Library/Frameworks/CFNetwork.framework/Versions/A/CFNetwork
0x00007ff827ff4000 	/usr/lib/libarchive.2.dylib
0x00007ff8266d1000 	/System/Library/PrivateFrameworks/AppleSystemInfo.framework/Versions/A/AppleSystemInfo
0x00007ff827505000 	/usr/lib/libbsm.0.dylib
0x00007ff82113b000 	/usr/lib/libnetwork.dylib
0x00007ff827e4e000 	/usr/lib/system/libkxld.dylib
0x00007ff827134000 	/System/Library/PrivateFrameworks/IOMobileFramebuffer.framework/Versions/A/IOMobileFramebuffer
0x00007ffb325be000 	/usr/lib/libCoreEntitlements.dylib
0x00007ff827b69000 	/System/Library/PrivateFrameworks/AppleFSCompression.framework/Versions/A/AppleFSCompression
0x00007ff8274ee000 	/usr/lib/libcoretls.dylib
0x00007ff828627000 	/usr/lib/libcoretls_cfhelpers.dylib
0x00007ff828137000 	/usr/lib/libpam.2.dylib
0x00007ff823470000 	/usr/lib/libsqlite3.dylib
0x00007ff828696000 	/usr/lib/libxar.1.dylib
0x00007ff827b79000 	/usr/lib/libbz2.1.0.dylib
0x00007ff827eba000 	/usr/lib/libpcap.A.dylib
0x00007ff823845000 	/usr/lib/libdns_services.dylib
0x00007ff828106000 	/usr/lib/libapple_nghttp2.dylib
0x00007ff827ef1000 	/usr/lib/libiconv.2.dylib
0x00007ff827e47000 	/usr/lib/libcharset.1.dylib
0x00007ff82476c000 	/System/Library/Frameworks/CoreServices.framework/Versions/A/Frameworks/FSEvents.framework/Versions/A/FSEvents
0x00007ff81f6d5000 	/System/Library/Frameworks/CoreServices.framework/Versions/A/Frameworks/CarbonCore.framework/Versions/A/CarbonCore
0x00007ff823a89000 	/System/Library/Frameworks/CoreServices.framework/Versions/A/Frameworks/Metadata.framework/Versions/A/Metadata
0x00007ff827b8c000 	/System/Library/Frameworks/CoreServices.framework/Versions/A/Frameworks/OSServices.framework/Versions/A/OSServices
0x00007ff82807a000 	/System/Library/Frameworks/CoreServices.framework/Versions/A/Frameworks/SearchKit.framework/Versions/A/SearchKit
0x00007ff8237d7000 	/System/Library/Frameworks/CoreServices.framework/Versions/A/Frameworks/AE.framework/Versions/A/AE
0x00007ff81d5e9000 	/System/Library/Frameworks/CoreServices.framework/Versions/A/Frameworks/LaunchServices.framework/Versions/A/LaunchServices
0x00007ff8285be000 	/System/Library/Frameworks/CoreServices.framework/Versions/A/Frameworks/DictionaryServices.framework/Versions/A/DictionaryServices
0x00007ff824779000 	/System/Library/Frameworks/CoreServices.framework/Versions/A/Frameworks/SharedFileList.framework/Versions/A/SharedFileList
0x00007ff8274e2000 	/usr/lib/libCheckFix.dylib
0x00007ff822014000 	/System/Library/PrivateFrameworks/TCC.framework/Versions/A/TCC
0x00007ff8266d7000 	/System/Library/PrivateFrameworks/CoreNLP.framework/Versions/A/CoreNLP
0x00007ff823a39000 	/System/Library/PrivateFrameworks/MetadataUtilities.framework/Versions/A/MetadataUtilities
0x00007ff81dd2d000 	/usr/lib/libmecabra.dylib
0x00007ff827515000 	/usr/lib/libmecab.dylib
0x00007ff81dcf8000 	/usr/lib/libCRFSuite.dylib
0x00007ff827572000 	/usr/lib/libgermantok.dylib
0x00007ff8280e1000 	/usr/lib/libThaiTokenizer.dylib
0x00007ff823b2b000 	/System/Library/Frameworks/Accelerate.framework/Versions/A/Frameworks/vImage.framework/Versions/A/vImage
0x00007ff82e0e4000 	/System/Library/Frameworks/Accelerate.framework/Versions/A/Frameworks/vecLib.framework/Versions/A/vecLib
0x00007ff8286d7000 	/System/Library/Frameworks/Accelerate.framework/Versions/A/Frameworks/vecLib.framework/Versions/A/libvMisc.dylib
0x00007ff826f52000 	/System/Library/Frameworks/Accelerate.framework/Versions/A/Frameworks/vecLib.framework/Versions/A/libvDSP.dylib
0x00007ff81d961000 	/System/Library/Frameworks/Accelerate.framework/Versions/A/Frameworks/vecLib.framework/Versions/A/libBLAS.dylib
0x00007ff828218000 	/System/Library/Frameworks/Accelerate.framework/Versions/A/Frameworks/vecLib.framework/Versions/A/libLAPACK.dylib
0x00007ff827575000 	/System/Library/Frameworks/Accelerate.framework/Versions/A/Frameworks/vecLib.framework/Versions/A/libLinearAlgebra.dylib
0x00007ff82811f000 	/System/Library/Frameworks/Accelerate.framework/Versions/A/Frameworks/vecLib.framework/Versions/A/libSparseBLAS.dylib
0x00007ff828212000 	/System/Library/Frameworks/Accelerate.framework/Versions/A/Frameworks/vecLib.framework/Versions/A/libQuadrature.dylib
0x00007ff8267c1000 	/System/Library/Frameworks/Accelerate.framework/Versions/A/Frameworks/vecLib.framework/Versions/A/libBNNS.dylib
0x00007ff81dc0e000 	/System/Library/Frameworks/Accelerate.framework/Versions/A/Frameworks/vecLib.framework/Versions/A/libSparse.dylib
0x00007ff8267ba000 	/System/Library/PrivateFrameworks/LinguisticData.framework/Versions/A/LinguisticData
0x00007ff81dbc3000 	/System/Library/PrivateFrameworks/Lexicon.framework/Versions/A/Lexicon
0x00007ff8286d0000 	/usr/lib/libChineseTokenizer.dylib
0x00007ff81e327000 	/System/Library/PrivateFrameworks/LanguageModeling.framework/Versions/A/LanguageModeling
0x00007ff8280e3000 	/System/Library/PrivateFrameworks/AppleSauce.framework/Versions/A/AppleSauce
0x00007ff827122000 	/System/Library/PrivateFrameworks/CoreEmoji.framework/Versions/A/CoreEmoji
0x00007ff827fe3000 	/usr/lib/libcmph.dylib
0x00007ff824750000 	/System/Library/Frameworks/OpenDirectory.framework/Versions/A/Frameworks/CFOpenDirectory.framework/Versions/A/CFOpenDirectory
0x00007ff824744000 	/System/Library/Frameworks/OpenDirectory.framework/Versions/A/OpenDirectory
0x00007ff828629000 	/System/Library/PrivateFrameworks/APFS.framework/Versions/A/APFS
0x00007ff827443000 	/System/Library/Frameworks/SecurityFoundation.framework/Versions/A/SecurityFoundation
0x00007ff8286a4000 	/usr/lib/libutil.dylib
0x00007ff81fa00000 	/System/Library/PrivateFrameworks/CoreServicesStore.framework/Versions/A/CoreServicesStore
0x00007ff8286a8000 	/usr/lib/libxslt.1.dylib
0x00007ff8274d0000 	/System/Library/PrivateFrameworks/BackgroundTaskManagement.framework/Versions/A/BackgroundTaskManagement
0x00007ff829b18000 	/System/Library/Frameworks/ImageIO.framework/Versions/A/Resources/libRadiance.dylib
0x00007ff829b21000 	/System/Library/Frameworks/ImageIO.framework/Versions/A/Resources/libJPEG.dylib
0x00007ff829a71000 	/System/Library/Frameworks/ImageIO.framework/Versions/A/Resources/libPng.dylib
0x00007ff829a92000 	/System/Library/Frameworks/ImageIO.framework/Versions/A/Resources/libTIFF.dylib
0x00007ff829b81000 	/System/Library/Frameworks/ImageIO.framework/Versions/A/Resources/libGIF.dylib
0x00007ff8293a2000 	/System/Library/Frameworks/ImageIO.framework/Versions/A/Resources/libJP2.dylib
0x00007ff828ae4000 	/usr/lib/libexpat.1.dylib
0x00007ff829357000 	/System/Library/PrivateFrameworks/AppleJPEG.framework/Versions/A/AppleJPEG
0x00007ff825c1a000 	/System/Library/PrivateFrameworks/FontServices.framework/libFontParser.dylib
0x00007ff823781000 	/System/Library/PrivateFrameworks/RunningBoardServices.framework/Versions/A/RunningBoardServices
0x00007ff834284000 	/System/Library/PrivateFrameworks/IOSurfaceAccelerator.framework/Versions/A/IOSurfaceAccelerator
0x00007ff829485000 	/System/Library/PrivateFrameworks/WatchdogClient.framework/Versions/A/WatchdogClient
0x00007ff81e416000 	/System/Library/Frameworks/CoreDisplay.framework/Versions/A/CoreDisplay
0x00007ff825b1a000 	/System/Library/Frameworks/CoreMedia.framework/Versions/A/CoreMedia
0x00007ff8259b7000 	/System/Library/PrivateFrameworks/IOAccelerator.framework/Versions/A/IOAccelerator
0x00007ff8248cc000 	/System/Library/Frameworks/CoreVideo.framework/Versions/A/CoreVideo
0x00007ff828135000 	/System/Library/Frameworks/MetalPerformanceShaders.framework/Versions/A/MetalPerformanceShaders
0x00007ff8294c0000 	/System/Library/Frameworks/VideoToolbox.framework/Versions/A/VideoToolbox
0x00007ff8236c9000 	/System/Library/PrivateFrameworks/BaseBoard.framework/Versions/A/BaseBoard
0x00007ff823456000 	/System/Library/PrivateFrameworks/ProtocolBuffer.framework/Versions/A/ProtocolBuffer
0x00007ff829b11000 	/System/Library/PrivateFrameworks/GPUWrangler.framework/Versions/A/GPUWrangler
0x00007ff829af4000 	/System/Library/PrivateFrameworks/IOPresentment.framework/Versions/A/IOPresentment
0x00007ff829b1b000 	/System/Library/PrivateFrameworks/DSExternalDisplay.framework/Versions/A/DSExternalDisplay
0x00007ffa34ac9000 	/System/Library/Frameworks/OpenGL.framework/Versions/A/Libraries/libCoreFSCache.dylib
0x00007ffb20bbd000 	/System/Library/PrivateFrameworks/GPUCompiler.framework/Versions/31001/Libraries/libGPUCompilerUtils.dylib
0x00007ff829b86000 	/System/Library/PrivateFrameworks/CMCaptureCore.framework/Versions/A/CMCaptureCore
0x00007ff829090000 	/System/Library/PrivateFrameworks/AppServerSupport.framework/Versions/A/AppServerSupport
0x00007ff82b261000 	/System/Library/PrivateFrameworks/perfdata.framework/Versions/A/perfdata
0x00007ff81e542000 	/System/Library/PrivateFrameworks/AudioToolboxCore.framework/Versions/A/AudioToolboxCore
0x00007ff825af7000 	/System/Library/PrivateFrameworks/caulk.framework/Versions/A/caulk
0x00007ff82ab8e000 	/usr/lib/libAudioStatistics.dylib
0x00007ff921dd3000 	/System/Library/PrivateFrameworks/SystemPolicy.framework/Versions/A/SystemPolicy
0x00007ff82adda000 	/usr/lib/libSMC.dylib
0x00007ff833bc6000 	/System/Library/Frameworks/CoreMIDI.framework/Versions/A/CoreMIDI
0x00007ff829a41000 	/usr/lib/libAudioToolboxUtility.dylib
0x00007ff91e25b000 	/System/Library/PrivateFrameworks/OSAServicesClient.framework/Versions/A/OSAServicesClient
0x00007ff82b26e000 	/usr/lib/libperfcheck.dylib
0x00007ff92285f000 	/usr/lib/libmis.dylib
0x00007ffa34b25000 	/System/Library/Frameworks/OpenGL.framework/Versions/A/Libraries/libGLU.dylib
0x00007ffa34ae8000 	/System/Library/Frameworks/OpenGL.framework/Versions/A/Libraries/libGFXShared.dylib
0x00007ffa34cf6000 	/System/Library/Frameworks/OpenGL.framework/Versions/A/Libraries/libGL.dylib
0x00007ffa34af1000 	/System/Library/Frameworks/OpenGL.framework/Versions/A/Libraries/libGLImage.dylib
0x00007ffa34ae5000 	/System/Library/Frameworks/OpenGL.framework/Versions/A/Libraries/libCVMSPluginSupport.dylib
0x00007ffa34ad0000 	/System/Library/Frameworks/OpenGL.framework/Versions/A/Libraries/libCoreVMClient.dylib
0x00007ff826655000 	/System/Library/Frameworks/MetalPerformanceShaders.framework/Versions/A/Frameworks/MPSCore.framework/Versions/A/MPSCore
0x00007ff827ad4000 	/System/Library/Frameworks/MetalPerformanceShaders.framework/Versions/A/Frameworks/MPSImage.framework/Versions/A/MPSImage
0x00007ff82758b000 	/System/Library/Frameworks/MetalPerformanceShaders.framework/Versions/A/Frameworks/MPSNeuralNetwork.framework/Versions/A/MPSNeuralNetwork
0x00007ff827a00000 	/System/Library/Frameworks/MetalPerformanceShaders.framework/Versions/A/Frameworks/MPSMatrix.framework/Versions/A/MPSMatrix
0x00007ff8277bc000 	/System/Library/Frameworks/MetalPerformanceShaders.framework/Versions/A/Frameworks/MPSRayIntersector.framework/Versions/A/MPSRayIntersector
0x00007ff827a39000 	/System/Library/Frameworks/MetalPerformanceShaders.framework/Versions/A/Frameworks/MPSNDArray.framework/Versions/A/MPSNDArray
0x00007ffa396ce000 	/System/Library/Frameworks/MetalPerformanceShaders.framework/Versions/A/Frameworks/MPSFunctions.framework/Versions/A/MPSFunctions
0x00007ff81d844000 	/System/Library/PrivateFrameworks/MetalTools.framework/Versions/A/MetalTools
0x00007ff8266cf000 	/System/Library/PrivateFrameworks/AggregateDictionary.framework/Versions/A/AggregateDictionary
0x00007ff8288c6000 	/usr/lib/libIOReport.dylib
0x00007ffa36105000 	/System/Library/Frameworks/OpenCL.framework/Versions/A/OpenCL
0x00007ff828c2a000 	/System/Library/PrivateFrameworks/FaceCore.framework/Versions/A/FaceCore
0x00007ff828c1b000 	/System/Library/PrivateFrameworks/GraphVisualizer.framework/Versions/A/GraphVisualizer
0x00007ffb20ac8000 	/System/Library/PrivateFrameworks/FontServices.framework/Versions/A/FontServices
0x00007ff829047000 	/System/Library/PrivateFrameworks/OTSVG.framework/Versions/A/OTSVG
0x00007ff8244b4000 	/System/Library/Frameworks/ApplicationServices.framework/Versions/A/Frameworks/ATS.framework/Versions/A/Resources/libFontRegistry.dylib
0x00007ff829098000 	/System/Library/PrivateFrameworks/FontServices.framework/libhvf.dylib
0x00007ffb20ac9000 	/System/Library/PrivateFrameworks/FontServices.framework/libXTFontStaticRegistryData.dylib
0x00007ff828a94000 	/System/Library/PrivateFrameworks/AppleVA.framework/Versions/A/AppleVA
0x00007ff82abae000 	/System/Library/Frameworks/ApplicationServices.framework/Versions/A/Frameworks/ATS.framework/Versions/A/ATS
0x00007ff822b87000 	/System/Library/Frameworks/ApplicationServices.framework/Versions/A/Frameworks/HIServices.framework/Versions/A/HIServices
0x00007ff829b90000 	/System/Library/Frameworks/ApplicationServices.framework/Versions/A/Frameworks/PrintCore.framework/Versions/A/PrintCore
0x00007ff82af2d000 	/System/Library/Frameworks/ApplicationServices.framework/Versions/A/Frameworks/QD.framework/Versions/A/QD
0x00007ff82af25000 	/System/Library/Frameworks/ApplicationServices.framework/Versions/A/Frameworks/ColorSyncLegacy.framework/Versions/A/ColorSyncLegacy
0x00007ff82ab9e000 	/System/Library/Frameworks/ApplicationServices.framework/Versions/A/Frameworks/SpeechSynthesis.framework/Versions/A/SpeechSynthesis
0x00007ff829b51000 	/System/Library/Frameworks/ApplicationServices.framework/Versions/A/Frameworks/ATSUI.framework/Versions/A/ATSUI
0x00007ff82aeba000 	/usr/lib/libcups.2.dylib
0x00007ff82b27d000 	/System/Library/Frameworks/Kerberos.framework/Versions/A/Kerberos
0x00007ff82b28c000 	/System/Library/Frameworks/GSS.framework/Versions/A/GSS
0x00007ff82ac1a000 	/usr/lib/libresolv.9.dylib
0x00007ff8290a7000 	/System/Library/PrivateFrameworks/Heimdal.framework/Versions/A/Heimdal
0x00007ff831d30000 	/System/Library/Frameworks/Kerberos.framework/Versions/A/Libraries/libHeimdalProxy.dylib
0x00007ff823856000 	/System/Library/Frameworks/Network.framework/Versions/A/Network
0x00007ff828afe000 	/usr/lib/libheimdal-asn1.dylib
0x00007ff82b2d7000 	/System/Library/PrivateFrameworks/CommonAuth.framework/Versions/A/CommonAuth
0x00007ff82ab1f000 	/System/Library/PrivateFrameworks/AudioSession.framework/Versions/A/AudioSession
0x00007ff828b8e000 	/System/Library/PrivateFrameworks/MediaExperience.framework/Versions/A/MediaExperience
0x00007ff82a9b3000 	/System/Library/PrivateFrameworks/AudioSession.framework/libSessionUtility.dylib
0x00007ff82af39000 	/System/Library/PrivateFrameworks/AudioResourceArbitration.framework/Versions/A/AudioResourceArbitration
0x00007ff828b07000 	/System/Library/PrivateFrameworks/IconFoundation.framework/Versions/A/IconFoundation
0x00007ff82dd13000 	/System/Library/PrivateFrameworks/SpeechRecognitionCore.framework/Versions/A/SpeechRecognitionCore
0x0000000106197000 	/Library/Java/JavaVirtualMachines/jdk1.8.0_261.jdk/Contents/Home/jre/lib/server/libjvm.dylib
0x00000001053de000 	/Library/Java/JavaVirtualMachines/jdk1.8.0_261.jdk/Contents/Home/jre/lib/libverify.dylib
0x0000000105422000 	/Library/Java/JavaVirtualMachines/jdk1.8.0_261.jdk/Contents/Home/jre/lib/libjava.dylib
0x0000000105455000 	/Library/Java/JavaVirtualMachines/jdk1.8.0_261.jdk/Contents/Home/jre/lib/libinstrument.dylib
0x00000001053fc000 	/Library/Java/JavaVirtualMachines/jdk1.8.0_261.jdk/Contents/Home/jre/lib/libzip.dylib
0x00000001109c2000 	/Library/Java/JavaVirtualMachines/jdk1.8.0_261.jdk/Contents/Home/jre/lib/libnet.dylib
0x0000000110a72000 	/Library/Java/JavaVirtualMachines/jdk1.8.0_261.jdk/Contents/Home/jre/lib/libprism_es2.dylib
0x00007ff81f9c1000 	/System/Library/PrivateFrameworks/CoreServicesInternal.framework/Versions/A/CoreServicesInternal
0x00007ffa34d01000 	/System/Library/Frameworks/OpenGL.framework/Versions/A/Resources/GLEngine.bundle/GLEngine
0x00007ffa34b63000 	/System/Library/Frameworks/OpenGL.framework/Versions/A/Libraries/libGLProgrammability.dylib
0x00007ffa28f2c000 	/System/Library/Extensions/AppleIntelKBLGraphicsGLDriver.bundle/Contents/MacOS/AppleIntelKBLGraphicsGLDriver
0x00007ff92c648000 	/System/Library/PrivateFrameworks/GPUSupport.framework/Versions/A/Libraries/libGPUSupportMercury.dylib
0x00007ffa34e90000 	/System/Library/Frameworks/OpenGL.framework/Versions/A/Resources/GLRendererFloat.bundle/GLRendererFloat
0x0000000110f6d000 	/Library/Java/JavaVirtualMachines/jdk1.8.0_261.jdk/Contents/Home/jre/lib/libglass.dylib
0x00007ff82f4e4000 	/System/Library/Frameworks/FileProvider.framework/Versions/A/FileProvider
0x00007ff823635000 	/System/Library/Frameworks/Accounts.framework/Versions/A/Accounts
0x00007ff82f65c000 	/System/Library/PrivateFrameworks/GenerationalStorage.framework/Versions/A/GenerationalStorage
0x00007ff830169000 	/System/Library/PrivateFrameworks/CoreSymbolication.framework/Versions/A/CoreSymbolication
0x00007ff82eee8000 	/System/Library/PrivateFrameworks/SymptomDiagnosticReporter.framework/Versions/A/SymptomDiagnosticReporter
0x00007ff820c80000 	/System/Library/PrivateFrameworks/DesktopServicesPriv.framework/Versions/A/DesktopServicesPriv
0x00007ff81fb02000 	/usr/lib/libsandbox.1.dylib
0x00007ff82494a000 	/System/Library/PrivateFrameworks/UserManagement.framework/Versions/A/UserManagement
0x00007ff83012e000 	/System/Library/PrivateFrameworks/DebugSymbols.framework/Versions/A/DebugSymbols
0x00007ff82af1a000 	/System/Library/PrivateFrameworks/NetAuth.framework/Versions/A/NetAuth
0x00007ff82be06000 	/System/Library/PrivateFrameworks/Sharing.framework/Versions/A/Sharing
0x00007ff82491d000 	/System/Library/PrivateFrameworks/login.framework/Versions/A/Frameworks/loginsupport.framework/Versions/A/loginsupport
0x00007ff831266000 	/System/Library/PrivateFrameworks/Apple80211.framework/Versions/A/Apple80211
0x00007ff827bb9000 	/System/Library/PrivateFrameworks/AuthKit.framework/Versions/A/AuthKit
0x00007ff827218000 	/System/Library/PrivateFrameworks/CoreUtils.framework/Versions/A/CoreUtils
0x00007ff82713f000 	/System/Library/Frameworks/CoreWLAN.framework/Versions/A/CoreWLAN
0x00007ff82bf61000 	/System/Library/Frameworks/IOBluetooth.framework/Versions/A/IOBluetooth
0x00007ff8312ce000 	/System/Library/PrivateFrameworks/CoreWiFi.framework/Versions/A/CoreWiFi
0x00007ff82fd03000 	/System/Library/PrivateFrameworks/FrontBoardServices.framework/Versions/A/FrontBoardServices
0x00007ff82fd95000 	/System/Library/PrivateFrameworks/BoardServices.framework/Versions/A/BoardServices
0x00007ff827432000 	/System/Library/PrivateFrameworks/AssertionServices.framework/Versions/A/AssertionServices
0x00007ff831452000 	/System/Library/PrivateFrameworks/BackBoardServices.framework/Versions/A/BackBoardServices
0x00007ff82b366000 	/System/Library/PrivateFrameworks/CorePhoneNumbers.framework/Versions/A/CorePhoneNumbers
0x00007ff82f005000 	/System/Library/PrivateFrameworks/DiskManagement.framework/Versions/A/DiskManagement
0x00007ff82ef19000 	/System/Library/PrivateFrameworks/AppleIDAuthSupport.framework/Versions/A/AppleIDAuthSupport
0x00007ffa3b634000 	/System/Library/PrivateFrameworks/AAAFoundation.framework/Versions/A/AAAFoundation
0x00007ff82b347000 	/System/Library/PrivateFrameworks/KeychainCircle.framework/Versions/A/KeychainCircle
0x00007ff82efd1000 	/System/Library/PrivateFrameworks/MediaKit.framework/Versions/A/MediaKit
0x00007ff82ef25000 	/System/Library/Frameworks/DiscRecording.framework/Versions/A/DiscRecording
0x00007ff828a0c000 	/usr/lib/libCoreStorage.dylib
0x00007ff83173f000 	/usr/lib/libcsfde.dylib
0x00007ff82c02e000 	/System/Library/PrivateFrameworks/ProtectedCloudStorage.framework/Versions/A/ProtectedCloudStorage
0x00007ff83173b000 	/System/Library/PrivateFrameworks/EFILogin.framework/Versions/A/EFILogin
0x00007ff82f682000 	/System/Library/PrivateFrameworks/OctagonTrust.framework/Versions/A/OctagonTrust
0x00007ffb1fe02000 	/System/Library/PrivateFrameworks/CoreUtilsExtras.framework/Versions/A/CoreUtilsExtras
0x00007ff82ee58000 	/System/Library/Frameworks/CoreBluetooth.framework/Versions/A/CoreBluetooth
0x00007ff831db5000 	/System/Library/Frameworks/AudioUnit.framework/Versions/A/AudioUnit
0x00007ff828a04000 	/usr/lib/libMatch.1.dylib
0x00007ff926c32000 	/System/Library/Frameworks/Accelerate.framework/Versions/A/Frameworks/vImage.framework/Versions/A/Libraries/libCGInterfaces.dylib
0x0000000111ad1000 	/usr/lib/libobjc-trampolines.dylib
0x00007ff824644000 	/System/Library/PrivateFrameworks/ViewBridge.framework/Versions/A/ViewBridge
0x00007ffb326cc000 	/usr/lib/libRosetta.dylib
0x0000000125c9b000 	/Library/Java/JavaVirtualMachines/jdk1.8.0_261.jdk/Contents/Home/jre/lib/libjavafx_font.dylib
0x00000001262f4000 	/Library/Java/JavaVirtualMachines/jdk1.8.0_261.jdk/Contents/Home/jre/lib/libjavafx_iio.dylib
0x00007ff829161000 	/System/Library/PrivateFrameworks/login.framework/Versions/A/login
0x0000000126790000 	/System/Library/Frameworks/FileProvider.framework/OverrideBundles/CloudDocsFileProvider.bundle/Contents/MacOS/CloudDocsFileProvider
0x00007ff824b45000 	/System/Library/PrivateFrameworks/CloudDocs.framework/Versions/A/CloudDocs
0x00007ff831a5d000 	/System/Library/PrivateFrameworks/AppleAccount.framework/Versions/A/AppleAccount
0x00007ff82c015000 	/System/Library/PrivateFrameworks/AppContainer.framework/Versions/A/AppContainer
0x00007ff82bad9000 	/System/Library/PrivateFrameworks/IDS.framework/Versions/A/IDS
0x00007ff831bb2000 	/System/Library/PrivateFrameworks/AppleIDSSOAuthentication.framework/Versions/A/AppleIDSSOAuthentication
0x00007ff824920000 	/System/Library/PrivateFrameworks/ApplePushService.framework/Versions/A/ApplePushService
0x00007ff8317bf000 	/System/Library/PrivateFrameworks/AppSupport.framework/Versions/A/AppSupport
0x00007ff82a917000 	/System/Library/PrivateFrameworks/IMFoundation.framework/Versions/A/IMFoundation
0x00007ff91da9e000 	/System/Library/PrivateFrameworks/Marco.framework/Versions/A/Marco
0x00007ff82bc4c000 	/System/Library/PrivateFrameworks/IDSFoundation.framework/Versions/A/IDSFoundation
0x00007ff8236b1000 	/System/Library/PrivateFrameworks/CommonUtilities.framework/Versions/A/CommonUtilities
0x00007ff92247f000 	/System/Library/PrivateFrameworks/FTServices.framework/Versions/A/FTServices
0x00007ff835588000 	/System/Library/PrivateFrameworks/Engram.framework/Versions/A/Engram
0x00007ff83552f000 	/usr/lib/libtidy.A.dylib
0x00007ff829313000 	/System/Library/PrivateFrameworks/Bom.framework/Versions/A/Bom
0x00007ff8288ce000 	/System/Library/PrivateFrameworks/CrashReporterSupport.framework/Versions/A/CrashReporterSupport
0x00007ff92c411000 	/System/Library/PrivateFrameworks/FTAWD.framework/Versions/A/FTAWD
0x00007ff92e4f7000 	/System/Library/PrivateFrameworks/OSAnalytics.framework/Versions/A/OSAnalytics
0x00007ff9395ad000 	/System/Library/PrivateFrameworks/Symbolication.framework/Versions/A/Symbolication
0x00007ff92283c000 	/System/Library/PrivateFrameworks/MallocStackLogging.framework/Versions/A/MallocStackLogging
0x00007ff82e3ce000 	/System/Library/PrivateFrameworks/CoreDaemon.framework/Versions/B/CoreDaemon
0x00007ff82e3c9000 	/System/Library/PrivateFrameworks/AppleSRP.framework/Versions/A/AppleSRP
0x00007ff8274da000 	/System/Library/Frameworks/ServiceManagement.framework/Versions/A/ServiceManagement
0x00007ff82c02a000 	/System/Library/PrivateFrameworks/SecCodeWrapper.framework/Versions/A/SecCodeWrapper
0x00007ff920859000 	/usr/lib/libFosl_dynamic.dylib
0x00007ff926508000 	/usr/lib/libncurses.5.4.dylib
0x000000012676e000 	/System/Library/Frameworks/FileProvider.framework/OverrideBundles/FileProviderOverride.bundle/Contents/MacOS/FileProviderOverride
0x0000000126823000 	/System/Library/Frameworks/FileProvider.framework/OverrideBundles/FinderSyncCollaborationFileProviderOverride.bundle/Contents/MacOS/FinderSyncCollaborationFileProviderOverride
0x00007ff932ce6000 	/System/Library/PrivateFrameworks/FinderSyncPriv.framework/Versions/A/FinderSyncPriv
0x00007ffa27128000 	/System/Library/Extensions/AppleIntelKBLGraphicsMTLDriver.bundle/Contents/MacOS/AppleIntelKBLGraphicsMTLDriver
0x00007ff92287a000 	/System/Library/PrivateFrameworks/GPURawCounter.framework/Versions/A/GPURawCounter
0x00007ff824970000 	/System/Library/Frameworks/CloudKit.framework/Versions/A/CloudKit
0x00007ff831e62000 	/System/Library/PrivateFrameworks/C2.framework/Versions/A/C2
0x00007ff8258e6000 	/System/Library/Frameworks/CoreLocation.framework/Versions/A/CoreLocation
0x00007ff831e5a000 	/System/Library/Frameworks/PushKit.framework/Versions/A/PushKit
0x00007ff83021f000 	/System/Library/PrivateFrameworks/CoreTime.framework/Versions/A/CoreTime
0x00007ff833943000 	/System/Library/PrivateFrameworks/RTCReporting.framework/Versions/A/RTCReporting
0x00007ff82c2f3000 	/System/Library/PrivateFrameworks/GeoServices.framework/Versions/A/GeoServices
0x00007ff82a98a000 	/System/Library/PrivateFrameworks/LocationSupport.framework/Versions/A/LocationSupport
0x00007ffb212b2000 	/System/Library/PrivateFrameworks/GeoServicesCore.framework/Versions/A/GeoServicesCore
0x00007ff91e297000 	/System/Library/PrivateFrameworks/PhoneNumbers.framework/Versions/A/PhoneNumbers
0x00007ff8316c4000 	/System/Library/PrivateFrameworks/RemoteServiceDiscovery.framework/Versions/A/RemoteServiceDiscovery
0x00007ffa3bcea000 	/System/Library/PrivateFrameworks/AccessibilityBundles.framework/Versions/A/AccessibilityBundles
0x0000000127c78000 	/Library/Java/JavaVirtualMachines/jdk1.8.0_261.jdk/Contents/Home/jre/lib/libprism_common.dylib
0x0000000127a67000 	/Library/Java/JavaVirtualMachines/jdk1.8.0_261.jdk/Contents/Home/jre/lib/libnio.dylib
0x0000000129413000 	/Library/Java/JavaVirtualMachines/jdk1.8.0_261.jdk/Contents/Home/jre/lib/libmanagement.dylib
0x0000000129468000 	/Library/Java/JavaVirtualMachines/jdk1.8.0_261.jdk/Contents/Home/jre/lib/libsunec.dylib

VM Arguments:
jvm_args: -javaagent:/Users/yairrobledo/Library/Application Support/JetBrains/Toolbox/apps/IDEA-U/ch-0/212.5457.46/IntelliJ IDEA.app/Contents/lib/idea_rt.jar=51407:/Users/yairrobledo/Library/Application Support/JetBrains/Toolbox/apps/IDEA-U/ch-0/212.5457.46/IntelliJ IDEA.app/Contents/bin -Dfile.encoding=UTF-8 
java_command: javafx.stages.MainStage
java_class_path (initial): /Library/Java/JavaVirtualMachines/jdk1.8.0_261.jdk/Contents/Home/jre/lib/charsets.jar:/Library/Java/JavaVirtualMachines/jdk1.8.0_261.jdk/Contents/Home/jre/lib/deploy.jar:/Library/Java/JavaVirtualMachines/jdk1.8.0_261.jdk/Contents/Home/jre/lib/ext/cldrdata.jar:/Library/Java/JavaVirtualMachines/jdk1.8.0_261.jdk/Contents/Home/jre/lib/ext/dnsns.jar:/Library/Java/JavaVirtualMachines/jdk1.8.0_261.jdk/Contents/Home/jre/lib/ext/jaccess.jar:/Library/Java/JavaVirtualMachines/jdk1.8.0_261.jdk/Contents/Home/jre/lib/ext/jfxrt.jar:/Library/Java/JavaVirtualMachines/jdk1.8.0_261.jdk/Contents/Home/jre/lib/ext/localedata.jar:/Library/Java/JavaVirtualMachines/jdk1.8.0_261.jdk/Contents/Home/jre/lib/ext/nashorn.jar:/Library/Java/JavaVirtualMachines/jdk1.8.0_261.jdk/Contents/Home/jre/lib/ext/sunec.jar:/Library/Java/JavaVirtualMachines/jdk1.8.0_261.jdk/Contents/Home/jre/lib/ext/sunjce_provider.jar:/Library/Java/JavaVirtualMachines/jdk1.8.0_261.jdk/Contents/Home/jre/lib/ext/sunpkcs11.jar:/Library/Java/JavaVirtualMachines/jdk1.8.0_261.jdk/Contents/Home/jre/lib/ext/zipfs.jar:/Library/Java/JavaVirtualMachines/jdk1.8.0_261.jdk/Contents/Home/jre/lib/javaws.jar:/Library/Java/JavaVirtualMachines/jdk1.8.0_261.jdk/Contents/Home/jre/lib/jce.jar:/Library/Java/JavaVirtualMachines/jdk1.8.0_261.jdk/Contents/Home/jre/lib/jfr.jar:/Library/Java/JavaVirtualMachines/jdk1.8.0_261.jdk/Contents/Home/jre/lib/jfxswt.jar:/Library/Java/JavaVirtualMachines/jdk1.8.0_261.jdk/Contents/Home/jre/lib/jsse.jar:/Library/Java/JavaVirtualMachines/jdk1.8.0_261.jdk/Contents/Home/jre/lib/management-agent.jar:/Library/Java/JavaVirtualMachines/jdk1.8.0_261.jdk/Contents/Home/jre/lib/plugin.jar:/Library/Java/JavaVirtualMachines/jdk1.8.0_261.jdk/Contents/Home/jre/lib/resources.jar:/Library/Java/JavaVirtualMachines/jdk1.8.0_261.jdk/Contents/Home/jre/lib/rt.jar:/Library/Java/JavaVirtualMachines/jdk1.8.0_261.jdk/Contents/Home/lib/ant-javafx.jar:/Library/Java/JavaVirtualMachines/jdk1.8.0_261.jdk/Contents/Home
Launcher Type: SUN_STANDARD

Environment Variables:
PATH=/Library/Frameworks/Python.framework/Versions/3.8/bin:/usr/local/bin:/usr/bin:/bin:/usr/sbin:/sbin:/opt/X11/bin:/Library/Apple/usr/bin:/Library/Frameworks/Mono.framework/Versions/Current/Commands
SHELL=/bin/zsh

Signal Handlers:
SIGSEGV: [libjvm.dylib+0x5a009b], sa_mask[0]=11111111011111110111111111111111, sa_flags=SA_ONSTACK|SA_RESTART|SA_SIGINFO
SIGBUS: [libjvm.dylib+0x5a009b], sa_mask[0]=11111111011111110111111111111111, sa_flags=SA_RESTART|SA_SIGINFO
SIGFPE: [libjvm.dylib+0x490c6d], sa_mask[0]=11111111011111110111111111111111, sa_flags=SA_RESTART|SA_SIGINFO
SIGPIPE: [libjvm.dylib+0x490c6d], sa_mask[0]=11111111011111110111111111111111, sa_flags=SA_RESTART|SA_SIGINFO
SIGXFSZ: [libjvm.dylib+0x490c6d], sa_mask[0]=11111111011111110111111111111111, sa_flags=SA_RESTART|SA_SIGINFO
SIGILL: [libjvm.dylib+0x490c6d], sa_mask[0]=11111111011111110111111111111111, sa_flags=SA_RESTART|SA_SIGINFO
SIGUSR1: SIG_DFL, sa_mask[0]=00000000000000000000000000000000, sa_flags=none
SIGUSR2: [libjvm.dylib+0x491566], sa_mask[0]=00100000000000000000000000000000, sa_flags=SA_RESTART|SA_SIGINFO
SIGHUP: [libjvm.dylib+0x48f775], sa_mask[0]=11111111011111110111111111111111, sa_flags=SA_RESTART|SA_SIGINFO
SIGINT: [libjvm.dylib+0x48f775], sa_mask[0]=11111111011111110111111111111111, sa_flags=SA_RESTART|SA_SIGINFO
SIGTERM: [libjvm.dylib+0x48f775], sa_mask[0]=11111111011111110111111111111111, sa_flags=SA_RESTART|SA_SIGINFO
SIGQUIT: [libjvm.dylib+0x48f775], sa_mask[0]=11111111011111110111111111111111, sa_flags=SA_RESTART|SA_SIGINFO


---------------  S Y S T E M  ---------------

OS:Bsduname:Darwin 21.1.0 Darwin Kernel Version 21.1.0: Wed Oct 13 17:33:23 PDT 2021; root:xnu-8019.41.5~1/RELEASE_X86_64 x86_64
rlimit: STACK 8192k, CORE 0k, NPROC 2784, NOFILE 12544, AS infinity
load average:4.97 2.95 2.60

CPU:total 8 (initial active 8) (4 cores per cpu, 2 threads per core) family 6 model 142 stepping 10, cmov, cx8, fxsr, mmx, sse, sse2, sse3, ssse3, sse4.1, sse4.2, popcnt, avx, avx2, aes, clmul, erms, 3dnowpref, lzcnt, ht, tsc, tscinvbit, bmi1, bmi2, adx

Memory: 4k page, physical 16777216k(70020k free)

/proc/meminfo:


vm_info: Java HotSpot(TM) 64-Bit Server VM (25.261-b12) for bsd-amd64 JRE (1.8.0_261-b12), built on Jun 18 2020 06:38:55 by "java_re" with gcc 4.2.1 Compatible Apple LLVM 10.0.0 (clang-1000.11.45.5)

time: Thu Nov 25 10:35:56 2021
timezone: CST
elapsed time: 20 seconds (0d 0h 0m 20s)

