#
# A fatal error has been detected by the Java Runtime Environment:
#
#  SIGSEGV (0xb) at pc=0x000000010daa5d80, pid=1726, tid=0x0000000000005203
#
# JRE version: Java(TM) SE Runtime Environment (8.0_261-b12) (build 1.8.0_261-b12)
# Java VM: Java HotSpot(TM) 64-Bit Server VM (25.261-b12 mixed mode bsd-amd64 compressed oops)
# Problematic frame:
# V  [libjvm.dylib+0x2a5d80]  void PSParallelCompact::mark_and_push<unsigned int>(ParCompactionManager*, unsigned int*)+0x50
#
# Failed to write core dump. Core dumps have been disabled. To enable core dumping, try "ulimit -c unlimited" before starting Java again
#
# If you would like to submit a bug report, please visit:
#   http://bugreport.java.com/bugreport/crash.jsp
#

---------------  T H R E A D  ---------------

Current thread (0x00007fbc7081d800):  GCTaskThread [stack: 0x0000700004b72000,0x0000700004c72000] [id=20995]

siginfo: si_signo: 11 (SIGSEGV), si_code: 0 (unknown), si_addr: 0x0000000000000000

Registers:
RAX=0x000000011fd7d000, RBX=0x0000000200266660, RCX=0x007ffffffda01333, RDX=0x1fffffff6804cccc
RSP=0x0000700004c71ca0, RBP=0x0000700004c71cc0, RSI=0x000000076ed4b10c, RDI=0x00007fbc71107130
R8 =0x00000000000015da, R9 =0x000000010df1e7db, R10=0x0000000123d7d000, R11=0x0000080000000001
R12=0x00007fbc71107130, R13=0x00000007c00056d8, R14=0x00007fbc71107130, R15=0x000000076ed4b0f0
RIP=0x000000010daa5d80, EFLAGS=0x0000000000010206, ERR=0x0000000000000000
  TRAPNO=0x000000000000000d

Top of Stack: (sp=0x0000700004c71ca0)
0x0000700004c71ca0:   0000000000001004 000000076ed4b10c
0x0000700004c71cb0:   000000076ed4b110 000000076ed4b0f0
0x0000700004c71cc0:   0000700004c71d10 000000010daa5ccf
0x0000700004c71cd0:   00000006c018d780 0000000000000000
0x0000700004c71ce0:   00000007c00056e0 000000010df27be0
0x0000700004c71cf0:   00007fbc71107130 000000010df1e7db
0x0000700004c71d00:   000000010df1e7d9 000000010df1e7d9
0x0000700004c71d10:   0000700004c71dc0 000000010dcc3db8
0x0000700004c71d20:   0000000000000000 00007fbc71107170
0x0000700004c71d30:   000000076ed4b0f0 00007fbc71107138
0x0000700004c71d40:   0000000200000001 00007fbc6f611d01
0x0000700004c71d50:   00007fbc711071b8 0000000110d7d7a7
0x0000700004c71d60:   0000000000000000 00007fbc711071f0
0x0000700004c71d70:   00000016000009a9 00007000065f0b08
0x0000700004c71d80:   0000700004c71e50 0000700004c71e18
0x0000700004c71d90:   00007fbc00000000 00007fbc71107130
0x0000700004c71da0:   00007fbc6f613050 000000010de0d6c2
0x0000700004c71db0:   00007fbc6f613050 0000000000000001
0x0000700004c71dc0:   0000700004c71e80 000000010dcb50cc
0x0000700004c71dd0:   00007fbc71008090 00007fbc6f6111b0
0x0000700004c71de0:   00007fbc6f6111e0 00007fbc6f6111f0
0x0000700004c71df0:   00007fbc6f6115c8 00000000000003d8
0x0000700004c71e00:   000000010dee7118 000000010dc6b600
0x0000700004c71e10:   00007fbc71107130 000000010dedf020
0x0000700004c71e20:   000000010df1ea00 0000700004c71e00
0x0000700004c71e30:   000000010dedf008 000000010da61400
0x0000700004c71e40:   0000700004c71e00 00007fbc71008001
0x0000700004c71e50:   000000010dedf080 000000010da61300
0x0000700004c71e60:   0000700004c71e00 00007fbc6f612e00
0x0000700004c71e70:   00007fbc7081d800 0000000000000000
0x0000700004c71e80:   0000700004c71f60 000000010da622d4
0x0000700004c71e90:   00007fbc6f611d00 00007fbc7081d800 

Instructions: (pc=0x000000010daa5d80)
0x000000010daa5d60:   89 da 48 2b 10 48 c1 ea 03 48 8d 0d b8 a7 44 00
0x000000010daa5d70:   8a 09 48 d3 ea 48 8b 40 30 48 89 d1 48 c1 e9 06
0x000000010daa5d80:   48 8b 04 c8 48 0f a3 d0 0f 82 0e 01 00 00 48 8d
0x000000010daa5d90:   05 44 8a 47 00 8a 10 84 d2 74 15 8b 7b 08 48 8d 

Register to memory mapping:

RAX=0x000000011fd7d000 is an unknown value
RBX=0x0000000200266660 is an unknown value
RCX=0x007ffffffda01333 is an unknown value
RDX=0x1fffffff6804cccc is an unknown value
RSP=0x0000700004c71ca0 is an unknown value
RBP=0x0000700004c71cc0 is an unknown value
RSI=0x000000076ed4b10c is an unknown value
RDI=0x00007fbc71107130 is an unknown value
R8 =0x00000000000015da is an unknown value
R9 =0x000000010df1e7db: AssumeMP+0 in /Library/Java/JavaVirtualMachines/jdk1.8.0_261.jdk/Contents/Home/jre/lib/server/libjvm.dylib at 0x000000010d800000
R10=0x0000000123d7d000 is an unknown value
R11=0x0000080000000001 is an unknown value
R12=0x00007fbc71107130 is an unknown value
R13=0x00000007c00056d8 is pointing into metadata
R14=0x00007fbc71107130 is an unknown value
R15=0x000000076ed4b0f0 is an oop
java.lang.StackOverflowError 
 - klass: 'java/lang/StackOverflowError'


Stack: [0x0000700004b72000,0x0000700004c72000],  sp=0x0000700004c71ca0,  free space=1023k
Native frames: (J=compiled Java code, j=interpreted, Vv=VM code, C=native code)
V  [libjvm.dylib+0x2a5d80]  void PSParallelCompact::mark_and_push<unsigned int>(ParCompactionManager*, unsigned int*)+0x50
V  [libjvm.dylib+0x2a5ccf]  InstanceKlass::oop_follow_contents(ParCompactionManager*, oopDesc*)+0xbf
V  [libjvm.dylib+0x4c3db8]  ParCompactionManager::follow_marking_stacks()+0x174
V  [libjvm.dylib+0x4b50cc]  ThreadRootsMarkingTask::do_it(GCTaskManager*, unsigned int)+0xf8
V  [libjvm.dylib+0x2622d4]  GCTaskThread::run()+0x130
V  [libjvm.dylib+0x48e895]  java_start(Thread*)+0xfa
C  [libsystem_pthread.dylib+0x6950]  _pthread_start+0xe0
C  [libsystem_pthread.dylib+0x247b]  thread_start+0xf


---------------  P R O C E S S  ---------------

Java Threads: ( => current thread )
  0x00007fbc6fbe0800 JavaThread "Keep-Alive-Timer" daemon [_thread_blocked, id=68355, stack(0x00007000064f1000,0x00007000065f1000)]
  0x00007fbc7a2d9800 JavaThread "Exec Stream Pumper" daemon [_thread_in_native, id=68611, stack(0x00007000063ee000,0x00007000064ee000)]
  0x00007fbc7a2d9000 JavaThread "Exec Stream Pumper" daemon [_thread_in_native, id=62759, stack(0x00007000062eb000,0x00007000063eb000)]
  0x00007fbc7a2dc800 JavaThread "process reaper" daemon [_thread_in_native, id=50727, stack(0x00007000062c0000,0x00007000062e8000)]
  0x00007fbc71ccb000 JavaThread "UrlChecker-2" daemon [_thread_blocked, id=69531, stack(0x00007000061bd000,0x00007000062bd000)]
  0x00007fbc71cca800 JavaThread "Exec Default Executor" daemon [_thread_blocked, id=60987, stack(0x00007000060ba000,0x00007000061ba000)]
  0x00007fbc6f946800 JavaThread "Forwarding newSession on session null to remote" daemon [_thread_blocked, id=59971, stack(0x0000700005fb7000,0x00007000060b7000)]
  0x00007fbc72098800 JavaThread "PulseTimer-CVDisplayLink thread" daemon [_thread_blocked, id=1555, stack(0x0000700004f7e000,0x0000700004ffe000)]
  0x00007fbc71ac4800 JavaThread "Prism Font Disposer" daemon [_thread_blocked, id=76295, stack(0x0000700005e31000,0x0000700005f31000)]
  0x00007fbc7503d000 JavaThread "Attach Listener" daemon [_thread_blocked, id=79543, stack(0x0000700005d2e000,0x0000700005e2e000)]
  0x00007fbc7488e800 JavaThread "JavaFX-Launcher" [_thread_blocked, id=48131, stack(0x0000700005c2b000,0x0000700005d2b000)]
  0x00007fbc70039000 JavaThread "JavaFX Application Thread" [_thread_in_native, id=775, stack(0x00007ffee609d000,0x00007ffee689d000)]
  0x00007fbc70038000 JavaThread "Thread-1" daemon [_thread_blocked, id=25099, stack(0x000070000599f000,0x0000700005a9f000)]
  0x00007fbc7209d800 JavaThread "QuantumRenderer-0" daemon [_thread_blocked, id=22019, stack(0x000070000589c000,0x000070000599c000)]
  0x00007fbc70a08000 JavaThread "Service Thread" daemon [_thread_blocked, id=43267, stack(0x0000700005696000,0x0000700005796000)]
  0x00007fbc74808800 JavaThread "C1 CompilerThread3" daemon [_thread_blocked, id=16899, stack(0x0000700005593000,0x0000700005693000)]
  0x00007fbc71856000 JavaThread "C2 CompilerThread2" daemon [_thread_blocked, id=16387, stack(0x0000700005490000,0x0000700005590000)]
  0x00007fbc71855000 JavaThread "C2 CompilerThread1" daemon [_thread_blocked, id=17411, stack(0x000070000538d000,0x000070000548d000)]
  0x00007fbc71854800 JavaThread "C2 CompilerThread0" daemon [_thread_blocked, id=17667, stack(0x000070000528a000,0x000070000538a000)]
  0x00007fbc709d4000 JavaThread "Monitor Ctrl-Break" daemon [_thread_in_native, id=15875, stack(0x0000700005187000,0x0000700005287000)]
  0x00007fbc72017000 JavaThread "Signal Dispatcher" daemon [_thread_blocked, id=15363, stack(0x0000700005084000,0x0000700005184000)]
  0x00007fbc72012800 JavaThread "Finalizer" daemon [_thread_blocked, id=20483, stack(0x0000700004e7b000,0x0000700004f7b000)]
  0x00007fbc70842000 JavaThread "Reference Handler" daemon [_thread_blocked, id=12803, stack(0x0000700004d78000,0x0000700004e78000)]
  0x00007fbc7080e000 JavaThread "main" [_thread_blocked, id=3331, stack(0x000070000435a000,0x000070000445a000)]

Other Threads:
  0x00007fbc7200f800 VMThread [stack: 0x0000700004c75000,0x0000700004d75000] [id=12547]
  0x00007fbc70023800 WatcherThread [stack: 0x0000700005799000,0x0000700005899000] [id=42755]

=>0x00007fbc7081d800 (exited) GCTaskThread [stack: 0x0000700004b72000,0x0000700004c72000] [id=20995]

VM state:at safepoint (normal execution)

VM Mutex/Monitor currently owned by a thread:  ([mutex/lock_event])
[0x00007fbc6f6057c0] Threads_lock - owner thread: 0x00007fbc7200f800
[0x00007fbc6f605cc0] Heap_lock - owner thread: 0x00007fbc6f946800

OutOfMemory and StackOverflow Exception counts:
StackOverflowErrors=5

heap address: 0x00000006c0000000, size: 4096 MB, Compressed Oops mode: Zero based, Oop shift amount: 3
Narrow klass base: 0x0000000000000000, Narrow klass shift: 3
Compressed class space size: 1073741824 Address: 0x00000007c0000000

Heap:
 PSYoungGen      total 76288K, used 9986K [0x000000076ab00000, 0x0000000773180000, 0x00000007c0000000)
  eden space 65536K, 0% used [0x000000076ab00000,0x000000076ab00000,0x000000076eb00000)
  from space 10752K, 92% used [0x000000076eb00000,0x000000076f4c0b10,0x000000076f580000)
  to   space 13824K, 0% used [0x0000000772400000,0x0000000772400000,0x0000000773180000)
 ParOldGen       total 112640K, used 12145K [0x00000006c0000000, 0x00000006c6e00000, 0x000000076ab00000)
  object space 112640K, 10% used [0x00000006c0000000,0x00000006c0bdc4a8,0x00000006c6e00000)
 Metaspace       used 33338K, capacity 35386K, committed 35416K, reserved 1079296K
  class space    used 4701K, capacity 5114K, committed 5120K, reserved 1048576K

Card table byte_map: [0x000000010e9cc000,0x000000010f1cd000] byte_map_base: 0x000000010b3cc000

Marking Bits: (ParMarkBitMap*) 0x000000010df28748
 Begin Bits: [0x000000011fd7d000, 0x0000000123d7d000)
 End Bits:   [0x0000000123d7d000, 0x0000000127d7d000)

Polling page: 0x00000001093db000

CodeCache: size=245760Kb used=14577Kb max_used=15066Kb free=231182Kb
 bounds [0x0000000110d7d000, 0x0000000111c5d000, 0x000000011fd7d000]
 total_blobs=5167 nmethods=4396 adapters=683
 compilation: enabled

Compilation events (10 events):
Event: 105.627 Thread 0x00007fbc71854800 nmethod 4982 0x0000000110f5f290 code [0x0000000110f5f400, 0x0000000110f5f618]
Event: 105.627 Thread 0x00007fbc74808800 4966       3       java.util.concurrent.ConcurrentHashMap::remove (8 bytes)
Event: 105.628 Thread 0x00007fbc74808800 nmethod 4966 0x00000001114494d0 code [0x0000000111449640, 0x0000000111449868]
Event: 105.628 Thread 0x00007fbc74808800 4983       1       com.sun.javafx.tk.quantum.WindowStage::getPlatformWindow (5 bytes)
Event: 105.628 Thread 0x00007fbc74808800 nmethod 4983 0x0000000111442350 code [0x00000001114424a0, 0x00000001114425b0]
Event: 105.628 Thread 0x00007fbc74808800 4984       1       com.sun.javafx.tk.quantum.WindowStage::getStyle (5 bytes)
Event: 105.628 Thread 0x00007fbc74808800 nmethod 4984 0x0000000111683350 code [0x00000001116834a0, 0x00000001116835b0]
Event: 105.635 Thread 0x00007fbc71854800 4985       4       java.lang.Math::floor (5 bytes)
Event: 105.636 Thread 0x00007fbc71854800 nmethod 4985 0x00000001116e59d0 code [0x00000001116e5b40, 0x00000001116e5c18]
Event: 105.643 Thread 0x00007fbc71854800 4986       4       java.lang.String::regionMatches (149 bytes)

GC Heap History (10 events):
Event: 2.248 GC heap after
Heap after GC invocations=2 (full 0):
 PSYoungGen      total 76288K, used 8773K [0x000000076ab00000, 0x0000000774000000, 0x00000007c0000000)
  eden space 65536K, 0% used [0x000000076ab00000,0x000000076ab00000,0x000000076eb00000)
  from space 10752K, 81% used [0x000000076f580000,0x000000076fe11438,0x0000000770000000)
  to   space 10752K, 0% used [0x000000076eb00000,0x000000076eb00000,0x000000076f580000)
 ParOldGen       total 175104K, used 96K [0x00000006c0000000, 0x00000006cab00000, 0x000000076ab00000)
  object space 175104K, 0% used [0x00000006c0000000,0x00000006c0018010,0x00000006cab00000)
 Metaspace       used 19802K, capacity 21116K, committed 21248K, reserved 1067008K
  class space    used 2928K, capacity 3207K, committed 3328K, reserved 1048576K
}
Event: 2.248 GC heap before
{Heap before GC invocations=3 (full 1):
 PSYoungGen      total 76288K, used 8773K [0x000000076ab00000, 0x0000000774000000, 0x00000007c0000000)
  eden space 65536K, 0% used [0x000000076ab00000,0x000000076ab00000,0x000000076eb00000)
  from space 10752K, 81% used [0x000000076f580000,0x000000076fe11438,0x0000000770000000)
  to   space 10752K, 0% used [0x000000076eb00000,0x000000076eb00000,0x000000076f580000)
 ParOldGen       total 175104K, used 96K [0x00000006c0000000, 0x00000006cab00000, 0x000000076ab00000)
  object space 175104K, 0% used [0x00000006c0000000,0x00000006c0018010,0x00000006cab00000)
 Metaspace       used 19802K, capacity 21116K, committed 21248K, reserved 1067008K
  class space    used 2928K, capacity 3207K, committed 3328K, reserved 1048576K
Event: 2.280 GC heap after
Heap after GC invocations=3 (full 1):
 PSYoungGen      total 76288K, used 0K [0x000000076ab00000, 0x0000000774000000, 0x00000007c0000000)
  eden space 65536K, 0% used [0x000000076ab00000,0x000000076ab00000,0x000000076eb00000)
  from space 10752K, 0% used [0x000000076f580000,0x000000076f580000,0x0000000770000000)
  to   space 10752K, 0% used [0x000000076eb00000,0x000000076eb00000,0x000000076f580000)
 ParOldGen       total 112640K, used 8666K [0x00000006c0000000, 0x00000006c6e00000, 0x000000076ab00000)
  object space 112640K, 7% used [0x00000006c0000000,0x00000006c0876ab8,0x00000006c6e00000)
 Metaspace       used 19802K, capacity 21116K, committed 21248K, reserved 1067008K
  class space    used 2928K, capacity 3207K, committed 3328K, reserved 1048576K
}
Event: 104.781 GC heap before
{Heap before GC invocations=4 (full 1):
 PSYoungGen      total 76288K, used 65536K [0x000000076ab00000, 0x0000000774000000, 0x00000007c0000000)
  eden space 65536K, 100% used [0x000000076ab00000,0x000000076eb00000,0x000000076eb00000)
  from space 10752K, 0% used [0x000000076f580000,0x000000076f580000,0x0000000770000000)
  to   space 10752K, 0% used [0x000000076eb00000,0x000000076eb00000,0x000000076f580000)
 ParOldGen       total 112640K, used 8666K [0x00000006c0000000, 0x00000006c6e00000, 0x000000076ab00000)
  object space 112640K, 7% used [0x00000006c0000000,0x00000006c0876ab8,0x00000006c6e00000)
 Metaspace       used 24588K, capacity 26240K, committed 26368K, reserved 1071104K
  class space    used 3461K, capacity 3809K, committed 3840K, reserved 1048576K
Event: 104.785 GC heap after
Heap after GC invocations=4 (full 1):
 PSYoungGen      total 76288K, used 7407K [0x000000076ab00000, 0x0000000770000000, 0x00000007c0000000)
  eden space 65536K, 0% used [0x000000076ab00000,0x000000076ab00000,0x000000076eb00000)
  from space 10752K, 68% used [0x000000076eb00000,0x000000076f23bc20,0x000000076f580000)
  to   space 10752K, 0% used [0x000000076f580000,0x000000076f580000,0x0000000770000000)
 ParOldGen       total 112640K, used 8674K [0x00000006c0000000, 0x00000006c6e00000, 0x000000076ab00000)
  object space 112640K, 7% used [0x00000006c0000000,0x00000006c0878ab8,0x00000006c6e00000)
 Metaspace       used 24588K, capacity 26240K, committed 26368K, reserved 1071104K
  class space    used 3461K, capacity 3809K, committed 3840K, reserved 1048576K
}
Event: 105.595 GC heap before
{Heap before GC invocations=5 (full 1):
 PSYoungGen      total 76288K, used 72943K [0x000000076ab00000, 0x0000000770000000, 0x00000007c0000000)
  eden space 65536K, 100% used [0x000000076ab00000,0x000000076eb00000,0x000000076eb00000)
  from space 10752K, 68% used [0x000000076eb00000,0x000000076f23bc20,0x000000076f580000)
  to   space 10752K, 0% used [0x000000076f580000,0x000000076f580000,0x0000000770000000)
 ParOldGen       total 112640K, used 8674K [0x00000006c0000000, 0x00000006c6e00000, 0x000000076ab00000)
  object space 112640K, 7% used [0x00000006c0000000,0x00000006c0878ab8,0x00000006c6e00000)
 Metaspace       used 32843K, capacity 34854K, committed 35072K, reserved 1079296K
  class space    used 4616K, capacity 5018K, committed 5120K, reserved 1048576K
Event: 105.602 GC heap after
Heap after GC invocations=5 (full 1):
 PSYoungGen      total 76288K, used 10725K [0x000000076ab00000, 0x0000000771600000, 0x00000007c0000000)
  eden space 65536K, 0% used [0x000000076ab00000,0x000000076ab00000,0x000000076eb00000)
  from space 10752K, 99% used [0x000000076f580000,0x000000076fff97c8,0x0000000770000000)
  to   space 10752K, 0% used [0x000000076eb00000,0x000000076eb00000,0x000000076f580000)
 ParOldGen       total 112640K, used 12137K [0x00000006c0000000, 0x00000006c6e00000, 0x000000076ab00000)
  object space 112640K, 10% used [0x00000006c0000000,0x00000006c0bda4a8,0x00000006c6e00000)
 Metaspace       used 32843K, capacity 34854K, committed 35072K, reserved 1079296K
  class space    used 4616K, capacity 5018K, committed 5120K, reserved 1048576K
}
Event: 105.648 GC heap before
{Heap before GC invocations=6 (full 1):
 PSYoungGen      total 76288K, used 16038K [0x000000076ab00000, 0x0000000771600000, 0x00000007c0000000)
  eden space 65536K, 8% used [0x000000076ab00000,0x000000076b030368,0x000000076eb00000)
  from space 10752K, 99% used [0x000000076f580000,0x000000076fff97c8,0x0000000770000000)
  to   space 10752K, 0% used [0x000000076eb00000,0x000000076eb00000,0x000000076f580000)
 ParOldGen       total 112640K, used 12137K [0x00000006c0000000, 0x00000006c6e00000, 0x000000076ab00000)
  object space 112640K, 10% used [0x00000006c0000000,0x00000006c0bda4a8,0x00000006c6e00000)
 Metaspace       used 33338K, capacity 35386K, committed 35416K, reserved 1079296K
  class space    used 4701K, capacity 5114K, committed 5120K, reserved 1048576K
Event: 105.654 GC heap after
Heap after GC invocations=6 (full 1):
 PSYoungGen      total 76288K, used 9986K [0x000000076ab00000, 0x0000000773180000, 0x00000007c0000000)
  eden space 65536K, 0% used [0x000000076ab00000,0x000000076ab00000,0x000000076eb00000)
  from space 10752K, 92% used [0x000000076eb00000,0x000000076f4c0b10,0x000000076f580000)
  to   space 13824K, 0% used [0x0000000772400000,0x0000000772400000,0x0000000773180000)
 ParOldGen       total 112640K, used 12145K [0x00000006c0000000, 0x00000006c6e00000, 0x000000076ab00000)
  object space 112640K, 10% used [0x00000006c0000000,0x00000006c0bdc4a8,0x00000006c6e00000)
 Metaspace       used 33338K, capacity 35386K, committed 35416K, reserved 1079296K
  class space    used 4701K, capacity 5114K, committed 5120K, reserved 1048576K
}
Event: 105.654 GC heap before
{Heap before GC invocations=7 (full 2):
 PSYoungGen      total 76288K, used 9986K [0x000000076ab00000, 0x0000000773180000, 0x00000007c0000000)
  eden space 65536K, 0% used [0x000000076ab00000,0x000000076ab00000,0x000000076eb00000)
  from space 10752K, 92% used [0x000000076eb00000,0x000000076f4c0b10,0x000000076f580000)
  to   space 13824K, 0% used [0x0000000772400000,0x0000000772400000,0x0000000773180000)
 ParOldGen       total 112640K, used 12145K [0x00000006c0000000, 0x00000006c6e00000, 0x000000076ab00000)
  object space 112640K, 10% used [0x00000006c0000000,0x00000006c0bdc4a8,0x00000006c6e00000)
 Metaspace       used 33338K, capacity 35386K, committed 35416K, reserved 1079296K
  class space    used 4701K, capacity 5114K, committed 5120K, reserved 1048576K

Deoptimization events (10 events):
Event: 105.594 Thread 0x00007fbc6f946800 Uncommon trap: reason=bimorphic action=maybe_recompile pc=0x0000000111be21a0 method=java.util.regex.Pattern$5.isSatisfiedBy(I)Z @ 5
Event: 105.594 Thread 0x00007fbc6f946800 Uncommon trap: reason=class_check action=maybe_recompile pc=0x0000000111832114 method=java.util.regex.Matcher.search(I)Z @ 86
Event: 105.594 Thread 0x00007fbc6f946800 Uncommon trap: reason=class_check action=maybe_recompile pc=0x0000000111832114 method=java.util.regex.Matcher.search(I)Z @ 86
Event: 105.594 Thread 0x00007fbc6f946800 Uncommon trap: reason=class_check action=maybe_recompile pc=0x0000000111832114 method=java.util.regex.Matcher.search(I)Z @ 86
Event: 105.594 Thread 0x00007fbc6f946800 Uncommon trap: reason=bimorphic action=maybe_recompile pc=0x0000000111be21a0 method=java.util.regex.Pattern$5.isSatisfiedBy(I)Z @ 5
Event: 105.603 Thread 0x00007fbc6f946800 Uncommon trap: reason=unstable_if action=reinterpret pc=0x00000001115dfbe4 method=java.util.concurrent.ConcurrentHashMap.get(Ljava/lang/Object;)Ljava/lang/Object; @ 76
Event: 105.604 Thread 0x00007fbc6f946800 Uncommon trap: reason=bimorphic action=maybe_recompile pc=0x00000001111a7a48 method=java.util.concurrent.ConcurrentHashMap.putVal(Ljava/lang/Object;Ljava/lang/Object;Z)Ljava/lang/Object; @ 192
Event: 105.613 Thread 0x00007fbc6f946800 Uncommon trap: reason=bimorphic action=maybe_recompile pc=0x0000000111be21a0 method=java.util.regex.Pattern$5.isSatisfiedBy(I)Z @ 5
Event: 105.613 Thread 0x00007fbc6f946800 Uncommon trap: reason=bimorphic action=maybe_recompile pc=0x0000000111be21a0 method=java.util.regex.Pattern$5.isSatisfiedBy(I)Z @ 5
Event: 105.613 Thread 0x00007fbc6f946800 Uncommon trap: reason=unstable_if action=reinterpret pc=0x0000000111131ad8 method=java.lang.ref.SoftReference.get()Ljava/lang/Object; @ 17

Classes redefined (0 events):
No events

Internal exceptions (10 events):
Event: 104.728 Thread 0x00007fbc70039000 Implicit null exception at 0x0000000110fa382b to 0x0000000110fa3a15
Event: 104.998 Thread 0x00007fbc6f946800 Exception <a 'sun/nio/fs/UnixException'> (0x000000076c6bb9c8) thrown at [/jenkins/workspace/8-2-build-macosx-x86_64/jdk8u261/295/hotspot/src/share/vm/prims/jni.cpp, line 710]
Event: 104.998 Thread 0x00007fbc6f946800 Exception <a 'java/security/PrivilegedActionException'> (0x000000076c6bcb10) thrown at [/jenkins/workspace/8-2-build-macosx-x86_64/jdk8u261/295/hotspot/src/share/vm/prims/jvm.cpp, line 1512]
Event: 105.041 Thread 0x00007fbc6f946800 Exception <a 'java/io/FileNotFoundException'> (0x000000076c962da8) thrown at [/jenkins/workspace/8-2-build-macosx-x86_64/jdk8u261/295/hotspot/src/share/vm/prims/jni.cpp, line 710]
Event: 105.384 Thread 0x00007fbc71ccb000 Exception <a 'java/net/ConnectException'> (0x000000076e286a20) thrown at [/jenkins/workspace/8-2-build-macosx-x86_64/jdk8u261/295/hotspot/src/share/vm/prims/jni.cpp, line 710]
Event: 105.394 Thread 0x00007fbc71ccb000 Exception <a 'java/net/ConnectException'> (0x000000076e287f40) thrown at [/jenkins/workspace/8-2-build-macosx-x86_64/jdk8u261/295/hotspot/src/share/vm/prims/jni.cpp, line 710]
Event: 105.418 Thread 0x00007fbc71ccb000 Exception <a 'java/net/ConnectException'> (0x000000076e289460) thrown at [/jenkins/workspace/8-2-build-macosx-x86_64/jdk8u261/295/hotspot/src/share/vm/prims/jni.cpp, line 710]
Event: 105.485 Thread 0x00007fbc6f946800 Exception <a 'java/lang/IncompatibleClassChangeError': Found class java.lang.Object, but interface was expected> (0x000000076e414308) thrown at [/jenkins/workspace/8-2-build-macosx-x86_64/jdk8u261/295/hotspot/src/share/vm/interpreter/linkResolver.cpp, lin
Event: 105.488 Thread 0x00007fbc6f946800 Exception <a 'java/lang/NoSuchMethodError': java.lang.Object.lambda$or$2(Ljava/util/function/Predicate;Ljava/lang/Object;)Z> (0x000000076e427ab0) thrown at [/jenkins/workspace/8-2-build-macosx-x86_64/jdk8u261/295/hotspot/src/share/vm/interpreter/linkResol
Event: 105.546 Thread 0x00007fbc6f946800 Exception <a 'java/lang/NoSuchMethodError': java.lang.Object.lambda$chars$0()Ljava/util/Spliterator$OfInt;> (0x000000076e7c6900) thrown at [/jenkins/workspace/8-2-build-macosx-x86_64/jdk8u261/295/hotspot/src/share/vm/interpreter/linkResolver.cpp, line 620

Events (10 events):
Event: 105.646 loading class com/google/common/collect/ImmutableMultiset$EntrySet done
Event: 105.646 loading class com/google/common/collect/LinkedHashMultiset
Event: 105.646 loading class com/google/common/collect/LinkedHashMultiset done
Event: 105.647 loading class com/google/common/collect/AbstractMapBasedMultiset
Event: 105.647 loading class com/google/common/collect/AbstractMapBasedMultiset done
Event: 105.647 loading class com/google/common/collect/AbstractMultiset
Event: 105.647 loading class com/google/common/collect/AbstractMultiset done
Event: 105.648 loading class com/google/common/collect/Multisets
Event: 105.648 loading class com/google/common/collect/Multisets done
Event: 105.648 Executing VM operation: CollectForMetadataAllocation


Dynamic libraries:
0x00007fff3528e000 	/System/Library/Frameworks/Cocoa.framework/Versions/A/Cocoa
0x00007fff224b3000 	/System/Library/Frameworks/Security.framework/Versions/A/Security
0x00007fff3348b000 	/System/Library/Frameworks/ApplicationServices.framework/Versions/A/ApplicationServices
0x00007fff2a73c000 	/usr/lib/libz.1.dylib
0x00007fff2a804000 	/usr/lib/libSystem.B.dylib
0x00007fff20679000 	/System/Library/Frameworks/CoreFoundation.framework/Versions/A/CoreFoundation
0x00007fff21426000 	/System/Library/Frameworks/Foundation.framework/Versions/C/Foundation
0x00007fff20499000 	/usr/lib/libobjc.A.dylib
0x00007fff22eda000 	/System/Library/Frameworks/AppKit.framework/Versions/C/AppKit
0x00007fff25d72000 	/System/Library/Frameworks/CoreData.framework/Versions/A/CoreData
0x00007fff23c3d000 	/System/Library/PrivateFrameworks/UIFoundation.framework/Versions/A/UIFoundation
0x00007fff2fe6a000 	/System/Library/PrivateFrameworks/RemoteViewServices.framework/Versions/A/RemoteViewServices
0x00007fff28c63000 	/System/Library/PrivateFrameworks/XCTTargetBootstrap.framework/Versions/A/XCTTargetBootstrap
0x00007fff2b944000 	/usr/lib/libspindump.dylib
0x00007fff23e92000 	/System/Library/Frameworks/UniformTypeIdentifiers.framework/Versions/A/UniformTypeIdentifiers
0x00007fff27439000 	/usr/lib/libapp_launch_measurement.dylib
0x00007fff2743c000 	/System/Library/PrivateFrameworks/CoreAutoLayout.framework/Versions/A/CoreAutoLayout
0x00007fff285c5000 	/System/Library/Frameworks/Metal.framework/Versions/A/Metal
0x00007fff292b5000 	/usr/lib/liblangid.dylib
0x00007fff28c67000 	/System/Library/PrivateFrameworks/CoreSVG.framework/Versions/A/CoreSVG
0x00007fff24e79000 	/System/Library/PrivateFrameworks/SkyLight.framework/Versions/A/SkyLight
0x00007fff251e0000 	/System/Library/Frameworks/CoreGraphics.framework/Versions/A/CoreGraphics
0x00007fff304c1000 	/System/Library/Frameworks/Accelerate.framework/Versions/A/Accelerate
0x00007fff2b37f000 	/System/Library/PrivateFrameworks/IconServices.framework/Versions/A/IconServices
0x00007fff285aa000 	/System/Library/Frameworks/IOSurface.framework/Versions/A/IOSurface
0x00007fff266fb000 	/usr/lib/libDiagnosticMessagesClient.dylib
0x00007fff28c4f000 	/System/Library/PrivateFrameworks/DFRFoundation.framework/Versions/A/DFRFoundation
0x00007fff22805000 	/usr/lib/libicucore.A.dylib
0x00007fff2ce8b000 	/System/Library/Frameworks/AudioToolbox.framework/Versions/A/AudioToolbox
0x00007fff2c130000 	/System/Library/PrivateFrameworks/DataDetectorsCore.framework/Versions/A/DataDetectorsCore
0x00007fff2894f000 	/System/Library/Frameworks/Carbon.framework/Versions/A/Frameworks/HIToolbox.framework/Versions/A/HIToolbox
0x00007fff26e94000 	/System/Library/Frameworks/QuartzCore.framework/Versions/A/QuartzCore
0x00007fff2fea6000 	/System/Library/Frameworks/Carbon.framework/Versions/A/Frameworks/SpeechRecognition.framework/Versions/A/SpeechRecognition
0x00007fff271a1000 	/System/Library/PrivateFrameworks/CoreUI.framework/Versions/A/CoreUI
0x00007fff21e0e000 	/System/Library/Frameworks/CoreAudio.framework/Versions/A/CoreAudio
0x00007fff267e6000 	/System/Library/Frameworks/DiskArbitration.framework/Versions/A/DiskArbitration
0x00007fff2bd3f000 	/System/Library/PrivateFrameworks/MultitouchSupport.framework/Versions/A/MultitouchSupport
0x00007fff2c127000 	/System/Library/PrivateFrameworks/InternationalSupport.framework/Versions/A/InternationalSupport
0x00007fff24ded000 	/usr/lib/libenergytrace.dylib
0x00007fff22dd3000 	/System/Library/Frameworks/IOKit.framework/Versions/A/IOKit
0x00007fff301f3000 	/System/Library/Frameworks/CoreServices.framework/Versions/A/CoreServices
0x00007fff273cf000 	/System/Library/PrivateFrameworks/PerformanceAnalysis.framework/Versions/A/PerformanceAnalysis
0x00007fff6cb5c000 	/System/Library/Frameworks/OpenGL.framework/Versions/A/OpenGL
0x00007fff2c1ac000 	/System/Library/PrivateFrameworks/UserActivity.framework/Versions/A/UserActivity
0x00007fff25874000 	/System/Library/Frameworks/ColorSync.framework/Versions/A/ColorSync
0x00007fff28ecc000 	/System/Library/Frameworks/CoreImage.framework/Versions/A/CoreImage
0x00007fff21c25000 	/System/Library/Frameworks/CoreText.framework/Versions/A/CoreText
0x00007fff28c91000 	/System/Library/Frameworks/ImageIO.framework/Versions/A/ImageIO
0x00007fff2a80a000 	/System/Library/PrivateFrameworks/SoftLinking.framework/Versions/A/SoftLinking
0x00007fff27485000 	/usr/lib/libxml2.2.dylib
0x00007fff2055e000 	/usr/lib/libc++.1.dylib
0x00007fff2aa7c000 	/usr/lib/libcompression.dylib
0x00007fff24dee000 	/usr/lib/libMobileGestalt.dylib
0x00007fff2c05a000 	/System/Library/PrivateFrameworks/TextureIO.framework/Versions/A/TextureIO
0x00007fff2b0a2000 	/usr/lib/libate.dylib
0x00007fff2a7fe000 	/usr/lib/system/libcache.dylib
0x00007fff2a7ba000 	/usr/lib/system/libcommonCrypto.dylib
0x00007fff2a7e4000 	/usr/lib/system/libcompiler_rt.dylib
0x00007fff2a7d9000 	/usr/lib/system/libcopyfile.dylib
0x00007fff20387000 	/usr/lib/system/libcorecrypto.dylib
0x00007fff20454000 	/usr/lib/system/libdispatch.dylib
0x00007fff20608000 	/usr/lib/system/libdyld.dylib
0x00007fff2a7f5000 	/usr/lib/system/libkeymgr.dylib
0x00007fff2dc3d000 	/usr/lib/system/liblaunch.dylib
0x00007fff2a798000 	/usr/lib/system/libmacho.dylib
0x00007fff29fb2000 	/usr/lib/system/libquarantine.dylib
0x00007fff2a7f2000 	/usr/lib/system/libremovefile.dylib
0x00007fff24e4a000 	/usr/lib/system/libsystem_asl.dylib
0x00007fff20337000 	/usr/lib/system/libsystem_blocks.dylib
0x00007fff204d5000 	/usr/lib/system/libsystem_c.dylib
0x00007fff2a7ec000 	/usr/lib/system/libsystem_collections.dylib
0x00007fff292a6000 	/usr/lib/system/libsystem_configuration.dylib
0x00007fff28599000 	/usr/lib/system/libsystem_containermanager.dylib
0x00007fff2a534000 	/usr/lib/system/libsystem_coreservices.dylib
0x00007fff22a67000 	/usr/lib/system/libsystem_darwin.dylib
0x00007fff2a7f6000 	/usr/lib/system/libsystem_dnssd.dylib
0x00007fff204d2000 	/usr/lib/system/libsystem_featureflags.dylib
0x00007fff2064d000 	/usr/lib/system/libsystem_info.dylib
0x00007fff2a74f000 	/usr/lib/system/libsystem_m.dylib
0x00007fff20427000 	/usr/lib/system/libsystem_malloc.dylib
0x00007fff24dde000 	/usr/lib/system/libsystem_networkextension.dylib
0x00007fff22e82000 	/usr/lib/system/libsystem_notify.dylib
0x00007fff300f1000 	/usr/lib/system/libsystem_product_info_filter.dylib
0x00007fff292aa000 	/usr/lib/system/libsystem_sandbox.dylib
0x00007fff2a7ef000 	/usr/lib/system/libsystem_secinit.dylib
0x00007fff205cd000 	/usr/lib/system/libsystem_kernel.dylib
0x00007fff20643000 	/usr/lib/system/libsystem_platform.dylib
0x00007fff205fc000 	/usr/lib/system/libsystem_pthread.dylib
0x00007fff26549000 	/usr/lib/system/libsystem_symptoms.dylib
0x00007fff2036f000 	/usr/lib/system/libsystem_trace.dylib
0x00007fff2a7c6000 	/usr/lib/system/libunwind.dylib
0x00007fff20339000 	/usr/lib/system/libxpc.dylib
0x00007fff205b4000 	/usr/lib/libc++abi.dylib
0x00007fff2a7d1000 	/usr/lib/liboah.dylib
0x00007fff2ae87000 	/usr/lib/liblzma.5.dylib
0x00007fff2113a000 	/System/Library/Frameworks/SystemConfiguration.framework/Versions/A/SystemConfiguration
0x00007fff2a806000 	/usr/lib/libfakelink.dylib
0x00007fff24940000 	/System/Library/Frameworks/CFNetwork.framework/Versions/A/CFNetwork
0x00007fff2a946000 	/usr/lib/libarchive.2.dylib
0x00007fff211b8000 	/usr/lib/libCRFSuite.dylib
0x00007fff29fd9000 	/usr/lib/libbsm.0.dylib
0x00007fff242fc000 	/usr/lib/libnetwork.dylib
0x00007fff2a80b000 	/usr/lib/libpcap.A.dylib
0x00007fff26542000 	/usr/lib/libdns_services.dylib
0x00007fff2aea0000 	/usr/lib/libcoretls_cfhelpers.dylib
0x00007fff2aa4a000 	/usr/lib/libapple_nghttp2.dylib
0x00007fff2a79e000 	/usr/lib/system/libkxld.dylib
0x00007fff261a8000 	/usr/lib/libsqlite3.dylib
0x00007fff2a516000 	/System/Library/PrivateFrameworks/AppleFSCompression.framework/Versions/A/AppleFSCompression
0x00007fff29fc1000 	/usr/lib/libcoretls.dylib
0x00007fff2aa77000 	/usr/lib/libpam.2.dylib
0x00007fff2af9d000 	/usr/lib/libxar.1.dylib
0x00007fff292b1000 	/System/Library/PrivateFrameworks/AppleSystemInfo.framework/Versions/A/AppleSystemInfo
0x00007fff29c04000 	/System/Library/PrivateFrameworks/IOMobileFramebuffer.framework/Versions/A/IOMobileFramebuffer
0x00007fff2a526000 	/usr/lib/libbz2.1.0.dylib
0x00007fff2a843000 	/usr/lib/libiconv.2.dylib
0x00007fff2a797000 	/usr/lib/libcharset.1.dylib
0x00007fff2740b000 	/System/Library/Frameworks/CoreServices.framework/Versions/A/Frameworks/FSEvents.framework/Versions/A/FSEvents
0x00007fff22a71000 	/System/Library/Frameworks/CoreServices.framework/Versions/A/Frameworks/CarbonCore.framework/Versions/A/CarbonCore
0x00007fff2674b000 	/System/Library/Frameworks/CoreServices.framework/Versions/A/Frameworks/Metadata.framework/Versions/A/Metadata
0x00007fff2a539000 	/System/Library/Frameworks/CoreServices.framework/Versions/A/Frameworks/OSServices.framework/Versions/A/OSServices
0x00007fff2a9b8000 	/System/Library/Frameworks/CoreServices.framework/Versions/A/Frameworks/SearchKit.framework/Versions/A/SearchKit
0x00007fff264cc000 	/System/Library/Frameworks/CoreServices.framework/Versions/A/Frameworks/AE.framework/Versions/A/AE
0x00007fff20b15000 	/System/Library/Frameworks/CoreServices.framework/Versions/A/Frameworks/LaunchServices.framework/Versions/A/LaunchServices
0x00007fff2ae38000 	/System/Library/Frameworks/CoreServices.framework/Versions/A/Frameworks/DictionaryServices.framework/Versions/A/DictionaryServices
0x00007fff27414000 	/System/Library/Frameworks/CoreServices.framework/Versions/A/Frameworks/SharedFileList.framework/Versions/A/SharedFileList
0x00007fff29fb5000 	/usr/lib/libCheckFix.dylib
0x00007fff24e61000 	/System/Library/PrivateFrameworks/TCC.framework/Versions/A/TCC
0x00007fff292b7000 	/System/Library/PrivateFrameworks/CoreNLP.framework/Versions/A/CoreNLP
0x00007fff266fe000 	/System/Library/PrivateFrameworks/MetadataUtilities.framework/Versions/A/MetadataUtilities
0x00007fff211ee000 	/usr/lib/libmecabra.dylib
0x00007fff2a2c8000 	/System/Library/Frameworks/MLCompute.framework/Versions/A/MLCompute
0x00007fff29fea000 	/usr/lib/libmecab.dylib
0x00007fff2a034000 	/usr/lib/libgermantok.dylib
0x00007fff2aa20000 	/usr/lib/libThaiTokenizer.dylib
0x00007fff2afd8000 	/usr/lib/libChineseTokenizer.dylib
0x00007fff2aa75000 	/System/Library/Frameworks/MetalPerformanceShaders.framework/Versions/A/MetalPerformanceShaders
0x00007fff267ed000 	/System/Library/Frameworks/Accelerate.framework/Versions/A/Frameworks/vImage.framework/Versions/A/vImage
0x00007fff301cc000 	/System/Library/Frameworks/Accelerate.framework/Versions/A/Frameworks/vecLib.framework/Versions/A/vecLib
0x00007fff2afe3000 	/System/Library/Frameworks/Accelerate.framework/Versions/A/Frameworks/vecLib.framework/Versions/A/libvMisc.dylib
0x00007fff29a1d000 	/System/Library/Frameworks/Accelerate.framework/Versions/A/Frameworks/vecLib.framework/Versions/A/libvDSP.dylib
0x00007fff20e19000 	/System/Library/Frameworks/Accelerate.framework/Versions/A/Frameworks/vecLib.framework/Versions/A/libBLAS.dylib
0x00007fff2aa9b000 	/System/Library/Frameworks/Accelerate.framework/Versions/A/Frameworks/vecLib.framework/Versions/A/libLAPACK.dylib
0x00007fff2a03a000 	/System/Library/Frameworks/Accelerate.framework/Versions/A/Frameworks/vecLib.framework/Versions/A/libLinearAlgebra.dylib
0x00007fff2aa62000 	/System/Library/Frameworks/Accelerate.framework/Versions/A/Frameworks/vecLib.framework/Versions/A/libSparseBLAS.dylib
0x00007fff2aa95000 	/System/Library/Frameworks/Accelerate.framework/Versions/A/Frameworks/vecLib.framework/Versions/A/libQuadrature.dylib
0x00007fff2935f000 	/System/Library/Frameworks/Accelerate.framework/Versions/A/Frameworks/vecLib.framework/Versions/A/libBNNS.dylib
0x00007fff210cb000 	/System/Library/Frameworks/Accelerate.framework/Versions/A/Frameworks/vecLib.framework/Versions/A/libSparse.dylib
0x00007fff2924a000 	/System/Library/Frameworks/MetalPerformanceShaders.framework/Versions/A/Frameworks/MPSCore.framework/Versions/A/MPSCore
0x00007fff2a485000 	/System/Library/Frameworks/MetalPerformanceShaders.framework/Versions/A/Frameworks/MPSImage.framework/Versions/A/MPSImage
0x00007fff2a050000 	/System/Library/Frameworks/MetalPerformanceShaders.framework/Versions/A/Frameworks/MPSNeuralNetwork.framework/Versions/A/MPSNeuralNetwork
0x00007fff2a410000 	/System/Library/Frameworks/MetalPerformanceShaders.framework/Versions/A/Frameworks/MPSMatrix.framework/Versions/A/MPSMatrix
0x00007fff2a278000 	/System/Library/Frameworks/MetalPerformanceShaders.framework/Versions/A/Frameworks/MPSRayIntersector.framework/Versions/A/MPSRayIntersector
0x00007fff2a447000 	/System/Library/Frameworks/MetalPerformanceShaders.framework/Versions/A/Frameworks/MPSNDArray.framework/Versions/A/MPSNDArray
0x00007fff20d45000 	/System/Library/PrivateFrameworks/MetalTools.framework/Versions/A/MetalTools
0x00007fff292af000 	/System/Library/PrivateFrameworks/AggregateDictionary.framework/Versions/A/AggregateDictionary
0x00007fff266d6000 	/System/Library/PrivateFrameworks/CoreAnalytics.framework/Versions/A/CoreAnalytics
0x00007fff2aa22000 	/System/Library/PrivateFrameworks/AppleSauce.framework/Versions/A/AppleSauce
0x00007fff285bc000 	/System/Library/PrivateFrameworks/IOAccelerator.framework/Versions/A/IOAccelerator
0x00007fff6cb50000 	/System/Library/Frameworks/OpenGL.framework/Versions/A/Libraries/libCoreFSCache.dylib
0x00007fff2178a000 	/System/Library/PrivateFrameworks/LanguageModeling.framework/Versions/A/LanguageModeling
0x00007fff29bf1000 	/System/Library/PrivateFrameworks/CoreEmoji.framework/Versions/A/CoreEmoji
0x00007fff29358000 	/System/Library/PrivateFrameworks/LinguisticData.framework/Versions/A/LinguisticData
0x00007fff2107d000 	/System/Library/PrivateFrameworks/Lexicon.framework/Versions/A/Lexicon
0x00007fff2a934000 	/usr/lib/libcmph.dylib
0x00007fff273eb000 	/System/Library/Frameworks/OpenDirectory.framework/Versions/A/Frameworks/CFOpenDirectory.framework/Versions/A/CFOpenDirectory
0x00007fff273db000 	/System/Library/Frameworks/OpenDirectory.framework/Versions/A/OpenDirectory
0x00007fff2aea2000 	/System/Library/PrivateFrameworks/APFS.framework/Versions/A/APFS
0x00007fff29f16000 	/System/Library/Frameworks/SecurityFoundation.framework/Versions/A/SecurityFoundation
0x00007fff2afab000 	/usr/lib/libutil.dylib
0x00007fff22d98000 	/System/Library/PrivateFrameworks/CoreServicesStore.framework/Versions/A/CoreServicesStore
0x00007fff29fad000 	/System/Library/Frameworks/ServiceManagement.framework/Versions/A/ServiceManagement
0x00007fff2afaf000 	/usr/lib/libxslt.1.dylib
0x00007fff29fa3000 	/System/Library/PrivateFrameworks/BackgroundTaskManagement.framework/Versions/A/BackgroundTaskManagement
0x00007fff2bfa4000 	/System/Library/Frameworks/ImageIO.framework/Versions/A/Resources/libRadiance.dylib
0x00007fff2bfae000 	/System/Library/Frameworks/ImageIO.framework/Versions/A/Resources/libJPEG.dylib
0x00007fff2bef9000 	/System/Library/Frameworks/ImageIO.framework/Versions/A/Resources/libPng.dylib
0x00007fff2bf20000 	/System/Library/Frameworks/ImageIO.framework/Versions/A/Resources/libTIFF.dylib
0x00007fff2c003000 	/System/Library/Frameworks/ImageIO.framework/Versions/A/Resources/libGIF.dylib
0x00007fff2bc5c000 	/System/Library/Frameworks/ImageIO.framework/Versions/A/Resources/libJP2.dylib
0x00007fff2b346000 	/usr/lib/libexpat.1.dylib
0x00007fff2bc11000 	/System/Library/PrivateFrameworks/AppleJPEG.framework/Versions/A/AppleJPEG
0x00007fff287f2000 	/System/Library/PrivateFrameworks/FontServices.framework/libFontParser.dylib
0x00007fff26480000 	/System/Library/PrivateFrameworks/RunningBoardServices.framework/Versions/A/RunningBoardServices
0x00007fff2bd3b000 	/System/Library/PrivateFrameworks/WatchdogClient.framework/Versions/A/WatchdogClient
0x00007fff21877000 	/System/Library/Frameworks/CoreDisplay.framework/Versions/A/CoreDisplay
0x00007fff28708000 	/System/Library/Frameworks/CoreMedia.framework/Versions/A/CoreMedia
0x00007fff27568000 	/System/Library/Frameworks/CoreVideo.framework/Versions/A/CoreVideo
0x00007fff2bd73000 	/System/Library/Frameworks/VideoToolbox.framework/Versions/A/VideoToolbox
0x00007fff263fe000 	/System/Library/PrivateFrameworks/BaseBoard.framework/Versions/A/BaseBoard
0x00007fff2b48b000 	/System/Library/PrivateFrameworks/PersistentConnection.framework/Versions/A/PersistentConnection
0x00007fff26191000 	/System/Library/PrivateFrameworks/ProtocolBuffer.framework/Versions/A/ProtocolBuffer
0x00007fff263e5000 	/System/Library/PrivateFrameworks/CommonUtilities.framework/Versions/A/CommonUtilities
0x00007fff2bba6000 	/System/Library/PrivateFrameworks/Bom.framework/Versions/A/Bom
0x00007fff2bf9d000 	/System/Library/PrivateFrameworks/GPUWrangler.framework/Versions/A/GPUWrangler
0x00007fff2bf80000 	/System/Library/PrivateFrameworks/IOPresentment.framework/Versions/A/IOPresentment
0x00007fff2bfa8000 	/System/Library/PrivateFrameworks/DSExternalDisplay.framework/Versions/A/DSExternalDisplay
0x00007fff2c008000 	/System/Library/PrivateFrameworks/CMCaptureCore.framework/Versions/A/CMCaptureCore
0x00007fff2b92b000 	/System/Library/PrivateFrameworks/AppServerSupport.framework/Versions/A/AppServerSupport
0x00007fff2d9dc000 	/System/Library/PrivateFrameworks/perfdata.framework/Versions/A/perfdata
0x00007fff29f05000 	/System/Library/PrivateFrameworks/AssertionServices.framework/Versions/A/AssertionServices
0x00007fff219ae000 	/System/Library/PrivateFrameworks/AudioToolboxCore.framework/Versions/A/AudioToolboxCore
0x00007fff286eb000 	/System/Library/PrivateFrameworks/caulk.framework/Versions/A/caulk
0x00007fff3d687000 	/System/Library/PrivateFrameworks/SystemPolicy.framework/Versions/A/SystemPolicy
0x00007fff2b13b000 	/usr/lib/libIOReport.dylib
0x00007fff2d1fe000 	/usr/lib/libSMC.dylib
0x00007fff2bec6000 	/usr/lib/libAudioToolboxUtility.dylib
0x00007fff3dff1000 	/usr/lib/libmis.dylib
0x00007fff6cbac000 	/System/Library/Frameworks/OpenGL.framework/Versions/A/Libraries/libGLU.dylib
0x00007fff6cb6f000 	/System/Library/Frameworks/OpenGL.framework/Versions/A/Libraries/libGFXShared.dylib
0x00007fff6cd7e000 	/System/Library/Frameworks/OpenGL.framework/Versions/A/Libraries/libGL.dylib
0x00007fff6cb78000 	/System/Library/Frameworks/OpenGL.framework/Versions/A/Libraries/libGLImage.dylib
0x00007fff6cb6c000 	/System/Library/Frameworks/OpenGL.framework/Versions/A/Libraries/libCVMSPluginSupport.dylib
0x00007fff6cb57000 	/System/Library/Frameworks/OpenGL.framework/Versions/A/Libraries/libCoreVMClient.dylib
0x00007fff6e1bf000 	/System/Library/Frameworks/OpenCL.framework/Versions/A/OpenCL
0x00007fff2b4b5000 	/System/Library/PrivateFrameworks/GraphVisualizer.framework/Versions/A/GraphVisualizer
0x00007fff2b4c4000 	/System/Library/PrivateFrameworks/FaceCore.framework/Versions/A/FaceCore
0x00007fff2b8e0000 	/System/Library/PrivateFrameworks/OTSVG.framework/Versions/A/OTSVG
0x00007fff2715f000 	/System/Library/Frameworks/ApplicationServices.framework/Versions/A/Frameworks/ATS.framework/Versions/A/Resources/libFontRegistry.dylib
0x00007fff2b932000 	/System/Library/PrivateFrameworks/FontServices.framework/libhvf.dylib
0x00007fff2b2f2000 	/System/Library/PrivateFrameworks/AppleVA.framework/Versions/A/AppleVA
0x00007fff2d047000 	/System/Library/Frameworks/ApplicationServices.framework/Versions/A/Frameworks/ATS.framework/Versions/A/ATS
0x00007fff2d359000 	/System/Library/Frameworks/ApplicationServices.framework/Versions/A/Frameworks/ColorSyncLegacy.framework/Versions/A/ColorSyncLegacy
0x00007fff2596b000 	/System/Library/Frameworks/ApplicationServices.framework/Versions/A/Frameworks/HIServices.framework/Versions/A/HIServices
0x00007fff2d33e000 	/System/Library/Frameworks/ApplicationServices.framework/Versions/A/Frameworks/LangAnalysis.framework/Versions/A/LangAnalysis
0x00007fff2c012000 	/System/Library/Frameworks/ApplicationServices.framework/Versions/A/Frameworks/PrintCore.framework/Versions/A/PrintCore
0x00007fff2d361000 	/System/Library/Frameworks/ApplicationServices.framework/Versions/A/Frameworks/QD.framework/Versions/A/QD
0x00007fff2d037000 	/System/Library/Frameworks/ApplicationServices.framework/Versions/A/Frameworks/SpeechSynthesis.framework/Versions/A/SpeechSynthesis
0x00007fff2bfd3000 	/System/Library/Frameworks/ApplicationServices.framework/Versions/A/Frameworks/ATSUI.framework/Versions/A/ATSUI
0x00007fff2d2de000 	/usr/lib/libcups.2.dylib
0x00007fff2d34e000 	/System/Library/PrivateFrameworks/NetAuth.framework/Versions/A/NetAuth
0x00007fff2d9f8000 	/System/Library/Frameworks/Kerberos.framework/Versions/A/Kerberos
0x00007fff2da08000 	/System/Library/Frameworks/GSS.framework/Versions/A/GSS
0x00007fff2d0b3000 	/usr/lib/libresolv.9.dylib
0x00007fff2b947000 	/System/Library/PrivateFrameworks/Heimdal.framework/Versions/A/Heimdal
0x00007fff3378c000 	/System/Library/Frameworks/Kerberos.framework/Versions/A/Libraries/libHeimdalProxy.dylib
0x00007fff26551000 	/System/Library/Frameworks/Network.framework/Versions/A/Network
0x00007fff2b360000 	/usr/lib/libheimdal-asn1.dylib
0x00007fff2da58000 	/System/Library/PrivateFrameworks/CommonAuth.framework/Versions/A/CommonAuth
0x00007fff275b5000 	/System/Library/PrivateFrameworks/login.framework/Versions/A/Frameworks/loginsupport.framework/Versions/A/loginsupport
0x00007fff2cfbc000 	/System/Library/PrivateFrameworks/AudioSession.framework/Versions/A/AudioSession
0x00007fff2d024000 	/usr/lib/libAudioStatistics.dylib
0x00007fff2b3ed000 	/System/Library/PrivateFrameworks/MediaExperience.framework/Versions/A/MediaExperience
0x00007fff2ce59000 	/System/Library/PrivateFrameworks/AudioSession.framework/libSessionUtility.dylib
0x00007fff2d9e9000 	/usr/lib/libperfcheck.dylib
0x00007fff2d36d000 	/System/Library/PrivateFrameworks/AudioResourceArbitration.framework/Versions/A/AudioResourceArbitration
0x00007fff2b36a000 	/System/Library/PrivateFrameworks/IconFoundation.framework/Versions/A/IconFoundation
0x00007fff2fe96000 	/System/Library/PrivateFrameworks/SpeechRecognitionCore.framework/Versions/A/SpeechRecognitionCore
0x000000010d800000 	/Library/Java/JavaVirtualMachines/jdk1.8.0_261.jdk/Contents/Home/jre/lib/server/libjvm.dylib
0x0000000109397000 	/Library/Java/JavaVirtualMachines/jdk1.8.0_261.jdk/Contents/Home/jre/lib/libverify.dylib
0x00000001093a8000 	/Library/Java/JavaVirtualMachines/jdk1.8.0_261.jdk/Contents/Home/jre/lib/libjava.dylib
0x00000001093dc000 	/Library/Java/JavaVirtualMachines/jdk1.8.0_261.jdk/Contents/Home/jre/lib/libinstrument.dylib
0x000000010944b000 	/Library/Java/JavaVirtualMachines/jdk1.8.0_261.jdk/Contents/Home/jre/lib/libzip.dylib
0x0000000110881000 	/Library/Java/JavaVirtualMachines/jdk1.8.0_261.jdk/Contents/Home/jre/lib/libnet.dylib
0x0000000110931000 	/Library/Java/JavaVirtualMachines/jdk1.8.0_261.jdk/Contents/Home/jre/lib/libprism_es2.dylib
0x00007fff22d59000 	/System/Library/PrivateFrameworks/CoreServicesInternal.framework/Versions/A/CoreServicesInternal
0x00007fff6cd89000 	/System/Library/Frameworks/OpenGL.framework/Versions/A/Resources/GLEngine.bundle/GLEngine
0x00007fff6cbe9000 	/System/Library/Frameworks/OpenGL.framework/Versions/A/Libraries/libGLProgrammability.dylib
0x00007fff5ff19000 	/System/Library/Extensions/AppleIntelKBLGraphicsGLDriver.bundle/Contents/MacOS/AppleIntelKBLGraphicsGLDriver
0x00007fff46f0c000 	/System/Library/PrivateFrameworks/GPUSupport.framework/Versions/A/Libraries/libGPUSupportMercury.dylib
0x00007fff6cf05000 	/System/Library/Frameworks/OpenGL.framework/Versions/A/Resources/GLRendererFloat.bundle/GLRendererFloat
0x0000000129ada000 	/Library/Java/JavaVirtualMachines/jdk1.8.0_261.jdk/Contents/Home/jre/lib/libglass.dylib
0x00007fff3137c000 	/System/Library/Frameworks/FileProvider.framework/Versions/A/FileProvider
0x00007fff26368000 	/System/Library/Frameworks/Accounts.framework/Versions/A/Accounts
0x00007fff3149d000 	/System/Library/PrivateFrameworks/GenerationalStorage.framework/Versions/A/GenerationalStorage
0x00007fff31e60000 	/System/Library/PrivateFrameworks/CoreSymbolication.framework/Versions/A/CoreSymbolication
0x00007fff30d9b000 	/System/Library/PrivateFrameworks/SymptomDiagnosticReporter.framework/Versions/A/SymptomDiagnosticReporter
0x00007fff2e6a1000 	/System/Library/PrivateFrameworks/AppContainer.framework/Versions/A/AppContainer
0x00007fff23ea5000 	/System/Library/PrivateFrameworks/DesktopServicesPriv.framework/Versions/A/DesktopServicesPriv
0x00007fff22e8e000 	/usr/lib/libsandbox.1.dylib
0x00007fff275e1000 	/System/Library/PrivateFrameworks/UserManagement.framework/Versions/A/UserManagement
0x00007fff29ee2000 	/System/Library/PrivateFrameworks/MobileKeyBag.framework/Versions/A/MobileKeyBag
0x00007fff347f6000 	/System/Library/PrivateFrameworks/ChunkingLibrary.framework/Versions/A/ChunkingLibrary
0x00007fff31e23000 	/System/Library/PrivateFrameworks/DebugSymbols.framework/Versions/A/DebugSymbols
0x00007fff2e6b6000 	/System/Library/PrivateFrameworks/SecCodeWrapper.framework/Versions/A/SecCodeWrapper
0x00007fff2b143000 	/System/Library/PrivateFrameworks/CrashReporterSupport.framework/Versions/A/CrashReporterSupport
0x00007fff4857a000 	/System/Library/PrivateFrameworks/OSAnalytics.framework/Versions/A/OSAnalytics
0x00007fff78384000 	/usr/lib/libRosetta.dylib
0x00007fff331d7000 	/System/Library/PrivateFrameworks/RemoteServiceDiscovery.framework/Versions/A/RemoteServiceDiscovery
0x00007fff52551000 	/System/Library/PrivateFrameworks/Symbolication.framework/Versions/A/Symbolication
0x00007fff331e7000 	/System/Library/PrivateFrameworks/RemoteXPC.framework/Versions/A/RemoteXPC
0x00007fff396f2000 	/System/Library/PrivateFrameworks/OSAServicesClient.framework/Versions/A/OSAServicesClient
0x00007fff3dfd0000 	/System/Library/PrivateFrameworks/MallocStackLogging.framework/Versions/A/MallocStackLogging
0x00007fff2e438000 	/System/Library/PrivateFrameworks/Sharing.framework/Versions/A/Sharing
0x00007fff32db4000 	/System/Library/PrivateFrameworks/Apple80211.framework/Versions/A/Apple80211
0x00007fff2a567000 	/System/Library/PrivateFrameworks/AuthKit.framework/Versions/A/AuthKit
0x00007fff29ce2000 	/System/Library/PrivateFrameworks/CoreUtils.framework/Versions/A/CoreUtils
0x00007fff29c0f000 	/System/Library/Frameworks/CoreWLAN.framework/Versions/A/CoreWLAN
0x00007fff2e580000 	/System/Library/Frameworks/IOBluetooth.framework/Versions/A/IOBluetooth
0x00007fff32e18000 	/System/Library/PrivateFrameworks/CoreWiFi.framework/Versions/A/CoreWiFi
0x00007fff2dae0000 	/System/Library/PrivateFrameworks/CorePhoneNumbers.framework/Versions/A/CorePhoneNumbers
0x00007fff30ea3000 	/System/Library/PrivateFrameworks/DiskManagement.framework/Versions/A/DiskManagement
0x00007fff30db9000 	/System/Library/PrivateFrameworks/AppleIDAuthSupport.framework/Versions/A/AppleIDAuthSupport
0x00007fff2dabd000 	/System/Library/PrivateFrameworks/KeychainCircle.framework/Versions/A/KeychainCircle
0x00007fff30e6f000 	/System/Library/PrivateFrameworks/MediaKit.framework/Versions/A/MediaKit
0x00007fff30dc6000 	/System/Library/Frameworks/DiscRecording.framework/Versions/A/DiscRecording
0x00007fff2b266000 	/usr/lib/libCoreStorage.dylib
0x00007fff33252000 	/usr/lib/libcsfde.dylib
0x00007fff2e6ba000 	/System/Library/PrivateFrameworks/ProtectedCloudStorage.framework/Versions/A/ProtectedCloudStorage
0x00007fff3324a000 	/System/Library/PrivateFrameworks/EFILogin.framework/Versions/A/EFILogin
0x00007fff3383f000 	/System/Library/Frameworks/AudioUnit.framework/Versions/A/AudioUnit
0x00007fff30d38000 	/System/Library/Frameworks/CoreBluetooth.framework/Versions/A/CoreBluetooth
0x00007fff2b25e000 	/usr/lib/libMatch.1.dylib
0x000000012b2de000 	/usr/lib/libobjc-trampolines.dylib
0x00007fff41bfd000 	/System/Library/Frameworks/Accelerate.framework/Versions/A/Frameworks/vImage.framework/Versions/A/Libraries/libCGInterfaces.dylib
0x00007fff272e3000 	/System/Library/PrivateFrameworks/ViewBridge.framework/Versions/A/ViewBridge
0x00007fff70428000 	/System/Library/PrivateFrameworks/AccessibilityBundles.framework/Versions/A/AccessibilityBundles
0x000000012db9f000 	/Library/Java/JavaVirtualMachines/jdk1.8.0_261.jdk/Contents/Home/jre/lib/libjavafx_font.dylib
0x000000012e1ad000 	/Library/Java/JavaVirtualMachines/jdk1.8.0_261.jdk/Contents/Home/jre/lib/libjavafx_iio.dylib
0x00007fff2ba08000 	/System/Library/PrivateFrameworks/login.framework/Versions/A/login
0x000000012e66d000 	/System/Library/Frameworks/FileProvider.framework/OverrideBundles/CloudDocsFileProvider.bundle/Contents/MacOS/CloudDocsFileProvider
0x00007fff2779f000 	/System/Library/PrivateFrameworks/CloudDocs.framework/Versions/A/CloudDocs
0x00007fff3451a000 	/System/Library/PrivateFrameworks/SpotlightIndex.framework/Versions/A/SpotlightIndex
0x00007fff30da5000 	/System/Library/PrivateFrameworks/PowerLog.framework/Versions/A/PowerLog
0x00007fff24030000 	/System/Library/PrivateFrameworks/SpotlightLinguistics.framework/Versions/A/SpotlightLinguistics
0x000000012e682000 	/System/Library/Frameworks/FileProvider.framework/OverrideBundles/FileProviderOverride.bundle/Contents/MacOS/FileProviderOverride
0x000000012e696000 	/System/Library/Frameworks/FileProvider.framework/OverrideBundles/FinderSyncCollaborationFileProviderOverride.bundle/Contents/MacOS/FinderSyncCollaborationFileProviderOverride
0x00007fff4c625000 	/System/Library/PrivateFrameworks/FinderSyncPriv.framework/Versions/A/FinderSyncPriv
0x00007fff275ff000 	/System/Library/Frameworks/CloudKit.framework/Versions/A/CloudKit
0x00007fff275b8000 	/System/Library/PrivateFrameworks/ApplePushService.framework/Versions/A/ApplePushService
0x00007fff338ef000 	/System/Library/PrivateFrameworks/C2.framework/Versions/A/C2
0x00007fff2851b000 	/System/Library/Frameworks/CoreLocation.framework/Versions/A/CoreLocation
0x00007fff338e9000 	/System/Library/Frameworks/PushKit.framework/Versions/A/PushKit
0x00007fff30533000 	/System/Library/PrivateFrameworks/CoreDaemon.framework/Versions/B/CoreDaemon
0x00007fff3052e000 	/System/Library/PrivateFrameworks/AppleSRP.framework/Versions/A/AppleSRP
0x00007fff31f1e000 	/System/Library/PrivateFrameworks/CoreTime.framework/Versions/A/CoreTime
0x00007fff2e967000 	/System/Library/PrivateFrameworks/GeoServices.framework/Versions/A/GeoServices
0x00007fff2ce30000 	/System/Library/PrivateFrameworks/LocationSupport.framework/Versions/A/LocationSupport
0x00007fff3c2e3000 	/usr/lib/libFosl_dynamic.dylib
0x00007fff4178d000 	/usr/lib/libncurses.5.4.dylib
0x00007fff5ed2c000 	/System/Library/Extensions/AppleIntelKBLGraphicsMTLDriver.bundle/Contents/MacOS/AppleIntelKBLGraphicsMTLDriver
0x00007fff3e004000 	/System/Library/PrivateFrameworks/GPURawCounter.framework/Versions/A/GPURawCounter
0x00007fff6a6e2000 	/System/Library/PrivateFrameworks/GPUCompiler.framework/Versions/31001/Libraries/libmetal_timestamp.dylib
0x0000000130043000 	/Library/Java/JavaVirtualMachines/jdk1.8.0_261.jdk/Contents/Home/jre/lib/libprism_common.dylib
0x00007fff3053f000 	/System/Library/PrivateFrameworks/SystemAdministration.framework/Versions/A/SystemAdministration
0x00007fff2c20b000 	/System/Library/Frameworks/MediaToolbox.framework/Versions/A/MediaToolbox
0x00007fff2fe5e000 	/System/Library/Frameworks/DirectoryService.framework/Versions/A/DirectoryService
0x00007fff330f0000 	/System/Library/PrivateFrameworks/DiskImages.framework/Versions/A/DiskImages
0x00007fff332c4000 	/System/Library/PrivateFrameworks/LoginUIKit.framework/Versions/A/Frameworks/LoginUICore.framework/Versions/A/LoginUICore
0x00007fff2bba2000 	/usr/lib/libodfde.dylib
0x00007fff3134e000 	/System/Library/PrivateFrameworks/CoreAVCHD.framework/Versions/A/CoreAVCHD
0x00007fff30502000 	/System/Library/Frameworks/MediaAccessibility.framework/Versions/A/MediaAccessibility
0x00007fff3134a000 	/System/Library/PrivateFrameworks/Mangrove.framework/Versions/A/Mangrove
0x00007fff3050e000 	/System/Library/PrivateFrameworks/AlgosScoreFramework.framework/Versions/A/AlgosScoreFramework
0x00007fff31d13000 	/System/Library/PrivateFrameworks/AppleVPA.framework/Versions/A/AppleVPA
0x00007fff30f8f000 	/System/Library/PrivateFrameworks/CoreAUC.framework/Versions/A/CoreAUC
0x00007fff3325e000 	/usr/lib/libcurl.4.dylib
0x00007fff32fbe000 	/usr/lib/libcrypto.44.dylib
0x00007fff330c2000 	/usr/lib/libssl.46.dylib
0x00007fff32f84000 	/System/Library/Frameworks/LDAP.framework/Versions/A/LDAP
0x00007fff32fbc000 	/System/Library/PrivateFrameworks/TrustEvaluationAgent.framework/Versions/A/TrustEvaluationAgent
0x00007fff2d0cc000 	/usr/lib/libsasl2.2.dylib
0x0000000134207000 	/Library/Java/JavaVirtualMachines/jdk1.8.0_261.jdk/Contents/Home/jre/lib/libnio.dylib
0x00000001344d9000 	/Library/Java/JavaVirtualMachines/jdk1.8.0_261.jdk/Contents/Home/jre/lib/libmanagement.dylib
0x0000000134508000 	/Library/Java/JavaVirtualMachines/jdk1.8.0_261.jdk/Contents/Home/jre/lib/libsunec.dylib

VM Arguments:
jvm_args: -javaagent:/Users/yairrobledo/Library/Application Support/JetBrains/Toolbox/apps/IDEA-U/ch-0/202.7319.50/IntelliJ IDEA.app/Contents/lib/idea_rt.jar=53550:/Users/yairrobledo/Library/Application Support/JetBrains/Toolbox/apps/IDEA-U/ch-0/202.7319.50/IntelliJ IDEA.app/Contents/bin -Dfile.encoding=UTF-8 
java_command: javafx.stages.MainStage
java_class_path (initial): /Library/Java/JavaVirtualMachines/jdk1.8.0_261.jdk/Contents/Home/jre/lib/charsets.jar:/Library/Java/JavaVirtualMachines/jdk1.8.0_261.jdk/Contents/Home/jre/lib/deploy.jar:/Library/Java/JavaVirtualMachines/jdk1.8.0_261.jdk/Contents/Home/jre/lib/ext/cldrdata.jar:/Library/Java/JavaVirtualMachines/jdk1.8.0_261.jdk/Contents/Home/jre/lib/ext/dnsns.jar:/Library/Java/JavaVirtualMachines/jdk1.8.0_261.jdk/Contents/Home/jre/lib/ext/jaccess.jar:/Library/Java/JavaVirtualMachines/jdk1.8.0_261.jdk/Contents/Home/jre/lib/ext/jfxrt.jar:/Library/Java/JavaVirtualMachines/jdk1.8.0_261.jdk/Contents/Home/jre/lib/ext/localedata.jar:/Library/Java/JavaVirtualMachines/jdk1.8.0_261.jdk/Contents/Home/jre/lib/ext/nashorn.jar:/Library/Java/JavaVirtualMachines/jdk1.8.0_261.jdk/Contents/Home/jre/lib/ext/sunec.jar:/Library/Java/JavaVirtualMachines/jdk1.8.0_261.jdk/Contents/Home/jre/lib/ext/sunjce_provider.jar:/Library/Java/JavaVirtualMachines/jdk1.8.0_261.jdk/Contents/Home/jre/lib/ext/sunpkcs11.jar:/Library/Java/JavaVirtualMachines/jdk1.8.0_261.jdk/Contents/Home/jre/lib/ext/zipfs.jar:/Library/Java/JavaVirtualMachines/jdk1.8.0_261.jdk/Contents/Home/jre/lib/javaws.jar:/Library/Java/JavaVirtualMachines/jdk1.8.0_261.jdk/Contents/Home/jre/lib/jce.jar:/Library/Java/JavaVirtualMachines/jdk1.8.0_261.jdk/Contents/Home/jre/lib/jfr.jar:/Library/Java/JavaVirtualMachines/jdk1.8.0_261.jdk/Contents/Home/jre/lib/jfxswt.jar:/Library/Java/JavaVirtualMachines/jdk1.8.0_261.jdk/Contents/Home/jre/lib/jsse.jar:/Library/Java/JavaVirtualMachines/jdk1.8.0_261.jdk/Contents/Home/jre/lib/management-agent.jar:/Library/Java/JavaVirtualMachines/jdk1.8.0_261.jdk/Contents/Home/jre/lib/plugin.jar:/Library/Java/JavaVirtualMachines/jdk1.8.0_261.jdk/Contents/Home/jre/lib/resources.jar:/Library/Java/JavaVirtualMachines/jdk1.8.0_261.jdk/Contents/Home/jre/lib/rt.jar:/Library/Java/JavaVirtualMachines/jdk1.8.0_261.jdk/Contents/Home/lib/ant-javafx.jar:/Library/Java/JavaVirtualMachines/jdk1.8.0_261.jdk/Contents/Home
Launcher Type: SUN_STANDARD

Environment Variables:
PATH=/Library/Frameworks/Python.framework/Versions/3.8/bin:/usr/local/bin:/usr/bin:/bin:/usr/sbin:/sbin:/opt/X11/bin:/Library/Apple/usr/bin
SHELL=/bin/zsh
DISPLAY=/private/tmp/com.apple.launchd.g62v3IPv9F/org.xquartz:0

Signal Handlers:
SIGSEGV: [libjvm.dylib+0x5a009b], sa_mask[0]=11111111011111110111111111111111, sa_flags=SA_ONSTACK|SA_RESTART|SA_SIGINFO
SIGBUS: [libjvm.dylib+0x5a009b], sa_mask[0]=11111111011111110111111111111111, sa_flags=SA_RESTART|SA_SIGINFO
SIGFPE: [libjvm.dylib+0x490c6d], sa_mask[0]=11111111011111110111111111111111, sa_flags=SA_RESTART|SA_SIGINFO
SIGPIPE: [libjvm.dylib+0x490c6d], sa_mask[0]=11111111011111110111111111111111, sa_flags=SA_RESTART|SA_SIGINFO
SIGXFSZ: [libjvm.dylib+0x490c6d], sa_mask[0]=11111111011111110111111111111111, sa_flags=SA_RESTART|SA_SIGINFO
SIGILL: [libjvm.dylib+0x490c6d], sa_mask[0]=11111111011111110111111111111111, sa_flags=SA_RESTART|SA_SIGINFO
SIGUSR1: SIG_DFL, sa_mask[0]=00000000000000000000000000000000, sa_flags=none
SIGUSR2: [libjvm.dylib+0x491566], sa_mask[0]=00100000000000000000000000000000, sa_flags=SA_RESTART|SA_SIGINFO
SIGHUP: [libjvm.dylib+0x48f775], sa_mask[0]=11111111011111110111111111111111, sa_flags=SA_RESTART|SA_SIGINFO
SIGINT: [libjvm.dylib+0x48f775], sa_mask[0]=11111111011111110111111111111111, sa_flags=SA_RESTART|SA_SIGINFO
SIGTERM: [libjvm.dylib+0x48f775], sa_mask[0]=11111111011111110111111111111111, sa_flags=SA_RESTART|SA_SIGINFO
SIGQUIT: [libjvm.dylib+0x48f775], sa_mask[0]=11111111011111110111111111111111, sa_flags=SA_RESTART|SA_SIGINFO


---------------  S Y S T E M  ---------------

OS:Bsduname:Darwin 20.3.0 Darwin Kernel Version 20.3.0: Thu Jan 21 00:07:06 PST 2021; root:xnu-7195.81.3~1/RELEASE_X86_64 x86_64
rlimit: STACK 8192k, CORE 0k, NPROC 2784, NOFILE 12544, AS infinity
load average:2.88 2.01 1.56

CPU:total 8 (initial active 8) (4 cores per cpu, 2 threads per core) family 6 model 142 stepping 10, cmov, cx8, fxsr, mmx, sse, sse2, sse3, ssse3, sse4.1, sse4.2, popcnt, avx, avx2, aes, clmul, erms, 3dnowpref, lzcnt, ht, tsc, tscinvbit, bmi1, bmi2, adx

Memory: 4k page, physical 16777216k(295784k free)

/proc/meminfo:


vm_info: Java HotSpot(TM) 64-Bit Server VM (25.261-b12) for bsd-amd64 JRE (1.8.0_261-b12), built on Jun 18 2020 06:38:55 by "java_re" with gcc 4.2.1 Compatible Apple LLVM 10.0.0 (clang-1000.11.45.5)

time: Tue Mar  9 12:38:56 2021
timezone: CST
elapsed time: 105 seconds (0d 0h 1m 45s)

