#
# A fatal error has been detected by the Java Runtime Environment:
#
#  SIGSEGV (0xb) at pc=0x0000000104691eea, pid=3538, tid=0x0000000000000103
#
# JRE version: Java(TM) SE Runtime Environment (8.0_261-b12) (build 1.8.0_261-b12)
# Java VM: Java HotSpot(TM) 64-Bit Server VM (25.261-b12 mixed mode bsd-amd64 compressed oops)
# Problematic frame:
# V  [libjvm.dylib+0x337eea]
#
# Failed to write core dump. Core dumps have been disabled. To enable core dumping, try "ulimit -c unlimited" before starting Java again
#
# If you would like to submit a bug report, please visit:
#   http://bugreport.java.com/bugreport/crash.jsp
# The crash happened outside the Java Virtual Machine in native code.
# See problematic frame for where to report the bug.
#

---------------  T H R E A D  ---------------

Current thread (0x00007fe17d0ed800):  JavaThread "JavaFX Application Thread" [_thread_in_native, id=259, stack(0x00007ff7bc2ad000,0x00007ff7bcaad000)]

siginfo: si_signo: 11 (SIGSEGV), si_code: 1 (SEGV_MAPERR), si_addr: 0x0000000000000001

Registers:
RAX=0x00007fe17d0ed800, RBX=0x0000000000000001, RCX=0x0000000104a41830, RDX=0x00007fe17d0ed800
RSP=0x00007ff7bcaa6030, RBP=0x00007ff7bcaa67c0, RSI=0x00007ff7bcaa6720, RDI=0x00000001129b1f20
R8 =0x0000000124726758, R9 =0x000000000000000c, R10=0x00007ff7bcaa6688, R11=0x00007ff7bcaa5f28
R12=0x0000000000000001, R13=0x0000000124726758, R14=0x00007ff7bcaa6680, R15=0x00007fe17d0ed800
RIP=0x0000000104691eea, EFLAGS=0x0000000000010202, ERR=0x0000000000000004
  TRAPNO=0x000000000000000e

Top of Stack: (sp=0x00007ff7bcaa6030)
0x00007ff7bcaa6030:   0000000000000000 00007ff7bcaa6820
0x00007ff7bcaa6040:   0000000112b8aadc 0000000112b897d0
0x00007ff7bcaa6050:   0000000000000000 00000000edcc6243
0x00007ff7bcaa6060:   00007ff7bcaa6820 00007fe17d0ed800
0x00007ff7bcaa6070:   00007ff7bcaa6170 00007ff81c3df059
0x00007ff7bcaa6080:   00000000edcc6121 000000076e6308b8
0x00007ff7bcaa6090:   00000006c040ee50 00000006c0404b00
0x00007ff7bcaa60a0:   0000000700000002 000000076e630930
0x00007ff7bcaa60b0:   00000006c040efb0 4087600000000000
0x00007ff7bcaa60c0:   c0917e760211de76 4075600000000000
0x00007ff7bcaa60d0:   0000000000000000 3ff0000000000000
0x00007ff7bcaa60e0:   0000000000000000 000000076e6308e0
0x00007ff7bcaa60f0:   000000076e630908 00000006c002ade0
0x00007ff7bcaa6100:   000000076e6308b8 00000006c002a9e0
0x00007ff7bcaa6110:   00000000edcc611c 00000001134e6d3c
0x00007ff7bcaa6120:   00000000edcc6121 000000076e6308b8
0x00007ff7bcaa6130:   00006000038186e0 00000006c002b2e0
0x00007ff7bcaa6140:   00007ff85f06b2d0 00007fe17d29b8a8
0x00007ff7bcaa6150:   0000000000000004 00007ff7bcaa6238
0x00007ff7bcaa6160:   00007ff85f06b2f0 0000000000000004
0x00007ff7bcaa6170:   0000000000000020 00007ff81c450cf7
0x00007ff7bcaa6180:   00000000ffffffff 00007ff7bcaa6240
0x00007ff7bcaa6190:   00007ff7bcaa61e0 00007ff7bcaa6234
0x00007ff7bcaa61a0:   00007ff81c44e9e4 00007ff85f065a40
0x00007ff7bcaa61b0:   01017ff7bcaa6227 00007ff7bcaa6234
0x00007ff7bcaa61c0:   00007ff7bcaa6300 00006000038186e0
0x00007ff7bcaa61d0:   0000000000000000 00007ff85f02c678
0x00007ff7bcaa61e0:   00007ff7bcaa62f0 00007ff81c44e3b1
0x00007ff7bcaa61f0:   00000006c002b2e0 00006000038186f0
0x00007ff7bcaa6200:   00007ff7bcaa6300 5cd34f8cafaf3b91
0x00007ff7bcaa6210:   0000000000000000 00007fe180420460
0x00007ff7bcaa6220:   0000000000000000 0000000000000020 

Instructions: (pc=0x0000000104691eea)
0x0000000104691eca:   89 3e e8 d3 64 d9 ff 48 8d 95 58 ff ff ff 48 8d
0x0000000104691eda:   bd c0 fe ff ff 48 89 de 4c 89 e9 e8 44 af f9 ff
0x0000000104691eea:   4c 8b 03 4d 85 c0 74 68 48 8b 85 88 fe ff ff 48
0x0000000104691efa:   8b 80 40 01 00 00 48 63 18 b9 ff ff ff ff 48 85 

Register to memory mapping:

RAX=0x00007fe17d0ed800 is a thread
RBX=0x0000000000000001 is an unknown value
RCX=0x0000000104a41830: _ZTV10Relocation+0x10 in /Library/Java/JavaVirtualMachines/jdk1.8.0_261.jdk/Contents/Home/jre/lib/server/libjvm.dylib at 0x000000010435a000
RDX=0x00007fe17d0ed800 is a thread
RSP=0x00007ff7bcaa6030 is pointing into the stack for thread: 0x00007fe17d0ed800
RBP=0x00007ff7bcaa67c0 is pointing into the stack for thread: 0x00007fe17d0ed800
RSI=0x00007ff7bcaa6720 is pointing into the stack for thread: 0x00007fe17d0ed800
RDI=0x00000001129b1f20 is at code_begin+0 in an AdapterHandler
Adapter for signature: 0x00000001129b1f20 is at code_begin+0 in 
[CodeBlob (0x00000001129b1ed0)]
Framesize: 0
BufferBlob (0x00000001129b1ed0) used for I2C/C2I adapters
R8 ={method} {0x0000000124726758} 'run' '()Ljava/lang/Object;' in 'com/sun/javafx/tk/Toolkit$$Lambda$329'
R9 =0x000000000000000c is an unknown value
R10=0x00007ff7bcaa6688 is pointing into the stack for thread: 0x00007fe17d0ed800
R11=0x00007ff7bcaa5f28 is pointing into the stack for thread: 0x00007fe17d0ed800
R12=0x0000000000000001 is an unknown value
R13={method} {0x0000000124726758} 'run' '()Ljava/lang/Object;' in 'com/sun/javafx/tk/Toolkit$$Lambda$329'
R14=0x00007ff7bcaa6680 is pointing into the stack for thread: 0x00007fe17d0ed800
R15=0x00007fe17d0ed800 is a thread


Stack: [0x00007ff7bc2ad000,0x00007ff7bcaad000],  sp=0x00007ff7bcaa6030,  free space=8164k
Native frames: (J=compiled Java code, j=interpreted, Vv=VM code, C=native code)
V  [libjvm.dylib+0x337eea]
J 2773  java.security.AccessController.doPrivileged(Ljava/security/PrivilegedAction;Ljava/security/AccessControlContext;)Ljava/lang/Object; (0 bytes) @ 0x0000000113266655 [0x0000000113266580+0xd5]
J 7200 C2 com.sun.javafx.tk.Toolkit.firePulse()V (279 bytes) @ 0x0000000112b8aadc [0x0000000112b89b20+0xfbc]
J 3980 C1 com.sun.javafx.tk.quantum.QuantumToolkit.pulse(Z)V (152 bytes) @ 0x00000001136ae1d4 [0x00000001136acc60+0x1574]
J 3894 C1 com.sun.javafx.tk.quantum.QuantumToolkit$$Lambda$41.run()V (8 bytes) @ 0x000000011366645c [0x0000000113666180+0x2dc]
J 7160 C1 com.sun.glass.ui.InvokeLaterDispatcher$Future.run()V (91 bytes) @ 0x0000000113d45e14 [0x0000000113d45d00+0x114]
v  ~StubRoutines::call_stub
V  [libjvm.dylib+0x2d42cd]
V  [libjvm.dylib+0x2fc961]
V  [libjvm.dylib+0x300df2]
C  [libglass.dylib+0x53ac]  -[GlassRunnable run]+0x6c
C  [Foundation+0x81d63]  __NSThreadPerformPerform+0xb3
C  [CoreFoundation+0x8084d]  __CFRUNLOOP_IS_CALLING_OUT_TO_A_SOURCE0_PERFORM_FUNCTION__+0x11
C  [CoreFoundation+0x807b5]  __CFRunLoopDoSource0+0xb4
C  [CoreFoundation+0x80534]  __CFRunLoopDoSources0+0xf2
C  [CoreFoundation+0x7ef6b]  __CFRunLoopRun+0x37d
C  [CoreFoundation+0x7e52d]  CFRunLoopRunSpecific+0x233
C  [HIToolbox+0x2f3e1]  RunCurrentEventLoopInMode+0x124
C  [HIToolbox+0x2f008]  ReceiveNextEventCommon+0x11c
C  [HIToolbox+0x2eed5]  _BlockUntilNextEventMatchingListInModeWithFilter+0x46
C  [AppKit+0x3e8f0]  _DPSNextEvent+0x376
C  [AppKit+0x3cf5c]  -[NSApplication(NSEvent) _nextEventMatchingEventMask:untilDate:inMode:dequeue:]+0x583
C  [AppKit+0x2f359]  -[NSApplication run]+0x24a
C  [libglass.dylib+0x7379]  -[GlassApplication runLoop:]+0x769
C  [Foundation+0x81d63]  __NSThreadPerformPerform+0xb3
C  [CoreFoundation+0x8084d]  __CFRUNLOOP_IS_CALLING_OUT_TO_A_SOURCE0_PERFORM_FUNCTION__+0x11
C  [CoreFoundation+0x807b5]  __CFRunLoopDoSource0+0xb4
C  [CoreFoundation+0x80534]  __CFRunLoopDoSources0+0xf2
C  [CoreFoundation+0x7ef6b]  __CFRunLoopRun+0x37d
C  [CoreFoundation+0x7e52d]  CFRunLoopRunSpecific+0x233
C  [java+0x5312]  CreateExecutionEnvironment+0x37e
C  [java+0x183e]  JLI_Launch+0x75e
C  [java+0x7c79]  main+0x44
C  0x00000001128c04fe
C  0x0000000000000000
C  [java+0x0]  __dso_handle+0x0


---------------  P R O C E S S  ---------------

Java Threads: ( => current thread )
  0x00007fe185b14000 JavaThread "Thread-6" daemon [_thread_in_Java, id=53431, stack(0x0000700007dc7000,0x0000700007ec7000)]
  0x00007fe17d90f800 JavaThread "PulseTimer-CVDisplayLink thread" daemon [_thread_in_native, id=69355, stack(0x0000700006c88000,0x0000700006d08000)]
  0x00007fe185a31000 JavaThread "Okio Watchdog" daemon [_thread_blocked, id=68375, stack(0x0000700008401000,0x0000700008501000)]
  0x00007fe185a30000 JavaThread "OkHttp ConnectionPool" daemon [_thread_blocked, id=83043, stack(0x00007000082fe000,0x00007000083fe000)]
  0x00007fe17b313800 JavaThread "Prism Font Disposer" daemon [_thread_blocked, id=77319, stack(0x0000700007bbe000,0x0000700007cbe000)]
  0x00007fe17c893800 JavaThread "JavaFX-Launcher" [_thread_blocked, id=49411, stack(0x0000700007a38000,0x0000700007b38000)]
=>0x00007fe17d0ed800 JavaThread "JavaFX Application Thread" [_thread_in_native, id=259, stack(0x00007ff7bc2ad000,0x00007ff7bcaad000)]
  0x00007fe17d885800 JavaThread "Thread-1" daemon [_thread_blocked, id=25347, stack(0x00007000077ac000,0x00007000078ac000)]
  0x00007fe17e134800 JavaThread "Attach Listener" daemon [_thread_blocked, id=24591, stack(0x00007000076a9000,0x00007000077a9000)]
  0x00007fe17c093000 JavaThread "QuantumRenderer-0" daemon [_thread_blocked, id=21763, stack(0x00007000075a6000,0x00007000076a6000)]
  0x00007fe17e063800 JavaThread "Service Thread" daemon [_thread_blocked, id=16643, stack(0x00007000073a0000,0x00007000074a0000)]
  0x00007fe17c856000 JavaThread "C1 CompilerThread3" daemon [_thread_blocked, id=15363, stack(0x000070000729d000,0x000070000739d000)]
  0x00007fe17c855000 JavaThread "C2 CompilerThread2" daemon [_thread_blocked, id=16899, stack(0x000070000719a000,0x000070000729a000)]
  0x00007fe17e052800 JavaThread "C2 CompilerThread1" daemon [_thread_blocked, id=17155, stack(0x0000700007097000,0x0000700007197000)]
  0x00007fe17a85e000 JavaThread "C2 CompilerThread0" daemon [_thread_blocked, id=14339, stack(0x0000700006f94000,0x0000700007094000)]
  0x00007fe17a85c800 JavaThread "Monitor Ctrl-Break" daemon [_thread_in_native, id=13827, stack(0x0000700006e91000,0x0000700006f91000)]
  0x00007fe17d80d000 JavaThread "Signal Dispatcher" daemon [_thread_blocked, id=17667, stack(0x0000700006d8e000,0x0000700006e8e000)]
  0x00007fe17c812800 JavaThread "Finalizer" daemon [_thread_blocked, id=12547, stack(0x0000700006b85000,0x0000700006c85000)]
  0x00007fe17e00f000 JavaThread "Reference Handler" daemon [_thread_blocked, id=12035, stack(0x0000700006a82000,0x0000700006b82000)]
  0x00007fe17d009000 JavaThread "main" [_thread_blocked, id=3587, stack(0x0000700006064000,0x0000700006164000)]

Other Threads:
  0x00007fe17c80c000 VMThread [stack: 0x000070000697f000,0x0000700006a7f000] [id=20227]
  0x00007fe17d863800 WatcherThread [stack: 0x00007000074a3000,0x00007000075a3000] [id=15875]

VM state:not at safepoint (normal execution)

VM Mutex/Monitor currently owned by a thread: None

OutOfMemory and StackOverflow Exception counts:
StackOverflowErrors=3

heap address: 0x00000006c0000000, size: 4096 MB, Compressed Oops mode: Zero based, Oop shift amount: 3
Narrow klass base: 0x0000000000000000, Narrow klass shift: 3
Compressed class space size: 1073741824 Address: 0x00000007c0000000

Heap:
 PSYoungGen      total 128512K, used 63317K [0x000000076ab00000, 0x0000000774380000, 0x00000007c0000000)
  eden space 126464K, 48% used [0x000000076ab00000,0x000000076e6e9b98,0x0000000772680000)
  from space 2048K, 96% used [0x0000000772900000,0x0000000772aeba48,0x0000000772b00000)
  to   space 14848K, 0% used [0x0000000773500000,0x0000000773500000,0x0000000774380000)
 ParOldGen       total 167424K, used 20720K [0x00000006c0000000, 0x00000006ca380000, 0x000000076ab00000)
  object space 167424K, 12% used [0x00000006c0000000,0x00000006c143c080,0x00000006ca380000)
 Metaspace       used 36099K, capacity 38278K, committed 38400K, reserved 1083392K
  class space    used 4942K, capacity 5366K, committed 5376K, reserved 1048576K

Card table byte_map: [0x0000000103a3e000,0x000000010423f000] byte_map_base: 0x000000010043e000

Marking Bits: (ParMarkBitMap*) 0x0000000104a82748
 Begin Bits: [0x00000001056bc000, 0x00000001096bc000)
 End Bits:   [0x00000001096bc000, 0x000000010d6bc000)

Polling page: 0x0000000103590000

CodeCache: size=245760Kb used=20171Kb max_used=20363Kb free=225588Kb
 bounds [0x000000011296b000, 0x0000000113d8b000, 0x000000012196b000]
 total_blobs=6938 nmethods=6114 adapters=734
 compilation: enabled

Compilation events (10 events):
Event: 403.476 Thread 0x00007fe17c856000 nmethod 7223 0x000000011351c8d0 code [0x000000011351ca60, 0x000000011351cf08]
Event: 403.477 Thread 0x00007fe17c856000 7224       3       javafx.scene.text.Text$StyleableProperties$6::isSettable (23 bytes)
Event: 403.477 Thread 0x00007fe17c856000 nmethod 7224 0x0000000112af4f90 code [0x0000000112af5100, 0x0000000112af53e8]
Event: 403.478 Thread 0x00007fe17c856000 7225       3       javafx.scene.text.Text$StyleableProperties$8::isSettable (9 bytes)
Event: 403.479 Thread 0x00007fe17c856000 nmethod 7225 0x000000011379f2d0 code [0x000000011379f460, 0x000000011379f908]
Event: 403.479 Thread 0x00007fe17c856000 7226       3       javafx.scene.text.Text$StyleableProperties$8::isSettable (23 bytes)
Event: 403.479 Thread 0x00007fe17c856000 nmethod 7226 0x0000000112b52d10 code [0x0000000112b52e80, 0x0000000112b53168]
Event: 403.569 Thread 0x00007fe17a85e000 7227       4       com.sun.scenario.animation.AbstractMasterTimer$MainLoop::run (61 bytes)
Event: 403.587 Thread 0x00007fe17a85e000 nmethod 7227 0x0000000112bf8950 code [0x0000000112bf8b80, 0x0000000112bf9630]
Event: 403.603 Thread 0x00007fe17c856000 7228       1       javafx.scene.text.Text$TextAttribute::access$2100 (5 bytes)

GC Heap History (10 events):
Event: 25.366 GC heap before
{Heap before GC invocations=5 (full 1):
 PSYoungGen      total 76288K, used 54926K [0x000000076ab00000, 0x0000000771d80000, 0x00000007c0000000)
  eden space 65536K, 70% used [0x000000076ab00000,0x000000076d809dd8,0x000000076eb00000)
  from space 10752K, 81% used [0x000000076eb00000,0x000000076f399a68,0x000000076f580000)
  to   space 10752K, 0% used [0x0000000771300000,0x0000000771300000,0x0000000771d80000)
 ParOldGen       total 104448K, used 8651K [0x00000006c0000000, 0x00000006c6600000, 0x000000076ab00000)
  object space 104448K, 8% used [0x00000006c0000000,0x00000006c0872df0,0x00000006c6600000)
 Metaspace       used 33413K, capacity 35448K, committed 35496K, reserved 1079296K
  class space    used 4679K, capacity 5097K, committed 5120K, reserved 1048576K
Event: 25.376 GC heap after
Heap after GC invocations=5 (full 1):
 PSYoungGen      total 102912K, used 10722K [0x000000076ab00000, 0x0000000771d80000, 0x00000007c0000000)
  eden space 92160K, 0% used [0x000000076ab00000,0x000000076ab00000,0x0000000770500000)
  from space 10752K, 99% used [0x0000000771300000,0x0000000771d78b90,0x0000000771d80000)
  to   space 10752K, 0% used [0x0000000770880000,0x0000000770880000,0x0000000771300000)
 ParOldGen       total 104448K, used 10561K [0x00000006c0000000, 0x00000006c6600000, 0x000000076ab00000)
  object space 104448K, 10% used [0x00000006c0000000,0x00000006c0a50458,0x00000006c6600000)
 Metaspace       used 33413K, capacity 35448K, committed 35496K, reserved 1079296K
  class space    used 4679K, capacity 5097K, committed 5120K, reserved 1048576K
}
Event: 25.376 GC heap before
{Heap before GC invocations=6 (full 2):
 PSYoungGen      total 102912K, used 10722K [0x000000076ab00000, 0x0000000771d80000, 0x00000007c0000000)
  eden space 92160K, 0% used [0x000000076ab00000,0x000000076ab00000,0x0000000770500000)
  from space 10752K, 99% used [0x0000000771300000,0x0000000771d78b90,0x0000000771d80000)
  to   space 10752K, 0% used [0x0000000770880000,0x0000000770880000,0x0000000771300000)
 ParOldGen       total 104448K, used 10561K [0x00000006c0000000, 0x00000006c6600000, 0x000000076ab00000)
  object space 104448K, 10% used [0x00000006c0000000,0x00000006c0a50458,0x00000006c6600000)
 Metaspace       used 33413K, capacity 35448K, committed 35496K, reserved 1079296K
  class space    used 4679K, capacity 5097K, committed 5120K, reserved 1048576K
Event: 25.471 GC heap after
Heap after GC invocations=6 (full 2):
 PSYoungGen      total 102912K, used 0K [0x000000076ab00000, 0x0000000771d80000, 0x00000007c0000000)
  eden space 92160K, 0% used [0x000000076ab00000,0x000000076ab00000,0x0000000770500000)
  from space 10752K, 0% used [0x0000000771300000,0x0000000771300000,0x0000000771d80000)
  to   space 10752K, 0% used [0x0000000770880000,0x0000000770880000,0x0000000771300000)
 ParOldGen       total 167424K, used 20696K [0x00000006c0000000, 0x00000006ca380000, 0x000000076ab00000)
  object space 167424K, 12% used [0x00000006c0000000,0x00000006c1436080,0x00000006ca380000)
 Metaspace       used 33413K, capacity 35448K, committed 35496K, reserved 1079296K
  class space    used 4679K, capacity 5097K, committed 5120K, reserved 1048576K
}
Event: 53.300 GC heap before
{Heap before GC invocations=7 (full 2):
 PSYoungGen      total 102912K, used 92160K [0x000000076ab00000, 0x0000000771d80000, 0x00000007c0000000)
  eden space 92160K, 100% used [0x000000076ab00000,0x0000000770500000,0x0000000770500000)
  from space 10752K, 0% used [0x0000000771300000,0x0000000771300000,0x0000000771d80000)
  to   space 10752K, 0% used [0x0000000770880000,0x0000000770880000,0x0000000771300000)
 ParOldGen       total 167424K, used 20696K [0x00000006c0000000, 0x00000006ca380000, 0x000000076ab00000)
  object space 167424K, 12% used [0x00000006c0000000,0x00000006c1436080,0x00000006ca380000)
 Metaspace       used 35306K, capacity 37418K, committed 37632K, reserved 1081344K
  class space    used 4918K, capacity 5354K, committed 5376K, reserved 1048576K
Event: 53.305 GC heap after
Heap after GC invocations=7 (full 2):
 PSYoungGen      total 106496K, used 2545K [0x000000076ab00000, 0x0000000774600000, 0x00000007c0000000)
  eden space 95744K, 0% used [0x000000076ab00000,0x000000076ab00000,0x0000000770880000)
  from space 10752K, 23% used [0x0000000770880000,0x0000000770afc6d8,0x0000000771300000)
  to   space 14336K, 0% used [0x0000000773800000,0x0000000773800000,0x0000000774600000)
 ParOldGen       total 167424K, used 20704K [0x00000006c0000000, 0x00000006ca380000, 0x000000076ab00000)
  object space 167424K, 12% used [0x00000006c0000000,0x00000006c1438080,0x00000006ca380000)
 Metaspace       used 35306K, capacity 37418K, committed 37632K, reserved 1081344K
  class space    used 4918K, capacity 5354K, committed 5376K, reserved 1048576K
}
Event: 102.754 GC heap before
{Heap before GC invocations=8 (full 2):
 PSYoungGen      total 106496K, used 98289K [0x000000076ab00000, 0x0000000774600000, 0x00000007c0000000)
  eden space 95744K, 100% used [0x000000076ab00000,0x0000000770880000,0x0000000770880000)
  from space 10752K, 23% used [0x0000000770880000,0x0000000770afc6d8,0x0000000771300000)
  to   space 14336K, 0% used [0x0000000773800000,0x0000000773800000,0x0000000774600000)
 ParOldGen       total 167424K, used 20704K [0x00000006c0000000, 0x00000006ca380000, 0x000000076ab00000)
  object space 167424K, 12% used [0x00000006c0000000,0x00000006c1438080,0x00000006ca380000)
 Metaspace       used 35652K, capacity 37850K, committed 37888K, reserved 1081344K
  class space    used 4935K, capacity 5360K, committed 5376K, reserved 1048576K
Event: 102.758 GC heap after
Heap after GC invocations=8 (full 2):
 PSYoungGen      total 143360K, used 1528K [0x000000076ab00000, 0x0000000774600000, 0x00000007c0000000)
  eden space 129024K, 0% used [0x000000076ab00000,0x000000076ab00000,0x0000000772900000)
  from space 14336K, 10% used [0x0000000773800000,0x000000077397e0c0,0x0000000774600000)
  to   space 14848K, 0% used [0x0000000772900000,0x0000000772900000,0x0000000773780000)
 ParOldGen       total 167424K, used 20712K [0x00000006c0000000, 0x00000006ca380000, 0x000000076ab00000)
  object space 167424K, 12% used [0x00000006c0000000,0x00000006c143a080,0x00000006ca380000)
 Metaspace       used 35652K, capacity 37850K, committed 37888K, reserved 1081344K
  class space    used 4935K, capacity 5360K, committed 5376K, reserved 1048576K
}
Event: 144.931 GC heap before
{Heap before GC invocations=9 (full 2):
 PSYoungGen      total 143360K, used 130552K [0x000000076ab00000, 0x0000000774600000, 0x00000007c0000000)
  eden space 129024K, 100% used [0x000000076ab00000,0x0000000772900000,0x0000000772900000)
  from space 14336K, 10% used [0x0000000773800000,0x000000077397e0c0,0x0000000774600000)
  to   space 14848K, 0% used [0x0000000772900000,0x0000000772900000,0x0000000773780000)
 ParOldGen       total 167424K, used 20712K [0x00000006c0000000, 0x00000006ca380000, 0x000000076ab00000)
  object space 167424K, 12% used [0x00000006c0000000,0x00000006c143a080,0x00000006ca380000)
 Metaspace       used 35826K, capacity 37992K, committed 38144K, reserved 1081344K
  class space    used 4936K, capacity 5361K, committed 5376K, reserved 1048576K
Event: 144.934 GC heap after
Heap after GC invocations=9 (full 2):
 PSYoungGen      total 128512K, used 1966K [0x000000076ab00000, 0x0000000774380000, 0x00000007c0000000)
  eden space 126464K, 0% used [0x000000076ab00000,0x000000076ab00000,0x0000000772680000)
  from space 2048K, 96% used [0x0000000772900000,0x0000000772aeba48,0x0000000772b00000)
  to   space 14848K, 0% used [0x0000000773500000,0x0000000773500000,0x0000000774380000)
 ParOldGen       total 167424K, used 20720K [0x00000006c0000000, 0x00000006ca380000, 0x000000076ab00000)
  object space 167424K, 12% used [0x00000006c0000000,0x00000006c143c080,0x00000006ca380000)
 Metaspace       used 35826K, capacity 37992K, committed 38144K, reserved 1081344K
  class space    used 4936K, capacity 5361K, committed 5376K, reserved 1048576K
}

Deoptimization events (10 events):
Event: 397.775 Thread 0x00007fe17c093000 Uncommon trap: reason=bimorphic action=maybe_recompile pc=0x0000000113afd544 method=com.sun.scenario.effect.FilterEffect.filter(Lcom/sun/scenario/effect/FilterContext;Lcom/sun/javafx/geom/transform/BaseTransform;Lcom/sun/javafx/geom/Rectangle;Ljava/lang/O
Event: 397.783 Thread 0x00007fe17c093000 Uncommon trap: reason=unstable_if action=reinterpret pc=0x0000000113bafc14 method=java.util.concurrent.CountDownLatch$Sync.tryReleaseShared(I)Z @ 25
Event: 398.231 Thread 0x00007fe17d0ed800 Uncommon trap: reason=class_check action=maybe_recompile pc=0x0000000113bb6224 method=javafx.beans.property.DoublePropertyBase$Listener.invalidated(Ljavafx/beans/Observable;)V @ 7
Event: 398.731 Thread 0x00007fe17d0ed800 Uncommon trap: reason=class_check action=maybe_recompile pc=0x0000000113bb6224 method=javafx.beans.property.DoublePropertyBase$Listener.invalidated(Ljavafx/beans/Observable;)V @ 7
Event: 399.498 Thread 0x00007fe17c093000 Uncommon trap: reason=class_check action=maybe_recompile pc=0x000000011378e50c method=java.util.concurrent.Executors$RunnableAdapter.call()Ljava/lang/Object; @ 4
Event: 400.704 Thread 0x00007fe17c093000 Uncommon trap: reason=unstable_if action=reinterpret pc=0x0000000112af2be0 method=com.sun.prism.impl.ps.PaintHelper.initGradient(Lcom/sun/prism/paint/Gradient;)I @ 8
Event: 401.504 Thread 0x00007fe17c093000 Uncommon trap: reason=unstable_if action=reinterpret pc=0x0000000113141708 method=com.sun.javafx.sg.prism.NGNode.computeNodeRenderRoot(Lcom/sun/javafx/sg/prism/NodePath;Lcom/sun/javafx/geom/RectBounds;ILcom/sun/javafx/geom/transform/BaseTransform;Lcom/sun
Event: 401.506 Thread 0x00007fe17c093000 Uncommon trap: reason=unstable_if action=reinterpret pc=0x00000001134bc468 method=com.sun.prism.impl.ps.BaseShaderGraphics.renderGeneralRoundedRect(FFFFFFLcom/sun/prism/impl/ps/BaseShaderContext$MaskType;Lcom/sun/prism/BasicStroke;)V @ 79
Event: 401.506 Thread 0x00007fe17c093000 Uncommon trap: reason=unstable_if action=reinterpret pc=0x00000001131cb158 method=com.sun.prism.impl.ps.BaseShaderGraphics.renderGeneralRoundedPgram(FFFFFFFFFFLcom/sun/javafx/geom/transform/BaseTransform;Lcom/sun/prism/impl/ps/BaseShaderContext$MaskType;F
Event: 403.602 Thread 0x00007fe17d0ed800 Uncommon trap: reason=unstable_if action=reinterpret pc=0x0000000113bacc28 method=java.util.concurrent.ThreadPoolExecutor.execute(Ljava/lang/Runnable;)V @ 28

Classes redefined (0 events):
No events

Internal exceptions (10 events):
Event: 165.956 Thread 0x00007fe17d0ed800 Implicit null exception at 0x0000000113b28826 to 0x0000000113b29485
Event: 165.958 Thread 0x00007fe17d0ed800 Implicit null exception at 0x0000000112b60cc0 to 0x0000000112b624c1
Event: 165.958 Thread 0x00007fe17d0ed800 Implicit null exception at 0x0000000113067855 to 0x0000000113068515
Event: 165.958 Thread 0x00007fe17d0ed800 Implicit null exception at 0x0000000113988c0d to 0x000000011398b119
Event: 173.237 Thread 0x00007fe17c093000 Implicit null exception at 0x0000000113ba0756 to 0x0000000113ba0c69
Event: 173.237 Thread 0x00007fe17c093000 Implicit null exception at 0x0000000112c320f8 to 0x0000000112c3265d
Event: 389.341 Thread 0x00007fe17d0ed800 Implicit null exception at 0x000000011370fd0e to 0x000000011370fd75
Event: 403.603 Thread 0x00007fe17d0ed800 Exception <a 'java/lang/StackOverflowError'> (0x000000076e6316f0) thrown at [/jenkins/workspace/8-2-build-macosx-x86_64/jdk8u261/295/hotspot/src/share/vm/runtime/javaCalls.cpp, line 386]
Event: 403.603 Thread 0x00007fe17d0ed800 Exception <a 'java/lang/StackOverflowError'> (0x000000076e631710) thrown at [/jenkins/workspace/8-2-build-macosx-x86_64/jdk8u261/295/hotspot/src/share/vm/runtime/javaCalls.cpp, line 386]
Event: 403.603 Thread 0x00007fe17d0ed800 Exception <a 'java/lang/StackOverflowError'> (0x000000076e631ab8) thrown at [/jenkins/workspace/8-2-build-macosx-x86_64/jdk8u261/295/hotspot/src/share/vm/runtime/javaCalls.cpp, line 386]

Events (10 events):
Event: 403.130 Thread 0x00007fe17c855000 flushing nmethod 0x000000011309ccd0
Event: 403.336 Thread 0x00007fe17d90f800 Thread exited: 0x00007fe17d90f800
Event: 403.450 Thread 0x00007fe17c856000 flushing nmethod 0x000000011325cc10
Event: 403.469 Thread 0x00007fe17d90f800 Thread added: 0x00007fe17d90f800
Event: 403.477 Thread 0x00007fe17c856000 flushing nmethod 0x000000011379f2d0
Event: 403.478 Thread 0x00007fe17c856000 flushing nmethod 0x0000000113962010
Event: 403.602 Thread 0x00007fe17d0ed800 Uncommon trap: trap_request=0xffffff65 fr.pc=0x0000000113bacc28
Event: 403.602 Thread 0x00007fe17d0ed800 DEOPT PACKING pc=0x0000000113bacc28 sp=0x00007ff7bcaa5620
Event: 403.602 Thread 0x00007fe17d0ed800 DEOPT UNPACKING pc=0x00000001129b073a sp=0x00007ff7bcaa5620 mode 2
Event: 403.602 Thread 0x00007fe185b14000 Thread added: 0x00007fe185b14000


Dynamic libraries:
0x00007ff832eed000 	/System/Library/Frameworks/Cocoa.framework/Versions/A/Cocoa
0x00007ff81ed2b000 	/System/Library/Frameworks/AppKit.framework/Versions/C/AppKit
0x00007ff822218000 	/System/Library/Frameworks/CoreData.framework/Versions/A/CoreData
0x00007ff81d146000 	/System/Library/Frameworks/Foundation.framework/Versions/C/Foundation
0x00007ff82708d000 	/usr/lib/libSystem.B.dylib
0x00007ff81fbb8000 	/System/Library/PrivateFrameworks/UIFoundation.framework/Versions/A/UIFoundation
0x00007ff82cec5000 	/System/Library/PrivateFrameworks/RemoteViewServices.framework/Versions/A/RemoteViewServices
0x00007ff825239000 	/System/Library/PrivateFrameworks/XCTTargetBootstrap.framework/Versions/A/XCTTargetBootstrap
0x00007ff828e9c000 	/System/Library/PrivateFrameworks/InternationalSupport.framework/Versions/A/InternationalSupport
0x00007ff828f26000 	/System/Library/PrivateFrameworks/UserActivity.framework/Versions/A/UserActivity
0x00007ff82827c000 	/usr/lib/libspindump.dylib
0x00007ff81fe46000 	/System/Library/Frameworks/UniformTypeIdentifiers.framework/Versions/A/UniformTypeIdentifiers
0x00007ff823978000 	/usr/lib/libapp_launch_measurement.dylib
0x00007ff822be2000 	/System/Library/PrivateFrameworks/CoreAnalytics.framework/Versions/A/CoreAnalytics
0x00007ff82397b000 	/System/Library/PrivateFrameworks/CoreAutoLayout.framework/Versions/A/CoreAutoLayout
0x00007ff824b9a000 	/System/Library/Frameworks/Metal.framework/Versions/A/Metal
0x00007ff8258af000 	/usr/lib/liblangid.dylib
0x00007ff82523d000 	/System/Library/PrivateFrameworks/CoreSVG.framework/Versions/A/CoreSVG
0x00007ff821208000 	/System/Library/PrivateFrameworks/SkyLight.framework/Versions/A/SkyLight
0x00007ff821599000 	/System/Library/Frameworks/CoreGraphics.framework/Versions/A/CoreGraphics
0x00007ff82d530000 	/System/Library/Frameworks/Accelerate.framework/Versions/A/Accelerate
0x00007ff827cf7000 	/System/Library/PrivateFrameworks/IconServices.framework/Versions/A/IconServices
0x00007ff824b7f000 	/System/Library/Frameworks/IOSurface.framework/Versions/A/IOSurface
0x00007ff822c10000 	/usr/lib/libDiagnosticMessagesClient.dylib
0x00007ff826fad000 	/usr/lib/libz.1.dylib
0x00007ff830b8f000 	/System/Library/Frameworks/ApplicationServices.framework/Versions/A/ApplicationServices
0x00007ff825225000 	/System/Library/PrivateFrameworks/DFRFoundation.framework/Versions/A/DFRFoundation
0x00007ff81e61c000 	/usr/lib/libicucore.A.dylib
0x00007ff829bbe000 	/System/Library/Frameworks/AudioToolbox.framework/Versions/A/AudioToolbox
0x00007ff828ea8000 	/System/Library/PrivateFrameworks/DataDetectorsCore.framework/Versions/A/DataDetectorsCore
0x00007ff9246ee000 	/System/Library/PrivateFrameworks/TextInput.framework/Versions/A/TextInput
0x00007ff82118b000 	/usr/lib/libMobileGestalt.dylib
0x00007ff824f2d000 	/System/Library/Frameworks/Carbon.framework/Versions/A/Frameworks/HIToolbox.framework/Versions/A/HIToolbox
0x00007ff8233a6000 	/System/Library/Frameworks/QuartzCore.framework/Versions/A/QuartzCore
0x00007ff81e2bd000 	/System/Library/Frameworks/Security.framework/Versions/A/Security
0x00007ff82cefd000 	/System/Library/Frameworks/Carbon.framework/Versions/A/Frameworks/SpeechRecognition.framework/Versions/A/SpeechRecognition
0x00007ff8236d8000 	/System/Library/PrivateFrameworks/CoreUI.framework/Versions/A/CoreUI
0x00007ff81db97000 	/System/Library/Frameworks/CoreAudio.framework/Versions/A/CoreAudio
0x00007ff822cfe000 	/System/Library/Frameworks/DiskArbitration.framework/Versions/A/DiskArbitration
0x00007ff828663000 	/System/Library/PrivateFrameworks/MultitouchSupport.framework/Versions/A/MultitouchSupport
0x00007ff82118a000 	/usr/lib/libenergytrace.dylib
0x00007ff81ec17000 	/System/Library/Frameworks/IOKit.framework/Versions/A/IOKit
0x00007ff82d2e7000 	/System/Library/Frameworks/CoreServices.framework/Versions/A/CoreServices
0x00007ff823912000 	/System/Library/PrivateFrameworks/PerformanceAnalysis.framework/Versions/A/PerformanceAnalysis
0x00007ffa33caf000 	/System/Library/Frameworks/OpenGL.framework/Versions/A/OpenGL
0x00007ff8265e5000 	/System/Library/PrivateFrameworks/MobileKeyBag.framework/Versions/A/MobileKeyBag
0x00007ff81c107000 	/usr/lib/libobjc.A.dylib
0x00007ff821c65000 	/System/Library/Frameworks/ColorSync.framework/Versions/A/ColorSync
0x00007ff81c2c0000 	/System/Library/Frameworks/CoreFoundation.framework/Versions/A/CoreFoundation
0x00007ff8254b6000 	/System/Library/Frameworks/CoreImage.framework/Versions/A/CoreImage
0x00007ff81d9ad000 	/System/Library/Frameworks/CoreText.framework/Versions/A/CoreText
0x00007ff82526c000 	/System/Library/Frameworks/ImageIO.framework/Versions/A/ImageIO
0x00007ff827093000 	/System/Library/PrivateFrameworks/SoftLinking.framework/Versions/A/SoftLinking
0x00007ff8239c3000 	/usr/lib/libxml2.2.dylib
0x00007ff81c1cd000 	/usr/lib/libc++.1.dylib
0x00007ff827316000 	/usr/lib/libcompression.dylib
0x00007ff828dd2000 	/System/Library/PrivateFrameworks/TextureIO.framework/Versions/A/TextureIO
0x00007ff827a09000 	/usr/lib/libate.dylib
0x00007ff827088000 	/usr/lib/system/libcache.dylib
0x00007ff827044000 	/usr/lib/system/libcommonCrypto.dylib
0x00007ff82706d000 	/usr/lib/system/libcompiler_rt.dylib
0x00007ff827063000 	/usr/lib/system/libcopyfile.dylib
0x00007ff81c001000 	/usr/lib/system/libcorecrypto.dylib
0x00007ff81c0c0000 	/usr/lib/system/libdispatch.dylib
0x00007ff81c27f000 	/usr/lib/system/libdyld.dylib
0x00007ff82707f000 	/usr/lib/system/libkeymgr.dylib
0x00007ff827022000 	/usr/lib/system/libmacho.dylib
0x00007ff8266b9000 	/usr/lib/system/libquarantine.dylib
0x00007ff82707d000 	/usr/lib/system/libremovefile.dylib
0x00007ff8211d7000 	/usr/lib/system/libsystem_asl.dylib
0x00007ff81bfaf000 	/usr/lib/system/libsystem_blocks.dylib
0x00007ff81c144000 	/usr/lib/system/libsystem_c.dylib
0x00007ff827075000 	/usr/lib/system/libsystem_collections.dylib
0x00007ff8258a0000 	/usr/lib/system/libsystem_configuration.dylib
0x00007ff824b62000 	/usr/lib/system/libsystem_containermanager.dylib
0x00007ff826d61000 	/usr/lib/system/libsystem_coreservices.dylib
0x00007ff81e8a5000 	/usr/lib/system/libsystem_darwin.dylib
0x00007ff827080000 	/usr/lib/system/libsystem_dnssd.dylib
0x00007ff81c141000 	/usr/lib/system/libsystem_featureflags.dylib
0x00007ff81c295000 	/usr/lib/system/libsystem_info.dylib
0x00007ff826fc0000 	/usr/lib/system/libsystem_m.dylib
0x00007ff81c094000 	/usr/lib/system/libsystem_malloc.dylib
0x00007ff821174000 	/usr/lib/system/libsystem_networkextension.dylib
0x00007ff81eccd000 	/usr/lib/system/libsystem_notify.dylib
0x00007ff82d1be000 	/usr/lib/system/libsystem_product_info_filter.dylib
0x00007ff8258a4000 	/usr/lib/system/libsystem_sandbox.dylib
0x00007ff82707a000 	/usr/lib/system/libsystem_secinit.dylib
0x00007ff81c23c000 	/usr/lib/system/libsystem_kernel.dylib
0x00007ff81c28b000 	/usr/lib/system/libsystem_platform.dylib
0x00007ff81c273000 	/usr/lib/system/libsystem_pthread.dylib
0x00007ff822a28000 	/usr/lib/system/libsystem_symptoms.dylib
0x00007ff81bfe8000 	/usr/lib/system/libsystem_trace.dylib
0x00007ff827050000 	/usr/lib/system/libunwind.dylib
0x00007ff81bfb1000 	/usr/lib/system/libxpc.dylib
0x00007ff81c226000 	/usr/lib/libc++abi.dylib
0x00007ff82705b000 	/usr/lib/liboah.dylib
0x00007ff8277e7000 	/usr/lib/liblzma.5.dylib
0x00007ff81ce57000 	/System/Library/Frameworks/SystemConfiguration.framework/Versions/A/SystemConfiguration
0x00007ff82708f000 	/usr/lib/libfakelink.dylib
0x00007ff820cde000 	/System/Library/Frameworks/CFNetwork.framework/Versions/A/CFNetwork
0x00007ff8271ce000 	/usr/lib/libarchive.2.dylib
0x00007ff8258ab000 	/System/Library/PrivateFrameworks/AppleSystemInfo.framework/Versions/A/AppleSystemInfo
0x00007ff8266df000 	/usr/lib/libbsm.0.dylib
0x00007ff820315000 	/usr/lib/libnetwork.dylib
0x00007ff827028000 	/usr/lib/system/libkxld.dylib
0x00007ff82630e000 	/System/Library/PrivateFrameworks/IOMobileFramebuffer.framework/Versions/A/IOMobileFramebuffer
0x00007ffb31798000 	/usr/lib/libCoreEntitlements.dylib
0x00007ff826d43000 	/System/Library/PrivateFrameworks/AppleFSCompression.framework/Versions/A/AppleFSCompression
0x00007ff8266c8000 	/usr/lib/libcoretls.dylib
0x00007ff827801000 	/usr/lib/libcoretls_cfhelpers.dylib
0x00007ff827311000 	/usr/lib/libpam.2.dylib
0x00007ff82264a000 	/usr/lib/libsqlite3.dylib
0x00007ff827870000 	/usr/lib/libxar.1.dylib
0x00007ff826d53000 	/usr/lib/libbz2.1.0.dylib
0x00007ff827094000 	/usr/lib/libpcap.A.dylib
0x00007ff822a1f000 	/usr/lib/libdns_services.dylib
0x00007ff8272e0000 	/usr/lib/libapple_nghttp2.dylib
0x00007ff8270cb000 	/usr/lib/libiconv.2.dylib
0x00007ff827021000 	/usr/lib/libcharset.1.dylib
0x00007ff823946000 	/System/Library/Frameworks/CoreServices.framework/Versions/A/Frameworks/FSEvents.framework/Versions/A/FSEvents
0x00007ff81e8af000 	/System/Library/Frameworks/CoreServices.framework/Versions/A/Frameworks/CarbonCore.framework/Versions/A/CarbonCore
0x00007ff822c63000 	/System/Library/Frameworks/CoreServices.framework/Versions/A/Frameworks/Metadata.framework/Versions/A/Metadata
0x00007ff826d66000 	/System/Library/Frameworks/CoreServices.framework/Versions/A/Frameworks/OSServices.framework/Versions/A/OSServices
0x00007ff827254000 	/System/Library/Frameworks/CoreServices.framework/Versions/A/Frameworks/SearchKit.framework/Versions/A/SearchKit
0x00007ff8229b1000 	/System/Library/Frameworks/CoreServices.framework/Versions/A/Frameworks/AE.framework/Versions/A/AE
0x00007ff81c7c3000 	/System/Library/Frameworks/CoreServices.framework/Versions/A/Frameworks/LaunchServices.framework/Versions/A/LaunchServices
0x00007ff827798000 	/System/Library/Frameworks/CoreServices.framework/Versions/A/Frameworks/DictionaryServices.framework/Versions/A/DictionaryServices
0x00007ff823953000 	/System/Library/Frameworks/CoreServices.framework/Versions/A/Frameworks/SharedFileList.framework/Versions/A/SharedFileList
0x00007ff8266bc000 	/usr/lib/libCheckFix.dylib
0x00007ff8211ee000 	/System/Library/PrivateFrameworks/TCC.framework/Versions/A/TCC
0x00007ff8258b1000 	/System/Library/PrivateFrameworks/CoreNLP.framework/Versions/A/CoreNLP
0x00007ff822c13000 	/System/Library/PrivateFrameworks/MetadataUtilities.framework/Versions/A/MetadataUtilities
0x00007ff81cf07000 	/usr/lib/libmecabra.dylib
0x00007ff8266ef000 	/usr/lib/libmecab.dylib
0x00007ff81ced2000 	/usr/lib/libCRFSuite.dylib
0x00007ff82674c000 	/usr/lib/libgermantok.dylib
0x00007ff8272bb000 	/usr/lib/libThaiTokenizer.dylib
0x00007ff822d05000 	/System/Library/Frameworks/Accelerate.framework/Versions/A/Frameworks/vImage.framework/Versions/A/vImage
0x00007ff82d2be000 	/System/Library/Frameworks/Accelerate.framework/Versions/A/Frameworks/vecLib.framework/Versions/A/vecLib
0x00007ff8278b1000 	/System/Library/Frameworks/Accelerate.framework/Versions/A/Frameworks/vecLib.framework/Versions/A/libvMisc.dylib
0x00007ff82612c000 	/System/Library/Frameworks/Accelerate.framework/Versions/A/Frameworks/vecLib.framework/Versions/A/libvDSP.dylib
0x00007ff81cb3b000 	/System/Library/Frameworks/Accelerate.framework/Versions/A/Frameworks/vecLib.framework/Versions/A/libBLAS.dylib
0x00007ff8273f2000 	/System/Library/Frameworks/Accelerate.framework/Versions/A/Frameworks/vecLib.framework/Versions/A/libLAPACK.dylib
0x00007ff82674f000 	/System/Library/Frameworks/Accelerate.framework/Versions/A/Frameworks/vecLib.framework/Versions/A/libLinearAlgebra.dylib
0x00007ff8272f9000 	/System/Library/Frameworks/Accelerate.framework/Versions/A/Frameworks/vecLib.framework/Versions/A/libSparseBLAS.dylib
0x00007ff8273ec000 	/System/Library/Frameworks/Accelerate.framework/Versions/A/Frameworks/vecLib.framework/Versions/A/libQuadrature.dylib
0x00007ff82599b000 	/System/Library/Frameworks/Accelerate.framework/Versions/A/Frameworks/vecLib.framework/Versions/A/libBNNS.dylib
0x00007ff81cde8000 	/System/Library/Frameworks/Accelerate.framework/Versions/A/Frameworks/vecLib.framework/Versions/A/libSparse.dylib
0x00007ff825994000 	/System/Library/PrivateFrameworks/LinguisticData.framework/Versions/A/LinguisticData
0x00007ff81cd9d000 	/System/Library/PrivateFrameworks/Lexicon.framework/Versions/A/Lexicon
0x00007ff8278aa000 	/usr/lib/libChineseTokenizer.dylib
0x00007ff81d501000 	/System/Library/PrivateFrameworks/LanguageModeling.framework/Versions/A/LanguageModeling
0x00007ff8272bd000 	/System/Library/PrivateFrameworks/AppleSauce.framework/Versions/A/AppleSauce
0x00007ff8262fc000 	/System/Library/PrivateFrameworks/CoreEmoji.framework/Versions/A/CoreEmoji
0x00007ff8271bd000 	/usr/lib/libcmph.dylib
0x00007ff82392a000 	/System/Library/Frameworks/OpenDirectory.framework/Versions/A/Frameworks/CFOpenDirectory.framework/Versions/A/CFOpenDirectory
0x00007ff82391e000 	/System/Library/Frameworks/OpenDirectory.framework/Versions/A/OpenDirectory
0x00007ff827803000 	/System/Library/PrivateFrameworks/APFS.framework/Versions/A/APFS
0x00007ff82661d000 	/System/Library/Frameworks/SecurityFoundation.framework/Versions/A/SecurityFoundation
0x00007ff82787e000 	/usr/lib/libutil.dylib
0x00007ff81ebda000 	/System/Library/PrivateFrameworks/CoreServicesStore.framework/Versions/A/CoreServicesStore
0x00007ff827882000 	/usr/lib/libxslt.1.dylib
0x00007ff8266aa000 	/System/Library/PrivateFrameworks/BackgroundTaskManagement.framework/Versions/A/BackgroundTaskManagement
0x00007ff828cf2000 	/System/Library/Frameworks/ImageIO.framework/Versions/A/Resources/libRadiance.dylib
0x00007ff828cfb000 	/System/Library/Frameworks/ImageIO.framework/Versions/A/Resources/libJPEG.dylib
0x00007ff828c4b000 	/System/Library/Frameworks/ImageIO.framework/Versions/A/Resources/libPng.dylib
0x00007ff828c6c000 	/System/Library/Frameworks/ImageIO.framework/Versions/A/Resources/libTIFF.dylib
0x00007ff828d5b000 	/System/Library/Frameworks/ImageIO.framework/Versions/A/Resources/libGIF.dylib
0x00007ff82857c000 	/System/Library/Frameworks/ImageIO.framework/Versions/A/Resources/libJP2.dylib
0x00007ff827cbe000 	/usr/lib/libexpat.1.dylib
0x00007ff828531000 	/System/Library/PrivateFrameworks/AppleJPEG.framework/Versions/A/AppleJPEG
0x00007ff824df4000 	/System/Library/PrivateFrameworks/FontServices.framework/libFontParser.dylib
0x00007ff82295b000 	/System/Library/PrivateFrameworks/RunningBoardServices.framework/Versions/A/RunningBoardServices
0x00007ff83345e000 	/System/Library/PrivateFrameworks/IOSurfaceAccelerator.framework/Versions/A/IOSurfaceAccelerator
0x00007ff82865f000 	/System/Library/PrivateFrameworks/WatchdogClient.framework/Versions/A/WatchdogClient
0x00007ff81d5f0000 	/System/Library/Frameworks/CoreDisplay.framework/Versions/A/CoreDisplay
0x00007ff824cf4000 	/System/Library/Frameworks/CoreMedia.framework/Versions/A/CoreMedia
0x00007ff824b91000 	/System/Library/PrivateFrameworks/IOAccelerator.framework/Versions/A/IOAccelerator
0x00007ff823aa6000 	/System/Library/Frameworks/CoreVideo.framework/Versions/A/CoreVideo
0x00007ff82730f000 	/System/Library/Frameworks/MetalPerformanceShaders.framework/Versions/A/MetalPerformanceShaders
0x00007ff82869a000 	/System/Library/Frameworks/VideoToolbox.framework/Versions/A/VideoToolbox
0x00007ff8228a3000 	/System/Library/PrivateFrameworks/BaseBoard.framework/Versions/A/BaseBoard
0x00007ff822630000 	/System/Library/PrivateFrameworks/ProtocolBuffer.framework/Versions/A/ProtocolBuffer
0x00007ff828ceb000 	/System/Library/PrivateFrameworks/GPUWrangler.framework/Versions/A/GPUWrangler
0x00007ff828cce000 	/System/Library/PrivateFrameworks/IOPresentment.framework/Versions/A/IOPresentment
0x00007ff828cf5000 	/System/Library/PrivateFrameworks/DSExternalDisplay.framework/Versions/A/DSExternalDisplay
0x00007ffa33ca3000 	/System/Library/Frameworks/OpenGL.framework/Versions/A/Libraries/libCoreFSCache.dylib
0x00007ffb1fd97000 	/System/Library/PrivateFrameworks/GPUCompiler.framework/Versions/31001/Libraries/libGPUCompilerUtils.dylib
0x00007ff828d60000 	/System/Library/PrivateFrameworks/CMCaptureCore.framework/Versions/A/CMCaptureCore
0x00007ff82826a000 	/System/Library/PrivateFrameworks/AppServerSupport.framework/Versions/A/AppServerSupport
0x00007ff82a43b000 	/System/Library/PrivateFrameworks/perfdata.framework/Versions/A/perfdata
0x00007ff81d71c000 	/System/Library/PrivateFrameworks/AudioToolboxCore.framework/Versions/A/AudioToolboxCore
0x00007ff824cd1000 	/System/Library/PrivateFrameworks/caulk.framework/Versions/A/caulk
0x00007ff829d68000 	/usr/lib/libAudioStatistics.dylib
0x00007ff920fad000 	/System/Library/PrivateFrameworks/SystemPolicy.framework/Versions/A/SystemPolicy
0x00007ff829fb4000 	/usr/lib/libSMC.dylib
0x00007ff832da0000 	/System/Library/Frameworks/CoreMIDI.framework/Versions/A/CoreMIDI
0x00007ff828c1b000 	/usr/lib/libAudioToolboxUtility.dylib
0x00007ff91d435000 	/System/Library/PrivateFrameworks/OSAServicesClient.framework/Versions/A/OSAServicesClient
0x00007ff82a448000 	/usr/lib/libperfcheck.dylib
0x00007ff921a39000 	/usr/lib/libmis.dylib
0x00007ffa33cff000 	/System/Library/Frameworks/OpenGL.framework/Versions/A/Libraries/libGLU.dylib
0x00007ffa33cc2000 	/System/Library/Frameworks/OpenGL.framework/Versions/A/Libraries/libGFXShared.dylib
0x00007ffa33ed0000 	/System/Library/Frameworks/OpenGL.framework/Versions/A/Libraries/libGL.dylib
0x00007ffa33ccb000 	/System/Library/Frameworks/OpenGL.framework/Versions/A/Libraries/libGLImage.dylib
0x00007ffa33cbf000 	/System/Library/Frameworks/OpenGL.framework/Versions/A/Libraries/libCVMSPluginSupport.dylib
0x00007ffa33caa000 	/System/Library/Frameworks/OpenGL.framework/Versions/A/Libraries/libCoreVMClient.dylib
0x00007ff82582f000 	/System/Library/Frameworks/MetalPerformanceShaders.framework/Versions/A/Frameworks/MPSCore.framework/Versions/A/MPSCore
0x00007ff826cae000 	/System/Library/Frameworks/MetalPerformanceShaders.framework/Versions/A/Frameworks/MPSImage.framework/Versions/A/MPSImage
0x00007ff826765000 	/System/Library/Frameworks/MetalPerformanceShaders.framework/Versions/A/Frameworks/MPSNeuralNetwork.framework/Versions/A/MPSNeuralNetwork
0x00007ff826bda000 	/System/Library/Frameworks/MetalPerformanceShaders.framework/Versions/A/Frameworks/MPSMatrix.framework/Versions/A/MPSMatrix
0x00007ff826996000 	/System/Library/Frameworks/MetalPerformanceShaders.framework/Versions/A/Frameworks/MPSRayIntersector.framework/Versions/A/MPSRayIntersector
0x00007ff826c13000 	/System/Library/Frameworks/MetalPerformanceShaders.framework/Versions/A/Frameworks/MPSNDArray.framework/Versions/A/MPSNDArray
0x00007ffa388a8000 	/System/Library/Frameworks/MetalPerformanceShaders.framework/Versions/A/Frameworks/MPSFunctions.framework/Versions/A/MPSFunctions
0x00007ff81ca1e000 	/System/Library/PrivateFrameworks/MetalTools.framework/Versions/A/MetalTools
0x00007ff8258a9000 	/System/Library/PrivateFrameworks/AggregateDictionary.framework/Versions/A/AggregateDictionary
0x00007ff827aa0000 	/usr/lib/libIOReport.dylib
0x00007ffa352df000 	/System/Library/Frameworks/OpenCL.framework/Versions/A/OpenCL
0x00007ff827e04000 	/System/Library/PrivateFrameworks/FaceCore.framework/Versions/A/FaceCore
0x00007ff827df5000 	/System/Library/PrivateFrameworks/GraphVisualizer.framework/Versions/A/GraphVisualizer
0x00007ffb1fca2000 	/System/Library/PrivateFrameworks/FontServices.framework/Versions/A/FontServices
0x00007ff828221000 	/System/Library/PrivateFrameworks/OTSVG.framework/Versions/A/OTSVG
0x00007ff82368e000 	/System/Library/Frameworks/ApplicationServices.framework/Versions/A/Frameworks/ATS.framework/Versions/A/Resources/libFontRegistry.dylib
0x00007ff828272000 	/System/Library/PrivateFrameworks/FontServices.framework/libhvf.dylib
0x00007ffb1fca3000 	/System/Library/PrivateFrameworks/FontServices.framework/libXTFontStaticRegistryData.dylib
0x00007ff827c6e000 	/System/Library/PrivateFrameworks/AppleVA.framework/Versions/A/AppleVA
0x00007ff829d88000 	/System/Library/Frameworks/ApplicationServices.framework/Versions/A/Frameworks/ATS.framework/Versions/A/ATS
0x00007ff821d61000 	/System/Library/Frameworks/ApplicationServices.framework/Versions/A/Frameworks/HIServices.framework/Versions/A/HIServices
0x00007ff828d6a000 	/System/Library/Frameworks/ApplicationServices.framework/Versions/A/Frameworks/PrintCore.framework/Versions/A/PrintCore
0x00007ff82a107000 	/System/Library/Frameworks/ApplicationServices.framework/Versions/A/Frameworks/QD.framework/Versions/A/QD
0x00007ff82a0ff000 	/System/Library/Frameworks/ApplicationServices.framework/Versions/A/Frameworks/ColorSyncLegacy.framework/Versions/A/ColorSyncLegacy
0x00007ff829d78000 	/System/Library/Frameworks/ApplicationServices.framework/Versions/A/Frameworks/SpeechSynthesis.framework/Versions/A/SpeechSynthesis
0x00007ff828d2b000 	/System/Library/Frameworks/ApplicationServices.framework/Versions/A/Frameworks/ATSUI.framework/Versions/A/ATSUI
0x00007ff82a094000 	/usr/lib/libcups.2.dylib
0x00007ff82a457000 	/System/Library/Frameworks/Kerberos.framework/Versions/A/Kerberos
0x00007ff82a466000 	/System/Library/Frameworks/GSS.framework/Versions/A/GSS
0x00007ff829df4000 	/usr/lib/libresolv.9.dylib
0x00007ff828281000 	/System/Library/PrivateFrameworks/Heimdal.framework/Versions/A/Heimdal
0x00007ff830f0a000 	/System/Library/Frameworks/Kerberos.framework/Versions/A/Libraries/libHeimdalProxy.dylib
0x00007ff822a30000 	/System/Library/Frameworks/Network.framework/Versions/A/Network
0x00007ff827cd8000 	/usr/lib/libheimdal-asn1.dylib
0x00007ff82a4b1000 	/System/Library/PrivateFrameworks/CommonAuth.framework/Versions/A/CommonAuth
0x00007ff829cf9000 	/System/Library/PrivateFrameworks/AudioSession.framework/Versions/A/AudioSession
0x00007ff827d68000 	/System/Library/PrivateFrameworks/MediaExperience.framework/Versions/A/MediaExperience
0x00007ff829b8d000 	/System/Library/PrivateFrameworks/AudioSession.framework/libSessionUtility.dylib
0x00007ff82a113000 	/System/Library/PrivateFrameworks/AudioResourceArbitration.framework/Versions/A/AudioResourceArbitration
0x00007ff827ce1000 	/System/Library/PrivateFrameworks/IconFoundation.framework/Versions/A/IconFoundation
0x00007ff82ceed000 	/System/Library/PrivateFrameworks/SpeechRecognitionCore.framework/Versions/A/SpeechRecognitionCore
0x000000010435a000 	/Library/Java/JavaVirtualMachines/jdk1.8.0_261.jdk/Contents/Home/jre/lib/server/libjvm.dylib
0x00000001035a1000 	/Library/Java/JavaVirtualMachines/jdk1.8.0_261.jdk/Contents/Home/jre/lib/libverify.dylib
0x00000001035e5000 	/Library/Java/JavaVirtualMachines/jdk1.8.0_261.jdk/Contents/Home/jre/lib/libjava.dylib
0x0000000103618000 	/Library/Java/JavaVirtualMachines/jdk1.8.0_261.jdk/Contents/Home/jre/lib/libinstrument.dylib
0x00000001035bf000 	/Library/Java/JavaVirtualMachines/jdk1.8.0_261.jdk/Contents/Home/jre/lib/libzip.dylib
0x00000001106cc000 	/Library/Java/JavaVirtualMachines/jdk1.8.0_261.jdk/Contents/Home/jre/lib/libnet.dylib
0x000000011077c000 	/Library/Java/JavaVirtualMachines/jdk1.8.0_261.jdk/Contents/Home/jre/lib/libprism_es2.dylib
0x00007ff81eb9b000 	/System/Library/PrivateFrameworks/CoreServicesInternal.framework/Versions/A/CoreServicesInternal
0x00007ffa33edb000 	/System/Library/Frameworks/OpenGL.framework/Versions/A/Resources/GLEngine.bundle/GLEngine
0x00007ffa33d3d000 	/System/Library/Frameworks/OpenGL.framework/Versions/A/Libraries/libGLProgrammability.dylib
0x00007ffa28106000 	/System/Library/Extensions/AppleIntelKBLGraphicsGLDriver.bundle/Contents/MacOS/AppleIntelKBLGraphicsGLDriver
0x00007ff92b822000 	/System/Library/PrivateFrameworks/GPUSupport.framework/Versions/A/Libraries/libGPUSupportMercury.dylib
0x00007ffa3406a000 	/System/Library/Frameworks/OpenGL.framework/Versions/A/Resources/GLRendererFloat.bundle/GLRendererFloat
0x0000000110c79000 	/Library/Java/JavaVirtualMachines/jdk1.8.0_261.jdk/Contents/Home/jre/lib/libglass.dylib
0x00007ff82e6be000 	/System/Library/Frameworks/FileProvider.framework/Versions/A/FileProvider
0x00007ff82280f000 	/System/Library/Frameworks/Accounts.framework/Versions/A/Accounts
0x00007ff82e836000 	/System/Library/PrivateFrameworks/GenerationalStorage.framework/Versions/A/GenerationalStorage
0x00007ff82f343000 	/System/Library/PrivateFrameworks/CoreSymbolication.framework/Versions/A/CoreSymbolication
0x00007ff82e0c2000 	/System/Library/PrivateFrameworks/SymptomDiagnosticReporter.framework/Versions/A/SymptomDiagnosticReporter
0x00007ff81fe5a000 	/System/Library/PrivateFrameworks/DesktopServicesPriv.framework/Versions/A/DesktopServicesPriv
0x00007ff81ecdc000 	/usr/lib/libsandbox.1.dylib
0x00007ff823b24000 	/System/Library/PrivateFrameworks/UserManagement.framework/Versions/A/UserManagement
0x00007ff82f308000 	/System/Library/PrivateFrameworks/DebugSymbols.framework/Versions/A/DebugSymbols
0x00007ff82a0f4000 	/System/Library/PrivateFrameworks/NetAuth.framework/Versions/A/NetAuth
0x00007ff82afe0000 	/System/Library/PrivateFrameworks/Sharing.framework/Versions/A/Sharing
0x00007ff823af7000 	/System/Library/PrivateFrameworks/login.framework/Versions/A/Frameworks/loginsupport.framework/Versions/A/loginsupport
0x00007ff830440000 	/System/Library/PrivateFrameworks/Apple80211.framework/Versions/A/Apple80211
0x00007ff826d93000 	/System/Library/PrivateFrameworks/AuthKit.framework/Versions/A/AuthKit
0x00007ff8263f2000 	/System/Library/PrivateFrameworks/CoreUtils.framework/Versions/A/CoreUtils
0x00007ff826319000 	/System/Library/Frameworks/CoreWLAN.framework/Versions/A/CoreWLAN
0x00007ff82b13b000 	/System/Library/Frameworks/IOBluetooth.framework/Versions/A/IOBluetooth
0x00007ff8304a8000 	/System/Library/PrivateFrameworks/CoreWiFi.framework/Versions/A/CoreWiFi
0x00007ff82eedd000 	/System/Library/PrivateFrameworks/FrontBoardServices.framework/Versions/A/FrontBoardServices
0x00007ff82ef6f000 	/System/Library/PrivateFrameworks/BoardServices.framework/Versions/A/BoardServices
0x00007ff82660c000 	/System/Library/PrivateFrameworks/AssertionServices.framework/Versions/A/AssertionServices
0x00007ff83062c000 	/System/Library/PrivateFrameworks/BackBoardServices.framework/Versions/A/BackBoardServices
0x00007ff82a540000 	/System/Library/PrivateFrameworks/CorePhoneNumbers.framework/Versions/A/CorePhoneNumbers
0x00007ff82e1df000 	/System/Library/PrivateFrameworks/DiskManagement.framework/Versions/A/DiskManagement
0x00007ff82e0f3000 	/System/Library/PrivateFrameworks/AppleIDAuthSupport.framework/Versions/A/AppleIDAuthSupport
0x00007ffa3a80e000 	/System/Library/PrivateFrameworks/AAAFoundation.framework/Versions/A/AAAFoundation
0x00007ff82a521000 	/System/Library/PrivateFrameworks/KeychainCircle.framework/Versions/A/KeychainCircle
0x00007ff82e1ab000 	/System/Library/PrivateFrameworks/MediaKit.framework/Versions/A/MediaKit
0x00007ff82e0ff000 	/System/Library/Frameworks/DiscRecording.framework/Versions/A/DiscRecording
0x00007ff827be6000 	/usr/lib/libCoreStorage.dylib
0x00007ff830919000 	/usr/lib/libcsfde.dylib
0x00007ff82b208000 	/System/Library/PrivateFrameworks/ProtectedCloudStorage.framework/Versions/A/ProtectedCloudStorage
0x00007ff830915000 	/System/Library/PrivateFrameworks/EFILogin.framework/Versions/A/EFILogin
0x00007ff82e85c000 	/System/Library/PrivateFrameworks/OctagonTrust.framework/Versions/A/OctagonTrust
0x00007ffb1efdc000 	/System/Library/PrivateFrameworks/CoreUtilsExtras.framework/Versions/A/CoreUtilsExtras
0x00007ff82e032000 	/System/Library/Frameworks/CoreBluetooth.framework/Versions/A/CoreBluetooth
0x00007ff830f8f000 	/System/Library/Frameworks/AudioUnit.framework/Versions/A/AudioUnit
0x00007ff827bde000 	/usr/lib/libMatch.1.dylib
0x00007ff925e0c000 	/System/Library/Frameworks/Accelerate.framework/Versions/A/Frameworks/vImage.framework/Versions/A/Libraries/libCGInterfaces.dylib
0x00000001126fc000 	/usr/lib/libobjc-trampolines.dylib
0x00007ff82381e000 	/System/Library/PrivateFrameworks/ViewBridge.framework/Versions/A/ViewBridge
0x00007ffb318a6000 	/usr/lib/libRosetta.dylib
0x0000000123d89000 	/Library/Java/JavaVirtualMachines/jdk1.8.0_261.jdk/Contents/Home/jre/lib/libjavafx_font.dylib
0x00000001243e2000 	/Library/Java/JavaVirtualMachines/jdk1.8.0_261.jdk/Contents/Home/jre/lib/libjavafx_iio.dylib
0x00007ff82833b000 	/System/Library/PrivateFrameworks/login.framework/Versions/A/login
0x000000012487e000 	/System/Library/Frameworks/FileProvider.framework/OverrideBundles/CloudDocsFileProvider.bundle/Contents/MacOS/CloudDocsFileProvider
0x00007ff823d1f000 	/System/Library/PrivateFrameworks/CloudDocs.framework/Versions/A/CloudDocs
0x00007ff830c37000 	/System/Library/PrivateFrameworks/AppleAccount.framework/Versions/A/AppleAccount
0x00007ff82b1ef000 	/System/Library/PrivateFrameworks/AppContainer.framework/Versions/A/AppContainer
0x00007ff82acb3000 	/System/Library/PrivateFrameworks/IDS.framework/Versions/A/IDS
0x00007ff830d8c000 	/System/Library/PrivateFrameworks/AppleIDSSOAuthentication.framework/Versions/A/AppleIDSSOAuthentication
0x00007ff823afa000 	/System/Library/PrivateFrameworks/ApplePushService.framework/Versions/A/ApplePushService
0x00007ff830999000 	/System/Library/PrivateFrameworks/AppSupport.framework/Versions/A/AppSupport
0x00007ff829af1000 	/System/Library/PrivateFrameworks/IMFoundation.framework/Versions/A/IMFoundation
0x00007ff91cc78000 	/System/Library/PrivateFrameworks/Marco.framework/Versions/A/Marco
0x00007ff82ae26000 	/System/Library/PrivateFrameworks/IDSFoundation.framework/Versions/A/IDSFoundation
0x00007ff82288b000 	/System/Library/PrivateFrameworks/CommonUtilities.framework/Versions/A/CommonUtilities
0x00007ff921659000 	/System/Library/PrivateFrameworks/FTServices.framework/Versions/A/FTServices
0x00007ff834762000 	/System/Library/PrivateFrameworks/Engram.framework/Versions/A/Engram
0x00007ff834709000 	/usr/lib/libtidy.A.dylib
0x00007ff8284ed000 	/System/Library/PrivateFrameworks/Bom.framework/Versions/A/Bom
0x00007ff827aa8000 	/System/Library/PrivateFrameworks/CrashReporterSupport.framework/Versions/A/CrashReporterSupport
0x00007ff92b5eb000 	/System/Library/PrivateFrameworks/FTAWD.framework/Versions/A/FTAWD
0x00007ff92d6d1000 	/System/Library/PrivateFrameworks/OSAnalytics.framework/Versions/A/OSAnalytics
0x00007ff938787000 	/System/Library/PrivateFrameworks/Symbolication.framework/Versions/A/Symbolication
0x00007ff921a16000 	/System/Library/PrivateFrameworks/MallocStackLogging.framework/Versions/A/MallocStackLogging
0x00007ff82d5a8000 	/System/Library/PrivateFrameworks/CoreDaemon.framework/Versions/B/CoreDaemon
0x00007ff82d5a3000 	/System/Library/PrivateFrameworks/AppleSRP.framework/Versions/A/AppleSRP
0x00007ff8266b4000 	/System/Library/Frameworks/ServiceManagement.framework/Versions/A/ServiceManagement
0x00007ff82b204000 	/System/Library/PrivateFrameworks/SecCodeWrapper.framework/Versions/A/SecCodeWrapper
0x000000012485c000 	/System/Library/Frameworks/FileProvider.framework/OverrideBundles/FileProviderOverride.bundle/Contents/MacOS/FileProviderOverride
0x00007ff91fa33000 	/usr/lib/libFosl_dynamic.dylib
0x00007ff9256e2000 	/usr/lib/libncurses.5.4.dylib
0x0000000124911000 	/System/Library/Frameworks/FileProvider.framework/OverrideBundles/FinderSyncCollaborationFileProviderOverride.bundle/Contents/MacOS/FinderSyncCollaborationFileProviderOverride
0x00007ff931ec0000 	/System/Library/PrivateFrameworks/FinderSyncPriv.framework/Versions/A/FinderSyncPriv
0x00007ffa26302000 	/System/Library/Extensions/AppleIntelKBLGraphicsMTLDriver.bundle/Contents/MacOS/AppleIntelKBLGraphicsMTLDriver
0x00007ff921a54000 	/System/Library/PrivateFrameworks/GPURawCounter.framework/Versions/A/GPURawCounter
0x00007ff823b4a000 	/System/Library/Frameworks/CloudKit.framework/Versions/A/CloudKit
0x00007ff83103c000 	/System/Library/PrivateFrameworks/C2.framework/Versions/A/C2
0x00007ff824ac0000 	/System/Library/Frameworks/CoreLocation.framework/Versions/A/CoreLocation
0x00007ff831034000 	/System/Library/Frameworks/PushKit.framework/Versions/A/PushKit
0x00007ff82f3f9000 	/System/Library/PrivateFrameworks/CoreTime.framework/Versions/A/CoreTime
0x00007ff832b1d000 	/System/Library/PrivateFrameworks/RTCReporting.framework/Versions/A/RTCReporting
0x00007ff82b4cd000 	/System/Library/PrivateFrameworks/GeoServices.framework/Versions/A/GeoServices
0x00007ff829b64000 	/System/Library/PrivateFrameworks/LocationSupport.framework/Versions/A/LocationSupport
0x00007ffb2048c000 	/System/Library/PrivateFrameworks/GeoServicesCore.framework/Versions/A/GeoServicesCore
0x00007ff91d471000 	/System/Library/PrivateFrameworks/PhoneNumbers.framework/Versions/A/PhoneNumbers
0x00007ff83089e000 	/System/Library/PrivateFrameworks/RemoteServiceDiscovery.framework/Versions/A/RemoteServiceDiscovery
0x0000000125f49000 	/Library/Java/JavaVirtualMachines/jdk1.8.0_261.jdk/Contents/Home/jre/lib/libprism_common.dylib
0x00007ffa3aec4000 	/System/Library/PrivateFrameworks/AccessibilityBundles.framework/Versions/A/AccessibilityBundles
0x0000000125d42000 	/Library/Java/JavaVirtualMachines/jdk1.8.0_261.jdk/Contents/Home/jre/lib/libnio.dylib
0x0000000127b97000 	/Library/Java/JavaVirtualMachines/jdk1.8.0_261.jdk/Contents/Home/jre/lib/libmanagement.dylib
0x0000000127e78000 	/Library/Java/JavaVirtualMachines/jdk1.8.0_261.jdk/Contents/Home/jre/lib/libsunec.dylib
0x00007ff928540000 	/System/Library/CoreServices/RawCamera.bundle/Contents/MacOS/RawCamera
0x00007ff82a4c1000 	/System/Library/PrivateFrameworks/MobileAsset.framework/Versions/A/MobileAsset
0x00007ff830fb6000 	/System/Library/PrivateFrameworks/StreamingZip.framework/Versions/A/StreamingZip
0x00007ffb1c444000 	/System/Library/PrivateFrameworks/CMPhoto.framework/Versions/A/CMPhoto
0x00007ff82f1de000 	/System/Library/PrivateFrameworks/AppleVPA.framework/Versions/A/AppleVPA
0x00007ff828f92000 	/System/Library/Frameworks/MediaToolbox.framework/Versions/A/MediaToolbox
0x00007ff82e68e000 	/System/Library/PrivateFrameworks/CoreAVCHD.framework/Versions/A/CoreAVCHD
0x00007ff82d578000 	/System/Library/Frameworks/MediaAccessibility.framework/Versions/A/MediaAccessibility
0x00007ff82e68a000 	/System/Library/PrivateFrameworks/Mangrove.framework/Versions/A/Mangrove
0x00007ff82d583000 	/System/Library/PrivateFrameworks/AlgosScoreFramework.framework/Versions/A/AlgosScoreFramework
0x00007ff82e2cf000 	/System/Library/PrivateFrameworks/CoreAUC.framework/Versions/A/CoreAUC

VM Arguments:
jvm_args: -javaagent:/Users/yairrobledo/Library/Application Support/JetBrains/Toolbox/apps/IDEA-U/ch-0/202.7319.50/IntelliJ IDEA.app/Contents/lib/idea_rt.jar=52783:/Users/yairrobledo/Library/Application Support/JetBrains/Toolbox/apps/IDEA-U/ch-0/202.7319.50/IntelliJ IDEA.app/Contents/bin -Dfile.encoding=UTF-8 
java_command: javafx.stages.MainStage
java_class_path (initial): /Library/Java/JavaVirtualMachines/jdk1.8.0_261.jdk/Contents/Home/jre/lib/charsets.jar:/Library/Java/JavaVirtualMachines/jdk1.8.0_261.jdk/Contents/Home/jre/lib/deploy.jar:/Library/Java/JavaVirtualMachines/jdk1.8.0_261.jdk/Contents/Home/jre/lib/ext/cldrdata.jar:/Library/Java/JavaVirtualMachines/jdk1.8.0_261.jdk/Contents/Home/jre/lib/ext/dnsns.jar:/Library/Java/JavaVirtualMachines/jdk1.8.0_261.jdk/Contents/Home/jre/lib/ext/jaccess.jar:/Library/Java/JavaVirtualMachines/jdk1.8.0_261.jdk/Contents/Home/jre/lib/ext/jfxrt.jar:/Library/Java/JavaVirtualMachines/jdk1.8.0_261.jdk/Contents/Home/jre/lib/ext/localedata.jar:/Library/Java/JavaVirtualMachines/jdk1.8.0_261.jdk/Contents/Home/jre/lib/ext/nashorn.jar:/Library/Java/JavaVirtualMachines/jdk1.8.0_261.jdk/Contents/Home/jre/lib/ext/sunec.jar:/Library/Java/JavaVirtualMachines/jdk1.8.0_261.jdk/Contents/Home/jre/lib/ext/sunjce_provider.jar:/Library/Java/JavaVirtualMachines/jdk1.8.0_261.jdk/Contents/Home/jre/lib/ext/sunpkcs11.jar:/Library/Java/JavaVirtualMachines/jdk1.8.0_261.jdk/Contents/Home/jre/lib/ext/zipfs.jar:/Library/Java/JavaVirtualMachines/jdk1.8.0_261.jdk/Contents/Home/jre/lib/javaws.jar:/Library/Java/JavaVirtualMachines/jdk1.8.0_261.jdk/Contents/Home/jre/lib/jce.jar:/Library/Java/JavaVirtualMachines/jdk1.8.0_261.jdk/Contents/Home/jre/lib/jfr.jar:/Library/Java/JavaVirtualMachines/jdk1.8.0_261.jdk/Contents/Home/jre/lib/jfxswt.jar:/Library/Java/JavaVirtualMachines/jdk1.8.0_261.jdk/Contents/Home/jre/lib/jsse.jar:/Library/Java/JavaVirtualMachines/jdk1.8.0_261.jdk/Contents/Home/jre/lib/management-agent.jar:/Library/Java/JavaVirtualMachines/jdk1.8.0_261.jdk/Contents/Home/jre/lib/plugin.jar:/Library/Java/JavaVirtualMachines/jdk1.8.0_261.jdk/Contents/Home/jre/lib/resources.jar:/Library/Java/JavaVirtualMachines/jdk1.8.0_261.jdk/Contents/Home/jre/lib/rt.jar:/Library/Java/JavaVirtualMachines/jdk1.8.0_261.jdk/Contents/Home/lib/ant-javafx.jar:/Library/Java/JavaVirtualMachines/jdk1.8.0_261.jdk/Contents/Home
Launcher Type: SUN_STANDARD

Environment Variables:
PATH=/Library/Frameworks/Python.framework/Versions/3.8/bin:/usr/local/bin:/usr/bin:/bin:/usr/sbin:/sbin:/opt/X11/bin:/Library/Apple/usr/bin
SHELL=/bin/zsh

Signal Handlers:
SIGSEGV: [libjvm.dylib+0x5a009b], sa_mask[0]=11111111011111110111111111111111, sa_flags=SA_ONSTACK|SA_RESTART|SA_SIGINFO
SIGBUS: [libjvm.dylib+0x5a009b], sa_mask[0]=11111111011111110111111111111111, sa_flags=SA_RESTART|SA_SIGINFO
SIGFPE: [libjvm.dylib+0x490c6d], sa_mask[0]=11111111011111110111111111111111, sa_flags=SA_RESTART|SA_SIGINFO
SIGPIPE: [libjvm.dylib+0x490c6d], sa_mask[0]=11111111011111110111111111111111, sa_flags=SA_RESTART|SA_SIGINFO
SIGXFSZ: [libjvm.dylib+0x490c6d], sa_mask[0]=11111111011111110111111111111111, sa_flags=SA_RESTART|SA_SIGINFO
SIGILL: [libjvm.dylib+0x490c6d], sa_mask[0]=11111111011111110111111111111111, sa_flags=SA_RESTART|SA_SIGINFO
SIGUSR1: SIG_DFL, sa_mask[0]=00000000000000000000000000000000, sa_flags=none
SIGUSR2: [libjvm.dylib+0x491566], sa_mask[0]=00100000000000000000000000000000, sa_flags=SA_RESTART|SA_SIGINFO
SIGHUP: [libjvm.dylib+0x48f775], sa_mask[0]=11111111011111110111111111111111, sa_flags=SA_RESTART|SA_SIGINFO
SIGINT: [libjvm.dylib+0x48f775], sa_mask[0]=11111111011111110111111111111111, sa_flags=SA_RESTART|SA_SIGINFO
SIGTERM: [libjvm.dylib+0x48f775], sa_mask[0]=11111111011111110111111111111111, sa_flags=SA_RESTART|SA_SIGINFO
SIGQUIT: [libjvm.dylib+0x48f775], sa_mask[0]=11111111011111110111111111111111, sa_flags=SA_RESTART|SA_SIGINFO


---------------  S Y S T E M  ---------------

OS:Bsduname:Darwin 21.1.0 Darwin Kernel Version 21.1.0: Wed Oct 13 17:33:23 PDT 2021; root:xnu-8019.41.5~1/RELEASE_X86_64 x86_64
rlimit: STACK 8192k, CORE 0k, NPROC 2784, NOFILE 12544, AS infinity
load average:1.77 2.89 3.03

CPU:total 8 (initial active 8) (4 cores per cpu, 2 threads per core) family 6 model 142 stepping 10, cmov, cx8, fxsr, mmx, sse, sse2, sse3, ssse3, sse4.1, sse4.2, popcnt, avx, avx2, aes, clmul, erms, 3dnowpref, lzcnt, ht, tsc, tscinvbit, bmi1, bmi2, adx

Memory: 4k page, physical 16777216k(42896k free)

/proc/meminfo:


vm_info: Java HotSpot(TM) 64-Bit Server VM (25.261-b12) for bsd-amd64 JRE (1.8.0_261-b12), built on Jun 18 2020 06:38:55 by "java_re" with gcc 4.2.1 Compatible Apple LLVM 10.0.0 (clang-1000.11.45.5)

time: Tue Nov 16 08:42:59 2021
timezone: CST
elapsed time: 403 seconds (0d 0h 6m 43s)

