#
# There is insufficient memory for the Java Runtime Environment to continue.
# Native memory allocation (malloc) failed to allocate 2149616 bytes for Chunk::new
# Possible reasons:
#   The system is out of physical RAM or swap space
#   In 32 bit mode, the process size limit was hit
# Possible solutions:
#   Reduce memory load on the system
#   Increase physical memory or swap space
#   Check if swap backing store is full
#   Use 64 bit Java on a 64 bit OS
#   Decrease Java heap size (-Xmx/-Xms)
#   Decrease number of Java threads
#   Decrease Java thread stack sizes (-Xss)
#   Set larger code cache with -XX:ReservedCodeCacheSize=
# This output file may be truncated or incomplete.
#
#  Out of Memory Error (allocation.cpp:390), pid=2576, tid=0x0000000000000a84
#
# JRE version: Java(TM) SE Runtime Environment (8.0_171-b11) (build 1.8.0_171-b11)
# Java VM: Java HotSpot(TM) 64-Bit Server VM (25.171-b11 mixed mode windows-amd64 compressed oops)
# Failed to write core dump. Minidumps are not enabled by default on client versions of Windows
#

---------------  T H R E A D  ---------------

Current thread (0x000000001918a000):  JavaThread "C2 CompilerThread1" daemon [_thread_in_native, id=2692, stack(0x0000000019520000,0x0000000019620000)]

Stack: [0x0000000019520000,0x0000000019620000]
[error occurred during error reporting (printing stack bounds), id 0xc0000005]

Native frames: (J=compiled Java code, j=interpreted, Vv=VM code, C=native code)


Current CompileTask:
C2:15701620 9300   !   4       javafx.scene.CssStyleHelper::transitionToState (1075 bytes)


---------------  P R O C E S S  ---------------

Java Threads: ( => current thread )
  0x000000001e9f1000 JavaThread "Exec Stream Pumper" daemon [_thread_in_native, id=11484, stack(0x0000000023570000,0x0000000023670000)]
  0x000000001e9f0800 JavaThread "Exec Stream Pumper" daemon [_thread_in_native, id=3132, stack(0x000000001fbb0000,0x000000001fcb0000)]
  0x000000001e9f7000 JavaThread "Exec Default Executor" daemon [_thread_in_native, id=11816, stack(0x000000001a730000,0x000000001a830000)]
  0x000000001ea7d800 JavaThread "Prism Font Disposer" daemon [_thread_blocked, id=2200, stack(0x000000001fcc0000,0x000000001fdc0000)]
  0x0000000019c57000 JavaThread "JavaFX-Launcher" [_thread_blocked, id=12192, stack(0x000000001cd40000,0x000000001ce40000)]
  0x0000000019c56000 JavaThread "Thread-2" daemon [_thread_in_native, id=12264, stack(0x000000001cc40000,0x000000001cd40000)]
  0x0000000019c20000 JavaThread "JavaFX Application Thread" [_thread_in_native, id=10828, stack(0x000000001a9f0000,0x000000001aaf0000)]
  0x0000000019bff800 JavaThread "Thread-1" daemon [_thread_blocked, id=5992, stack(0x000000001a8f0000,0x000000001a9f0000)]
  0x0000000019bab000 JavaThread "QuantumRenderer-0" daemon [_thread_in_native, id=6608, stack(0x000000001a2a0000,0x000000001a3a0000)]
  0x000000001923c000 JavaThread "Service Thread" daemon [_thread_blocked, id=4660, stack(0x0000000019720000,0x0000000019820000)]
  0x0000000019227000 JavaThread "C1 CompilerThread2" daemon [_thread_blocked, id=4852, stack(0x0000000019620000,0x0000000019720000)]
=>0x000000001918a000 JavaThread "C2 CompilerThread1" daemon [_thread_in_native, id=2692, stack(0x0000000019520000,0x0000000019620000)]
  0x0000000019187000 JavaThread "C2 CompilerThread0" daemon [_thread_blocked, id=2276, stack(0x0000000019420000,0x0000000019520000)]
  0x00000000191d2800 JavaThread "Monitor Ctrl-Break" daemon [_thread_in_native, id=12104, stack(0x0000000019320000,0x0000000019420000)]
  0x0000000017881800 JavaThread "Attach Listener" daemon [_thread_blocked, id=3884, stack(0x0000000018e20000,0x0000000018f20000)]
  0x0000000017880800 JavaThread "Signal Dispatcher" daemon [_thread_blocked, id=11792, stack(0x0000000018d20000,0x0000000018e20000)]
  0x0000000017860000 JavaThread "Finalizer" daemon [_thread_blocked, id=1708, stack(0x0000000018b00000,0x0000000018c00000)]
  0x0000000017839000 JavaThread "Reference Handler" daemon [_thread_blocked, id=1140, stack(0x0000000018a00000,0x0000000018b00000)]
  0x0000000002b76800 JavaThread "main" [_thread_blocked, id=4068, stack(0x00000000028e0000,0x00000000029e0000)]

Other Threads:
  0x0000000017837800 VMThread [stack: 0x0000000018900000,0x0000000018a00000] [id=4680]
  0x00000000192da800 WatcherThread [stack: 0x0000000019820000,0x0000000019920000] [id=11864]

VM state:not at safepoint (normal execution)

VM Mutex/Monitor currently owned by a thread: None

Heap:
 PSYoungGen      total 34304K, used 16992K [0x00000000d5600000, 0x00000000d7880000, 0x0000000100000000)
  eden space 33792K, 49% used [0x00000000d5600000,0x00000000d66703a0,0x00000000d7700000)
  from space 512K, 31% used [0x00000000d7800000,0x00000000d7828000,0x00000000d7880000)
  to   space 512K, 0% used [0x00000000d7780000,0x00000000d7780000,0x00000000d7800000)
 ParOldGen       total 99840K, used 22041K [0x0000000080200000, 0x0000000086380000, 0x00000000d5600000)
  object space 99840K, 22% used [0x0000000080200000,0x00000000817867c8,0x0000000086380000)
 Metaspace       used 40008K, capacity 42176K, committed 42368K, reserved 1085440K
  class space    used 5250K, capacity 5677K, committed 5760K, reserved 1048576K

Card table byte_map: [0x0000000012030000,0x0000000012430000] byte_map_base: 0x0000000011c2f000

Marking Bits: (ParMarkBitMap*) 0x00000000738308c0
 Begin Bits: [0x0000000012ae0000, 0x0000000014ad8000)
 End Bits:   [0x0000000014ad8000, 0x0000000016ad0000)

Polling page: 0x00000000005f0000

CodeCache: size=245760Kb used=23863Kb max_used=23905Kb free=221897Kb
 bounds [0x0000000002c70000, 0x0000000004400000, 0x0000000011c70000]
 total_blobs=8313 nmethods=7480 adapters=745
 compilation: enabled

Compilation events (10 events):
Event: 15665.588 Thread 0x0000000019227000 nmethod 9295 0x00000000043ad950 code [0x00000000043adaa0, 0x00000000043adbd0]
Event: 15666.840 Thread 0x0000000019227000 9296       3       com.sun.scenario.effect.Effect::getNumInputs (10 bytes)
Event: 15666.841 Thread 0x0000000019227000 nmethod 9296 0x00000000043c6d50 code [0x00000000043c6ec0, 0x00000000043c70e8]
Event: 15666.907 Thread 0x000000001918a000 9297       4       com.sun.scenario.effect.FilterEffect::filter (265 bytes)
Event: 15667.160 Thread 0x000000001918a000 nmethod 9297 0x00000000043e97d0 code [0x00000000043e9be0, 0x00000000043ee600]
Event: 15681.290 Thread 0x0000000019187000 9298       4       javafx.scene.paint.LinearGradient::acc_getPlatformPaint (23 bytes)
Event: 15681.291 Thread 0x0000000019187000 nmethod 9298 0x000000000354d790 code [0x000000000354d8e0, 0x000000000354d9b8]
Event: 15698.028 Thread 0x0000000019227000 9299       3       javafx.scene.Node::getMiscProperties (25 bytes)
Event: 15698.029 Thread 0x0000000019227000 nmethod 9299 0x00000000035c0590 code [0x00000000035c0700, 0x00000000035c0a50]
Event: 15698.748 Thread 0x000000001918a000 9300   !   4       javafx.scene.CssStyleHelper::transitionToState (1075 bytes)

GC Heap History (10 events):
Event: 15543.516 GC heap before
{Heap before GC invocations=320 (full 2):
 PSYoungGen      total 34304K, used 33856K [0x00000000d5600000, 0x00000000d7880000, 0x0000000100000000)
  eden space 33792K, 100% used [0x00000000d5600000,0x00000000d7700000,0x00000000d7700000)
  from space 512K, 12% used [0x00000000d7780000,0x00000000d7790000,0x00000000d7800000)
  to   space 512K, 0% used [0x00000000d7800000,0x00000000d7800000,0x00000000d7880000)
 ParOldGen       total 99840K, used 22033K [0x0000000080200000, 0x0000000086380000, 0x00000000d5600000)
  object space 99840K, 22% used [0x0000000080200000,0x00000000817847c8,0x0000000086380000)
 Metaspace       used 40001K, capacity 42176K, committed 42368K, reserved 1085440K
  class space    used 5250K, capacity 5677K, committed 5760K, reserved 1048576K
Event: 15543.519 GC heap after
Heap after GC invocations=320 (full 2):
 PSYoungGen      total 34304K, used 160K [0x00000000d5600000, 0x00000000d7880000, 0x0000000100000000)
  eden space 33792K, 0% used [0x00000000d5600000,0x00000000d5600000,0x00000000d7700000)
  from space 512K, 31% used [0x00000000d7800000,0x00000000d7828000,0x00000000d7880000)
  to   space 512K, 0% used [0x00000000d7780000,0x00000000d7780000,0x00000000d7800000)
 ParOldGen       total 99840K, used 22041K [0x0000000080200000, 0x0000000086380000, 0x00000000d5600000)
  object space 99840K, 22% used [0x0000000080200000,0x00000000817867c8,0x0000000086380000)
 Metaspace       used 40001K, capacity 42176K, committed 42368K, reserved 1085440K
  class space    used 5250K, capacity 5677K, committed 5760K, reserved 1048576K
}
Event: 15602.225 GC heap before
{Heap before GC invocations=321 (full 2):
 PSYoungGen      total 34304K, used 33952K [0x00000000d5600000, 0x00000000d7880000, 0x0000000100000000)
  eden space 33792K, 100% used [0x00000000d5600000,0x00000000d7700000,0x00000000d7700000)
  from space 512K, 31% used [0x00000000d7800000,0x00000000d7828000,0x00000000d7880000)
  to   space 512K, 0% used [0x00000000d7780000,0x00000000d7780000,0x00000000d7800000)
 ParOldGen       total 99840K, used 22041K [0x0000000080200000, 0x0000000086380000, 0x00000000d5600000)
  object space 99840K, 22% used [0x0000000080200000,0x00000000817867c8,0x0000000086380000)
 Metaspace       used 40003K, capacity 42176K, committed 42368K, reserved 1085440K
  class space    used 5250K, capacity 5677K, committed 5760K, reserved 1048576K
Event: 15602.228 GC heap after
Heap after GC invocations=321 (full 2):
 PSYoungGen      total 34304K, used 128K [0x00000000d5600000, 0x00000000d7880000, 0x0000000100000000)
  eden space 33792K, 0% used [0x00000000d5600000,0x00000000d5600000,0x00000000d7700000)
  from space 512K, 25% used [0x00000000d7780000,0x00000000d77a0000,0x00000000d7800000)
  to   space 512K, 0% used [0x00000000d7800000,0x00000000d7800000,0x00000000d7880000)
 ParOldGen       total 99840K, used 22041K [0x0000000080200000, 0x0000000086380000, 0x00000000d5600000)
  object space 99840K, 22% used [0x0000000080200000,0x00000000817867c8,0x0000000086380000)
 Metaspace       used 40003K, capacity 42176K, committed 42368K, reserved 1085440K
  class space    used 5250K, capacity 5677K, committed 5760K, reserved 1048576K
}
Event: 15625.328 GC heap before
{Heap before GC invocations=322 (full 2):
 PSYoungGen      total 34304K, used 33920K [0x00000000d5600000, 0x00000000d7880000, 0x0000000100000000)
  eden space 33792K, 100% used [0x00000000d5600000,0x00000000d7700000,0x00000000d7700000)
  from space 512K, 25% used [0x00000000d7780000,0x00000000d77a0000,0x00000000d7800000)
  to   space 512K, 0% used [0x00000000d7800000,0x00000000d7800000,0x00000000d7880000)
 ParOldGen       total 99840K, used 22041K [0x0000000080200000, 0x0000000086380000, 0x00000000d5600000)
  object space 99840K, 22% used [0x0000000080200000,0x00000000817867c8,0x0000000086380000)
 Metaspace       used 40003K, capacity 42176K, committed 42368K, reserved 1085440K
  class space    used 5250K, capacity 5677K, committed 5760K, reserved 1048576K
Event: 15625.330 GC heap after
Heap after GC invocations=322 (full 2):
 PSYoungGen      total 34304K, used 128K [0x00000000d5600000, 0x00000000d7880000, 0x0000000100000000)
  eden space 33792K, 0% used [0x00000000d5600000,0x00000000d5600000,0x00000000d7700000)
  from space 512K, 25% used [0x00000000d7800000,0x00000000d7820000,0x00000000d7880000)
  to   space 512K, 0% used [0x00000000d7780000,0x00000000d7780000,0x00000000d7800000)
 ParOldGen       total 99840K, used 22041K [0x0000000080200000, 0x0000000086380000, 0x00000000d5600000)
  object space 99840K, 22% used [0x0000000080200000,0x00000000817867c8,0x0000000086380000)
 Metaspace       used 40003K, capacity 42176K, committed 42368K, reserved 1085440K
  class space    used 5250K, capacity 5677K, committed 5760K, reserved 1048576K
}
Event: 15641.470 GC heap before
{Heap before GC invocations=323 (full 2):
 PSYoungGen      total 34304K, used 33920K [0x00000000d5600000, 0x00000000d7880000, 0x0000000100000000)
  eden space 33792K, 100% used [0x00000000d5600000,0x00000000d7700000,0x00000000d7700000)
  from space 512K, 25% used [0x00000000d7800000,0x00000000d7820000,0x00000000d7880000)
  to   space 512K, 0% used [0x00000000d7780000,0x00000000d7780000,0x00000000d7800000)
 ParOldGen       total 99840K, used 22041K [0x0000000080200000, 0x0000000086380000, 0x00000000d5600000)
  object space 99840K, 22% used [0x0000000080200000,0x00000000817867c8,0x0000000086380000)
 Metaspace       used 40003K, capacity 42176K, committed 42368K, reserved 1085440K
  class space    used 5250K, capacity 5677K, committed 5760K, reserved 1048576K
Event: 15641.472 GC heap after
Heap after GC invocations=323 (full 2):
 PSYoungGen      total 34304K, used 128K [0x00000000d5600000, 0x00000000d7880000, 0x0000000100000000)
  eden space 33792K, 0% used [0x00000000d5600000,0x00000000d5600000,0x00000000d7700000)
  from space 512K, 25% used [0x00000000d7780000,0x00000000d77a0000,0x00000000d7800000)
  to   space 512K, 0% used [0x00000000d7800000,0x00000000d7800000,0x00000000d7880000)
 ParOldGen       total 99840K, used 22041K [0x0000000080200000, 0x0000000086380000, 0x00000000d5600000)
  object space 99840K, 22% used [0x0000000080200000,0x00000000817867c8,0x0000000086380000)
 Metaspace       used 40003K, capacity 42176K, committed 42368K, reserved 1085440K
  class space    used 5250K, capacity 5677K, committed 5760K, reserved 1048576K
}
Event: 15661.088 GC heap before
{Heap before GC invocations=324 (full 2):
 PSYoungGen      total 34304K, used 33920K [0x00000000d5600000, 0x00000000d7880000, 0x0000000100000000)
  eden space 33792K, 100% used [0x00000000d5600000,0x00000000d7700000,0x00000000d7700000)
  from space 512K, 25% used [0x00000000d7780000,0x00000000d77a0000,0x00000000d7800000)
  to   space 512K, 0% used [0x00000000d7800000,0x00000000d7800000,0x00000000d7880000)
 ParOldGen       total 99840K, used 22041K [0x0000000080200000, 0x0000000086380000, 0x00000000d5600000)
  object space 99840K, 22% used [0x0000000080200000,0x00000000817867c8,0x0000000086380000)
 Metaspace       used 40003K, capacity 42176K, committed 42368K, reserved 1085440K
  class space    used 5250K, capacity 5677K, committed 5760K, reserved 1048576K
Event: 15661.090 GC heap after
Heap after GC invocations=324 (full 2):
 PSYoungGen      total 34304K, used 160K [0x00000000d5600000, 0x00000000d7880000, 0x0000000100000000)
  eden space 33792K, 0% used [0x00000000d5600000,0x00000000d5600000,0x00000000d7700000)
  from space 512K, 31% used [0x00000000d7800000,0x00000000d7828000,0x00000000d7880000)
  to   space 512K, 0% used [0x00000000d7780000,0x00000000d7780000,0x00000000d7800000)
 ParOldGen       total 99840K, used 22041K [0x0000000080200000, 0x0000000086380000, 0x00000000d5600000)
  object space 99840K, 22% used [0x0000000080200000,0x00000000817867c8,0x0000000086380000)
 Metaspace       used 40003K, capacity 42176K, committed 42368K, reserved 1085440K
  class space    used 5250K, capacity 5677K, committed 5760K, reserved 1048576K
}

Deoptimization events (10 events):
Event: 15541.964 Thread 0x0000000019c20000 Uncommon trap: reason=class_check action=maybe_recompile pc=0x0000000004363f88 method=javafx.animation.AnimationAccessorImpl.jumpTo(Ljavafx/animation/Animation;JJZ)V @ 6
Event: 15543.264 Thread 0x0000000019bab000 Uncommon trap: reason=class_check action=maybe_recompile pc=0x00000000039ab01c method=com.sun.javafx.sg.prism.NGNode.getCompleteBounds(Lcom/sun/javafx/geom/BaseBounds;Lcom/sun/javafx/geom/transform/BaseTransform;)Lcom/sun/javafx/geom/BaseBounds; @ 1
Event: 15593.203 Thread 0x0000000019c20000 Uncommon trap: reason=unstable_if action=reinterpret pc=0x0000000003cd9c38 method=com.sun.glass.ui.Window.isMinimized()Z @ 8
Event: 15593.204 Thread 0x0000000019bab000 Uncommon trap: reason=unstable_if action=reinterpret pc=0x00000000035fffb4 method=com.sun.javafx.tk.quantum.ViewPainter.validateStageGraphics()Z @ 61
Event: 15593.204 Thread 0x0000000019bab000 Uncommon trap: reason=unstable_if action=reinterpret pc=0x0000000004335b34 method=com.sun.javafx.tk.quantum.ViewPainter.paintImpl(Lcom/sun/prism/Graphics;)V @ 15
Event: 15593.204 Thread 0x0000000019c20000 Uncommon trap: reason=unstable_if action=reinterpret pc=0x0000000004381570 method=com.sun.javafx.sg.prism.NGNode.setTransformedBounds(Lcom/sun/javafx/geom/BaseBounds;Z)V @ 19
Event: 15593.205 Thread 0x0000000019c20000 Uncommon trap: reason=unstable_if action=reinterpret pc=0x0000000004391470 method=com.sun.scenario.animation.shared.InfiniteClipEnvelope.timePulse(J)V @ 63
Event: 15593.205 Thread 0x0000000019c20000 Uncommon trap: reason=unstable_if action=reinterpret pc=0x0000000003cd1940 method=com.sun.javafx.tk.quantum.PaintCollector.renderAll()V @ 77
Event: 15664.861 Thread 0x0000000019bab000 Uncommon trap: reason=class_check action=maybe_recompile pc=0x0000000003c54b14 method=com.sun.scenario.effect.FilterEffect.filter(Lcom/sun/scenario/effect/FilterContext;Lcom/sun/javafx/geom/transform/BaseTransform;Lcom/sun/javafx/geom/Rectangle;Ljava/lang
Event: 15664.862 Thread 0x0000000019bab000 Uncommon trap: reason=class_check action=maybe_recompile pc=0x0000000002fd71ec method=com.sun.javafx.sg.prism.NGNode.getContentBounds(Lcom/sun/javafx/geom/BaseBounds;Lcom/sun/javafx/geom/transform/BaseTransform;)Lcom/sun/javafx/geom/BaseBounds; @ 24

Classes redefined (0 events):
No events

Internal exceptions (10 events):
Event: 3337.645 Thread 0x000000001e9f5800 Exception <a 'java/net/SocketTimeoutException': connect timed out> (0x00000000d6b790e0) thrown at [C:\re\workspace\8-2-build-windows-amd64-cygwin\jdk8u171\10807\hotspot\src\share\vm\prims\jni.cpp, line 735]
Event: 3338.466 Thread 0x000000001e9f5800 Exception <a 'java/net/SocketTimeoutException': connect timed out> (0x00000000d6b7a558) thrown at [C:\re\workspace\8-2-build-windows-amd64-cygwin\jdk8u171\10807\hotspot\src\share\vm\prims\jni.cpp, line 735]
Event: 3339.286 Thread 0x000000001e9f5800 Exception <a 'java/net/SocketTimeoutException': connect timed out> (0x00000000d6b7b9d0) thrown at [C:\re\workspace\8-2-build-windows-amd64-cygwin\jdk8u171\10807\hotspot\src\share\vm\prims\jni.cpp, line 735]
Event: 3340.108 Thread 0x000000001e9f5800 Exception <a 'java/net/SocketTimeoutException': connect timed out> (0x00000000d6b7ce48) thrown at [C:\re\workspace\8-2-build-windows-amd64-cygwin\jdk8u171\10807\hotspot\src\share\vm\prims\jni.cpp, line 735]
Event: 3340.928 Thread 0x000000001e9f5800 Exception <a 'java/net/SocketTimeoutException': connect timed out> (0x00000000d6b7e2c0) thrown at [C:\re\workspace\8-2-build-windows-amd64-cygwin\jdk8u171\10807\hotspot\src\share\vm\prims\jni.cpp, line 735]
Event: 3341.940 Thread 0x000000001e9f5800 Exception <a 'java/net/SocketTimeoutException': connect timed out> (0x00000000d6b7f738) thrown at [C:\re\workspace\8-2-build-windows-amd64-cygwin\jdk8u171\10807\hotspot\src\share\vm\prims\jni.cpp, line 735]
Event: 3342.319 Thread 0x000000001e9f5800 Exception <a 'java/lang/InterruptedException': sleep interrupted> (0x00000000d6b7f998) thrown at [C:\re\workspace\8-2-build-windows-amd64-cygwin\jdk8u171\10807\hotspot\src\share\vm\prims\jvm.cpp, line 3273]
Event: 3399.048 Thread 0x0000000019bab000 Implicit null exception at 0x0000000003cd6216 to 0x0000000003cd663d
Event: 15523.415 Thread 0x0000000019c20000 Implicit null exception at 0x0000000003e10994 to 0x0000000003e10a0a
Event: 15593.204 Thread 0x0000000019bab000 Implicit null exception at 0x0000000004333708 to 0x0000000004335b21

Events (10 events):
Event: 15664.861 Thread 0x0000000019bab000 DEOPT PACKING pc=0x0000000003c54b14 sp=0x000000001a39dbc0
Event: 15664.862 Thread 0x0000000019bab000 DEOPT UNPACKING pc=0x0000000002cb583b sp=0x000000001a39dbe8 mode 2
Event: 15664.862 Thread 0x0000000019bab000 Uncommon trap: trap_request=0xffffffde fr.pc=0x0000000002fd71ec
Event: 15664.862 Thread 0x0000000019bab000 DEOPT PACKING pc=0x0000000002fd71ec sp=0x000000001a39dac0
Event: 15664.862 Thread 0x0000000019bab000 DEOPT UNPACKING pc=0x0000000002cb583b sp=0x000000001a39da60 mode 2
Event: 15667.160 Thread 0x000000001918a000 flushing nmethod 0x000000000353c390
Event: 15667.160 Thread 0x000000001918a000 flushing nmethod 0x000000000354d650
Event: 15681.292 Thread 0x0000000019187000 flushing nmethod 0x00000000035a33d0
Event: 15681.292 Thread 0x0000000019187000 flushing nmethod 0x00000000035c0490
Event: 15698.029 Thread 0x0000000019227000 flushing nmethod 0x00000000036d2c90


Dynamic libraries:
0x00007ff67b810000 - 0x00007ff67b847000 	C:\Program Files\Java\jdk1.8.0_171\bin\java.exe
0x00007ffd7d150000 - 0x00007ffd7d331000 	C:\WINDOWS\SYSTEM32\ntdll.dll
0x00007ffd7c880000 - 0x00007ffd7c932000 	C:\WINDOWS\System32\KERNEL32.DLL
0x00007ffd79eb0000 - 0x00007ffd7a123000 	C:\WINDOWS\System32\KERNELBASE.dll
0x00007ffd7c480000 - 0x00007ffd7c521000 	C:\WINDOWS\System32\ADVAPI32.dll
0x00007ffd7be70000 - 0x00007ffd7bf0e000 	C:\WINDOWS\System32\msvcrt.dll
0x00007ffd7c2f0000 - 0x00007ffd7c34b000 	C:\WINDOWS\System32\sechost.dll
0x00007ffd7c750000 - 0x00007ffd7c874000 	C:\WINDOWS\System32\RPCRT4.dll
0x00007ffd7bf40000 - 0x00007ffd7c0d0000 	C:\WINDOWS\System32\USER32.dll
0x00007ffd7a190000 - 0x00007ffd7a1b0000 	C:\WINDOWS\System32\win32u.dll
0x00007ffd7bf10000 - 0x00007ffd7bf38000 	C:\WINDOWS\System32\GDI32.dll
0x00007ffd7a250000 - 0x00007ffd7a3e2000 	C:\WINDOWS\System32\gdi32full.dll
0x00007ffd7a1b0000 - 0x00007ffd7a24f000 	C:\WINDOWS\System32\msvcp_win.dll
0x00007ffd79d60000 - 0x00007ffd79e5a000 	C:\WINDOWS\System32\ucrtbase.dll
0x00007ffd63f80000 - 0x00007ffd641e9000 	C:\WINDOWS\WinSxS\amd64_microsoft.windows.common-controls_6595b64144ccf1df_6.0.17134.590_none_fb3d9bff3069e088\COMCTL32.dll
0x00007ffd7bb40000 - 0x00007ffd7be62000 	C:\WINDOWS\System32\combase.dll
0x00007ffd79c30000 - 0x00007ffd79caa000 	C:\WINDOWS\System32\bcryptPrimitives.dll
0x00007ffd7c2c0000 - 0x00007ffd7c2ed000 	C:\WINDOWS\System32\IMM32.DLL
0x0000000075730000 - 0x0000000075802000 	C:\Program Files\Java\jdk1.8.0_171\jre\bin\msvcr100.dll
0x0000000073010000 - 0x00000000738b0000 	C:\Program Files\Java\jdk1.8.0_171\jre\bin\server\jvm.dll
0x00007ffd7c0e0000 - 0x00007ffd7c0e8000 	C:\WINDOWS\System32\PSAPI.DLL
0x00007ffd70d20000 - 0x00007ffd70d29000 	C:\WINDOWS\SYSTEM32\WSOCK32.dll
0x00007ffd7bad0000 - 0x00007ffd7bb3c000 	C:\WINDOWS\System32\WS2_32.dll
0x00007ffd76070000 - 0x00007ffd76093000 	C:\WINDOWS\SYSTEM32\WINMM.dll
0x00007ffd78510000 - 0x00007ffd7851a000 	C:\WINDOWS\SYSTEM32\VERSION.dll
0x00007ffd76040000 - 0x00007ffd7606a000 	C:\WINDOWS\SYSTEM32\winmmbase.dll
0x00007ffd79e60000 - 0x00007ffd79ea9000 	C:\WINDOWS\System32\cfgmgr32.dll
0x0000000075720000 - 0x000000007572f000 	C:\Program Files\Java\jdk1.8.0_171\jre\bin\verify.dll
0x00000000756f0000 - 0x0000000075719000 	C:\Program Files\Java\jdk1.8.0_171\jre\bin\java.dll
0x00000000756c0000 - 0x00000000756e3000 	C:\Program Files\Java\jdk1.8.0_171\jre\bin\instrument.dll
0x00000000756a0000 - 0x00000000756b6000 	C:\Program Files\Java\jdk1.8.0_171\jre\bin\zip.dll
0x00007ffd7a690000 - 0x00007ffd7bad0000 	C:\WINDOWS\System32\SHELL32.dll
0x00007ffd7a5e0000 - 0x00007ffd7a689000 	C:\WINDOWS\System32\shcore.dll
0x00007ffd79520000 - 0x00007ffd79c2d000 	C:\WINDOWS\System32\windows.storage.dll
0x00007ffd7c350000 - 0x00007ffd7c3a1000 	C:\WINDOWS\System32\shlwapi.dll
0x00007ffd79500000 - 0x00007ffd79511000 	C:\WINDOWS\System32\kernel.appcore.dll
0x00007ffd79490000 - 0x00007ffd794af000 	C:\WINDOWS\System32\profapi.dll
0x00007ffd794b0000 - 0x00007ffd794fc000 	C:\WINDOWS\System32\powrprof.dll
0x00007ffd79480000 - 0x00007ffd7948a000 	C:\WINDOWS\System32\FLTLIB.DLL
0x00007ffd6a150000 - 0x00007ffd6a16a000 	C:\Program Files\JetBrains\IntelliJ IDEA Community Edition 2018.2.3\bin\breakgen64.dll
0x0000000075590000 - 0x00000000755aa000 	C:\Program Files\Java\jdk1.8.0_171\jre\bin\net.dll
0x00007ffd78c80000 - 0x00007ffd78ce6000 	C:\WINDOWS\system32\mswsock.dll
0x0000000002750000 - 0x0000000002753000 	C:\Program Files\Java\jdk1.8.0_171\jre\bin\api-ms-win-core-console-l1-1-0.dll
0x0000000002760000 - 0x0000000002763000 	C:\Program Files\Java\jdk1.8.0_171\jre\bin\api-ms-win-core-datetime-l1-1-0.dll
0x0000000002770000 - 0x0000000002773000 	C:\Program Files\Java\jdk1.8.0_171\jre\bin\api-ms-win-core-debug-l1-1-0.dll
0x0000000002780000 - 0x0000000002783000 	C:\Program Files\Java\jdk1.8.0_171\jre\bin\api-ms-win-core-errorhandling-l1-1-0.dll
0x0000000002790000 - 0x0000000002794000 	C:\Program Files\Java\jdk1.8.0_171\jre\bin\api-ms-win-core-file-l1-1-0.dll
0x00000000027a0000 - 0x00000000027a3000 	C:\Program Files\Java\jdk1.8.0_171\jre\bin\api-ms-win-core-file-l1-2-0.dll
0x00000000027b0000 - 0x00000000027b3000 	C:\Program Files\Java\jdk1.8.0_171\jre\bin\api-ms-win-core-file-l2-1-0.dll
0x00000000027c0000 - 0x00000000027c3000 	C:\Program Files\Java\jdk1.8.0_171\jre\bin\api-ms-win-core-handle-l1-1-0.dll
0x0000000002ae0000 - 0x0000000002ae3000 	C:\Program Files\Java\jdk1.8.0_171\jre\bin\api-ms-win-core-heap-l1-1-0.dll
0x0000000002af0000 - 0x0000000002af3000 	C:\Program Files\Java\jdk1.8.0_171\jre\bin\api-ms-win-core-interlocked-l1-1-0.dll
0x0000000002b00000 - 0x0000000002b03000 	C:\Program Files\Java\jdk1.8.0_171\jre\bin\api-ms-win-core-libraryloader-l1-1-0.dll
0x0000000002b10000 - 0x0000000002b13000 	C:\Program Files\Java\jdk1.8.0_171\jre\bin\api-ms-win-core-localization-l1-2-0.dll
0x0000000002b20000 - 0x0000000002b23000 	C:\Program Files\Java\jdk1.8.0_171\jre\bin\api-ms-win-core-memory-l1-1-0.dll
0x0000000002b30000 - 0x0000000002b33000 	C:\Program Files\Java\jdk1.8.0_171\jre\bin\api-ms-win-core-namedpipe-l1-1-0.dll
0x0000000002b40000 - 0x0000000002b43000 	C:\Program Files\Java\jdk1.8.0_171\jre\bin\api-ms-win-core-processenvironment-l1-1-0.dll
0x0000000002b50000 - 0x0000000002b53000 	C:\Program Files\Java\jdk1.8.0_171\jre\bin\api-ms-win-core-processthreads-l1-1-0.dll
0x000000001a120000 - 0x000000001a123000 	C:\Program Files\Java\jdk1.8.0_171\jre\bin\api-ms-win-core-processthreads-l1-1-1.dll
0x000000001a130000 - 0x000000001a133000 	C:\Program Files\Java\jdk1.8.0_171\jre\bin\api-ms-win-core-profile-l1-1-0.dll
0x000000001a140000 - 0x000000001a143000 	C:\Program Files\Java\jdk1.8.0_171\jre\bin\api-ms-win-core-rtlsupport-l1-1-0.dll
0x000000001a150000 - 0x000000001a153000 	C:\Program Files\Java\jdk1.8.0_171\jre\bin\api-ms-win-core-string-l1-1-0.dll
0x000000001a160000 - 0x000000001a163000 	C:\Program Files\Java\jdk1.8.0_171\jre\bin\api-ms-win-core-synch-l1-1-0.dll
0x000000001a170000 - 0x000000001a173000 	C:\Program Files\Java\jdk1.8.0_171\jre\bin\api-ms-win-core-synch-l1-2-0.dll
0x000000001a180000 - 0x000000001a183000 	C:\Program Files\Java\jdk1.8.0_171\jre\bin\api-ms-win-core-sysinfo-l1-1-0.dll
0x000000001a190000 - 0x000000001a193000 	C:\Program Files\Java\jdk1.8.0_171\jre\bin\api-ms-win-core-timezone-l1-1-0.dll
0x000000001a1a0000 - 0x000000001a1a3000 	C:\Program Files\Java\jdk1.8.0_171\jre\bin\api-ms-win-core-util-l1-1-0.dll
0x000000001a1b0000 - 0x000000001a1b3000 	C:\Program Files\Java\jdk1.8.0_171\jre\bin\api-ms-win-crt-conio-l1-1-0.dll
0x000000001a1c0000 - 0x000000001a1c4000 	C:\Program Files\Java\jdk1.8.0_171\jre\bin\api-ms-win-crt-convert-l1-1-0.dll
0x000000001a1d0000 - 0x000000001a1d3000 	C:\Program Files\Java\jdk1.8.0_171\jre\bin\api-ms-win-crt-environment-l1-1-0.dll
0x000000001a1e0000 - 0x000000001a1e3000 	C:\Program Files\Java\jdk1.8.0_171\jre\bin\api-ms-win-crt-filesystem-l1-1-0.dll
0x000000001a1f0000 - 0x000000001a1f3000 	C:\Program Files\Java\jdk1.8.0_171\jre\bin\api-ms-win-crt-heap-l1-1-0.dll
0x000000001a200000 - 0x000000001a203000 	C:\Program Files\Java\jdk1.8.0_171\jre\bin\api-ms-win-crt-locale-l1-1-0.dll
0x000000001a210000 - 0x000000001a215000 	C:\Program Files\Java\jdk1.8.0_171\jre\bin\api-ms-win-crt-math-l1-1-0.dll
0x000000001a220000 - 0x000000001a225000 	C:\Program Files\Java\jdk1.8.0_171\jre\bin\api-ms-win-crt-multibyte-l1-1-0.dll
0x000000001a230000 - 0x000000001a240000 	C:\Program Files\Java\jdk1.8.0_171\jre\bin\api-ms-win-crt-private-l1-1-0.dll
0x000000001a240000 - 0x000000001a243000 	C:\Program Files\Java\jdk1.8.0_171\jre\bin\api-ms-win-crt-process-l1-1-0.dll
0x000000001a250000 - 0x000000001a254000 	C:\Program Files\Java\jdk1.8.0_171\jre\bin\api-ms-win-crt-runtime-l1-1-0.dll
0x000000001a260000 - 0x000000001a264000 	C:\Program Files\Java\jdk1.8.0_171\jre\bin\api-ms-win-crt-stdio-l1-1-0.dll
0x000000001a270000 - 0x000000001a274000 	C:\Program Files\Java\jdk1.8.0_171\jre\bin\api-ms-win-crt-string-l1-1-0.dll
0x000000001a280000 - 0x000000001a283000 	C:\Program Files\Java\jdk1.8.0_171\jre\bin\api-ms-win-crt-time-l1-1-0.dll
0x000000001a290000 - 0x000000001a293000 	C:\Program Files\Java\jdk1.8.0_171\jre\bin\api-ms-win-crt-utility-l1-1-0.dll
0x00007ffd5f240000 - 0x00007ffd5f336000 	C:\Program Files\Java\jdk1.8.0_171\jre\bin\ucrtbase.dll
0x00007ffd6a0f0000 - 0x00007ffd6a141000 	C:\Program Files\Java\jdk1.8.0_171\jre\bin\concrt140.dll
0x00007ffd62d80000 - 0x00007ffd62e27000 	C:\WINDOWS\SYSTEM32\MSVCP140.dll
0x00007ffd6a0a0000 - 0x00007ffd6a0b6000 	C:\WINDOWS\SYSTEM32\VCRUNTIME140.dll
0x00007ffd6a080000 - 0x00007ffd6a096000 	C:\Program Files\Java\jdk1.8.0_171\jre\bin\vcruntime140.dll
0x00007ffd5f1a0000 - 0x00007ffd5f23c000 	C:\Program Files\Java\jdk1.8.0_171\jre\bin\msvcp140.dll
0x0000000075560000 - 0x0000000075583000 	C:\Program Files\Java\jdk1.8.0_171\jre\bin\prism_d3d.dll
0x00007ffd49200000 - 0x00007ffd49397000 	C:\WINDOWS\system32\d3d9.dll
0x00007ffd777e0000 - 0x00007ffd77809000 	C:\WINDOWS\SYSTEM32\dwmapi.dll
0x00007ffd77680000 - 0x00007ffd77718000 	C:\WINDOWS\system32\uxtheme.dll
0x00007ffd74480000 - 0x00007ffd745e4000 	C:\WINDOWS\SYSTEM32\aticfx64.dll
0x00007ffd4a8c0000 - 0x00007ffd4a8e1000 	C:\WINDOWS\SYSTEM32\atiu9p64.dll
0x00007ffd3d3e0000 - 0x00007ffd3dc39000 	C:\WINDOWS\SYSTEM32\atiumd64.dll
0x00000000738b0000 - 0x0000000074138000 	C:\WINDOWS\SYSTEM32\atiumd6a.dll
0x00000000754f0000 - 0x0000000075539000 	C:\Program Files\Java\jdk1.8.0_171\jre\bin\glass.dll
0x00007ffd7c150000 - 0x00007ffd7c23d000 	C:\WINDOWS\System32\COMDLG32.dll
0x00007ffd7cfc0000 - 0x00007ffd7d111000 	C:\WINDOWS\System32\ole32.dll
0x00007ffd7c3b0000 - 0x00007ffd7c473000 	C:\WINDOWS\System32\OLEAUT32.dll
0x00007ffd7c950000 - 0x00007ffd7cac3000 	C:\WINDOWS\System32\MSCTF.dll
0x00000000754d0000 - 0x00000000754e4000 	C:\Program Files\Java\jdk1.8.0_171\jre\bin\javafx_font.dll
0x00007ffd6cdf0000 - 0x00007ffd6d10c000 	C:\WINDOWS\SYSTEM32\dwrite.dll
0x00000000742b0000 - 0x00000000742d3000 	C:\Program Files\Java\jdk1.8.0_171\jre\bin\javafx_iio.dll
0x00007ffd7cf20000 - 0x00007ffd7cfc0000 	C:\WINDOWS\System32\clbcatq.dll
0x00007ffd75810000 - 0x00007ffd759be000 	C:\WINDOWS\SYSTEM32\WindowsCodecs.dll
0x00007ffd592a0000 - 0x00007ffd592f8000 	C:\WINDOWS\system32\dataexchange.dll
0x00007ffd76db0000 - 0x00007ffd76f4c000 	C:\WINDOWS\system32\dcomp.dll
0x00007ffd760a0000 - 0x00007ffd763ab000 	C:\WINDOWS\system32\d3d11.dll
0x00007ffd77fc0000 - 0x00007ffd7807b000 	C:\WINDOWS\system32\dxgi.dll
0x00007ffd77a40000 - 0x00007ffd77bf8000 	C:\WINDOWS\system32\twinapi.appcore.dll
0x00007ffd77c00000 - 0x00007ffd77c29000 	C:\WINDOWS\system32\RMCLIENT.dll
0x00007ffd641f0000 - 0x00007ffd64224000 	C:\Program Files\Common Files\Microsoft Shared\Ink\rtscom.dll
0x00007ffd71320000 - 0x00007ffd713b6000 	C:\WINDOWS\System32\TextInputFramework.dll
0x00007ffd750e0000 - 0x00007ffd753fe000 	C:\WINDOWS\System32\CoreUIComponents.dll
0x00007ffd77290000 - 0x00007ffd7736a000 	C:\WINDOWS\System32\CoreMessaging.dll
0x00007ffd78290000 - 0x00007ffd782c1000 	C:\WINDOWS\SYSTEM32\ntmarta.dll
0x00007ffd74f90000 - 0x00007ffd750dd000 	C:\WINDOWS\SYSTEM32\wintypes.dll
0x00007ffd69190000 - 0x00007ffd691fb000 	C:\WINDOWS\system32\Oleacc.dll
0x0000000074290000 - 0x00000000742a2000 	C:\Program Files\Java\jdk1.8.0_171\jre\bin\prism_common.dll
0x0000000075690000 - 0x000000007569d000 	C:\Program Files\Java\jdk1.8.0_171\jre\bin\management.dll
0x00007ffd6a1b0000 - 0x00007ffd6a1c6000 	C:\WINDOWS\system32\napinsp.dll
0x00007ffd6a190000 - 0x00007ffd6a1aa000 	C:\WINDOWS\system32\pnrpnsp.dll
0x00007ffd75b90000 - 0x00007ffd75ba9000 	C:\WINDOWS\system32\NLAapi.dll
0x00007ffd78a40000 - 0x00007ffd78afe000 	C:\WINDOWS\SYSTEM32\DNSAPI.dll
0x00007ffd7c0d0000 - 0x00007ffd7c0d8000 	C:\WINDOWS\System32\NSI.dll
0x00007ffd78a00000 - 0x00007ffd78a38000 	C:\WINDOWS\SYSTEM32\IPHLPAPI.DLL
0x00007ffd6a030000 - 0x00007ffd6a03e000 	C:\WINDOWS\System32\winrnr.dll

VM Arguments:
jvm_args: -javaagent:C:\Program Files\JetBrains\IntelliJ IDEA Community Edition 2018.2.3\lib\idea_rt.jar=64640:C:\Program Files\JetBrains\IntelliJ IDEA Community Edition 2018.2.3\bin -Dfile.encoding=UTF-8 
java_command: javafx.stages.MainStage
java_class_path (initial): C:\Program Files\Java\jdk1.8.0_171\jre\lib\charsets.jar;C:\Program Files\Java\jdk1.8.0_171\jre\lib\deploy.jar;C:\Program Files\Java\jdk1.8.0_171\jre\lib\ext\access-bridge-64.jar;C:\Program Files\Java\jdk1.8.0_171\jre\lib\ext\cldrdata.jar;C:\Program Files\Java\jdk1.8.0_171\jre\lib\ext\dnsns.jar;C:\Program Files\Java\jdk1.8.0_171\jre\lib\ext\jaccess.jar;C:\Program Files\Java\jdk1.8.0_171\jre\lib\ext\jfxrt.jar;C:\Program Files\Java\jdk1.8.0_171\jre\lib\ext\localedata.jar;C:\Program Files\Java\jdk1.8.0_171\jre\lib\ext\nashorn.jar;C:\Program Files\Java\jdk1.8.0_171\jre\lib\ext\sunec.jar;C:\Program Files\Java\jdk1.8.0_171\jre\lib\ext\sunjce_provider.jar;C:\Program Files\Java\jdk1.8.0_171\jre\lib\ext\sunmscapi.jar;C:\Program Files\Java\jdk1.8.0_171\jre\lib\ext\sunpkcs11.jar;C:\Program Files\Java\jdk1.8.0_171\jre\lib\ext\zipfs.jar;C:\Program Files\Java\jdk1.8.0_171\jre\lib\javaws.jar;C:\Program Files\Java\jdk1.8.0_171\jre\lib\jce.jar;C:\Program Files\Java\jdk1.8.0_171\jre\lib\jfr.jar;C:\Program Files\Java\jdk1.8.0_171\jre\lib\jfxswt.jar;C:\Program Files\Java\jdk1.8.0_171\jre\lib\jsse.jar;C:\Program Files\Java\jdk1.8.0_171\jre\lib\management-agent.jar;C:\Program Files\Java\jdk1.8.0_171\jre\lib\plugin.jar;C:\Program Files\Java\jdk1.8.0_171\jre\lib\resources.jar;C:\Program Files\Java\jdk1.8.0_171\jre\lib\rt.jar;C:\Users\Yonathan Diaz\Documents\PrgAuto\BetstoneUI\target\classes;C:\Programa Automatizado\controlsfx-8.40.14.jar;C:\Users\Yonathan Diaz\AppData\Local\Programs\Python\Python37\DLLs;C:\Users\Yonathan Diaz\AppData\Local\Programs\Python\Python37\Lib;C:\Users\Yonathan Diaz\AppData\Local\Programs\Python\Python37;C:\Users\Yonathan Diaz\AppData\Local\Programs\Python\Python37\Lib\site-packages;C:\Users\Yonathan Diaz\.IdeaIC2018.2\system\python_stubs\-1975671622;C:\Users\Yonathan Diaz\.IdeaIC2018.2\config\plugins\python-ce\helpers\python-skeletons;C:\Users\Yonathan Diaz\.IdeaIC2018.2\config\plugins\python-ce\helpers\typeshed\stdlib\3.4;C:\Users\Yona
Launcher Type: SUN_STANDARD

Environment Variables:
PATH=C:\Program Files (x86)\Common Files\Oracle\Java\javapath;C:\ProgramData\Oracle\Java\javapath;C:\WINDOWS\system32;C:\WINDOWS;C:\WINDOWS\System32\Wbem;C:\WINDOWS\System32\WindowsPowerShell\v1.0\;C:\Program Files (x86)\AMD\ATI.ACE\Core-Static;C:\Program Files (x86)\ATI Technologies\ATI.ACE\Core-Static;C:\Program Files (x86)\OpenSSH\bin;C:\Program Files (x86)\Skype\Phone\;C:\Program Files\dotnet\;C:\Program Files (x86)\Google\Cloud SDK\google-cloud-sdk\bin;C:\apache-maven-3.5.3\bin;C:\WINDOWS\System32\OpenSSH\;\\187.188.105.168\shared\Programas\dgc-dna-betstone-reports.json;C:\Users\Yonathan Diaz\Downloads\dgc-betstone-reports.json;C:\Program Files\Git\cmd;C:\Users\Yonathan Diaz\AppData\Local\Programs\Python\Python37\Scripts\;C:\Users\Yonathan Diaz\AppData\Local\Programs\Python\Python37\;C:\Users\Yonathan Diaz\AppData\Local\Microsoft\WindowsApps;C:\Program Files\Java\jdk1.8.0_171\bin;
USERNAME=Yonathan Diaz
OS=Windows_NT
PROCESSOR_IDENTIFIER=Intel64 Family 6 Model 58 Stepping 9, GenuineIntel



---------------  S Y S T E M  ---------------

OS: Windows 10.0 , 64 bit Build 17134 (10.0.17134.556)

CPU:total 4 (initial active 4) (2 cores per cpu, 2 threads per core) family 6 model 58 stepping 9, cmov, cx8, fxsr, mmx, sse, sse2, sse3, ssse3, sse4.1, sse4.2, popcnt, avx, clmul, erms, ht, tsc, tscinvbit, tscinv

Memory: 4k page, physical 8374740k(1802248k free), swap 33540564k(1052k free)

vm_info: Java HotSpot(TM) 64-Bit Server VM (25.171-b11) for windows-amd64 JRE (1.8.0_171-b11), built on Mar 28 2018 16:06:12 by "java_re" with MS VC++ 10.0 (VS2010)

time: Tue Mar 12 16:23:35 2019
elapsed time: 15699 seconds (0d 4h 21m 39s)

