#
# There is insufficient memory for the Java Runtime Environment to continue.
# Native memory allocation (malloc) failed to allocate 1120176 bytes for Chunk::new
# Possible reasons:
#   The system is out of physical RAM or swap space
#   In 32 bit mode, the process size limit was hit
# Possible solutions:
#   Reduce memory load on the system
#   Increase physical memory or swap space
#   Check if swap backing store is full
#   Use 64 bit Java on a 64 bit OS
#   Decrease Java heap size (-Xmx/-Xms)
#   Decrease number of Java threads
#   Decrease Java thread stack sizes (-Xss)
#   Set larger code cache with -XX:ReservedCodeCacheSize=
# This output file may be truncated or incomplete.
#
#  Out of Memory Error (allocation.cpp:390), pid=14288, tid=0x0000000000002228
#
# JRE version: Java(TM) SE Runtime Environment (8.0_171-b11) (build 1.8.0_171-b11)
# Java VM: Java HotSpot(TM) 64-Bit Server VM (25.171-b11 mixed mode windows-amd64 compressed oops)
# Failed to write core dump. Minidumps are not enabled by default on client versions of Windows
#

---------------  T H R E A D  ---------------

Current thread (0x0000000019983800):  JavaThread "C2 CompilerThread1" daemon [_thread_in_native, id=8744, stack(0x0000000019cd0000,0x0000000019dd0000)]

Stack: [0x0000000019cd0000,0x0000000019dd0000]
[error occurred during error reporting (printing stack bounds), id 0xc0000005]

Native frames: (J=compiled Java code, j=interpreted, Vv=VM code, C=native code)


Current CompileTask:
C2:  24950 5393       4       com.sun.javafx.sg.prism.NGRegion::renderBackgroundRectangle (1152 bytes)


---------------  P R O C E S S  ---------------

Java Threads: ( => current thread )
  0x000000002096e000 JavaThread "Okio Watchdog" daemon [_thread_blocked, id=13160, stack(0x0000000026820000,0x0000000026920000)]
  0x000000002034f800 JavaThread "OkHttp ConnectionPool" daemon [_thread_blocked, id=12116, stack(0x0000000026720000,0x0000000026820000)]
  0x000000002034b800 JavaThread "Keep-Alive-Timer" daemon [_thread_blocked, id=816, stack(0x0000000026420000,0x0000000026520000)]
  0x000000002034e800 JavaThread "UrlChecker-2" daemon [_thread_blocked, id=11440, stack(0x0000000026220000,0x0000000026320000)]
  0x000000002034a000 JavaThread "Exec Stream Pumper" daemon [_thread_in_native, id=2196, stack(0x0000000026120000,0x0000000026220000)]
  0x000000002034d000 JavaThread "Exec Stream Pumper" daemon [_thread_in_native, id=12860, stack(0x0000000026020000,0x0000000026120000)]
  0x0000000020351000 JavaThread "Exec Default Executor" daemon [_thread_in_native, id=9196, stack(0x0000000025f20000,0x0000000026020000)]
  0x0000000020350000 JavaThread "Forwarding newSession on session null to remote" daemon [_thread_in_native, id=9644, stack(0x0000000025620000,0x0000000025720000)]
  0x000000002010a000 JavaThread "Prism Font Disposer" daemon [_thread_blocked, id=12712, stack(0x0000000020ce0000,0x0000000020de0000)]
  0x000000001a406000 JavaThread "Thread-3" daemon [_thread_in_native, id=13316, stack(0x000000001dcd0000,0x000000001ddd0000)]
  0x000000001a402000 JavaThread "JavaFX-Launcher" [_thread_blocked, id=2216, stack(0x000000001ddd0000,0x000000001ded0000)]
  0x000000001a3dc000 JavaThread "JavaFX Application Thread" [_thread_in_native, id=6096, stack(0x000000001ba80000,0x000000001bb80000)]
  0x000000001a3d7000 JavaThread "Thread-1" daemon [_thread_blocked, id=9692, stack(0x000000001b980000,0x000000001ba80000)]
  0x000000001a362800 JavaThread "QuantumRenderer-0" daemon [_thread_in_native, id=3496, stack(0x000000001a980000,0x000000001aa80000)]
  0x0000000019a03000 JavaThread "Service Thread" daemon [_thread_blocked, id=8900, stack(0x0000000019ed0000,0x0000000019fd0000)]
  0x00000000199e1000 JavaThread "C1 CompilerThread2" daemon [_thread_blocked, id=2248, stack(0x0000000019dd0000,0x0000000019ed0000)]
=>0x0000000019983800 JavaThread "C2 CompilerThread1" daemon [_thread_in_native, id=8744, stack(0x0000000019cd0000,0x0000000019dd0000)]
  0x0000000019976800 JavaThread "C2 CompilerThread0" daemon [_thread_blocked, id=12704, stack(0x0000000019bd0000,0x0000000019cd0000)]
  0x0000000019859800 JavaThread "Monitor Ctrl-Break" daemon [_thread_in_native, id=13564, stack(0x0000000019ad0000,0x0000000019bd0000)]
  0x0000000018078000 JavaThread "Attach Listener" daemon [_thread_blocked, id=8108, stack(0x00000000195d0000,0x00000000196d0000)]
  0x0000000018075000 JavaThread "Signal Dispatcher" daemon [_thread_blocked, id=11148, stack(0x00000000194d0000,0x00000000195d0000)]
  0x0000000018060000 JavaThread "Finalizer" daemon [_thread_blocked, id=13276, stack(0x00000000192c0000,0x00000000193c0000)]
  0x0000000003466000 JavaThread "Reference Handler" daemon [_thread_blocked, id=9648, stack(0x00000000191c0000,0x00000000192c0000)]
  0x0000000003376000 JavaThread "main" [_thread_blocked, id=4324, stack(0x0000000003010000,0x0000000003110000)]

Other Threads:
  0x0000000018037000 VMThread [stack: 0x00000000190c0000,0x00000000191c0000] [id=12884]
  0x0000000019a6a000 WatcherThread [stack: 0x0000000019fd0000,0x000000001a0d0000] [id=13432]

VM state:not at safepoint (normal execution)

VM Mutex/Monitor currently owned by a thread: None

Heap:
 PSYoungGen      total 53760K, used 1887K [0x00000000d5600000, 0x00000000da700000, 0x0000000100000000)
  eden space 42496K, 4% used [0x00000000d5600000,0x00000000d57d7f40,0x00000000d7f80000)
  from space 11264K, 0% used [0x00000000d7f80000,0x00000000d7f80000,0x00000000d8a80000)
  to   space 10752K, 0% used [0x00000000d9c80000,0x00000000d9c80000,0x00000000da700000)
 ParOldGen       total 105984K, used 17738K [0x0000000080200000, 0x0000000086980000, 0x00000000d5600000)
  object space 105984K, 16% used [0x0000000080200000,0x0000000081352a18,0x0000000086980000)
 Metaspace       used 33429K, capacity 35430K, committed 35752K, reserved 1079296K
  class space    used 4646K, capacity 5028K, committed 5120K, reserved 1048576K

Card table byte_map: [0x0000000012830000,0x0000000012c30000] byte_map_base: 0x000000001242f000

Marking Bits: (ParMarkBitMap*) 0x0000000077f808c0
 Begin Bits: [0x00000000132e0000, 0x00000000152d8000)
 End Bits:   [0x00000000152d8000, 0x00000000172d0000)

Polling page: 0x0000000001150000

CodeCache: size=245760Kb used=16193Kb max_used=16194Kb free=229566Kb
 bounds [0x0000000003470000, 0x0000000004450000, 0x0000000012470000]
 total_blobs=5655 nmethods=4859 adapters=707
 compilation: enabled

Compilation events (10 events):
Event: 24.534 Thread 0x00000000199e1000 nmethod 5391 0x000000000406ce50 code [0x000000000406d140, 0x000000000406ec78]
Event: 24.534 Thread 0x00000000199e1000 5386       3       com.sun.prism.d3d.D3DSwapChain::lockResources (57 bytes)
Event: 24.535 Thread 0x00000000199e1000 nmethod 5386 0x0000000004065210 code [0x00000000040653c0, 0x0000000004065d08]
Event: 24.628 Thread 0x0000000019976800 5392       4       java.util.concurrent.locks.ReentrantLock$Sync::tryRelease (45 bytes)
Event: 24.629 Thread 0x0000000019976800 nmethod 5392 0x0000000004058650 code [0x0000000004058780, 0x0000000004058838]
Event: 24.662 Thread 0x0000000019983800 5393       4       com.sun.javafx.sg.prism.NGRegion::renderBackgroundRectangle (1152 bytes)
Event: 24.712 Thread 0x0000000019976800 5394       4       com.sun.prism.impl.BaseTexture::lock (9 bytes)
Event: 24.713 Thread 0x0000000019976800 nmethod 5394 0x000000000444e390 code [0x000000000444e4c0, 0x000000000444e538]
Event: 24.745 Thread 0x00000000199e1000 5395       3       com.sun.prism.PresentableState::update (229 bytes)
Event: 24.747 Thread 0x00000000199e1000 nmethod 5395 0x000000000444bbd0 code [0x000000000444bee0, 0x000000000444d938]

GC Heap History (10 events):
Event: 19.108 GC heap before
{Heap before GC invocations=5 (full 1):
 PSYoungGen      total 38400K, used 33280K [0x00000000d5600000, 0x00000000d8080000, 0x0000000100000000)
  eden space 33280K, 100% used [0x00000000d5600000,0x00000000d7680000,0x00000000d7680000)
  from space 5120K, 0% used [0x00000000d7680000,0x00000000d7680000,0x00000000d7b80000)
  to   space 5120K, 0% used [0x00000000d7b80000,0x00000000d7b80000,0x00000000d8080000)
 ParOldGen       total 74240K, used 11934K [0x0000000080200000, 0x0000000084a80000, 0x00000000d5600000)
  object space 74240K, 16% used [0x0000000080200000,0x0000000080da7be0,0x0000000084a80000)
 Metaspace       used 23695K, capacity 25204K, committed 25472K, reserved 1071104K
  class space    used 3295K, capacity 3597K, committed 3712K, reserved 1048576K
Event: 19.114 GC heap after
Heap after GC invocations=5 (full 1):
 PSYoungGen      total 38400K, used 3137K [0x00000000d5600000, 0x00000000d8900000, 0x0000000100000000)
  eden space 33280K, 0% used [0x00000000d5600000,0x00000000d5600000,0x00000000d7680000)
  from space 5120K, 61% used [0x00000000d7b80000,0x00000000d7e905b8,0x00000000d8080000)
  to   space 5120K, 0% used [0x00000000d7680000,0x00000000d7680000,0x00000000d7b80000)
 ParOldGen       total 74240K, used 11942K [0x0000000080200000, 0x0000000084a80000, 0x00000000d5600000)
  object space 74240K, 16% used [0x0000000080200000,0x0000000080da9be0,0x0000000084a80000)
 Metaspace       used 23695K, capacity 25204K, committed 25472K, reserved 1071104K
  class space    used 3295K, capacity 3597K, committed 3712K, reserved 1048576K
}
Event: 19.847 GC heap before
{Heap before GC invocations=6 (full 1):
 PSYoungGen      total 38400K, used 36417K [0x00000000d5600000, 0x00000000d8900000, 0x0000000100000000)
  eden space 33280K, 100% used [0x00000000d5600000,0x00000000d7680000,0x00000000d7680000)
  from space 5120K, 61% used [0x00000000d7b80000,0x00000000d7e905b8,0x00000000d8080000)
  to   space 5120K, 0% used [0x00000000d7680000,0x00000000d7680000,0x00000000d7b80000)
 ParOldGen       total 74240K, used 11942K [0x0000000080200000, 0x0000000084a80000, 0x00000000d5600000)
  object space 74240K, 16% used [0x0000000080200000,0x0000000080da9be0,0x0000000084a80000)
 Metaspace       used 27187K, capacity 28712K, committed 29056K, reserved 1075200K
  class space    used 3803K, capacity 4117K, committed 4224K, reserved 1048576K
Event: 19.854 GC heap after
Heap after GC invocations=6 (full 1):
 PSYoungGen      total 38400K, used 5098K [0x00000000d5600000, 0x00000000d9580000, 0x0000000100000000)
  eden space 33280K, 0% used [0x00000000d5600000,0x00000000d5600000,0x00000000d7680000)
  from space 5120K, 99% used [0x00000000d7680000,0x00000000d7b7ab38,0x00000000d7b80000)
  to   space 10752K, 0% used [0x00000000d8b00000,0x00000000d8b00000,0x00000000d9580000)
 ParOldGen       total 74240K, used 12343K [0x0000000080200000, 0x0000000084a80000, 0x00000000d5600000)
  object space 74240K, 16% used [0x0000000080200000,0x0000000080e0df68,0x0000000084a80000)
 Metaspace       used 27187K, capacity 28712K, committed 29056K, reserved 1075200K
  class space    used 3803K, capacity 4117K, committed 4224K, reserved 1048576K
}
Event: 22.578 GC heap before
{Heap before GC invocations=7 (full 1):
 PSYoungGen      total 38400K, used 38378K [0x00000000d5600000, 0x00000000d9580000, 0x0000000100000000)
  eden space 33280K, 100% used [0x00000000d5600000,0x00000000d7680000,0x00000000d7680000)
  from space 5120K, 99% used [0x00000000d7680000,0x00000000d7b7ab38,0x00000000d7b80000)
  to   space 10752K, 0% used [0x00000000d8b00000,0x00000000d8b00000,0x00000000d9580000)
 ParOldGen       total 74240K, used 12343K [0x0000000080200000, 0x0000000084a80000, 0x00000000d5600000)
  object space 74240K, 16% used [0x0000000080200000,0x0000000080e0df68,0x0000000084a80000)
 Metaspace       used 32767K, capacity 34728K, committed 34944K, reserved 1079296K
  class space    used 4576K, capacity 4989K, committed 4992K, reserved 1048576K
Event: 22.587 GC heap after
Heap after GC invocations=7 (full 1):
 PSYoungGen      total 53248K, used 8047K [0x00000000d5600000, 0x00000000d9580000, 0x0000000100000000)
  eden space 42496K, 0% used [0x00000000d5600000,0x00000000d5600000,0x00000000d7f80000)
  from space 10752K, 74% used [0x00000000d8b00000,0x00000000d92dbf00,0x00000000d9580000)
  to   space 11264K, 0% used [0x00000000d7f80000,0x00000000d7f80000,0x00000000d8a80000)
 ParOldGen       total 74240K, used 12351K [0x0000000080200000, 0x0000000084a80000, 0x00000000d5600000)
  object space 74240K, 16% used [0x0000000080200000,0x0000000080e0ff68,0x0000000084a80000)
 Metaspace       used 32767K, capacity 34728K, committed 34944K, reserved 1079296K
  class space    used 4576K, capacity 4989K, committed 4992K, reserved 1048576K
}
Event: 22.844 GC heap before
{Heap before GC invocations=8 (full 1):
 PSYoungGen      total 53248K, used 12733K [0x00000000d5600000, 0x00000000d9580000, 0x0000000100000000)
  eden space 42496K, 11% used [0x00000000d5600000,0x00000000d5a93810,0x00000000d7f80000)
  from space 10752K, 74% used [0x00000000d8b00000,0x00000000d92dbf00,0x00000000d9580000)
  to   space 11264K, 0% used [0x00000000d7f80000,0x00000000d7f80000,0x00000000d8a80000)
 ParOldGen       total 74240K, used 12351K [0x0000000080200000, 0x0000000084a80000, 0x00000000d5600000)
  object space 74240K, 16% used [0x0000000080200000,0x0000000080e0ff68,0x0000000084a80000)
 Metaspace       used 33386K, capacity 35366K, committed 35496K, reserved 1079296K
  class space    used 4642K, capacity 5028K, committed 5120K, reserved 1048576K
Event: 22.851 GC heap after
Heap after GC invocations=8 (full 1):
 PSYoungGen      total 53760K, used 6213K [0x00000000d5600000, 0x00000000da700000, 0x0000000100000000)
  eden space 42496K, 0% used [0x00000000d5600000,0x00000000d5600000,0x00000000d7f80000)
  from space 11264K, 55% used [0x00000000d7f80000,0x00000000d8591658,0x00000000d8a80000)
  to   space 10752K, 0% used [0x00000000d9c80000,0x00000000d9c80000,0x00000000da700000)
 ParOldGen       total 74240K, used 12359K [0x0000000080200000, 0x0000000084a80000, 0x00000000d5600000)
  object space 74240K, 16% used [0x0000000080200000,0x0000000080e11f68,0x0000000084a80000)
 Metaspace       used 33386K, capacity 35366K, committed 35496K, reserved 1079296K
  class space    used 4642K, capacity 5028K, committed 5120K, reserved 1048576K
}
Event: 22.851 GC heap before
{Heap before GC invocations=9 (full 2):
 PSYoungGen      total 53760K, used 6213K [0x00000000d5600000, 0x00000000da700000, 0x0000000100000000)
  eden space 42496K, 0% used [0x00000000d5600000,0x00000000d5600000,0x00000000d7f80000)
  from space 11264K, 55% used [0x00000000d7f80000,0x00000000d8591658,0x00000000d8a80000)
  to   space 10752K, 0% used [0x00000000d9c80000,0x00000000d9c80000,0x00000000da700000)
 ParOldGen       total 74240K, used 12359K [0x0000000080200000, 0x0000000084a80000, 0x00000000d5600000)
  object space 74240K, 16% used [0x0000000080200000,0x0000000080e11f68,0x0000000084a80000)
 Metaspace       used 33386K, capacity 35366K, committed 35496K, reserved 1079296K
  class space    used 4642K, capacity 5028K, committed 5120K, reserved 1048576K
Event: 22.956 GC heap after
Heap after GC invocations=9 (full 2):
 PSYoungGen      total 53760K, used 0K [0x00000000d5600000, 0x00000000da700000, 0x0000000100000000)
  eden space 42496K, 0% used [0x00000000d5600000,0x00000000d5600000,0x00000000d7f80000)
  from space 11264K, 0% used [0x00000000d7f80000,0x00000000d7f80000,0x00000000d8a80000)
  to   space 10752K, 0% used [0x00000000d9c80000,0x00000000d9c80000,0x00000000da700000)
 ParOldGen       total 105984K, used 17738K [0x0000000080200000, 0x0000000086980000, 0x00000000d5600000)
  object space 105984K, 16% used [0x0000000080200000,0x0000000081352a18,0x0000000086980000)
 Metaspace       used 33386K, capacity 35366K, committed 35496K, reserved 1079296K
  class space    used 4642K, capacity 5028K, committed 5120K, reserved 1048576K
}

Deoptimization events (10 events):
Event: 22.438 Thread 0x0000000020350000 Uncommon trap: reason=bimorphic action=maybe_recompile pc=0x0000000003cf57ac method=java.util.regex.Pattern$5.isSatisfiedBy(I)Z @ 5
Event: 22.602 Thread 0x0000000020350000 Uncommon trap: reason=unstable_if action=reinterpret pc=0x0000000003c5ac98 method=java.util.regex.Pattern$BmpCharProperty.match(Ljava/util/regex/Matcher;ILjava/lang/CharSequence;)Z @ 34
Event: 22.629 Thread 0x0000000020350000 Uncommon trap: reason=class_check action=maybe_recompile pc=0x0000000003b51628 method=java.io.DataInputStream.readChar()C @ 4
Event: 22.648 Thread 0x0000000020350000 Uncommon trap: reason=class_check action=maybe_recompile pc=0x0000000003b51628 method=java.io.DataInputStream.readChar()C @ 4
Event: 22.648 Thread 0x0000000020350000 Uncommon trap: reason=class_check action=maybe_recompile pc=0x0000000003b51628 method=java.io.DataInputStream.readChar()C @ 4
Event: 22.648 Thread 0x0000000020350000 Uncommon trap: reason=class_check action=maybe_recompile pc=0x0000000003b51628 method=java.io.DataInputStream.readChar()C @ 4
Event: 22.679 Thread 0x0000000020350000 Uncommon trap: reason=bimorphic action=maybe_recompile pc=0x0000000003da2158 method=java.io.DataInputStream.readChar()C @ 4
Event: 22.679 Thread 0x0000000020350000 Uncommon trap: reason=bimorphic action=maybe_recompile pc=0x0000000003da2158 method=java.io.DataInputStream.readChar()C @ 4
Event: 22.679 Thread 0x0000000020350000 Uncommon trap: reason=bimorphic action=maybe_recompile pc=0x0000000003da2158 method=java.io.DataInputStream.readChar()C @ 4
Event: 22.679 Thread 0x0000000020350000 Uncommon trap: reason=bimorphic action=maybe_recompile pc=0x0000000003da2158 method=java.io.DataInputStream.readChar()C @ 4

Classes redefined (0 events):
No events

Internal exceptions (10 events):
Event: 3.559 Thread 0x000000001a3dc000 Exception <a 'java/lang/ArrayIndexOutOfBoundsException': 58> (0x00000000d5fe3220) thrown at [C:\re\workspace\8-2-build-windows-amd64-cygwin\jdk8u171\10807\hotspot\src\share\vm\interpreter\interpreterRuntime.cpp, line 366]
Event: 4.169 Thread 0x000000001a3dc000 Exception <a 'java/io/FileNotFoundException'> (0x00000000d6a0a7d0) thrown at [C:\re\workspace\8-2-build-windows-amd64-cygwin\jdk8u171\10807\hotspot\src\share\vm\prims\jni.cpp, line 709]
Event: 4.887 Thread 0x000000001a3dc000 Implicit null exception at 0x0000000003a9fdae to 0x0000000003aa051d
Event: 4.987 Thread 0x000000001a3dc000 Implicit null exception at 0x0000000003b3ea8e to 0x0000000003b40471
Event: 17.561 Thread 0x000000001a3dc000 Implicit null exception at 0x0000000003dd2775 to 0x0000000003dd2865
Event: 19.787 Thread 0x0000000020350000 Exception <a 'java/io/FileNotFoundException'> (0x00000000d758a4d0) thrown at [C:\re\workspace\8-2-build-windows-amd64-cygwin\jdk8u171\10807\hotspot\src\share\vm\prims\jni.cpp, line 709]
Event: 21.939 Thread 0x000000002034e800 Exception <a 'java/net/SocketTimeoutException': connect timed out> (0x00000000d6aca440) thrown at [C:\re\workspace\8-2-build-windows-amd64-cygwin\jdk8u171\10807\hotspot\src\share\vm\prims\jni.cpp, line 735]
Event: 22.094 Thread 0x0000000020350000 Exception <a 'java/lang/IncompatibleClassChangeError': Found class java.lang.Object, but interface was expected> (0x00000000d6bd0dc0) thrown at [C:\re\workspace\8-2-build-windows-amd64-cygwin\jdk8u171\10807\hotspot\src\share\vm\interpreter\linkResolver.cp
Event: 22.140 Thread 0x0000000020350000 Exception <a 'java/lang/NoSuchMethodError': java.lang.Object.lambda$or$2(Ljava/util/function/Predicate;Ljava/lang/Object;)Z> (0x00000000d6be56c8) thrown at [C:\re\workspace\8-2-build-windows-amd64-cygwin\jdk8u171\10807\hotspot\src\share\vm\interpreter\lin
Event: 22.266 Thread 0x0000000020350000 Exception <a 'java/lang/NoSuchMethodError': java.lang.Object.lambda$chars$0()Ljava/util/Spliterator$OfInt;> (0x00000000d6f62158) thrown at [C:\re\workspace\8-2-build-windows-amd64-cygwin\jdk8u171\10807\hotspot\src\share\vm\interpreter\linkResolver.cpp, li

Events (10 events):
Event: 22.958 loading class okhttp3/internal/http/CallServerInterceptor$CountingSink done
Event: 22.959 loading class okio/ForwardingSink
Event: 22.959 loading class okio/ForwardingSink done
Event: 22.960 loading class okhttp3/internal/http1/Http1Codec$FixedLengthSink
Event: 22.960 loading class okhttp3/internal/http1/Http1Codec$FixedLengthSink done
Event: 22.961 loading class okio/ForwardingTimeout
Event: 22.961 loading class okio/ForwardingTimeout done
Event: 22.961 loading class okio/AsyncTimeout$Watchdog
Event: 22.961 loading class okio/AsyncTimeout$Watchdog done
Event: 22.962 Thread 0x000000002096e000 Thread added: 0x000000002096e000


Dynamic libraries:
0x00007ff79d310000 - 0x00007ff79d347000 	C:\Program Files\Java\jdk1.8.0_171\bin\java.exe
0x00007ffac0470000 - 0x00007ffac0651000 	C:\WINDOWS\SYSTEM32\ntdll.dll
0x00007ffabfc40000 - 0x00007ffabfcf2000 	C:\WINDOWS\System32\KERNEL32.DLL
0x00007ffabc940000 - 0x00007ffabcbb3000 	C:\WINDOWS\System32\KERNELBASE.dll
0x00007ffac01f0000 - 0x00007ffac0291000 	C:\WINDOWS\System32\ADVAPI32.dll
0x00007ffabf7d0000 - 0x00007ffabf86e000 	C:\WINDOWS\System32\msvcrt.dll
0x00007ffabf960000 - 0x00007ffabf9bb000 	C:\WINDOWS\System32\sechost.dll
0x00007ffabfd00000 - 0x00007ffabfe24000 	C:\WINDOWS\System32\RPCRT4.dll
0x00007ffabdd80000 - 0x00007ffabdf10000 	C:\WINDOWS\System32\USER32.dll
0x00007ffabcdb0000 - 0x00007ffabcdd0000 	C:\WINDOWS\System32\win32u.dll
0x00007ffabdf10000 - 0x00007ffabdf38000 	C:\WINDOWS\System32\GDI32.dll
0x00007ffabcdd0000 - 0x00007ffabcf62000 	C:\WINDOWS\System32\gdi32full.dll
0x00007ffabcf70000 - 0x00007ffabd00f000 	C:\WINDOWS\System32\msvcp_win.dll
0x00007ffabd010000 - 0x00007ffabd10a000 	C:\WINDOWS\System32\ucrtbase.dll
0x00007ffaaf4c0000 - 0x00007ffaaf729000 	C:\WINDOWS\WinSxS\amd64_microsoft.windows.common-controls_6595b64144ccf1df_6.0.17134.345_none_fb429a5930656358\COMCTL32.dll
0x00007ffabfe30000 - 0x00007ffac0153000 	C:\WINDOWS\System32\combase.dll
0x00007ffabd110000 - 0x00007ffabd18a000 	C:\WINDOWS\System32\bcryptPrimitives.dll
0x00007ffabd910000 - 0x00007ffabd93d000 	C:\WINDOWS\System32\IMM32.DLL
0x00000000528a0000 - 0x0000000052972000 	C:\Program Files\Java\jdk1.8.0_171\jre\bin\msvcr100.dll
0x0000000077760000 - 0x0000000078000000 	C:\Program Files\Java\jdk1.8.0_171\jre\bin\server\jvm.dll
0x00007ffac0180000 - 0x00007ffac0188000 	C:\WINDOWS\System32\PSAPI.DLL
0x00007ffabb900000 - 0x00007ffabb90a000 	C:\WINDOWS\SYSTEM32\VERSION.dll
0x00007ffab3460000 - 0x00007ffab3483000 	C:\WINDOWS\SYSTEM32\WINMM.dll
0x00007ffab0be0000 - 0x00007ffab0be9000 	C:\WINDOWS\SYSTEM32\WSOCK32.dll
0x00007ffabdb30000 - 0x00007ffabdb9c000 	C:\WINDOWS\System32\WS2_32.dll
0x00007ffab3370000 - 0x00007ffab339a000 	C:\WINDOWS\SYSTEM32\WINMMBASE.dll
0x00007ffabc8f0000 - 0x00007ffabc939000 	C:\WINDOWS\System32\cfgmgr32.dll
0x0000000052860000 - 0x000000005286f000 	C:\Program Files\Java\jdk1.8.0_171\jre\bin\verify.dll
0x0000000052830000 - 0x0000000052859000 	C:\Program Files\Java\jdk1.8.0_171\jre\bin\java.dll
0x00000000527d0000 - 0x00000000527f3000 	C:\Program Files\Java\jdk1.8.0_171\jre\bin\instrument.dll
0x0000000052810000 - 0x0000000052826000 	C:\Program Files\Java\jdk1.8.0_171\jre\bin\zip.dll
0x00007ffabdf40000 - 0x00007ffabf37f000 	C:\WINDOWS\System32\SHELL32.dll
0x00007ffabdcd0000 - 0x00007ffabdd79000 	C:\WINDOWS\System32\shcore.dll
0x00007ffabd190000 - 0x00007ffabd89d000 	C:\WINDOWS\System32\windows.storage.dll
0x00007ffabdba0000 - 0x00007ffabdbf1000 	C:\WINDOWS\System32\shlwapi.dll
0x00007ffabc820000 - 0x00007ffabc831000 	C:\WINDOWS\System32\kernel.appcore.dll
0x00007ffabc780000 - 0x00007ffabc79f000 	C:\WINDOWS\System32\profapi.dll
0x00007ffabc7c0000 - 0x00007ffabc80c000 	C:\WINDOWS\System32\powrprof.dll
0x00007ffabc810000 - 0x00007ffabc81a000 	C:\WINDOWS\System32\FLTLIB.DLL
0x00007ffaafde0000 - 0x00007ffaafdfa000 	C:\Program Files\JetBrains\IntelliJ IDEA Community Edition 2018.2.3\bin\breakgen64.dll
0x00000000527b0000 - 0x00000000527ca000 	C:\Program Files\Java\jdk1.8.0_171\jre\bin\net.dll
0x00007ffabbfa0000 - 0x00007ffabc006000 	C:\WINDOWS\system32\mswsock.dll
0x00000000016c0000 - 0x00000000016c3000 	C:\Program Files\Java\jdk1.8.0_171\jre\bin\api-ms-win-core-console-l1-1-0.dll
0x00000000016e0000 - 0x00000000016e3000 	C:\Program Files\Java\jdk1.8.0_171\jre\bin\api-ms-win-core-datetime-l1-1-0.dll
0x00000000016f0000 - 0x00000000016f3000 	C:\Program Files\Java\jdk1.8.0_171\jre\bin\api-ms-win-core-debug-l1-1-0.dll
0x0000000001700000 - 0x0000000001703000 	C:\Program Files\Java\jdk1.8.0_171\jre\bin\api-ms-win-core-errorhandling-l1-1-0.dll
0x0000000001710000 - 0x0000000001714000 	C:\Program Files\Java\jdk1.8.0_171\jre\bin\api-ms-win-core-file-l1-1-0.dll
0x0000000001720000 - 0x0000000001723000 	C:\Program Files\Java\jdk1.8.0_171\jre\bin\api-ms-win-core-file-l1-2-0.dll
0x0000000001730000 - 0x0000000001733000 	C:\Program Files\Java\jdk1.8.0_171\jre\bin\api-ms-win-core-file-l2-1-0.dll
0x0000000001740000 - 0x0000000001743000 	C:\Program Files\Java\jdk1.8.0_171\jre\bin\api-ms-win-core-handle-l1-1-0.dll
0x0000000001750000 - 0x0000000001753000 	C:\Program Files\Java\jdk1.8.0_171\jre\bin\api-ms-win-core-heap-l1-1-0.dll
0x0000000003110000 - 0x0000000003113000 	C:\Program Files\Java\jdk1.8.0_171\jre\bin\api-ms-win-core-interlocked-l1-1-0.dll
0x0000000003120000 - 0x0000000003123000 	C:\Program Files\Java\jdk1.8.0_171\jre\bin\api-ms-win-core-libraryloader-l1-1-0.dll
0x0000000003130000 - 0x0000000003133000 	C:\Program Files\Java\jdk1.8.0_171\jre\bin\api-ms-win-core-localization-l1-2-0.dll
0x0000000003140000 - 0x0000000003143000 	C:\Program Files\Java\jdk1.8.0_171\jre\bin\api-ms-win-core-memory-l1-1-0.dll
0x0000000003150000 - 0x0000000003153000 	C:\Program Files\Java\jdk1.8.0_171\jre\bin\api-ms-win-core-namedpipe-l1-1-0.dll
0x0000000003160000 - 0x0000000003163000 	C:\Program Files\Java\jdk1.8.0_171\jre\bin\api-ms-win-core-processenvironment-l1-1-0.dll
0x0000000003170000 - 0x0000000003173000 	C:\Program Files\Java\jdk1.8.0_171\jre\bin\api-ms-win-core-processthreads-l1-1-0.dll
0x0000000003180000 - 0x0000000003183000 	C:\Program Files\Java\jdk1.8.0_171\jre\bin\api-ms-win-core-processthreads-l1-1-1.dll
0x00000000032a0000 - 0x00000000032a3000 	C:\Program Files\Java\jdk1.8.0_171\jre\bin\api-ms-win-core-profile-l1-1-0.dll
0x00000000032b0000 - 0x00000000032b3000 	C:\Program Files\Java\jdk1.8.0_171\jre\bin\api-ms-win-core-rtlsupport-l1-1-0.dll
0x00000000032c0000 - 0x00000000032c3000 	C:\Program Files\Java\jdk1.8.0_171\jre\bin\api-ms-win-core-string-l1-1-0.dll
0x00000000032d0000 - 0x00000000032d3000 	C:\Program Files\Java\jdk1.8.0_171\jre\bin\api-ms-win-core-synch-l1-1-0.dll
0x00000000032e0000 - 0x00000000032e3000 	C:\Program Files\Java\jdk1.8.0_171\jre\bin\api-ms-win-core-synch-l1-2-0.dll
0x00000000032f0000 - 0x00000000032f3000 	C:\Program Files\Java\jdk1.8.0_171\jre\bin\api-ms-win-core-sysinfo-l1-1-0.dll
0x0000000003300000 - 0x0000000003303000 	C:\Program Files\Java\jdk1.8.0_171\jre\bin\api-ms-win-core-timezone-l1-1-0.dll
0x0000000003310000 - 0x0000000003313000 	C:\Program Files\Java\jdk1.8.0_171\jre\bin\api-ms-win-core-util-l1-1-0.dll
0x0000000003320000 - 0x0000000003323000 	C:\Program Files\Java\jdk1.8.0_171\jre\bin\api-ms-win-crt-conio-l1-1-0.dll
0x0000000003330000 - 0x0000000003334000 	C:\Program Files\Java\jdk1.8.0_171\jre\bin\api-ms-win-crt-convert-l1-1-0.dll
0x0000000003340000 - 0x0000000003343000 	C:\Program Files\Java\jdk1.8.0_171\jre\bin\api-ms-win-crt-environment-l1-1-0.dll
0x0000000003350000 - 0x0000000003353000 	C:\Program Files\Java\jdk1.8.0_171\jre\bin\api-ms-win-crt-filesystem-l1-1-0.dll
0x000000001a8d0000 - 0x000000001a8d3000 	C:\Program Files\Java\jdk1.8.0_171\jre\bin\api-ms-win-crt-heap-l1-1-0.dll
0x000000001a8e0000 - 0x000000001a8e3000 	C:\Program Files\Java\jdk1.8.0_171\jre\bin\api-ms-win-crt-locale-l1-1-0.dll
0x000000001a8f0000 - 0x000000001a8f5000 	C:\Program Files\Java\jdk1.8.0_171\jre\bin\api-ms-win-crt-math-l1-1-0.dll
0x000000001a900000 - 0x000000001a905000 	C:\Program Files\Java\jdk1.8.0_171\jre\bin\api-ms-win-crt-multibyte-l1-1-0.dll
0x000000001a910000 - 0x000000001a920000 	C:\Program Files\Java\jdk1.8.0_171\jre\bin\api-ms-win-crt-private-l1-1-0.dll
0x000000001a920000 - 0x000000001a923000 	C:\Program Files\Java\jdk1.8.0_171\jre\bin\api-ms-win-crt-process-l1-1-0.dll
0x000000001a930000 - 0x000000001a934000 	C:\Program Files\Java\jdk1.8.0_171\jre\bin\api-ms-win-crt-runtime-l1-1-0.dll
0x000000001a940000 - 0x000000001a944000 	C:\Program Files\Java\jdk1.8.0_171\jre\bin\api-ms-win-crt-stdio-l1-1-0.dll
0x000000001a950000 - 0x000000001a954000 	C:\Program Files\Java\jdk1.8.0_171\jre\bin\api-ms-win-crt-string-l1-1-0.dll
0x000000001a960000 - 0x000000001a963000 	C:\Program Files\Java\jdk1.8.0_171\jre\bin\api-ms-win-crt-time-l1-1-0.dll
0x000000001a970000 - 0x000000001a973000 	C:\Program Files\Java\jdk1.8.0_171\jre\bin\api-ms-win-crt-utility-l1-1-0.dll
0x00007ffaa0e10000 - 0x00007ffaa0f06000 	C:\Program Files\Java\jdk1.8.0_171\jre\bin\ucrtbase.dll
0x00007ffaa5b80000 - 0x00007ffaa5bd1000 	C:\Program Files\Java\jdk1.8.0_171\jre\bin\concrt140.dll
0x00007ffaa3c80000 - 0x00007ffaa3d27000 	C:\WINDOWS\SYSTEM32\MSVCP140.dll
0x00007ffaac320000 - 0x00007ffaac336000 	C:\WINDOWS\SYSTEM32\VCRUNTIME140.dll
0x00007ffaac060000 - 0x00007ffaac076000 	C:\Program Files\Java\jdk1.8.0_171\jre\bin\vcruntime140.dll
0x00007ffaa51a0000 - 0x00007ffaa523c000 	C:\Program Files\Java\jdk1.8.0_171\jre\bin\msvcp140.dll
0x0000000052760000 - 0x0000000052783000 	C:\Program Files\Java\jdk1.8.0_171\jre\bin\prism_d3d.dll
0x00007ffa9cfc0000 - 0x00007ffa9d157000 	C:\WINDOWS\system32\d3d9.dll
0x00007ffabacd0000 - 0x00007ffabacf9000 	C:\WINDOWS\SYSTEM32\dwmapi.dll
0x00007ffabaa20000 - 0x00007ffabaab8000 	C:\WINDOWS\system32\uxtheme.dll
0x00007ffaadec0000 - 0x00007ffaae024000 	C:\WINDOWS\SYSTEM32\aticfx64.dll
0x00007ffa9d9e0000 - 0x00007ffa9da01000 	C:\WINDOWS\SYSTEM32\atiu9p64.dll
0x00007ffa881c0000 - 0x00007ffa88a19000 	C:\WINDOWS\SYSTEM32\atiumd64.dll
0x00000000515d0000 - 0x0000000051e58000 	C:\WINDOWS\SYSTEM32\atiumd6a.dll
0x0000000051080000 - 0x00000000510c9000 	C:\Program Files\Java\jdk1.8.0_171\jre\bin\glass.dll
0x00007ffabf870000 - 0x00007ffabf95d000 	C:\WINDOWS\System32\COMDLG32.dll
0x00007ffabd940000 - 0x00007ffabda91000 	C:\WINDOWS\System32\ole32.dll
0x00007ffabdc00000 - 0x00007ffabdcc2000 	C:\WINDOWS\System32\OLEAUT32.dll
0x00007ffabfa60000 - 0x00007ffabfbd4000 	C:\WINDOWS\System32\MSCTF.dll
0x00007ffaa2ba0000 - 0x00007ffaa2c1f000 	C:\Program Files (x86)\TeamViewer\tv_x64.dll
0x0000000052740000 - 0x0000000052754000 	C:\Program Files\Java\jdk1.8.0_171\jre\bin\javafx_font.dll
0x00007ffaaa160000 - 0x00007ffaaa47c000 	C:\WINDOWS\SYSTEM32\dwrite.dll
0x0000000052680000 - 0x00000000526a3000 	C:\Program Files\Java\jdk1.8.0_171\jre\bin\javafx_iio.dll
0x00007ffabf9c0000 - 0x00007ffabfa60000 	C:\WINDOWS\System32\clbcatq.dll
0x00007ffab8350000 - 0x00007ffab84fe000 	C:\WINDOWS\SYSTEM32\WindowsCodecs.dll
0x00007ffaa2960000 - 0x00007ffaa29b8000 	C:\WINDOWS\system32\dataexchange.dll
0x00007ffab7800000 - 0x00007ffab799c000 	C:\WINDOWS\system32\dcomp.dll
0x00007ffab6f40000 - 0x00007ffab724b000 	C:\WINDOWS\system32\d3d11.dll
0x00007ffabb380000 - 0x00007ffabb43b000 	C:\WINDOWS\system32\dxgi.dll
0x00007ffabade0000 - 0x00007ffabaf98000 	C:\WINDOWS\system32\twinapi.appcore.dll
0x00007ffabad00000 - 0x00007ffabad21000 	C:\WINDOWS\system32\RMCLIENT.dll
0x00007ffaa5550000 - 0x00007ffaa5584000 	C:\Program Files\Common Files\Microsoft Shared\Ink\rtscom.dll
0x00007ffaac5c0000 - 0x00007ffaac657000 	C:\WINDOWS\System32\TextInputFramework.dll
0x00007ffab63a0000 - 0x00007ffab647a000 	C:\WINDOWS\System32\CoreMessaging.dll
0x00007ffaaef00000 - 0x00007ffaaf21e000 	C:\WINDOWS\System32\CoreUIComponents.dll
0x00007ffabb5b0000 - 0x00007ffabb5e1000 	C:\WINDOWS\SYSTEM32\ntmarta.dll
0x00007ffab9940000 - 0x00007ffab9a8d000 	C:\WINDOWS\SYSTEM32\wintypes.dll
0x00007ffab32d0000 - 0x00007ffab333b000 	C:\WINDOWS\system32\Oleacc.dll
0x0000000052720000 - 0x0000000052732000 	C:\Program Files\Java\jdk1.8.0_171\jre\bin\prism_common.dll
0x0000000051070000 - 0x000000005107d000 	C:\Program Files\Java\jdk1.8.0_171\jre\bin\management.dll
0x00007ffab3000000 - 0x00007ffab3016000 	C:\WINDOWS\system32\napinsp.dll
0x00007ffab2fe0000 - 0x00007ffab2ffa000 	C:\WINDOWS\system32\pnrpnsp.dll
0x00007ffab9590000 - 0x00007ffab95a9000 	C:\WINDOWS\system32\NLAapi.dll
0x00007ffabbd70000 - 0x00007ffabbe2e000 	C:\WINDOWS\SYSTEM32\DNSAPI.dll
0x00007ffabd900000 - 0x00007ffabd908000 	C:\WINDOWS\System32\NSI.dll
0x00007ffabbd20000 - 0x00007ffabbd58000 	C:\WINDOWS\SYSTEM32\IPHLPAPI.DLL

VM Arguments:
jvm_args: -javaagent:C:\Program Files\JetBrains\IntelliJ IDEA Community Edition 2018.2.3\lib\idea_rt.jar=62098:C:\Program Files\JetBrains\IntelliJ IDEA Community Edition 2018.2.3\bin -Dfile.encoding=UTF-8 
java_command: javafx.stages.ETL_SCORECARD
java_class_path (initial): C:\Program Files\Java\jdk1.8.0_171\jre\lib\charsets.jar;C:\Program Files\Java\jdk1.8.0_171\jre\lib\deploy.jar;C:\Program Files\Java\jdk1.8.0_171\jre\lib\ext\access-bridge-64.jar;C:\Program Files\Java\jdk1.8.0_171\jre\lib\ext\cldrdata.jar;C:\Program Files\Java\jdk1.8.0_171\jre\lib\ext\dnsns.jar;C:\Program Files\Java\jdk1.8.0_171\jre\lib\ext\jaccess.jar;C:\Program Files\Java\jdk1.8.0_171\jre\lib\ext\jfxrt.jar;C:\Program Files\Java\jdk1.8.0_171\jre\lib\ext\localedata.jar;C:\Program Files\Java\jdk1.8.0_171\jre\lib\ext\nashorn.jar;C:\Program Files\Java\jdk1.8.0_171\jre\lib\ext\sunec.jar;C:\Program Files\Java\jdk1.8.0_171\jre\lib\ext\sunjce_provider.jar;C:\Program Files\Java\jdk1.8.0_171\jre\lib\ext\sunmscapi.jar;C:\Program Files\Java\jdk1.8.0_171\jre\lib\ext\sunpkcs11.jar;C:\Program Files\Java\jdk1.8.0_171\jre\lib\ext\zipfs.jar;C:\Program Files\Java\jdk1.8.0_171\jre\lib\javaws.jar;C:\Program Files\Java\jdk1.8.0_171\jre\lib\jce.jar;C:\Program Files\Java\jdk1.8.0_171\jre\lib\jfr.jar;C:\Program Files\Java\jdk1.8.0_171\jre\lib\jfxswt.jar;C:\Program Files\Java\jdk1.8.0_171\jre\lib\jsse.jar;C:\Program Files\Java\jdk1.8.0_171\jre\lib\management-agent.jar;C:\Program Files\Java\jdk1.8.0_171\jre\lib\plugin.jar;C:\Program Files\Java\jdk1.8.0_171\jre\lib\resources.jar;C:\Program Files\Java\jdk1.8.0_171\jre\lib\rt.jar;C:\Users\Yonathan Diaz\Documents\PrgAuto\BetstoneUI\target\classes;C:\Programa Automatizado\controlsfx-8.40.14.jar;C:\Users\Yonathan Diaz\.m2\repository\org\seleniumhq\selenium\selenium-java\3.14.0\selenium-java-3.14.0.jar;C:\Users\Yonathan Diaz\.m2\repository\org\seleniumhq\selenium\selenium-api\3.14.0\selenium-api-3.14.0.jar;C:\Users\Yonathan Diaz\.m2\repository\org\seleniumhq\selenium\selenium-edge-driver\3.14.0\selenium-edge-driver-3.14.0.jar;C:\Users\Yonathan Diaz\.m2\repository\org\seleniumhq\selenium\selenium-firefox-driver\3.14.0\selenium-firefox-driver-3.14.0.jar;C:\Users\Yonathan Diaz\.m2\repository\org\seleniumhq\selenium\selenium
Launcher Type: SUN_STANDARD

Environment Variables:
PATH=C:\Program Files (x86)\Common Files\Oracle\Java\javapath;C:\ProgramData\Oracle\Java\javapath;C:\WINDOWS\system32;C:\WINDOWS;C:\WINDOWS\System32\Wbem;C:\WINDOWS\System32\WindowsPowerShell\v1.0\;C:\Program Files (x86)\AMD\ATI.ACE\Core-Static;C:\Program Files (x86)\ATI Technologies\ATI.ACE\Core-Static;C:\Program Files (x86)\OpenSSH\bin;C:\Program Files (x86)\Skype\Phone\;C:\Program Files\dotnet\;C:\Program Files (x86)\Google\Cloud SDK\google-cloud-sdk\bin;C:\apache-maven-3.5.3\bin;C:\WINDOWS\System32\OpenSSH\;\\187.188.105.168\shared\Programas\dgc-dna-betstone-reports.json;C:\Users\Yonathan Diaz\Downloads\dgc-betstone-reports.json;C:\Program Files\Git\cmd;C:\Users\Yonathan Diaz\AppData\Local\Programs\Python\Python37\Scripts\;C:\Users\Yonathan Diaz\AppData\Local\Programs\Python\Python37\;C:\Users\Yonathan Diaz\AppData\Local\Microsoft\WindowsApps;C:\Program Files\Java\jdk1.8.0_171\bin;
USERNAME=Yonathan Diaz
OS=Windows_NT
PROCESSOR_IDENTIFIER=Intel64 Family 6 Model 58 Stepping 9, GenuineIntel



---------------  S Y S T E M  ---------------

OS: Windows 10.0 , 64 bit Build 17134 (10.0.17134.1)

CPU:total 4 (initial active 4) (2 cores per cpu, 2 threads per core) family 6 model 58 stepping 9, cmov, cx8, fxsr, mmx, sse, sse2, sse3, ssse3, sse4.1, sse4.2, popcnt, avx, clmul, erms, ht, tsc, tscinvbit, tscinv

Memory: 4k page, physical 8374740k(1182444k free), swap 33540564k(5528k free)

vm_info: Java HotSpot(TM) 64-Bit Server VM (25.171-b11) for windows-amd64 JRE (1.8.0_171-b11), built on Mar 28 2018 16:06:12 by "java_re" with MS VC++ 10.0 (VS2010)

time: Tue Oct 23 10:12:59 2018
elapsed time: 24 seconds (0d 0h 0m 24s)

