#
# A fatal error has been detected by the Java Runtime Environment:
#
#  Internal Error (exceptions.cpp:471), pid=2758, tid=0x0000000000000103
#  fatal error: ExceptionMark destructor expects no pending exceptions
#
# JRE version: Java(TM) SE Runtime Environment (8.0_261-b12) (build 1.8.0_261-b12)
# Java VM: Java HotSpot(TM) 64-Bit Server VM (25.261-b12 mixed mode bsd-amd64 compressed oops)
# Failed to write core dump. Core dumps have been disabled. To enable core dumping, try "ulimit -c unlimited" before starting Java again
#
# If you would like to submit a bug report, please visit:
#   http://bugreport.java.com/bugreport/crash.jsp
# The crash happened outside the Java Virtual Machine in native code.
# See problematic frame for where to report the bug.
#

---------------  T H R E A D  ---------------

Current thread (0x00007fd3d98d2800):  JavaThread "JavaFX Application Thread" [_thread_in_native, id=259, stack(0x00007ffee3a2a000,0x00007ffee422a000)]

Stack: [0x00007ffee3a2a000,0x00007ffee422a000],  sp=0x00007ffee4223880,  free space=8166k
Native frames: (J=compiled Java code, j=interpreted, Vv=VM code, C=native code)
V  [libjvm.dylib+0x59f597]
V  [libjvm.dylib+0x1d728b]
V  [libjvm.dylib+0x22fa1b]
V  [libjvm.dylib+0x4f0fea]
J 6267 C2 com.sun.glass.ui.InvokeLaterDispatcher$Future.run()V (91 bytes) @ 0x0000000113ce5492 [0x0000000113ce4fa0+0x4f2]
v  ~StubRoutines::call_stub
V  [libjvm.dylib+0x2d42cd]
V  [libjvm.dylib+0x2fc961]
V  [libjvm.dylib+0x300df2]
C  [libglass.dylib+0x53ac]  -[GlassRunnable run]+0x6c
C  [Foundation+0x80b81]  __NSThreadPerformPerform+0xcc
C  [CoreFoundation+0x8194c]  __CFRUNLOOP_IS_CALLING_OUT_TO_A_SOURCE0_PERFORM_FUNCTION__+0x11
C  [CoreFoundation+0x818b4]  __CFRunLoopDoSource0+0xb4
C  [CoreFoundation+0x81634]  __CFRunLoopDoSources0+0xf2
C  [CoreFoundation+0x8005c]  __CFRunLoopRun+0x37d
C  [CoreFoundation+0x7f61c]  CFRunLoopRunSpecific+0x233
C  [HIToolbox+0x30a83]  RunCurrentEventLoopInMode+0x124
C  [HIToolbox+0x307e5]  ReceiveNextEventCommon+0x24b
C  [HIToolbox+0x30583]  _BlockUntilNextEventMatchingListInModeWithFilter+0x46
C  [AppKit+0x3f172]  _DPSNextEvent+0x360
C  [AppKit+0x3d945]  -[NSApplication(NSEvent) _nextEventMatchingEventMask:untilDate:inMode:dequeue:]+0x554
C  [AppKit+0x2fc69]  -[NSApplication run]+0x24a
C  [libglass.dylib+0x7379]  -[GlassApplication runLoop:]+0x769
C  [Foundation+0x80b81]  __NSThreadPerformPerform+0xcc
C  [CoreFoundation+0x8194c]  __CFRUNLOOP_IS_CALLING_OUT_TO_A_SOURCE0_PERFORM_FUNCTION__+0x11
C  [CoreFoundation+0x818b4]  __CFRunLoopDoSource0+0xb4
C  [CoreFoundation+0x81634]  __CFRunLoopDoSources0+0xf2
C  [CoreFoundation+0x8005c]  __CFRunLoopRun+0x37d
C  [CoreFoundation+0x7f61c]  CFRunLoopRunSpecific+0x233
C  [java+0x5312]  CreateExecutionEnvironment+0x37e
C  [java+0x183e]  JLI_Launch+0x75e
C  [java+0x7c79]  main+0x44
C  [libdyld.dylib+0x15f3d]  start+0x1
C  0x0000000000000006


---------------  P R O C E S S  ---------------

Java Threads: ( => current thread )
  0x00007fd3e40d1000 JavaThread "Exec Default Executor" daemon [_thread_in_native, id=60315, stack(0x0000700002cd8000,0x0000700002dd8000)]
  0x00007fd3e3261000 JavaThread "Forwarding newSession on session null to remote" daemon [_thread_blocked, id=26007, stack(0x0000700002b4f000,0x0000700002c4f000)]
  0x00007fd3d957c000 JavaThread "PulseTimer-CVDisplayLink thread" daemon [_thread_in_native, id=35443, stack(0x000070000202b000,0x00007000020ab000)]
  0x00007fd3d89b8800 JavaThread "UrlChecker-4" daemon [_thread_blocked, id=74515, stack(0x00007000032ed000,0x00007000033ed000)]
  0x00007fd3dbbde000 JavaThread "Okio Watchdog" daemon [_thread_blocked, id=61975, stack(0x0000700003827000,0x0000700003927000)]
  0x00007fd3dbbda000 JavaThread "OkHttp ConnectionPool" daemon [_thread_blocked, id=61759, stack(0x0000700003724000,0x0000700003824000)]
  0x00007fd3e3290800 JavaThread "process reaper" daemon [_thread_in_native, id=1719, stack(0x00007000033f0000,0x0000700003418000)]
  0x00007fd3dbb80800 JavaThread "Prism Font Disposer" daemon [_thread_blocked, id=54279, stack(0x0000700002fe4000,0x00007000030e4000)]
  0x00007fd3de857000 JavaThread "Attach Listener" daemon [_thread_blocked, id=52515, stack(0x0000700002ee1000,0x0000700002fe1000)]
  0x00007fd3db07b000 JavaThread "JavaFX-Launcher" [_thread_blocked, id=80907, stack(0x0000700002dde000,0x0000700002ede000)]
=>0x00007fd3d98d2800 JavaThread "JavaFX Application Thread" [_thread_in_native, id=259, stack(0x00007ffee3a2a000,0x00007ffee422a000)]
  0x00007fd3d98d7800 JavaThread "Thread-1" daemon [_thread_blocked, id=40463, stack(0x0000700002a4c000,0x0000700002b4c000)]
  0x00007fd3db013800 JavaThread "QuantumRenderer-0" daemon [_thread_blocked, id=43267, stack(0x0000700002949000,0x0000700002a49000)]
  0x00007fd3db8f6000 JavaThread "Service Thread" daemon [_thread_blocked, id=15875, stack(0x0000700002743000,0x0000700002843000)]
  0x00007fd3db8d3000 JavaThread "C1 CompilerThread3" daemon [_thread_blocked, id=15619, stack(0x0000700002640000,0x0000700002740000)]
  0x00007fd3db8d2800 JavaThread "C2 CompilerThread2" daemon [_thread_blocked, id=15107, stack(0x000070000253d000,0x000070000263d000)]
  0x00007fd3db8d1800 JavaThread "C2 CompilerThread1" daemon [_thread_blocked, id=16643, stack(0x000070000243a000,0x000070000253a000)]
  0x00007fd3db8d1000 JavaThread "C2 CompilerThread0" daemon [_thread_blocked, id=17155, stack(0x0000700002337000,0x0000700002437000)]
  0x00007fd3db8cf800 JavaThread "Monitor Ctrl-Break" daemon [_thread_in_native, id=14339, stack(0x0000700002234000,0x0000700002334000)]
  0x00007fd3d9060000 JavaThread "Signal Dispatcher" daemon [_thread_blocked, id=14083, stack(0x0000700002131000,0x0000700002231000)]
  0x00007fd3de00a800 JavaThread "Finalizer" daemon [_thread_blocked, id=19715, stack(0x0000700001f28000,0x0000700002028000)]
  0x00007fd3db010800 JavaThread "Reference Handler" daemon [_thread_blocked, id=12291, stack(0x0000700001e25000,0x0000700001f25000)]
  0x00007fd3db809000 JavaThread "main" [_thread_blocked, id=4099, stack(0x0000700001407000,0x0000700001507000)]

Other Threads:
  0x00007fd3d9052800 VMThread [stack: 0x0000700001d22000,0x0000700001e22000] [id=20483]
  0x00007fd3db8f8800 WatcherThread [stack: 0x0000700002846000,0x0000700002946000] [id=21763]

VM state:not at safepoint (normal execution)

VM Mutex/Monitor currently owned by a thread: None

OutOfMemory and StackOverflow Exception counts:
StackOverflowErrors=9

heap address: 0x00000006c0000000, size: 4096 MB, Compressed Oops mode: Zero based, Oop shift amount: 3
Narrow klass base: 0x0000000000000000, Narrow klass shift: 3
Compressed class space size: 1073741824 Address: 0x00000007c0000000

Heap:
 PSYoungGen      total 115712K, used 90527K [0x000000076ab00000, 0x0000000774480000, 0x00000007c0000000)
  eden space 113152K, 78% used [0x000000076ab00000,0x00000007701489f8,0x0000000771980000)
  from space 2560K, 84% used [0x0000000774200000,0x000000077441f300,0x0000000774480000)
  to   space 14336K, 0% used [0x0000000772880000,0x0000000772880000,0x0000000773680000)
 ParOldGen       total 178688K, used 23727K [0x00000006c0000000, 0x00000006cae80000, 0x000000076ab00000)
  object space 178688K, 13% used [0x00000006c0000000,0x00000006c172be10,0x00000006cae80000)
 Metaspace       used 36320K, capacity 38545K, committed 38656K, reserved 1083392K
  class space    used 4940K, capacity 5360K, committed 5376K, reserved 1048576K

Card table byte_map: [0x0000000110e0c000,0x000000011160d000] byte_map_base: 0x000000010d80c000

Marking Bits: (ParMarkBitMap*) 0x0000000110728748
 Begin Bits: [0x0000000121b15000, 0x0000000125b15000)
 End Bits:   [0x0000000125b15000, 0x0000000129b15000)

Polling page: 0x000000010ba4e000

CodeCache: size=245760Kb used=20947Kb max_used=20947Kb free=224812Kb
 bounds [0x0000000112b15000, 0x0000000113fb5000, 0x0000000121b15000]
 total_blobs=7239 nmethods=6408 adapters=741
 compilation: enabled

Compilation events (10 events):
Event: 363.477 Thread 0x00007fd3db8d3000 nmethod 7770 0x0000000113f9e110 code [0x0000000113f9e2a0, 0x0000000113f9e770]
Event: 363.477 Thread 0x00007fd3db8d3000 7771       3       javafx.scene.text.Text$StyleableProperties$3::isSettable (9 bytes)
Event: 363.477 Thread 0x00007fd3db8d3000 nmethod 7771 0x0000000113f9e8d0 code [0x0000000113f9ea40, 0x0000000113f9ed28]
Event: 363.524 Thread 0x00007fd3db8d3000 7772       1       javafx.scene.control.TextInputControl::access$700 (5 bytes)
Event: 363.524 Thread 0x00007fd3db8d3000 nmethod 7772 0x0000000113f63e90 code [0x0000000113f63fe0, 0x0000000113f640d0]
Event: 363.524 Thread 0x00007fd3db8d3000 7773       3       com.sun.javafx.collections.ListListenerHelper$SingleChange::addListener (14 bytes)
Event: 363.524 Thread 0x00007fd3db8d3000 nmethod 7773 0x0000000113f9edd0 code [0x0000000113f9ef80, 0x0000000113f9f610]
Event: 363.524 Thread 0x00007fd3db8d3000 7774       3       com.sun.javafx.collections.ListListenerHelper$Generic::<init> (7 bytes)
Event: 363.525 Thread 0x00007fd3db8d3000 nmethod 7774 0x0000000113f9f9d0 code [0x0000000113f9fb60, 0x0000000113fa0130]
Event: 363.525 Thread 0x00007fd3db8d3000 7775       3       com.sun.javafx.collections.ListListenerHelper$Generic::<init> (26 bytes)

GC Heap History (10 events):
Event: 89.796 GC heap before
{Heap before GC invocations=8 (full 2):
 PSYoungGen      total 100352K, used 91839K [0x000000076ab00000, 0x0000000774300000, 0x00000007c0000000)
  eden space 89600K, 100% used [0x000000076ab00000,0x0000000770280000,0x0000000770280000)
  from space 10752K, 20% used [0x0000000770280000,0x00000007704afdd0,0x0000000770d00000)
  to   space 14848K, 0% used [0x0000000773480000,0x0000000773480000,0x0000000774300000)
 ParOldGen       total 178688K, used 21345K [0x00000006c0000000, 0x00000006cae80000, 0x000000076ab00000)
  object space 178688K, 11% used [0x00000006c0000000,0x00000006c14d8480,0x00000006cae80000)
 Metaspace       used 35641K, capacity 37763K, committed 37888K, reserved 1081344K
  class space    used 4926K, capacity 5349K, committed 5376K, reserved 1048576K
Event: 89.799 GC heap after
Heap after GC invocations=8 (full 2):
 PSYoungGen      total 129536K, used 1513K [0x000000076ab00000, 0x0000000773e00000, 0x00000007c0000000)
  eden space 119808K, 0% used [0x000000076ab00000,0x000000076ab00000,0x0000000772000000)
  from space 9728K, 15% used [0x0000000773480000,0x00000007735fa798,0x0000000773e00000)
  to   space 15360K, 0% used [0x0000000772000000,0x0000000772000000,0x0000000772f00000)
 ParOldGen       total 178688K, used 21353K [0x00000006c0000000, 0x00000006cae80000, 0x000000076ab00000)
  object space 178688K, 11% used [0x00000006c0000000,0x00000006c14da480,0x00000006cae80000)
 Metaspace       used 35641K, capacity 37763K, committed 37888K, reserved 1081344K
  class space    used 4926K, capacity 5349K, committed 5376K, reserved 1048576K
}
Event: 133.009 GC heap before
{Heap before GC invocations=9 (full 2):
 PSYoungGen      total 129536K, used 121321K [0x000000076ab00000, 0x0000000773e00000, 0x00000007c0000000)
  eden space 119808K, 100% used [0x000000076ab00000,0x0000000772000000,0x0000000772000000)
  from space 9728K, 15% used [0x0000000773480000,0x00000007735fa798,0x0000000773e00000)
  to   space 15360K, 0% used [0x0000000772000000,0x0000000772000000,0x0000000772f00000)
 ParOldGen       total 178688K, used 21353K [0x00000006c0000000, 0x00000006cae80000, 0x000000076ab00000)
  object space 178688K, 11% used [0x00000006c0000000,0x00000006c14da480,0x00000006cae80000)
 Metaspace       used 35777K, capacity 37903K, committed 38144K, reserved 1081344K
  class space    used 4926K, capacity 5349K, committed 5376K, reserved 1048576K
Event: 133.012 GC heap after
Heap after GC invocations=9 (full 2):
 PSYoungGen      total 135168K, used 1774K [0x000000076ab00000, 0x0000000775e80000, 0x00000007c0000000)
  eden space 119808K, 0% used [0x000000076ab00000,0x000000076ab00000,0x0000000772000000)
  from space 15360K, 11% used [0x0000000772000000,0x00000007721bb8a0,0x0000000772f00000)
  to   space 15360K, 0% used [0x0000000774f80000,0x0000000774f80000,0x0000000775e80000)
 ParOldGen       total 178688K, used 21361K [0x00000006c0000000, 0x00000006cae80000, 0x000000076ab00000)
  object space 178688K, 11% used [0x00000006c0000000,0x00000006c14dc480,0x00000006cae80000)
 Metaspace       used 35777K, capacity 37903K, committed 38144K, reserved 1081344K
  class space    used 4926K, capacity 5349K, committed 5376K, reserved 1048576K
}
Event: 192.276 GC heap before
{Heap before GC invocations=10 (full 2):
 PSYoungGen      total 135168K, used 121582K [0x000000076ab00000, 0x0000000775e80000, 0x00000007c0000000)
  eden space 119808K, 100% used [0x000000076ab00000,0x0000000772000000,0x0000000772000000)
  from space 15360K, 11% used [0x0000000772000000,0x00000007721bb8a0,0x0000000772f00000)
  to   space 15360K, 0% used [0x0000000774f80000,0x0000000774f80000,0x0000000775e80000)
 ParOldGen       total 178688K, used 22953K [0x00000006c0000000, 0x00000006cae80000, 0x000000076ab00000)
  object space 178688K, 12% used [0x00000006c0000000,0x00000006c166a750,0x00000006cae80000)
 Metaspace       used 36115K, capacity 38329K, committed 38400K, reserved 1083392K
  class space    used 4939K, capacity 5360K, committed 5376K, reserved 1048576K
Event: 192.280 GC heap after
Heap after GC invocations=10 (full 2):
 PSYoungGen      total 119808K, used 2074K [0x000000076ab00000, 0x0000000775200000, 0x00000007c0000000)
  eden space 117248K, 0% used [0x000000076ab00000,0x000000076ab00000,0x0000000771d80000)
  from space 2560K, 81% used [0x0000000774f80000,0x0000000775186870,0x0000000775200000)
  to   space 14848K, 0% used [0x0000000773500000,0x0000000773500000,0x0000000774380000)
 ParOldGen       total 178688K, used 22961K [0x00000006c0000000, 0x00000006cae80000, 0x000000076ab00000)
  object space 178688K, 12% used [0x00000006c0000000,0x00000006c166c750,0x00000006cae80000)
 Metaspace       used 36115K, capacity 38329K, committed 38400K, reserved 1083392K
  class space    used 4939K, capacity 5360K, committed 5376K, reserved 1048576K
}
Event: 252.728 GC heap before
{Heap before GC invocations=11 (full 2):
 PSYoungGen      total 119808K, used 119322K [0x000000076ab00000, 0x0000000775200000, 0x00000007c0000000)
  eden space 117248K, 100% used [0x000000076ab00000,0x0000000771d80000,0x0000000771d80000)
  from space 2560K, 81% used [0x0000000774f80000,0x0000000775186870,0x0000000775200000)
  to   space 14848K, 0% used [0x0000000773500000,0x0000000773500000,0x0000000774380000)
 ParOldGen       total 178688K, used 23711K [0x00000006c0000000, 0x00000006cae80000, 0x000000076ab00000)
  object space 178688K, 13% used [0x00000006c0000000,0x00000006c1727e10,0x00000006cae80000)
 Metaspace       used 36188K, capacity 38333K, committed 38400K, reserved 1083392K
  class space    used 4940K, capacity 5360K, committed 5376K, reserved 1048576K
Event: 252.731 GC heap after
Heap after GC invocations=11 (full 2):
 PSYoungGen      total 117760K, used 2143K [0x000000076ab00000, 0x0000000775000000, 0x00000007c0000000)
  eden space 115200K, 0% used [0x000000076ab00000,0x000000076ab00000,0x0000000771b80000)
  from space 2560K, 83% used [0x0000000773500000,0x0000000773717f88,0x0000000773780000)
  to   space 14336K, 0% used [0x0000000774200000,0x0000000774200000,0x0000000775000000)
 ParOldGen       total 178688K, used 23719K [0x00000006c0000000, 0x00000006cae80000, 0x000000076ab00000)
  object space 178688K, 13% used [0x00000006c0000000,0x00000006c1729e10,0x00000006cae80000)
 Metaspace       used 36188K, capacity 38333K, committed 38400K, reserved 1083392K
  class space    used 4940K, capacity 5360K, committed 5376K, reserved 1048576K
}
Event: 293.711 GC heap before
{Heap before GC invocations=12 (full 2):
 PSYoungGen      total 117760K, used 117343K [0x000000076ab00000, 0x0000000775000000, 0x00000007c0000000)
  eden space 115200K, 100% used [0x000000076ab00000,0x0000000771b80000,0x0000000771b80000)
  from space 2560K, 83% used [0x0000000773500000,0x0000000773717f88,0x0000000773780000)
  to   space 14336K, 0% used [0x0000000774200000,0x0000000774200000,0x0000000775000000)
 ParOldGen       total 178688K, used 23719K [0x00000006c0000000, 0x00000006cae80000, 0x000000076ab00000)
  object space 178688K, 13% used [0x00000006c0000000,0x00000006c1729e10,0x00000006cae80000)
 Metaspace       used 36223K, capacity 38401K, committed 38656K, reserved 1083392K
  class space    used 4940K, capacity 5360K, committed 5376K, reserved 1048576K
Event: 293.716 GC heap after
Heap after GC invocations=12 (full 2):
 PSYoungGen      total 115712K, used 2172K [0x000000076ab00000, 0x0000000774480000, 0x00000007c0000000)
  eden space 113152K, 0% used [0x000000076ab00000,0x000000076ab00000,0x0000000771980000)
  from space 2560K, 84% used [0x0000000774200000,0x000000077441f300,0x0000000774480000)
  to   space 14336K, 0% used [0x0000000772880000,0x0000000772880000,0x0000000773680000)
 ParOldGen       total 178688K, used 23727K [0x00000006c0000000, 0x00000006cae80000, 0x000000076ab00000)
  object space 178688K, 13% used [0x00000006c0000000,0x00000006c172be10,0x00000006cae80000)
 Metaspace       used 36223K, capacity 38401K, committed 38656K, reserved 1083392K
  class space    used 4940K, capacity 5360K, committed 5376K, reserved 1048576K
}

Deoptimization events (10 events):
Event: 288.367 Thread 0x00007fd3d957c000 Uncommon trap: reason=array_check action=maybe_recompile pc=0x00000001134595f0 method=com.google.common.collect.RegularImmutableMap.fromEntryArray(I[Ljava/util/Map$Entry;)Lcom/google/common/collect/ImmutableMap; @ 157
Event: 288.385 Thread 0x00007fd3d957c000 Uncommon trap: reason=array_check action=maybe_recompile pc=0x00000001134595f0 method=com.google.common.collect.RegularImmutableMap.fromEntryArray(I[Ljava/util/Map$Entry;)Lcom/google/common/collect/ImmutableMap; @ 157
Event: 288.903 Thread 0x00007fd3d98d2800 Uncommon trap: reason=unstable_if action=reinterpret pc=0x000000011321c9e0 method=javafx.beans.binding.When$WhenListener.invalidated(Ljavafx/beans/Observable;)V @ 99
Event: 324.284 Thread 0x00007fd3d98d2800 Uncommon trap: reason=class_check action=maybe_recompile pc=0x0000000113de7d50 method=com.sun.javafx.application.PlatformImpl.lambda$null$5(Ljava/lang/Runnable;)Ljava/lang/Void; @ 1
Event: 324.296 Thread 0x00007fd3db013800 Uncommon trap: reason=unstable_if action=reinterpret pc=0x000000011397011c method=com.sun.javafx.geom.RectBounds.contains(Lcom/sun/javafx/geom/RectBounds;)Z @ 4
Event: 354.604 Thread 0x00007fd3d98d2800 Uncommon trap: reason=unstable_if action=reinterpret pc=0x000000011368005c method=java.util.concurrent.LinkedBlockingQueue.offer(Ljava/lang/Object;)Z @ 113
Event: 354.604 Thread 0x00007fd3db013800 Uncommon trap: reason=unstable_if action=reinterpret pc=0x0000000113822434 method=java.util.concurrent.LinkedBlockingQueue.take()Ljava/lang/Object; @ 49
Event: 356.452 Thread 0x00007fd3db013800 Uncommon trap: reason=unstable_if action=reinterpret pc=0x0000000113f00354 method=com.sun.javafx.sg.prism.NGNode.getRenderRoot(Lcom/sun/javafx/sg/prism/NodePath;Lcom/sun/javafx/geom/RectBounds;ILcom/sun/javafx/geom/transform/BaseTransform;Lcom/sun/javafx/
Event: 363.233 Thread 0x00007fd3d98d2800 Uncommon trap: reason=unstable_if action=reinterpret pc=0x0000000113e41500 method=com.sun.glass.ui.mac.MacAccessible.accessibilityIsIgnored()Z @ 58
Event: 363.525 Thread 0x00007fd3d98d2800 Uncommon trap: reason=class_check action=maybe_recompile pc=0x0000000113de7d50 method=com.sun.javafx.application.PlatformImpl.lambda$null$5(Ljava/lang/Runnable;)Ljava/lang/Void; @ 1

Classes redefined (0 events):
No events

Internal exceptions (10 events):
Event: 324.019 Thread 0x00007fd3d957c000 Exception <a 'java/io/FileNotFoundException'> (0x000000076f402f28) thrown at [/jenkins/workspace/8-2-build-macosx-x86_64/jdk8u261/295/hotspot/src/share/vm/prims/jni.cpp, line 710]
Event: 324.020 Thread 0x00007fd3d957c000 Exception <a 'java/io/FileNotFoundException'> (0x000000076f40c2e8) thrown at [/jenkins/workspace/8-2-build-macosx-x86_64/jdk8u261/295/hotspot/src/share/vm/prims/jni.cpp, line 710]
Event: 324.043 Thread 0x00007fd3d957c000 Exception <a 'sun/nio/fs/UnixException'> (0x000000076f416e20) thrown at [/jenkins/workspace/8-2-build-macosx-x86_64/jdk8u261/295/hotspot/src/share/vm/prims/jni.cpp, line 710]
Event: 324.049 Thread 0x00007fd3d957c000 Exception <a 'sun/nio/fs/UnixException'> (0x000000076f417030) thrown at [/jenkins/workspace/8-2-build-macosx-x86_64/jdk8u261/295/hotspot/src/share/vm/prims/jni.cpp, line 710]
Event: 324.127 Thread 0x00007fd3d957c000 Exception <a 'java/net/SocketTimeoutException': Read timed out> (0x000000076f41a850) thrown at [/jenkins/workspace/8-2-build-macosx-x86_64/jdk8u261/295/hotspot/src/share/vm/prims/jni.cpp, line 737]
Event: 324.281 Thread 0x00007fd3d89b8800 Exception <a 'java/net/ConnectException'> (0x000000076f705408) thrown at [/jenkins/workspace/8-2-build-macosx-x86_64/jdk8u261/295/hotspot/src/share/vm/prims/jni.cpp, line 710]
Event: 363.525 Thread 0x00007fd3d98d2800 Exception <a 'java/lang/StackOverflowError'> (0x000000077002c208) thrown at [/jenkins/workspace/8-2-build-macosx-x86_64/jdk8u261/295/hotspot/src/share/vm/runtime/javaCalls.cpp, line 386]
Event: 363.525 Thread 0x00007fd3d98d2800 Exception <a 'java/lang/StackOverflowError'> (0x000000077002c238) thrown at [/jenkins/workspace/8-2-build-macosx-x86_64/jdk8u261/295/hotspot/src/share/vm/runtime/javaCalls.cpp, line 386]
Event: 363.525 Thread 0x00007fd3d98d2800 Exception <a 'java/lang/StackOverflowError'> (0x000000077002c238) thrown at [/jenkins/workspace/8-2-build-macosx-x86_64/jdk8u261/295/hotspot/src/share/vm/prims/jvm.cpp, line 1516]
Event: 363.525 Thread 0x00007fd3d98d2800 Exception <a 'java/lang/StackOverflowError'> (0x000000077002c2b8) thrown at [/jenkins/workspace/8-2-build-macosx-x86_64/jdk8u261/295/hotspot/src/share/vm/runtime/javaCalls.cpp, line 386]

Events (10 events):
Event: 356.452 Thread 0x00007fd3db013800 Uncommon trap: trap_request=0xffffff65 fr.pc=0x0000000113f00354
Event: 356.452 Thread 0x00007fd3db013800 DEOPT PACKING pc=0x0000000113f00354 sp=0x0000700002a487b0
Event: 356.452 Thread 0x00007fd3db013800 DEOPT UNPACKING pc=0x0000000112b5a73a sp=0x0000700002a486f0 mode 2
Event: 363.233 Thread 0x00007fd3d98d2800 Uncommon trap: trap_request=0xffffff65 fr.pc=0x0000000113e41500
Event: 363.233 Thread 0x00007fd3d98d2800 DEOPT PACKING pc=0x0000000113e41500 sp=0x00007ffee42213f0
Event: 363.233 Thread 0x00007fd3d98d2800 DEOPT UNPACKING pc=0x0000000112b5a73a sp=0x00007ffee42213e0 mode 2
Event: 363.524 Thread 0x00007fd3e3261000 Thread added: 0x00007fd3e3261000
Event: 363.525 Thread 0x00007fd3d98d2800 Uncommon trap: trap_request=0xffffffde fr.pc=0x0000000113de7d50
Event: 363.525 Thread 0x00007fd3d98d2800 DEOPT PACKING pc=0x0000000113de7d50 sp=0x00007ffee42230e0
Event: 363.525 Thread 0x00007fd3d98d2800 DEOPT UNPACKING pc=0x0000000112b5a73a sp=0x00007ffee4223050 mode 2


Dynamic libraries:
0x00007fff3503f000 	/System/Library/Frameworks/Cocoa.framework/Versions/A/Cocoa
0x00007fff22384000 	/System/Library/Frameworks/Security.framework/Versions/A/Security
0x00007fff33247000 	/System/Library/Frameworks/ApplicationServices.framework/Versions/A/ApplicationServices
0x00007fff2a606000 	/usr/lib/libz.1.dylib
0x00007fff2a6ce000 	/usr/lib/libSystem.B.dylib
0x00007fff2056d000 	/System/Library/Frameworks/CoreFoundation.framework/Versions/A/CoreFoundation
0x00007fff2131c000 	/System/Library/Frameworks/Foundation.framework/Versions/C/Foundation
0x00007fff2038d000 	/usr/lib/libobjc.A.dylib
0x00007fff22db5000 	/System/Library/Frameworks/AppKit.framework/Versions/C/AppKit
0x00007fff25c79000 	/System/Library/Frameworks/CoreData.framework/Versions/A/CoreData
0x00007fff23b01000 	/System/Library/PrivateFrameworks/UIFoundation.framework/Versions/A/UIFoundation
0x00007fff2fd01000 	/System/Library/PrivateFrameworks/RemoteViewServices.framework/Versions/A/RemoteViewServices
0x00007fff28b12000 	/System/Library/PrivateFrameworks/XCTTargetBootstrap.framework/Versions/A/XCTTargetBootstrap
0x00007fff2b7f7000 	/usr/lib/libspindump.dylib
0x00007fff23d50000 	/System/Library/Frameworks/UniformTypeIdentifiers.framework/Versions/A/UniformTypeIdentifiers
0x00007fff27316000 	/usr/lib/libapp_launch_measurement.dylib
0x00007fff27319000 	/System/Library/PrivateFrameworks/CoreAutoLayout.framework/Versions/A/CoreAutoLayout
0x00007fff28479000 	/System/Library/Frameworks/Metal.framework/Versions/A/Metal
0x00007fff2916f000 	/usr/lib/liblangid.dylib
0x00007fff28b16000 	/System/Library/PrivateFrameworks/CoreSVG.framework/Versions/A/CoreSVG
0x00007fff24d90000 	/System/Library/PrivateFrameworks/SkyLight.framework/Versions/A/SkyLight
0x00007fff250f6000 	/System/Library/Frameworks/CoreGraphics.framework/Versions/A/CoreGraphics
0x00007fff30228000 	/System/Library/Frameworks/Accelerate.framework/Versions/A/Accelerate
0x00007fff2b235000 	/System/Library/PrivateFrameworks/IconServices.framework/Versions/A/IconServices
0x00007fff2845d000 	/System/Library/Frameworks/IOSurface.framework/Versions/A/IOSurface
0x00007fff26601000 	/usr/lib/libDiagnosticMessagesClient.dylib
0x00007fff28afe000 	/System/Library/PrivateFrameworks/DFRFoundation.framework/Versions/A/DFRFoundation
0x00007fff226dc000 	/usr/lib/libicucore.A.dylib
0x00007fff2cd40000 	/System/Library/Frameworks/AudioToolbox.framework/Versions/A/AudioToolbox
0x00007fff2bfc8000 	/System/Library/PrivateFrameworks/DataDetectorsCore.framework/Versions/A/DataDetectorsCore
0x00007fff24d03000 	/usr/lib/libMobileGestalt.dylib
0x00007fff28802000 	/System/Library/Frameworks/Carbon.framework/Versions/A/Frameworks/HIToolbox.framework/Versions/A/HIToolbox
0x00007fff26d5b000 	/System/Library/Frameworks/QuartzCore.framework/Versions/A/QuartzCore
0x00007fff2fd39000 	/System/Library/Frameworks/Carbon.framework/Versions/A/Frameworks/SpeechRecognition.framework/Versions/A/SpeechRecognition
0x00007fff2707b000 	/System/Library/PrivateFrameworks/CoreUI.framework/Versions/A/CoreUI
0x00007fff21cf2000 	/System/Library/Frameworks/CoreAudio.framework/Versions/A/CoreAudio
0x00007fff266ec000 	/System/Library/Frameworks/DiskArbitration.framework/Versions/A/DiskArbitration
0x00007fff2bbc5000 	/System/Library/PrivateFrameworks/MultitouchSupport.framework/Versions/A/MultitouchSupport
0x00007fff2bfbf000 	/System/Library/PrivateFrameworks/InternationalSupport.framework/Versions/A/InternationalSupport
0x00007fff24d02000 	/usr/lib/libenergytrace.dylib
0x00007fff22cac000 	/System/Library/Frameworks/IOKit.framework/Versions/A/IOKit
0x00007fff3006c000 	/System/Library/Frameworks/CoreServices.framework/Versions/A/CoreServices
0x00007fff272a8000 	/System/Library/PrivateFrameworks/PerformanceAnalysis.framework/Versions/A/PerformanceAnalysis
0x00007fff6bbd7000 	/System/Library/Frameworks/OpenGL.framework/Versions/A/OpenGL
0x00007fff2c043000 	/System/Library/PrivateFrameworks/UserActivity.framework/Versions/A/UserActivity
0x00007fff25780000 	/System/Library/Frameworks/ColorSync.framework/Versions/A/ColorSync
0x00007fff28d7d000 	/System/Library/Frameworks/CoreImage.framework/Versions/A/CoreImage
0x00007fff21b0c000 	/System/Library/Frameworks/CoreText.framework/Versions/A/CoreText
0x00007fff28b40000 	/System/Library/Frameworks/ImageIO.framework/Versions/A/ImageIO
0x00007fff2a6d4000 	/System/Library/PrivateFrameworks/SoftLinking.framework/Versions/A/SoftLinking
0x00007fff27361000 	/usr/lib/libxml2.2.dylib
0x00007fff20453000 	/usr/lib/libc++.1.dylib
0x00007fff2a945000 	/usr/lib/libcompression.dylib
0x00007fff2bef1000 	/System/Library/PrivateFrameworks/TextureIO.framework/Versions/A/TextureIO
0x00007fff2af74000 	/usr/lib/libate.dylib
0x00007fff2a6c8000 	/usr/lib/system/libcache.dylib
0x00007fff2a684000 	/usr/lib/system/libcommonCrypto.dylib
0x00007fff2a6ae000 	/usr/lib/system/libcompiler_rt.dylib
0x00007fff2a6a3000 	/usr/lib/system/libcopyfile.dylib
0x00007fff2027d000 	/usr/lib/system/libcorecrypto.dylib
0x00007fff20348000 	/usr/lib/system/libdispatch.dylib
0x00007fff204fb000 	/usr/lib/system/libdyld.dylib
0x00007fff2a6bf000 	/usr/lib/system/libkeymgr.dylib
0x00007fff2dad7000 	/usr/lib/system/liblaunch.dylib
0x00007fff2a662000 	/usr/lib/system/libmacho.dylib
0x00007fff29e5a000 	/usr/lib/system/libquarantine.dylib
0x00007fff2a6bc000 	/usr/lib/system/libremovefile.dylib
0x00007fff24d60000 	/usr/lib/system/libsystem_asl.dylib
0x00007fff2022d000 	/usr/lib/system/libsystem_blocks.dylib
0x00007fff203ca000 	/usr/lib/system/libsystem_c.dylib
0x00007fff2a6b6000 	/usr/lib/system/libsystem_collections.dylib
0x00007fff29160000 	/usr/lib/system/libsystem_configuration.dylib
0x00007fff2844c000 	/usr/lib/system/libsystem_containermanager.dylib
0x00007fff2a405000 	/usr/lib/system/libsystem_coreservices.dylib
0x00007fff2293c000 	/usr/lib/system/libsystem_darwin.dylib
0x00007fff2a6c0000 	/usr/lib/system/libsystem_dnssd.dylib
0x00007fff203c7000 	/usr/lib/system/libsystem_featureflags.dylib
0x00007fff20541000 	/usr/lib/system/libsystem_info.dylib
0x00007fff2a619000 	/usr/lib/system/libsystem_m.dylib
0x00007fff2031b000 	/usr/lib/system/libsystem_malloc.dylib
0x00007fff24cf3000 	/usr/lib/system/libsystem_networkextension.dylib
0x00007fff22d5b000 	/usr/lib/system/libsystem_notify.dylib
0x00007fff2ff6e000 	/usr/lib/system/libsystem_product_info_filter.dylib
0x00007fff29164000 	/usr/lib/system/libsystem_sandbox.dylib
0x00007fff2a6b9000 	/usr/lib/system/libsystem_secinit.dylib
0x00007fff204bf000 	/usr/lib/system/libsystem_kernel.dylib
0x00007fff20537000 	/usr/lib/system/libsystem_platform.dylib
0x00007fff204ef000 	/usr/lib/system/libsystem_pthread.dylib
0x00007fff2643d000 	/usr/lib/system/libsystem_symptoms.dylib
0x00007fff20265000 	/usr/lib/system/libsystem_trace.dylib
0x00007fff2a690000 	/usr/lib/system/libunwind.dylib
0x00007fff2022f000 	/usr/lib/system/libxpc.dylib
0x00007fff204a9000 	/usr/lib/libc++abi.dylib
0x00007fff2a69b000 	/usr/lib/liboah.dylib
0x00007fff2ad59000 	/usr/lib/liblzma.5.dylib
0x00007fff21030000 	/System/Library/Frameworks/SystemConfiguration.framework/Versions/A/SystemConfiguration
0x00007fff2a6d0000 	/usr/lib/libfakelink.dylib
0x00007fff24854000 	/System/Library/Frameworks/CFNetwork.framework/Versions/A/CFNetwork
0x00007fff2a810000 	/usr/lib/libarchive.2.dylib
0x00007fff210ae000 	/usr/lib/libCRFSuite.dylib
0x00007fff29e81000 	/usr/lib/libbsm.0.dylib
0x00007fff241cd000 	/usr/lib/libnetwork.dylib
0x00007fff2a6d5000 	/usr/lib/libpcap.A.dylib
0x00007fff26436000 	/usr/lib/libdns_services.dylib
0x00007fff2ad72000 	/usr/lib/libcoretls_cfhelpers.dylib
0x00007fff2a90f000 	/usr/lib/libapple_nghttp2.dylib
0x00007fff2a668000 	/usr/lib/system/libkxld.dylib
0x00007fff260af000 	/usr/lib/libsqlite3.dylib
0x00007fff2a3e8000 	/System/Library/PrivateFrameworks/AppleFSCompression.framework/Versions/A/AppleFSCompression
0x00007fff29e69000 	/usr/lib/libcoretls.dylib
0x00007fff2a940000 	/usr/lib/libpam.2.dylib
0x00007fff2ae70000 	/usr/lib/libxar.1.dylib
0x00007fff2916b000 	/System/Library/PrivateFrameworks/AppleSystemInfo.framework/Versions/A/AppleSystemInfo
0x00007fff29aab000 	/System/Library/PrivateFrameworks/IOMobileFramebuffer.framework/Versions/A/IOMobileFramebuffer
0x00007fff2a3f8000 	/usr/lib/libbz2.1.0.dylib
0x00007fff2a70d000 	/usr/lib/libiconv.2.dylib
0x00007fff2a661000 	/usr/lib/libcharset.1.dylib
0x00007fff272e4000 	/System/Library/Frameworks/CoreServices.framework/Versions/A/Frameworks/FSEvents.framework/Versions/A/FSEvents
0x00007fff22946000 	/System/Library/Frameworks/CoreServices.framework/Versions/A/Frameworks/CarbonCore.framework/Versions/A/CarbonCore
0x00007fff26651000 	/System/Library/Frameworks/CoreServices.framework/Versions/A/Frameworks/Metadata.framework/Versions/A/Metadata
0x00007fff2a40a000 	/System/Library/Frameworks/CoreServices.framework/Versions/A/Frameworks/OSServices.framework/Versions/A/OSServices
0x00007fff2a882000 	/System/Library/Frameworks/CoreServices.framework/Versions/A/Frameworks/SearchKit.framework/Versions/A/SearchKit
0x00007fff263c1000 	/System/Library/Frameworks/CoreServices.framework/Versions/A/Frameworks/AE.framework/Versions/A/AE
0x00007fff20a0b000 	/System/Library/Frameworks/CoreServices.framework/Versions/A/Frameworks/LaunchServices.framework/Versions/A/LaunchServices
0x00007fff2ad09000 	/System/Library/Frameworks/CoreServices.framework/Versions/A/Frameworks/DictionaryServices.framework/Versions/A/DictionaryServices
0x00007fff272f1000 	/System/Library/Frameworks/CoreServices.framework/Versions/A/Frameworks/SharedFileList.framework/Versions/A/SharedFileList
0x00007fff29e5d000 	/usr/lib/libCheckFix.dylib
0x00007fff24d77000 	/System/Library/PrivateFrameworks/TCC.framework/Versions/A/TCC
0x00007fff29171000 	/System/Library/PrivateFrameworks/CoreNLP.framework/Versions/A/CoreNLP
0x00007fff26604000 	/System/Library/PrivateFrameworks/MetadataUtilities.framework/Versions/A/MetadataUtilities
0x00007fff210e3000 	/usr/lib/libmecabra.dylib
0x00007fff2a167000 	/System/Library/Frameworks/MLCompute.framework/Versions/A/MLCompute
0x00007fff29e92000 	/usr/lib/libmecab.dylib
0x00007fff29edc000 	/usr/lib/libgermantok.dylib
0x00007fff2a8ea000 	/usr/lib/libThaiTokenizer.dylib
0x00007fff2aeab000 	/usr/lib/libChineseTokenizer.dylib
0x00007fff2a93e000 	/System/Library/Frameworks/MetalPerformanceShaders.framework/Versions/A/MetalPerformanceShaders
0x00007fff266f3000 	/System/Library/Frameworks/Accelerate.framework/Versions/A/Frameworks/vImage.framework/Versions/A/vImage
0x00007fff30046000 	/System/Library/Frameworks/Accelerate.framework/Versions/A/Frameworks/vecLib.framework/Versions/A/vecLib
0x00007fff2aeb6000 	/System/Library/Frameworks/Accelerate.framework/Versions/A/Frameworks/vecLib.framework/Versions/A/libvMisc.dylib
0x00007fff298c6000 	/System/Library/Frameworks/Accelerate.framework/Versions/A/Frameworks/vecLib.framework/Versions/A/libvDSP.dylib
0x00007fff20d16000 	/System/Library/Frameworks/Accelerate.framework/Versions/A/Frameworks/vecLib.framework/Versions/A/libBLAS.dylib
0x00007fff2a96b000 	/System/Library/Frameworks/Accelerate.framework/Versions/A/Frameworks/vecLib.framework/Versions/A/libLAPACK.dylib
0x00007fff29ee2000 	/System/Library/Frameworks/Accelerate.framework/Versions/A/Frameworks/vecLib.framework/Versions/A/libLinearAlgebra.dylib
0x00007fff2a927000 	/System/Library/Frameworks/Accelerate.framework/Versions/A/Frameworks/vecLib.framework/Versions/A/libSparseBLAS.dylib
0x00007fff2a965000 	/System/Library/Frameworks/Accelerate.framework/Versions/A/Frameworks/vecLib.framework/Versions/A/libQuadrature.dylib
0x00007fff2921d000 	/System/Library/Frameworks/Accelerate.framework/Versions/A/Frameworks/vecLib.framework/Versions/A/libBNNS.dylib
0x00007fff20fc1000 	/System/Library/Frameworks/Accelerate.framework/Versions/A/Frameworks/vecLib.framework/Versions/A/libSparse.dylib
0x00007fff290f9000 	/System/Library/Frameworks/MetalPerformanceShaders.framework/Versions/A/Frameworks/MPSCore.framework/Versions/A/MPSCore
0x00007fff2a357000 	/System/Library/Frameworks/MetalPerformanceShaders.framework/Versions/A/Frameworks/MPSImage.framework/Versions/A/MPSImage
0x00007fff29ef8000 	/System/Library/Frameworks/MetalPerformanceShaders.framework/Versions/A/Frameworks/MPSNeuralNetwork.framework/Versions/A/MPSNeuralNetwork
0x00007fff2a2c9000 	/System/Library/Frameworks/MetalPerformanceShaders.framework/Versions/A/Frameworks/MPSMatrix.framework/Versions/A/MPSMatrix
0x00007fff2a117000 	/System/Library/Frameworks/MetalPerformanceShaders.framework/Versions/A/Frameworks/MPSRayIntersector.framework/Versions/A/MPSRayIntersector
0x00007fff2a300000 	/System/Library/Frameworks/MetalPerformanceShaders.framework/Versions/A/Frameworks/MPSNDArray.framework/Versions/A/MPSNDArray
0x00007fff20c41000 	/System/Library/PrivateFrameworks/MetalTools.framework/Versions/A/MetalTools
0x00007fff29169000 	/System/Library/PrivateFrameworks/AggregateDictionary.framework/Versions/A/AggregateDictionary
0x00007fff265d1000 	/System/Library/PrivateFrameworks/CoreAnalytics.framework/Versions/A/CoreAnalytics
0x00007fff2a8ec000 	/System/Library/PrivateFrameworks/AppleSauce.framework/Versions/A/AppleSauce
0x00007fff2846f000 	/System/Library/PrivateFrameworks/IOAccelerator.framework/Versions/A/IOAccelerator
0x00007fff6bbcb000 	/System/Library/Frameworks/OpenGL.framework/Versions/A/Libraries/libCoreFSCache.dylib
0x00007fff2167b000 	/System/Library/PrivateFrameworks/LanguageModeling.framework/Versions/A/LanguageModeling
0x00007fff29a99000 	/System/Library/PrivateFrameworks/CoreEmoji.framework/Versions/A/CoreEmoji
0x00007fff29216000 	/System/Library/PrivateFrameworks/LinguisticData.framework/Versions/A/LinguisticData
0x00007fff20f73000 	/System/Library/PrivateFrameworks/Lexicon.framework/Versions/A/Lexicon
0x00007fff2a7fe000 	/usr/lib/libcmph.dylib
0x00007fff272c4000 	/System/Library/Frameworks/OpenDirectory.framework/Versions/A/Frameworks/CFOpenDirectory.framework/Versions/A/CFOpenDirectory
0x00007fff272b4000 	/System/Library/Frameworks/OpenDirectory.framework/Versions/A/OpenDirectory
0x00007fff2ad74000 	/System/Library/PrivateFrameworks/APFS.framework/Versions/A/APFS
0x00007fff29dbf000 	/System/Library/Frameworks/SecurityFoundation.framework/Versions/A/SecurityFoundation
0x00007fff2ae7e000 	/usr/lib/libutil.dylib
0x00007fff22c71000 	/System/Library/PrivateFrameworks/CoreServicesStore.framework/Versions/A/CoreServicesStore
0x00007fff29e55000 	/System/Library/Frameworks/ServiceManagement.framework/Versions/A/ServiceManagement
0x00007fff2ae82000 	/usr/lib/libxslt.1.dylib
0x00007fff29e4b000 	/System/Library/PrivateFrameworks/BackgroundTaskManagement.framework/Versions/A/BackgroundTaskManagement
0x00007fff2be3b000 	/System/Library/Frameworks/ImageIO.framework/Versions/A/Resources/libRadiance.dylib
0x00007fff2be45000 	/System/Library/Frameworks/ImageIO.framework/Versions/A/Resources/libJPEG.dylib
0x00007fff2bd8f000 	/System/Library/Frameworks/ImageIO.framework/Versions/A/Resources/libPng.dylib
0x00007fff2bdb6000 	/System/Library/Frameworks/ImageIO.framework/Versions/A/Resources/libTIFF.dylib
0x00007fff2be9a000 	/System/Library/Frameworks/ImageIO.framework/Versions/A/Resources/libGIF.dylib
0x00007fff2bae1000 	/System/Library/Frameworks/ImageIO.framework/Versions/A/Resources/libJP2.dylib
0x00007fff2b1fd000 	/usr/lib/libexpat.1.dylib
0x00007fff2ba97000 	/System/Library/PrivateFrameworks/AppleJPEG.framework/Versions/A/AppleJPEG
0x00007fff286a5000 	/System/Library/PrivateFrameworks/FontServices.framework/libFontParser.dylib
0x00007fff26378000 	/System/Library/PrivateFrameworks/RunningBoardServices.framework/Versions/A/RunningBoardServices
0x00007fff2bbc1000 	/System/Library/PrivateFrameworks/WatchdogClient.framework/Versions/A/WatchdogClient
0x00007fff21764000 	/System/Library/Frameworks/CoreDisplay.framework/Versions/A/CoreDisplay
0x00007fff285ba000 	/System/Library/Frameworks/CoreMedia.framework/Versions/A/CoreMedia
0x00007fff27444000 	/System/Library/Frameworks/CoreVideo.framework/Versions/A/CoreVideo
0x00007fff2bbfc000 	/System/Library/Frameworks/VideoToolbox.framework/Versions/A/VideoToolbox
0x00007fff262f8000 	/System/Library/PrivateFrameworks/BaseBoard.framework/Versions/A/BaseBoard
0x00007fff2b341000 	/System/Library/PrivateFrameworks/PersistentConnection.framework/Versions/A/PersistentConnection
0x00007fff26099000 	/System/Library/PrivateFrameworks/ProtocolBuffer.framework/Versions/A/ProtocolBuffer
0x00007fff262e0000 	/System/Library/PrivateFrameworks/CommonUtilities.framework/Versions/A/CommonUtilities
0x00007fff2ba5a000 	/System/Library/PrivateFrameworks/Bom.framework/Versions/A/Bom
0x00007fff2be33000 	/System/Library/PrivateFrameworks/GPUWrangler.framework/Versions/A/GPUWrangler
0x00007fff2be16000 	/System/Library/PrivateFrameworks/IOPresentment.framework/Versions/A/IOPresentment
0x00007fff2be3f000 	/System/Library/PrivateFrameworks/DSExternalDisplay.framework/Versions/A/DSExternalDisplay
0x00007fff2be9f000 	/System/Library/PrivateFrameworks/CMCaptureCore.framework/Versions/A/CMCaptureCore
0x00007fff2b7dd000 	/System/Library/PrivateFrameworks/AppServerSupport.framework/Versions/A/AppServerSupport
0x00007fff2d87a000 	/System/Library/PrivateFrameworks/perfdata.framework/Versions/A/perfdata
0x00007fff29dae000 	/System/Library/PrivateFrameworks/AssertionServices.framework/Versions/A/AssertionServices
0x00007fff2189b000 	/System/Library/PrivateFrameworks/AudioToolboxCore.framework/Versions/A/AudioToolboxCore
0x00007fff2859d000 	/System/Library/PrivateFrameworks/caulk.framework/Versions/A/caulk
0x00007fff3cd26000 	/System/Library/PrivateFrameworks/SystemPolicy.framework/Versions/A/SystemPolicy
0x00007fff2b00c000 	/usr/lib/libIOReport.dylib
0x00007fff2d0b6000 	/usr/lib/libSMC.dylib
0x00007fff2bd5b000 	/usr/lib/libAudioToolboxUtility.dylib
0x00007fff3d683000 	/usr/lib/libmis.dylib
0x00007fff6bc27000 	/System/Library/Frameworks/OpenGL.framework/Versions/A/Libraries/libGLU.dylib
0x00007fff6bbea000 	/System/Library/Frameworks/OpenGL.framework/Versions/A/Libraries/libGFXShared.dylib
0x00007fff6bdf8000 	/System/Library/Frameworks/OpenGL.framework/Versions/A/Libraries/libGL.dylib
0x00007fff6bbf3000 	/System/Library/Frameworks/OpenGL.framework/Versions/A/Libraries/libGLImage.dylib
0x00007fff6bbe7000 	/System/Library/Frameworks/OpenGL.framework/Versions/A/Libraries/libCVMSPluginSupport.dylib
0x00007fff6bbd2000 	/System/Library/Frameworks/OpenGL.framework/Versions/A/Libraries/libCoreVMClient.dylib
0x00007fff6d242000 	/System/Library/Frameworks/OpenCL.framework/Versions/A/OpenCL
0x00007fff2b36a000 	/System/Library/PrivateFrameworks/GraphVisualizer.framework/Versions/A/GraphVisualizer
0x00007fff2b379000 	/System/Library/PrivateFrameworks/FaceCore.framework/Versions/A/FaceCore
0x00007fff2b795000 	/System/Library/PrivateFrameworks/OTSVG.framework/Versions/A/OTSVG
0x00007fff27039000 	/System/Library/Frameworks/ApplicationServices.framework/Versions/A/Frameworks/ATS.framework/Versions/A/Resources/libFontRegistry.dylib
0x00007fff2b7e4000 	/System/Library/PrivateFrameworks/FontServices.framework/libhvf.dylib
0x00007fff2b1a9000 	/System/Library/PrivateFrameworks/AppleVA.framework/Versions/A/AppleVA
0x00007fff2cefe000 	/System/Library/Frameworks/ApplicationServices.framework/Versions/A/Frameworks/ATS.framework/Versions/A/ATS
0x00007fff2d211000 	/System/Library/Frameworks/ApplicationServices.framework/Versions/A/Frameworks/ColorSyncLegacy.framework/Versions/A/ColorSyncLegacy
0x00007fff25877000 	/System/Library/Frameworks/ApplicationServices.framework/Versions/A/Frameworks/HIServices.framework/Versions/A/HIServices
0x00007fff2d1f6000 	/System/Library/Frameworks/ApplicationServices.framework/Versions/A/Frameworks/LangAnalysis.framework/Versions/A/LangAnalysis
0x00007fff2bea9000 	/System/Library/Frameworks/ApplicationServices.framework/Versions/A/Frameworks/PrintCore.framework/Versions/A/PrintCore
0x00007fff2d219000 	/System/Library/Frameworks/ApplicationServices.framework/Versions/A/Frameworks/QD.framework/Versions/A/QD
0x00007fff2ceee000 	/System/Library/Frameworks/ApplicationServices.framework/Versions/A/Frameworks/SpeechSynthesis.framework/Versions/A/SpeechSynthesis
0x00007fff2be6a000 	/System/Library/Frameworks/ApplicationServices.framework/Versions/A/Frameworks/ATSUI.framework/Versions/A/ATSUI
0x00007fff2d196000 	/usr/lib/libcups.2.dylib
0x00007fff2d206000 	/System/Library/PrivateFrameworks/NetAuth.framework/Versions/A/NetAuth
0x00007fff2d895000 	/System/Library/Frameworks/Kerberos.framework/Versions/A/Kerberos
0x00007fff2d8a5000 	/System/Library/Frameworks/GSS.framework/Versions/A/GSS
0x00007fff2cf6b000 	/usr/lib/libresolv.9.dylib
0x00007fff2b7fa000 	/System/Library/PrivateFrameworks/Heimdal.framework/Versions/A/Heimdal
0x00007fff3355c000 	/System/Library/Frameworks/Kerberos.framework/Versions/A/Libraries/libHeimdalProxy.dylib
0x00007fff26445000 	/System/Library/Frameworks/Network.framework/Versions/A/Network
0x00007fff2b216000 	/usr/lib/libheimdal-asn1.dylib
0x00007fff2d8f6000 	/System/Library/PrivateFrameworks/CommonAuth.framework/Versions/A/CommonAuth
0x00007fff27492000 	/System/Library/PrivateFrameworks/login.framework/Versions/A/Frameworks/loginsupport.framework/Versions/A/loginsupport
0x00007fff2ce75000 	/System/Library/PrivateFrameworks/AudioSession.framework/Versions/A/AudioSession
0x00007fff2cedb000 	/usr/lib/libAudioStatistics.dylib
0x00007fff2b2a2000 	/System/Library/PrivateFrameworks/MediaExperience.framework/Versions/A/MediaExperience
0x00007fff2cd0e000 	/System/Library/PrivateFrameworks/AudioSession.framework/libSessionUtility.dylib
0x00007fff2d886000 	/usr/lib/libperfcheck.dylib
0x00007fff2d225000 	/System/Library/PrivateFrameworks/AudioResourceArbitration.framework/Versions/A/AudioResourceArbitration
0x00007fff2b220000 	/System/Library/PrivateFrameworks/IconFoundation.framework/Versions/A/IconFoundation
0x00007fff2fd29000 	/System/Library/PrivateFrameworks/SpeechRecognitionCore.framework/Versions/A/SpeechRecognitionCore
0x0000000110000000 	/Library/Java/JavaVirtualMachines/jdk1.8.0_261.jdk/Contents/Home/jre/lib/server/libjvm.dylib
0x000000010ba0a000 	/Library/Java/JavaVirtualMachines/jdk1.8.0_261.jdk/Contents/Home/jre/lib/libverify.dylib
0x000000010ba1b000 	/Library/Java/JavaVirtualMachines/jdk1.8.0_261.jdk/Contents/Home/jre/lib/libjava.dylib
0x000000010ba4f000 	/Library/Java/JavaVirtualMachines/jdk1.8.0_261.jdk/Contents/Home/jre/lib/libinstrument.dylib
0x000000010babe000 	/Library/Java/JavaVirtualMachines/jdk1.8.0_261.jdk/Contents/Home/jre/lib/libzip.dylib
0x00000001126e4000 	/Library/Java/JavaVirtualMachines/jdk1.8.0_261.jdk/Contents/Home/jre/lib/libnet.dylib
0x0000000112794000 	/Library/Java/JavaVirtualMachines/jdk1.8.0_261.jdk/Contents/Home/jre/lib/libprism_es2.dylib
0x00007fff22c32000 	/System/Library/PrivateFrameworks/CoreServicesInternal.framework/Versions/A/CoreServicesInternal
0x00007fff6be03000 	/System/Library/Frameworks/OpenGL.framework/Versions/A/Resources/GLEngine.bundle/GLEngine
0x00007fff6bc64000 	/System/Library/Frameworks/OpenGL.framework/Versions/A/Libraries/libGLProgrammability.dylib
0x00007fff5efe7000 	/System/Library/Extensions/AppleIntelKBLGraphicsGLDriver.bundle/Contents/MacOS/AppleIntelKBLGraphicsGLDriver
0x00007fff4643d000 	/System/Library/PrivateFrameworks/GPUSupport.framework/Versions/A/Libraries/libGPUSupportMercury.dylib
0x00007fff6bf81000 	/System/Library/Frameworks/OpenGL.framework/Versions/A/Resources/GLRendererFloat.bundle/GLRendererFloat
0x0000000112986000 	/Library/Java/JavaVirtualMachines/jdk1.8.0_261.jdk/Contents/Home/jre/lib/libglass.dylib
0x00007fff310b0000 	/System/Library/Frameworks/FileProvider.framework/Versions/A/FileProvider
0x00007fff26263000 	/System/Library/Frameworks/Accounts.framework/Versions/A/Accounts
0x00007fff31200000 	/System/Library/PrivateFrameworks/GenerationalStorage.framework/Versions/A/GenerationalStorage
0x00007fff31b9a000 	/System/Library/PrivateFrameworks/CoreSymbolication.framework/Versions/A/CoreSymbolication
0x00007fff30ad0000 	/System/Library/PrivateFrameworks/SymptomDiagnosticReporter.framework/Versions/A/SymptomDiagnosticReporter
0x00007fff23d63000 	/System/Library/PrivateFrameworks/DesktopServicesPriv.framework/Versions/A/DesktopServicesPriv
0x00007fff22d67000 	/usr/lib/libsandbox.1.dylib
0x00007fff274bd000 	/System/Library/PrivateFrameworks/UserManagement.framework/Versions/A/UserManagement
0x00007fff29d8b000 	/System/Library/PrivateFrameworks/MobileKeyBag.framework/Versions/A/MobileKeyBag
0x00007fff345df000 	/System/Library/PrivateFrameworks/ChunkingLibrary.framework/Versions/A/ChunkingLibrary
0x00007fff31b5e000 	/System/Library/PrivateFrameworks/DebugSymbols.framework/Versions/A/DebugSymbols
0x00007fff2e2b9000 	/System/Library/PrivateFrameworks/Sharing.framework/Versions/A/Sharing
0x00007fff32b5e000 	/System/Library/PrivateFrameworks/Apple80211.framework/Versions/A/Apple80211
0x00007fff2a438000 	/System/Library/PrivateFrameworks/AuthKit.framework/Versions/A/AuthKit
0x00007fff29b89000 	/System/Library/PrivateFrameworks/CoreUtils.framework/Versions/A/CoreUtils
0x00007fff29ab6000 	/System/Library/Frameworks/CoreWLAN.framework/Versions/A/CoreWLAN
0x00007fff2e405000 	/System/Library/Frameworks/IOBluetooth.framework/Versions/A/IOBluetooth
0x00007fff32bc2000 	/System/Library/PrivateFrameworks/CoreWiFi.framework/Versions/A/CoreWiFi
0x00007fff2d97c000 	/System/Library/PrivateFrameworks/CorePhoneNumbers.framework/Versions/A/CorePhoneNumbers
0x00007fff30bd7000 	/System/Library/PrivateFrameworks/DiskManagement.framework/Versions/A/DiskManagement
0x00007fff30aed000 	/System/Library/PrivateFrameworks/AppleIDAuthSupport.framework/Versions/A/AppleIDAuthSupport
0x00007fff2d95c000 	/System/Library/PrivateFrameworks/KeychainCircle.framework/Versions/A/KeychainCircle
0x00007fff30ba3000 	/System/Library/PrivateFrameworks/MediaKit.framework/Versions/A/MediaKit
0x00007fff30afa000 	/System/Library/Frameworks/DiscRecording.framework/Versions/A/DiscRecording
0x00007fff2b11d000 	/usr/lib/libCoreStorage.dylib
0x00007fff32ffd000 	/usr/lib/libcsfde.dylib
0x00007fff2e540000 	/System/Library/PrivateFrameworks/ProtectedCloudStorage.framework/Versions/A/ProtectedCloudStorage
0x00007fff32ff5000 	/System/Library/PrivateFrameworks/EFILogin.framework/Versions/A/EFILogin
0x00007fff3360f000 	/System/Library/Frameworks/AudioUnit.framework/Versions/A/AudioUnit
0x00007fff30a6a000 	/System/Library/Frameworks/CoreBluetooth.framework/Versions/A/CoreBluetooth
0x00007fff2b115000 	/usr/lib/libMatch.1.dylib
0x000000012db62000 	/usr/lib/libobjc-trampolines.dylib
0x00007fff4134a000 	/System/Library/Frameworks/Accelerate.framework/Versions/A/Frameworks/vImage.framework/Versions/A/Libraries/libCGInterfaces.dylib
0x00007fff271bc000 	/System/Library/PrivateFrameworks/ViewBridge.framework/Versions/A/ViewBridge
0x00007fff6f5c3000 	/System/Library/PrivateFrameworks/AccessibilityBundles.framework/Versions/A/AccessibilityBundles
0x000000013013c000 	/Library/Java/JavaVirtualMachines/jdk1.8.0_261.jdk/Contents/Home/jre/lib/libjavafx_font.dylib
0x0000000130749000 	/Library/Java/JavaVirtualMachines/jdk1.8.0_261.jdk/Contents/Home/jre/lib/libjavafx_iio.dylib
0x00007fff2b8bb000 	/System/Library/PrivateFrameworks/login.framework/Versions/A/login
0x0000000130bff000 	/System/Library/Frameworks/FileProvider.framework/OverrideBundles/CloudDocsFileProvider.bundle/Contents/MacOS/CloudDocsFileProvider
0x00007fff2766b000 	/System/Library/PrivateFrameworks/CloudDocs.framework/Versions/A/CloudDocs
0x00007fff342f3000 	/System/Library/PrivateFrameworks/SpotlightIndex.framework/Versions/A/SpotlightIndex
0x00007fff2b014000 	/System/Library/PrivateFrameworks/CrashReporterSupport.framework/Versions/A/CrashReporterSupport
0x00007fff30ada000 	/System/Library/PrivateFrameworks/PowerLog.framework/Versions/A/PowerLog
0x00007fff23eee000 	/System/Library/PrivateFrameworks/SpotlightLinguistics.framework/Versions/A/SpotlightLinguistics
0x00007fff47a73000 	/System/Library/PrivateFrameworks/OSAnalytics.framework/Versions/A/OSAnalytics
0x00007fff77a76000 	/usr/lib/libRosetta.dylib
0x00007fff32f84000 	/System/Library/PrivateFrameworks/RemoteServiceDiscovery.framework/Versions/A/RemoteServiceDiscovery
0x00007fff51730000 	/System/Library/PrivateFrameworks/Symbolication.framework/Versions/A/Symbolication
0x00007fff3d663000 	/System/Library/PrivateFrameworks/MallocStackLogging.framework/Versions/A/MallocStackLogging
0x0000000130c13000 	/System/Library/Frameworks/FileProvider.framework/OverrideBundles/FileProviderOverride.bundle/Contents/MacOS/FileProviderOverride
0x0000000130c27000 	/System/Library/Frameworks/FileProvider.framework/OverrideBundles/FinderSyncCollaborationFileProviderOverride.bundle/Contents/MacOS/FinderSyncCollaborationFileProviderOverride
0x00007fff4b9c4000 	/System/Library/PrivateFrameworks/FinderSyncPriv.framework/Versions/A/FinderSyncPriv
0x00007fff3bbf5000 	/usr/lib/libFosl_dynamic.dylib
0x00007fff40e8e000 	/usr/lib/libncurses.5.4.dylib
0x00007fff274d9000 	/System/Library/Frameworks/CloudKit.framework/Versions/A/CloudKit
0x00007fff27495000 	/System/Library/PrivateFrameworks/ApplePushService.framework/Versions/A/ApplePushService
0x00007fff336bd000 	/System/Library/PrivateFrameworks/C2.framework/Versions/A/C2
0x00007fff283cf000 	/System/Library/Frameworks/CoreLocation.framework/Versions/A/CoreLocation
0x00007fff336b7000 	/System/Library/Frameworks/PushKit.framework/Versions/A/PushKit
0x00007fff3029a000 	/System/Library/PrivateFrameworks/CoreDaemon.framework/Versions/B/CoreDaemon
0x00007fff30295000 	/System/Library/PrivateFrameworks/AppleSRP.framework/Versions/A/AppleSRP
0x00007fff31c50000 	/System/Library/PrivateFrameworks/CoreTime.framework/Versions/A/CoreTime
0x00007fff2e7f9000 	/System/Library/PrivateFrameworks/GeoServices.framework/Versions/A/GeoServices
0x00007fff2cce5000 	/System/Library/PrivateFrameworks/LocationSupport.framework/Versions/A/LocationSupport
0x00007fff5ddbf000 	/System/Library/Extensions/AppleIntelKBLGraphicsMTLDriver.bundle/Contents/MacOS/AppleIntelKBLGraphicsMTLDriver
0x00007fff3d696000 	/System/Library/PrivateFrameworks/GPURawCounter.framework/Versions/A/GPURawCounter
0x00007fff69780000 	/System/Library/PrivateFrameworks/GPUCompiler.framework/Versions/31001/Libraries/libmetal_timestamp.dylib
0x0000000132087000 	/Library/Java/JavaVirtualMachines/jdk1.8.0_261.jdk/Contents/Home/jre/lib/libprism_common.dylib
0x00000001333e0000 	/Library/Java/JavaVirtualMachines/jdk1.8.0_261.jdk/Contents/Home/jre/lib/libnio.dylib
0x00000001333f2000 	/Library/Java/JavaVirtualMachines/jdk1.8.0_261.jdk/Contents/Home/jre/lib/libmanagement.dylib
0x000000013341e000 	/Library/Java/JavaVirtualMachines/jdk1.8.0_261.jdk/Contents/Home/jre/lib/libsunec.dylib
0x00007fff302a6000 	/System/Library/PrivateFrameworks/SystemAdministration.framework/Versions/A/SystemAdministration
0x00007fff2c0a1000 	/System/Library/Frameworks/MediaToolbox.framework/Versions/A/MediaToolbox
0x00007fff2fcf5000 	/System/Library/Frameworks/DirectoryService.framework/Versions/A/DirectoryService
0x00007fff32e9d000 	/System/Library/PrivateFrameworks/DiskImages.framework/Versions/A/DiskImages
0x00007fff33070000 	/System/Library/PrivateFrameworks/LoginUIKit.framework/Versions/A/Frameworks/LoginUICore.framework/Versions/A/LoginUICore
0x00007fff2ba56000 	/usr/lib/libodfde.dylib
0x00007fff31082000 	/System/Library/PrivateFrameworks/CoreAVCHD.framework/Versions/A/CoreAVCHD
0x00007fff30269000 	/System/Library/Frameworks/MediaAccessibility.framework/Versions/A/MediaAccessibility
0x00007fff3107e000 	/System/Library/PrivateFrameworks/Mangrove.framework/Versions/A/Mangrove
0x00007fff30275000 	/System/Library/PrivateFrameworks/AlgosScoreFramework.framework/Versions/A/AlgosScoreFramework
0x00007fff31a6c000 	/System/Library/PrivateFrameworks/AppleVPA.framework/Versions/A/AppleVPA
0x00007fff30cc3000 	/System/Library/PrivateFrameworks/CoreAUC.framework/Versions/A/CoreAUC
0x00007fff33009000 	/usr/lib/libcurl.4.dylib
0x00007fff32d69000 	/usr/lib/libcrypto.44.dylib
0x00007fff32e6f000 	/usr/lib/libssl.46.dylib
0x00007fff32d2f000 	/System/Library/Frameworks/LDAP.framework/Versions/A/LDAP
0x00007fff32d67000 	/System/Library/PrivateFrameworks/TrustEvaluationAgent.framework/Versions/A/TrustEvaluationAgent
0x00007fff2cf84000 	/usr/lib/libsasl2.2.dylib

VM Arguments:
jvm_args: -javaagent:/Users/yairrobledo/Library/Application Support/JetBrains/Toolbox/apps/IDEA-U/ch-0/202.7319.50/IntelliJ IDEA.app/Contents/lib/idea_rt.jar=54736:/Users/yairrobledo/Library/Application Support/JetBrains/Toolbox/apps/IDEA-U/ch-0/202.7319.50/IntelliJ IDEA.app/Contents/bin -Dfile.encoding=UTF-8 
java_command: javafx.stages.MainStage
java_class_path (initial): /Library/Java/JavaVirtualMachines/jdk1.8.0_261.jdk/Contents/Home/jre/lib/charsets.jar:/Library/Java/JavaVirtualMachines/jdk1.8.0_261.jdk/Contents/Home/jre/lib/deploy.jar:/Library/Java/JavaVirtualMachines/jdk1.8.0_261.jdk/Contents/Home/jre/lib/ext/cldrdata.jar:/Library/Java/JavaVirtualMachines/jdk1.8.0_261.jdk/Contents/Home/jre/lib/ext/dnsns.jar:/Library/Java/JavaVirtualMachines/jdk1.8.0_261.jdk/Contents/Home/jre/lib/ext/jaccess.jar:/Library/Java/JavaVirtualMachines/jdk1.8.0_261.jdk/Contents/Home/jre/lib/ext/jfxrt.jar:/Library/Java/JavaVirtualMachines/jdk1.8.0_261.jdk/Contents/Home/jre/lib/ext/localedata.jar:/Library/Java/JavaVirtualMachines/jdk1.8.0_261.jdk/Contents/Home/jre/lib/ext/nashorn.jar:/Library/Java/JavaVirtualMachines/jdk1.8.0_261.jdk/Contents/Home/jre/lib/ext/sunec.jar:/Library/Java/JavaVirtualMachines/jdk1.8.0_261.jdk/Contents/Home/jre/lib/ext/sunjce_provider.jar:/Library/Java/JavaVirtualMachines/jdk1.8.0_261.jdk/Contents/Home/jre/lib/ext/sunpkcs11.jar:/Library/Java/JavaVirtualMachines/jdk1.8.0_261.jdk/Contents/Home/jre/lib/ext/zipfs.jar:/Library/Java/JavaVirtualMachines/jdk1.8.0_261.jdk/Contents/Home/jre/lib/javaws.jar:/Library/Java/JavaVirtualMachines/jdk1.8.0_261.jdk/Contents/Home/jre/lib/jce.jar:/Library/Java/JavaVirtualMachines/jdk1.8.0_261.jdk/Contents/Home/jre/lib/jfr.jar:/Library/Java/JavaVirtualMachines/jdk1.8.0_261.jdk/Contents/Home/jre/lib/jfxswt.jar:/Library/Java/JavaVirtualMachines/jdk1.8.0_261.jdk/Contents/Home/jre/lib/jsse.jar:/Library/Java/JavaVirtualMachines/jdk1.8.0_261.jdk/Contents/Home/jre/lib/management-agent.jar:/Library/Java/JavaVirtualMachines/jdk1.8.0_261.jdk/Contents/Home/jre/lib/plugin.jar:/Library/Java/JavaVirtualMachines/jdk1.8.0_261.jdk/Contents/Home/jre/lib/resources.jar:/Library/Java/JavaVirtualMachines/jdk1.8.0_261.jdk/Contents/Home/jre/lib/rt.jar:/Library/Java/JavaVirtualMachines/jdk1.8.0_261.jdk/Contents/Home/lib/ant-javafx.jar:/Library/Java/JavaVirtualMachines/jdk1.8.0_261.jdk/Contents/Home
Launcher Type: SUN_STANDARD

Environment Variables:
PATH=/Library/Frameworks/Python.framework/Versions/3.8/bin:/usr/local/bin:/usr/bin:/bin:/usr/sbin:/sbin:/opt/X11/bin:/Library/Apple/usr/bin
SHELL=/bin/zsh

Signal Handlers:
SIGSEGV: [libjvm.dylib+0x5a009b], sa_mask[0]=11111111011111110111111111111111, sa_flags=SA_ONSTACK|SA_RESTART|SA_SIGINFO
SIGBUS: [libjvm.dylib+0x5a009b], sa_mask[0]=11111111011111110111111111111111, sa_flags=SA_RESTART|SA_SIGINFO
SIGFPE: [libjvm.dylib+0x490c6d], sa_mask[0]=11111111011111110111111111111111, sa_flags=SA_RESTART|SA_SIGINFO
SIGPIPE: [libjvm.dylib+0x490c6d], sa_mask[0]=11111111011111110111111111111111, sa_flags=SA_RESTART|SA_SIGINFO
SIGXFSZ: [libjvm.dylib+0x490c6d], sa_mask[0]=11111111011111110111111111111111, sa_flags=SA_RESTART|SA_SIGINFO
SIGILL: [libjvm.dylib+0x490c6d], sa_mask[0]=11111111011111110111111111111111, sa_flags=SA_RESTART|SA_SIGINFO
SIGUSR1: SIG_DFL, sa_mask[0]=00000000000000000000000000000000, sa_flags=none
SIGUSR2: [libjvm.dylib+0x491566], sa_mask[0]=00100000000000000000000000000000, sa_flags=SA_RESTART|SA_SIGINFO
SIGHUP: [libjvm.dylib+0x48f775], sa_mask[0]=11111111011111110111111111111111, sa_flags=SA_RESTART|SA_SIGINFO
SIGINT: [libjvm.dylib+0x48f775], sa_mask[0]=11111111011111110111111111111111, sa_flags=SA_RESTART|SA_SIGINFO
SIGTERM: [libjvm.dylib+0x48f775], sa_mask[0]=11111111011111110111111111111111, sa_flags=SA_RESTART|SA_SIGINFO
SIGQUIT: [libjvm.dylib+0x48f775], sa_mask[0]=11111111011111110111111111111111, sa_flags=SA_RESTART|SA_SIGINFO


---------------  S Y S T E M  ---------------

OS:Bsduname:Darwin 20.6.0 Darwin Kernel Version 20.6.0: Wed Jun 23 00:26:31 PDT 2021; root:xnu-7195.141.2~5/RELEASE_X86_64 x86_64
rlimit: STACK 8192k, CORE 0k, NPROC 2784, NOFILE 12544, AS infinity
load average:5.12 3.98 2.94

CPU:total 8 (initial active 8) (4 cores per cpu, 2 threads per core) family 6 model 142 stepping 10, cmov, cx8, fxsr, mmx, sse, sse2, sse3, ssse3, sse4.1, sse4.2, popcnt, avx, avx2, aes, clmul, erms, 3dnowpref, lzcnt, ht, tsc, tscinvbit, bmi1, bmi2, adx

Memory: 4k page, physical 16777216k(437512k free)

/proc/meminfo:


vm_info: Java HotSpot(TM) 64-Bit Server VM (25.261-b12) for bsd-amd64 JRE (1.8.0_261-b12), built on Jun 18 2020 06:38:55 by "java_re" with gcc 4.2.1 Compatible Apple LLVM 10.0.0 (clang-1000.11.45.5)

time: Mon Sep 20 09:46:42 2021
timezone: CDT
elapsed time: 363 seconds (0d 0h 6m 3s)

